#
# There is insufficient memory for the Java Runtime Environment to continue.
# Native memory allocation (mmap) failed to map 186646528 bytes for G1 virtual space
# Possible reasons:
#   The system is out of physical RAM or swap space
#   The process is running with CompressedOops enabled, and the Java Heap may be blocking the growth of the native heap
# Possible solutions:
#   Reduce memory load on the system
#   Increase physical memory or swap space
#   Check if swap backing store is full
#   Decrease Java heap size (-Xmx/-Xms)
#   Decrease number of Java threads
#   Decrease Java thread stack sizes (-Xss)
#   Set larger code cache with -XX:ReservedCodeCacheSize=
#   JVM is running with Zero Based Compressed Oops mode in which the Java heap is
#     placed in the first 32GB address space. The Java Heap base address is the
#     maximum limit for the native heap growth. Please use -XX:HeapBaseMinAddress
#     to set the Java Heap base and to place the Java Heap above 32GB virtual address.
# This output file may be truncated or incomplete.
#
#  Out of Memory Error (os_windows.cpp:3530), pid=5080, tid=11684
#
# JRE version: OpenJDK Runtime Environment (18.0.2+9) (build 18.0.2+9-61)
# Java VM: OpenJDK 64-Bit Server VM (18.0.2+9-61, mixed mode, sharing, tiered, compressed oops, compressed class ptrs, g1 gc, windows-amd64)
# No core dump will be written. Minidumps are not enabled by default on client versions of Windows
#

---------------  S U M M A R Y ------------

Command Line: org.jetbrains.kotlin.cli.jvm.K2JVMCompiler @C:\Users\HP\AndroidStudioProjects\MusicApp\app\build\20230813_1556867807573987533.compiler.options

Host: AMD Ryzen 5 4600H with Radeon Graphics         , 12 cores, 15G,  Windows 10 , 64 bit Build 19041 (10.0.19041.1348)
Time: Sun Aug 13 14:33:46 2023  Windows 10 , 64 bit Build 19041 (10.0.19041.1348) elapsed time: 13.756645 seconds (0d 0h 0m 13s)

---------------  T H R E A D  ---------------

Current thread (0x00000207b2a4a330):  VMThread "VM Thread" [stack: 0x00000043ef300000,0x00000043ef400000] [id=11684]

Stack: [0x00000043ef300000,0x00000043ef400000]
Native frames: (J=compiled Java code, j=interpreted, Vv=VM code, C=native code)
V  [jvm.dll+0x6993ca]
V  [jvm.dll+0x7f481d]
V  [jvm.dll+0x7f612e]
V  [jvm.dll+0x7f67e3]
V  [jvm.dll+0x25cdaf]
V  [jvm.dll+0x696319]
V  [jvm.dll+0x68ae4a]
V  [jvm.dll+0x3223eb]
V  [jvm.dll+0x329dc6]
V  [jvm.dll+0x37eade]
V  [jvm.dll+0x37ed0f]
V  [jvm.dll+0x2fa16a]
V  [jvm.dll+0x2fa217]
V  [jvm.dll+0x33e752]
V  [jvm.dll+0x33ccf4]
V  [jvm.dll+0x2f9940]
V  [jvm.dll+0x33c2cb]
V  [jvm.dll+0x7fb5cb]
V  [jvm.dll+0x7fc364]
V  [jvm.dll+0x7fc89c]
V  [jvm.dll+0x7fccf4]
V  [jvm.dll+0x7fcdb7]
V  [jvm.dll+0x7a125a]
V  [jvm.dll+0x698275]
C  [ucrtbase.dll+0x21bb2]
C  [KERNEL32.DLL+0x17034]
C  [ntdll.dll+0x52651]

VM_Operation (0x00000043eedf4e10): G1CollectForAllocation, mode: safepoint, requested by thread 0x00000207b29bebd0


---------------  P R O C E S S  ---------------

Threads class SMR info:
_java_thread_list=0x00000207daab6750, length=14, elements={
0x00000207b29bebd0, 0x00000207d56670d0, 0x00000207d5667d30, 0x00000207d567b2d0,
0x00000207d567d080, 0x00000207d567da20, 0x00000207d567e3c0, 0x00000207d567f090,
0x00000207d5681a80, 0x00000207d5684470, 0x00000207d99c4cb0, 0x00000207d99c7180,
0x00000207d99ef000, 0x00000207da934440
}

Java Threads: ( => current thread )
  0x00000207b29bebd0 JavaThread "main" [_thread_blocked, id=2040, stack(0x00000043eed00000,0x00000043eee00000)]
  0x00000207d56670d0 JavaThread "Reference Handler" daemon [_thread_blocked, id=7780, stack(0x00000043ef400000,0x00000043ef500000)]
  0x00000207d5667d30 JavaThread "Finalizer" daemon [_thread_blocked, id=19240, stack(0x00000043ef500000,0x00000043ef600000)]
  0x00000207d567b2d0 JavaThread "Signal Dispatcher" daemon [_thread_blocked, id=20580, stack(0x00000043ef600000,0x00000043ef700000)]
  0x00000207d567d080 JavaThread "Attach Listener" daemon [_thread_blocked, id=10856, stack(0x00000043ef700000,0x00000043ef800000)]
  0x00000207d567da20 JavaThread "Service Thread" daemon [_thread_blocked, id=1408, stack(0x00000043ef800000,0x00000043ef900000)]
  0x00000207d567e3c0 JavaThread "Monitor Deflation Thread" daemon [_thread_blocked, id=7392, stack(0x00000043ef900000,0x00000043efa00000)]
  0x00000207d567f090 JavaThread "C2 CompilerThread0" daemon [_thread_blocked, id=1560, stack(0x00000043efa00000,0x00000043efb00000)]
  0x00000207d5681a80 JavaThread "C1 CompilerThread0" daemon [_thread_blocked, id=13596, stack(0x00000043efb00000,0x00000043efc00000)]
  0x00000207d5684470 JavaThread "Sweeper thread" daemon [_thread_blocked, id=19624, stack(0x00000043efc00000,0x00000043efd00000)]
  0x00000207d99c4cb0 JavaThread "Notification Thread" daemon [_thread_blocked, id=20836, stack(0x00000043efd00000,0x00000043efe00000)]
  0x00000207d99c7180 JavaThread "Common-Cleaner" daemon [_thread_blocked, id=11032, stack(0x00000043eff00000,0x00000043f0000000)]
  0x00000207d99ef000 JavaThread "C2 CompilerThread1" daemon [_thread_in_native, id=9656, stack(0x00000043f0000000,0x00000043f0100000)]
  0x00000207da934440 JavaThread "C2 CompilerThread2" daemon [_thread_blocked, id=17100, stack(0x00000043f0800000,0x00000043f0900000)]

Other Threads:
=>0x00000207b2a4a330 VMThread "VM Thread" [stack: 0x00000043ef300000,0x00000043ef400000] [id=11684]
  0x00000207d570ecd0 WatcherThread "VM Periodic Task Thread" [stack: 0x00000043efe00000,0x00000043eff00000] [id=10256]
  0x00000207b2a2c330 WorkerThread "GC Thread#0" [stack: 0x00000043eee00000,0x00000043eef00000] [id=15244]
  0x00000207d9c0c730 WorkerThread "GC Thread#1" [stack: 0x00000043f0100000,0x00000043f0200000] [id=16156]
  0x00000207d9c0c9d0 WorkerThread "GC Thread#2" [stack: 0x00000043f0200000,0x00000043f0300000] [id=16288]
  0x00000207d9c0d480 WorkerThread "GC Thread#3" [stack: 0x00000043f0300000,0x00000043f0400000] [id=13804]
  0x00000207d9c0d720 WorkerThread "GC Thread#4" [stack: 0x00000043f0400000,0x00000043f0500000] [id=6460]
  0x00000207da5de260 WorkerThread "GC Thread#5" [stack: 0x00000043f0500000,0x00000043f0600000] [id=1552]
  0x00000207da5df510 WorkerThread "GC Thread#6" [stack: 0x00000043f0600000,0x00000043f0700000] [id=20540]
  0x00000207da5df7b0 WorkerThread "GC Thread#7" [stack: 0x00000043f0700000,0x00000043f0800000] [id=12148]
  0x00000207da9d3300 WorkerThread "GC Thread#8" [stack: 0x00000043f0900000,0x00000043f0a00000] [id=12752]
  0x00000207da9d4aa0 WorkerThread "GC Thread#9" [stack: 0x00000043f0a00000,0x00000043f0b00000] [id=15256]
  0x00000207b2a3e850 ConcurrentGCThread "G1 Main Marker" [stack: 0x00000043eef00000,0x00000043ef000000] [id=16792]
  0x00000207b2a40650 WorkerThread "G1 Conc#0" [stack: 0x00000043ef000000,0x00000043ef100000] [id=17032]
  0x00000207da9d35a0 WorkerThread "G1 Conc#1" [stack: 0x00000043f0b00000,0x00000043f0c00000] [id=13280]
  0x00000207da9d3060 WorkerThread "G1 Conc#2" [stack: 0x00000043f0c00000,0x00000043f0d00000] [id=18968]
  0x00000207d551d0e0 ConcurrentGCThread "G1 Refine#0" [stack: 0x00000043ef100000,0x00000043ef200000] [id=19596]
  0x00000207dc4ee360 ConcurrentGCThread "G1 Refine#1" [stack: 0x00000043f0d00000,0x00000043f0e00000] [id=1340]
  0x00000207dc4ee900 ConcurrentGCThread "G1 Refine#2" [stack: 0x00000043f0e00000,0x00000043f0f00000] [id=13000]
  0x00000207dc4eddc0 ConcurrentGCThread "G1 Refine#3" [stack: 0x00000043f0f00000,0x00000043f1000000] [id=19100]
  0x00000207d551d7a0 ConcurrentGCThread "G1 Service" [stack: 0x00000043ef200000,0x00000043ef300000] [id=2608]

Threads with active compile tasks:
C2 CompilerThread0    13765 15837       4       org.jetbrains.kotlin.types.AbstractTypeChecker::isSubtypeOf (30 bytes)
C2 CompilerThread1    13765 15802       4       org.jetbrains.kotlin.load.java.typeEnhancement.SignatureEnhancement::enhanceSignature (1297 bytes)
C2 CompilerThread2    13765 15874       4       org.jetbrains.kotlin.types.TypeSubstitutor::substituteTypeArguments (208 bytes)

VM state: at safepoint (normal execution)

VM Mutex/Monitor currently owned by a thread:  ([mutex/lock_event])
[0x00000207b29bbef0] Threads_lock - owner thread: 0x00000207b2a4a330
[0x00000207b29bc2e0] Heap_lock - owner thread: 0x00000207b29bebd0

Heap address: 0x000000070a200000, size: 3934 MB, Compressed Oops mode: Zero based, Oop shift amount: 3

CDS archive(s) mapped at: [0x0000000800000000-0x0000000800ba0000-0x0000000800ba0000), size 12189696, SharedBaseAddress: 0x0000000800000000, ArchiveRelocationMode: 0.
Compressed class space mapped at: 0x0000000800c00000-0x0000000840c00000, reserved size: 1073741824
Narrow klass base: 0x0000000800000000, Narrow klass shift: 0, Narrow klass range: 0x100000000

GC Precious Log:
 CardTable entry size: 512
 Card Set container configuration: InlinePtr #cards 4 size 8 Array Of Cards #cards 16 size 48 Howl #buckets 8 coarsen threshold 3686 Howl Bitmap #cards 512 size 80 coarsen threshold 460 Card regions per heap region 1 cards per card region 4096
 CPUs: 12 total, 12 available
 Memory: 15733M
 Large Page Support: Disabled
 NUMA Support: Disabled
 Compressed Oops: Enabled (Zero based)
 Heap Region Size: 2M
 Heap Min Capacity: 8M
 Heap Initial Capacity: 246M
 Heap Max Capacity: 3934M
 Pre-touch: Disabled
 Parallel Workers: 10
 Concurrent Workers: 3
 Concurrent Refinement Workers: 10
 Periodic GC: Disabled

Heap:
 garbage-first heap   total 253952K, used 142299K [0x000000070a200000, 0x0000000800000000)
  region size 2048K, 4 young (8192K), 4 survivors (8192K)
 Metaspace       used 64158K, committed 64960K, reserved 1114112K
  class space    used 7173K, committed 7616K, reserved 1048576K

Heap Regions: E=young(eden), S=young(survivor), O=old, HS=humongous(starts), HC=humongous(continues), CS=collection set, F=free, OA=open archive, CA=closed archive, TAMS=top-at-mark-start (previous, next)
|   0|0x000000070a200000, 0x000000070a400000, 0x000000070a400000|100%|HS|  |TAMS 0x000000070a400000, 0x000000070a400000| Complete 
|   1|0x000000070a400000, 0x000000070a600000, 0x000000070a600000|100%|HC|  |TAMS 0x000000070a600000, 0x000000070a600000| Complete 
|   2|0x000000070a600000, 0x000000070a800000, 0x000000070a800000|100%|HS|  |TAMS 0x000000070a800000, 0x000000070a800000| Complete 
|   3|0x000000070a800000, 0x000000070aa00000, 0x000000070aa00000|100%|HC|  |TAMS 0x000000070aa00000, 0x000000070aa00000| Complete 
|   4|0x000000070aa00000, 0x000000070ac00000, 0x000000070ac00000|100%| O|  |TAMS 0x000000070ac00000, 0x000000070ac00000| Untracked 
|   5|0x000000070ac00000, 0x000000070ae00000, 0x000000070ae00000|100%| O|  |TAMS 0x000000070ae00000, 0x000000070ae00000| Untracked 
|   6|0x000000070ae00000, 0x000000070b000000, 0x000000070b000000|100%| O|  |TAMS 0x000000070b000000, 0x000000070b000000| Untracked 
|   7|0x000000070b000000, 0x000000070b200000, 0x000000070b200000|100%| O|  |TAMS 0x000000070b200000, 0x000000070b200000| Untracked 
|   8|0x000000070b200000, 0x000000070b400000, 0x000000070b400000|100%| O|  |TAMS 0x000000070b400000, 0x000000070b400000| Untracked 
|   9|0x000000070b400000, 0x000000070b600000, 0x000000070b600000|100%| O|  |TAMS 0x000000070b600000, 0x000000070b600000| Untracked 
|  10|0x000000070b600000, 0x000000070b800000, 0x000000070b800000|100%| O|  |TAMS 0x000000070b800000, 0x000000070b800000| Untracked 
|  11|0x000000070b800000, 0x000000070ba00000, 0x000000070ba00000|100%| O|  |TAMS 0x000000070ba00000, 0x000000070ba00000| Untracked 
|  12|0x000000070ba00000, 0x000000070bc00000, 0x000000070bc00000|100%| O|  |TAMS 0x000000070bc00000, 0x000000070bc00000| Untracked 
|  13|0x000000070bc00000, 0x000000070be00000, 0x000000070be00000|100%| O|  |TAMS 0x000000070be00000, 0x000000070be00000| Untracked 
|  14|0x000000070be00000, 0x000000070c000000, 0x000000070c000000|100%| O|  |TAMS 0x000000070c000000, 0x000000070c000000| Untracked 
|  15|0x000000070c000000, 0x000000070c200000, 0x000000070c200000|100%| O|  |TAMS 0x000000070c200000, 0x000000070c200000| Untracked 
|  16|0x000000070c200000, 0x000000070c400000, 0x000000070c400000|100%| O|  |TAMS 0x000000070c400000, 0x000000070c400000| Untracked 
|  17|0x000000070c400000, 0x000000070c600000, 0x000000070c600000|100%|HS|  |TAMS 0x000000070c600000, 0x000000070c600000| Complete 
|  18|0x000000070c600000, 0x000000070c800000, 0x000000070c800000|100%| O|  |TAMS 0x000000070c800000, 0x000000070c800000| Untracked 
|  19|0x000000070c800000, 0x000000070ca00000, 0x000000070ca00000|100%| O|  |TAMS 0x000000070ca00000, 0x000000070ca00000| Untracked 
|  20|0x000000070ca00000, 0x000000070cc00000, 0x000000070cc00000|100%| O|  |TAMS 0x000000070cc00000, 0x000000070cc00000| Untracked 
|  21|0x000000070cc00000, 0x000000070ce00000, 0x000000070ce00000|100%| O|  |TAMS 0x000000070ce00000, 0x000000070ce00000| Untracked 
|  22|0x000000070ce00000, 0x000000070d000000, 0x000000070d000000|100%| O|  |TAMS 0x000000070d000000, 0x000000070d000000| Untracked 
|  23|0x000000070d000000, 0x000000070d200000, 0x000000070d200000|100%| O|  |TAMS 0x000000070d200000, 0x000000070d200000| Untracked 
|  24|0x000000070d200000, 0x000000070d400000, 0x000000070d400000|100%| O|  |TAMS 0x000000070d400000, 0x000000070d400000| Untracked 
|  25|0x000000070d400000, 0x000000070d600000, 0x000000070d600000|100%| O|  |TAMS 0x000000070d600000, 0x000000070d600000| Untracked 
|  26|0x000000070d600000, 0x000000070d800000, 0x000000070d800000|100%| O|  |TAMS 0x000000070d800000, 0x000000070d800000| Untracked 
|  27|0x000000070d800000, 0x000000070da00000, 0x000000070da00000|100%| O|  |TAMS 0x000000070da00000, 0x000000070da00000| Untracked 
|  28|0x000000070da00000, 0x000000070dc00000, 0x000000070dc00000|100%|HS|  |TAMS 0x000000070dc00000, 0x000000070dc00000| Complete 
|  29|0x000000070dc00000, 0x000000070de00000, 0x000000070de00000|100%| O|  |TAMS 0x000000070de00000, 0x000000070de00000| Untracked 
|  30|0x000000070de00000, 0x000000070e000000, 0x000000070e000000|100%| O|  |TAMS 0x000000070e000000, 0x000000070e000000| Untracked 
|  31|0x000000070e000000, 0x000000070e200000, 0x000000070e200000|100%| O|  |TAMS 0x000000070e200000, 0x000000070e200000| Untracked 
|  32|0x000000070e200000, 0x000000070e400000, 0x000000070e400000|100%| O|  |TAMS 0x000000070e400000, 0x000000070e400000| Untracked 
|  33|0x000000070e400000, 0x000000070e400000, 0x000000070e600000|  0%| F|  |TAMS 0x000000070e400000, 0x000000070e400000| Untracked 
|  34|0x000000070e600000, 0x000000070e800000, 0x000000070e800000|100%| O|  |TAMS 0x000000070e800000, 0x000000070e800000| Untracked 
|  35|0x000000070e800000, 0x000000070ea00000, 0x000000070ea00000|100%| O|  |TAMS 0x000000070ea00000, 0x000000070ea00000| Untracked 
|  36|0x000000070ea00000, 0x000000070ec00000, 0x000000070ec00000|100%| O|  |TAMS 0x000000070ec00000, 0x000000070ec00000| Untracked 
|  37|0x000000070ec00000, 0x000000070ee00000, 0x000000070ee00000|100%| O|  |TAMS 0x000000070ee00000, 0x000000070ee00000| Untracked 
|  38|0x000000070ee00000, 0x000000070f000000, 0x000000070f000000|100%| O|  |TAMS 0x000000070f000000, 0x000000070f000000| Untracked 
|  39|0x000000070f000000, 0x000000070f200000, 0x000000070f200000|100%| O|  |TAMS 0x000000070f200000, 0x000000070f200000| Untracked 
|  40|0x000000070f200000, 0x000000070f400000, 0x000000070f400000|100%| O|  |TAMS 0x000000070f400000, 0x000000070f400000| Untracked 
|  41|0x000000070f400000, 0x000000070f600000, 0x000000070f600000|100%| O|  |TAMS 0x000000070f600000, 0x000000070f600000| Untracked 
|  42|0x000000070f600000, 0x000000070f800000, 0x000000070f800000|100%| O|  |TAMS 0x000000070f800000, 0x000000070f800000| Untracked 
|  43|0x000000070f800000, 0x000000070fa00000, 0x000000070fa00000|100%| O|  |TAMS 0x000000070fa00000, 0x000000070fa00000| Untracked 
|  44|0x000000070fa00000, 0x000000070fc00000, 0x000000070fc00000|100%| O|  |TAMS 0x000000070fc00000, 0x000000070fc00000| Untracked 
|  45|0x000000070fc00000, 0x000000070fe00000, 0x000000070fe00000|100%| O|  |TAMS 0x000000070fe00000, 0x000000070fe00000| Untracked 
|  46|0x000000070fe00000, 0x0000000710000000, 0x0000000710000000|100%| O|  |TAMS 0x0000000710000000, 0x0000000710000000| Untracked 
|  47|0x0000000710000000, 0x0000000710200000, 0x0000000710200000|100%| O|  |TAMS 0x0000000710200000, 0x0000000710200000| Untracked 
|  48|0x0000000710200000, 0x0000000710400000, 0x0000000710400000|100%| O|  |TAMS 0x0000000710400000, 0x0000000710400000| Untracked 
|  49|0x0000000710400000, 0x0000000710600000, 0x0000000710600000|100%| O|  |TAMS 0x0000000710600000, 0x0000000710600000| Untracked 
|  50|0x0000000710600000, 0x0000000710800000, 0x0000000710800000|100%| O|  |TAMS 0x0000000710800000, 0x0000000710800000| Untracked 
|  51|0x0000000710800000, 0x0000000710a00000, 0x0000000710a00000|100%| O|  |TAMS 0x0000000710a00000, 0x0000000710a00000| Untracked 
|  52|0x0000000710a00000, 0x0000000710c00000, 0x0000000710c00000|100%| O|  |TAMS 0x0000000710c00000, 0x0000000710c00000| Untracked 
|  53|0x0000000710c00000, 0x0000000710e00000, 0x0000000710e00000|100%| O|  |TAMS 0x0000000710e00000, 0x0000000710e00000| Untracked 
|  54|0x0000000710e00000, 0x0000000711000000, 0x0000000711000000|100%| O|  |TAMS 0x0000000711000000, 0x0000000711000000| Untracked 
|  55|0x0000000711000000, 0x0000000711200000, 0x0000000711200000|100%| O|  |TAMS 0x0000000711186000, 0x0000000711200000| Untracked 
|  56|0x0000000711200000, 0x0000000711400000, 0x0000000711400000|100%| O|  |TAMS 0x0000000711200000, 0x0000000711400000| Untracked 
|  57|0x0000000711400000, 0x0000000711600000, 0x0000000711600000|100%| O|  |TAMS 0x0000000711400000, 0x0000000711600000| Untracked 
|  58|0x0000000711600000, 0x0000000711800000, 0x0000000711800000|100%| O|  |TAMS 0x0000000711600000, 0x0000000711800000| Untracked 
|  59|0x0000000711800000, 0x0000000711a00000, 0x0000000711a00000|100%| O|  |TAMS 0x0000000711800000, 0x0000000711a00000| Untracked 
|  60|0x0000000711a00000, 0x0000000711c00000, 0x0000000711c00000|100%| O|  |TAMS 0x0000000711a00000, 0x0000000711c00000| Untracked 
|  61|0x0000000711c00000, 0x0000000711e00000, 0x0000000711e00000|100%| O|  |TAMS 0x0000000711c00000, 0x0000000711e00000| Untracked 
|  62|0x0000000711e00000, 0x0000000712000000, 0x0000000712000000|100%| O|  |TAMS 0x0000000711e00000, 0x0000000712000000| Untracked 
|  63|0x0000000712000000, 0x0000000712200000, 0x0000000712200000|100%| O|  |TAMS 0x0000000712000000, 0x0000000712200000| Untracked 
|  64|0x0000000712200000, 0x0000000712400000, 0x0000000712400000|100%| O|  |TAMS 0x0000000712200000, 0x0000000712400000| Untracked 
|  65|0x0000000712400000, 0x0000000712600000, 0x0000000712600000|100%| O|  |TAMS 0x0000000712400000, 0x0000000712600000| Untracked 
|  66|0x0000000712600000, 0x0000000712800000, 0x0000000712800000|100%| O|  |TAMS 0x0000000712600000, 0x0000000712800000| Untracked 
|  67|0x0000000712800000, 0x000000071287d600, 0x0000000712a00000| 24%| O|  |TAMS 0x0000000712800000, 0x000000071287d600| Untracked 
|  68|0x0000000712a00000, 0x0000000712a00000, 0x0000000712c00000|  0%| F|  |TAMS 0x0000000712a00000, 0x0000000712a00000| Untracked 
|  69|0x0000000712c00000, 0x0000000712c00000, 0x0000000712e00000|  0%| F|  |TAMS 0x0000000712c00000, 0x0000000712c00000| Untracked 
|  70|0x0000000712e00000, 0x0000000712e00000, 0x0000000713000000|  0%| F|  |TAMS 0x0000000712e00000, 0x0000000712e00000| Untracked 
|  71|0x0000000713000000, 0x0000000713000000, 0x0000000713200000|  0%| F|  |TAMS 0x0000000713000000, 0x0000000713000000| Untracked 
|  72|0x0000000713200000, 0x0000000713200000, 0x0000000713400000|  0%| F|  |TAMS 0x0000000713200000, 0x0000000713200000| Untracked 
|  73|0x0000000713400000, 0x0000000713400000, 0x0000000713600000|  0%| F|  |TAMS 0x0000000713400000, 0x0000000713400000| Untracked 
|  74|0x0000000713600000, 0x0000000713600000, 0x0000000713800000|  0%| F|  |TAMS 0x0000000713600000, 0x0000000713600000| Untracked 
|  75|0x0000000713800000, 0x0000000713800000, 0x0000000713a00000|  0%| F|  |TAMS 0x0000000713800000, 0x0000000713800000| Untracked 
|  76|0x0000000713a00000, 0x0000000713a00000, 0x0000000713c00000|  0%| F|  |TAMS 0x0000000713a00000, 0x0000000713a00000| Untracked 
|  77|0x0000000713c00000, 0x0000000713c00000, 0x0000000713e00000|  0%| F|  |TAMS 0x0000000713c00000, 0x0000000713c00000| Untracked 
|  78|0x0000000713e00000, 0x0000000713e00000, 0x0000000714000000|  0%| F|  |TAMS 0x0000000713e00000, 0x0000000713e00000| Untracked 
|  79|0x0000000714000000, 0x0000000714000000, 0x0000000714200000|  0%| F|  |TAMS 0x0000000714000000, 0x0000000714000000| Untracked 
|  80|0x0000000714200000, 0x0000000714200000, 0x0000000714400000|  0%| F|  |TAMS 0x0000000714200000, 0x0000000714200000| Untracked 
|  81|0x0000000714400000, 0x0000000714400000, 0x0000000714600000|  0%| F|  |TAMS 0x0000000714400000, 0x0000000714400000| Untracked 
|  82|0x0000000714600000, 0x0000000714600000, 0x0000000714800000|  0%| F|  |TAMS 0x0000000714600000, 0x0000000714600000| Untracked 
|  83|0x0000000714800000, 0x0000000714800000, 0x0000000714a00000|  0%| F|  |TAMS 0x0000000714800000, 0x0000000714800000| Untracked 
|  84|0x0000000714a00000, 0x0000000714a00000, 0x0000000714c00000|  0%| F|  |TAMS 0x0000000714a00000, 0x0000000714a00000| Untracked 
|  85|0x0000000714c00000, 0x0000000714c00000, 0x0000000714e00000|  0%| F|  |TAMS 0x0000000714c00000, 0x0000000714c00000| Untracked 
|  86|0x0000000714e00000, 0x0000000714e00000, 0x0000000715000000|  0%| F|  |TAMS 0x0000000714e00000, 0x0000000714e00000| Untracked 
|  87|0x0000000715000000, 0x00000007150799a0, 0x0000000715200000| 23%| S|CS|TAMS 0x0000000715000000, 0x0000000715000000| Complete 
|  88|0x0000000715200000, 0x0000000715400000, 0x0000000715400000|100%| S|CS|TAMS 0x0000000715200000, 0x0000000715200000| Complete 
|  89|0x0000000715400000, 0x0000000715600000, 0x0000000715600000|100%| S|CS|TAMS 0x0000000715400000, 0x0000000715400000| Complete 
|  90|0x0000000715600000, 0x0000000715800000, 0x0000000715800000|100%| S|CS|TAMS 0x0000000715600000, 0x0000000715600000| Complete 
|  91|0x0000000715800000, 0x0000000715800000, 0x0000000715a00000|  0%| F|  |TAMS 0x0000000715800000, 0x0000000715800000| Untracked 
|  92|0x0000000715a00000, 0x0000000715a00000, 0x0000000715c00000|  0%| F|  |TAMS 0x0000000715a00000, 0x0000000715a00000| Untracked 
|  93|0x0000000715c00000, 0x0000000715c00000, 0x0000000715e00000|  0%| F|  |TAMS 0x0000000715c00000, 0x0000000715c00000| Untracked 
|  94|0x0000000715e00000, 0x0000000715e00000, 0x0000000716000000|  0%| F|  |TAMS 0x0000000715e00000, 0x0000000715e00000| Untracked 
|  95|0x0000000716000000, 0x0000000716000000, 0x0000000716200000|  0%| F|  |TAMS 0x0000000716000000, 0x0000000716000000| Untracked 
|  96|0x0000000716200000, 0x0000000716200000, 0x0000000716400000|  0%| F|  |TAMS 0x0000000716200000, 0x0000000716200000| Untracked 
|  97|0x0000000716400000, 0x0000000716400000, 0x0000000716600000|  0%| F|  |TAMS 0x0000000716400000, 0x0000000716400000| Untracked 
|  98|0x0000000716600000, 0x0000000716600000, 0x0000000716800000|  0%| F|  |TAMS 0x0000000716600000, 0x0000000716600000| Untracked 
|  99|0x0000000716800000, 0x0000000716800000, 0x0000000716a00000|  0%| F|  |TAMS 0x0000000716800000, 0x0000000716800000| Untracked 
| 100|0x0000000716a00000, 0x0000000716a00000, 0x0000000716c00000|  0%| F|  |TAMS 0x0000000716a00000, 0x0000000716a00000| Untracked 
| 101|0x0000000716c00000, 0x0000000716c00000, 0x0000000716e00000|  0%| F|  |TAMS 0x0000000716c00000, 0x0000000716c00000| Untracked 
| 102|0x0000000716e00000, 0x0000000716e00000, 0x0000000717000000|  0%| F|  |TAMS 0x0000000716e00000, 0x0000000716e00000| Untracked 
| 103|0x0000000717000000, 0x0000000717000000, 0x0000000717200000|  0%| F|  |TAMS 0x0000000717000000, 0x0000000717000000| Untracked 
| 104|0x0000000717200000, 0x0000000717200000, 0x0000000717400000|  0%| F|  |TAMS 0x0000000717200000, 0x0000000717200000| Untracked 
| 105|0x0000000717400000, 0x0000000717400000, 0x0000000717600000|  0%| F|  |TAMS 0x0000000717400000, 0x0000000717400000| Untracked 
| 106|0x0000000717600000, 0x0000000717600000, 0x0000000717800000|  0%| F|  |TAMS 0x0000000717600000, 0x0000000717600000| Untracked 
| 107|0x0000000717800000, 0x0000000717800000, 0x0000000717a00000|  0%| F|  |TAMS 0x0000000717800000, 0x0000000717800000| Untracked 
| 108|0x0000000717a00000, 0x0000000717a00000, 0x0000000717c00000|  0%| F|  |TAMS 0x0000000717a00000, 0x0000000717a00000| Untracked 
| 109|0x0000000717c00000, 0x0000000717c00000, 0x0000000717e00000|  0%| F|  |TAMS 0x0000000717c00000, 0x0000000717c00000| Untracked 
| 110|0x0000000717e00000, 0x0000000717e00000, 0x0000000718000000|  0%| F|  |TAMS 0x0000000717e00000, 0x0000000717e00000| Untracked 
| 111|0x0000000718000000, 0x0000000718000000, 0x0000000718200000|  0%| F|  |TAMS 0x0000000718000000, 0x0000000718000000| Untracked 
| 112|0x0000000718200000, 0x0000000718200000, 0x0000000718400000|  0%| F|  |TAMS 0x0000000718200000, 0x0000000718200000| Untracked 
| 113|0x0000000718400000, 0x0000000718400000, 0x0000000718600000|  0%| F|  |TAMS 0x0000000718400000, 0x0000000718400000| Untracked 
| 114|0x0000000718600000, 0x0000000718600000, 0x0000000718800000|  0%| F|  |TAMS 0x0000000718600000, 0x0000000718600000| Untracked 
| 115|0x0000000718800000, 0x0000000718800000, 0x0000000718a00000|  0%| F|  |TAMS 0x0000000718800000, 0x0000000718800000| Untracked 
| 116|0x0000000718a00000, 0x0000000718a00000, 0x0000000718c00000|  0%| F|  |TAMS 0x0000000718a00000, 0x0000000718a00000| Untracked 
| 117|0x0000000718c00000, 0x0000000718c00000, 0x0000000718e00000|  0%| F|  |TAMS 0x0000000718c00000, 0x0000000718c00000| Untracked 
| 118|0x0000000718e00000, 0x0000000718e00000, 0x0000000719000000|  0%| F|  |TAMS 0x0000000718e00000, 0x0000000718e00000| Untracked 
| 119|0x0000000719000000, 0x0000000719000000, 0x0000000719200000|  0%| F|  |TAMS 0x0000000719000000, 0x0000000719000000| Untracked 
| 120|0x0000000719200000, 0x0000000719200000, 0x0000000719400000|  0%| F|  |TAMS 0x0000000719200000, 0x0000000719200000| Untracked 
| 121|0x0000000719400000, 0x0000000719400000, 0x0000000719600000|  0%| F|  |TAMS 0x0000000719400000, 0x0000000719400000| Untracked 
| 122|0x0000000719600000, 0x0000000719600000, 0x0000000719800000|  0%| F|  |TAMS 0x0000000719600000, 0x0000000719600000| Untracked 
| 123|0x0000000719800000, 0x0000000719800000, 0x0000000719a00000|  0%| F|  |TAMS 0x0000000719800000, 0x0000000719800000| Untracked 

Card table byte_map: [0x00000207ca010000,0x00000207ca7c0000] _byte_map_base: 0x00000207c67bf000

Marking Bits (Prev, Next): (CMBitMap*) 0x00000207b2a2c930, (CMBitMap*) 0x00000207b2a2c970
 Prev Bits: [0x00000207caf70000, 0x00000207cece8000)
 Next Bits: [0x00000207cecf0000, 0x00000207d2a68000)

Polling page: 0x00000207b0960000

Metaspace:

Usage:
  Non-class:     55.65 MB used.
      Class:      7.01 MB used.
       Both:     62.66 MB used.

Virtual space:
  Non-class space:       64.00 MB reserved,      56.00 MB ( 88%) committed,  1 nodes.
      Class space:        1.00 GB reserved,       7.44 MB ( <1%) committed,  1 nodes.
             Both:        1.06 GB reserved,      63.44 MB (  6%) committed. 

Chunk freelists:
   Non-Class:  3.19 MB
       Class:  592.00 KB
        Both:  3.77 MB

MaxMetaspaceSize: unlimited
CompressedClassSpaceSize: 1.00 GB
Initial GC threshold: 21.00 MB
Current GC threshold: 101.38 MB
CDS: on
MetaspaceReclaimPolicy: balanced
 - commit_granule_bytes: 65536.
 - commit_granule_words: 8192.
 - virtual_space_node_default_size: 8388608.
 - enlarge_chunks_in_place: 1.
 - new_chunks_are_fully_committed: 0.
 - uncommit_free_chunks: 1.
 - use_allocation_guard: 0.


Internal statistics:

num_allocs_failed_limit: 6.
num_arena_births: 1358.
num_arena_deaths: 0.
num_vsnodes_births: 2.
num_vsnodes_deaths: 0.
num_space_committed: 1013.
num_space_uncommitted: 0.
num_chunks_returned_to_freelist: 6.
num_chunks_taken_from_freelist: 3904.
num_chunk_merges: 6.
num_chunk_splits: 2880.
num_chunks_enlarged: 2199.
num_inconsistent_stats: 0.

CodeHeap 'non-profiled nmethods': size=120000Kb used=9378Kb max_used=9378Kb free=110621Kb
 bounds [0x00000207c1dd0000, 0x00000207c2700000, 0x00000207c9300000]
CodeHeap 'profiled nmethods': size=120000Kb used=35357Kb max_used=35357Kb free=84642Kb
 bounds [0x00000207ba8a0000, 0x00000207bcb70000, 0x00000207c1dd0000]
CodeHeap 'non-nmethods': size=5760Kb used=1337Kb max_used=1456Kb free=4422Kb
 bounds [0x00000207ba300000, 0x00000207ba570000, 0x00000207ba8a0000]
 total_blobs=13149 nmethods=12511 adapters=548
 compilation: enabled
              stopped_count=0, restarted_count=0
 full_count=0

Compilation events (20 events):
Event: 13.693 Thread 0x00000207d5681a80 15872       3       org.jetbrains.kotlin.types.TypeSubstitutor::substitute (49 bytes)
Event: 13.694 Thread 0x00000207d5681a80 nmethod 15872 0x00000207bb5f0610 code [0x00000207bb5f0800, 0x00000207bb5f0cf8]
Event: 13.694 Thread 0x00000207d5681a80 15873       1       org.jetbrains.kotlin.descriptors.impl.AbstractTypeParameterDescriptor::isCapturedFromOuterDeclaration (2 bytes)
Event: 13.694 Thread 0x00000207d5681a80 nmethod 15873 0x00000207c26eb490 code [0x00000207c26eb620, 0x00000207c26eb6f8]
Event: 13.698 Thread 0x00000207d5681a80 15875       3       org.jetbrains.kotlin.descriptors.annotations.AnnotationsImpl::findAnnotation (6 bytes)
Event: 13.698 Thread 0x00000207d5681a80 nmethod 15875 0x00000207bbc25310 code [0x00000207bbc254a0, 0x00000207bbc255c8]
Event: 13.698 Thread 0x00000207d5681a80 15876       3       org.jetbrains.kotlin.types.AbstractTypeApproximator$referenceApproximateToSubType$1::invoke (20 bytes)
Event: 13.699 Thread 0x00000207d5681a80 nmethod 15876 0x00000207bb0bf890 code [0x00000207bb0bfb80, 0x00000207bb0c0bf8]
Event: 13.699 Thread 0x00000207d5681a80 15877       3       org.jetbrains.kotlin.types.AbstractTypeApproximator$referenceApproximateToSubType$1::invoke (26 bytes)
Event: 13.699 Thread 0x00000207d5681a80 nmethod 15877 0x00000207bb8a2610 code [0x00000207bb8a28c0, 0x00000207bb8a34e8]
Event: 13.700 Thread 0x00000207d5681a80 15878       3       org.jetbrains.kotlin.types.expressions.LabelResolver::getLabelNamesIfAny (490 bytes)
Event: 13.705 Thread 0x00000207d5681a80 nmethod 15878 0x00000207bcb5a510 code [0x00000207bcb5b0a0, 0x00000207bcb63628]
Event: 13.711 Thread 0x00000207da934440 nmethod 15761 0x00000207c26eb790 code [0x00000207c26ec060, 0x00000207c26f3758]
Event: 13.712 Thread 0x00000207da934440 15874       4       org.jetbrains.kotlin.types.TypeSubstitutor::substituteTypeArguments (208 bytes)
Event: 13.716 Thread 0x00000207d5681a80 15880       3       org.jetbrains.kotlin.resolve.calls.tower.NewResolvedCallImpl::updateExtensionReceiverType (57 bytes)
Event: 13.717 Thread 0x00000207d5681a80 nmethod 15880 0x00000207bb93ba90 code [0x00000207bb93bd00, 0x00000207bb93c7c8]
Event: 13.722 Thread 0x00000207d5681a80 15881       3       java.util.ArrayList::indexOfRange (71 bytes)
Event: 13.722 Thread 0x00000207d5681a80 nmethod 15881 0x00000207bba7f390 code [0x00000207bba7f560, 0x00000207bba7fa28]
Event: 13.723 Thread 0x00000207d5681a80 15882       3       org.jetbrains.kotlin.resolve.calls.components.ResolutionPartsKt$resolveKotlinArgument$1::<init> (63 bytes)
Event: 13.723 Thread 0x00000207d5681a80 nmethod 15882 0x00000207bc2e7610 code [0x00000207bc2e77e0, 0x00000207bc2e7db8]

GC Heap History (20 events):
Event: 7.459 GC heap after
{Heap after GC invocations=22 (full 0):
 garbage-first heap   total 151552K, used 92160K [0x000000070a200000, 0x0000000800000000)
  region size 2048K, 2 young (4096K), 2 survivors (4096K)
 Metaspace       used 55723K, committed 56512K, reserved 1114112K
  class space    used 6371K, committed 6784K, reserved 1048576K
}
Event: 7.494 GC heap before
{Heap before GC invocations=22 (full 0):
 garbage-first heap   total 151552K, used 94208K [0x000000070a200000, 0x0000000800000000)
  region size 2048K, 3 young (6144K), 2 survivors (4096K)
 Metaspace       used 55747K, committed 56576K, reserved 1114112K
  class space    used 6371K, committed 6784K, reserved 1048576K
}
Event: 7.500 GC heap after
{Heap after GC invocations=23 (full 0):
 garbage-first heap   total 151552K, used 92315K [0x000000070a200000, 0x0000000800000000)
  region size 2048K, 1 young (2048K), 1 survivors (2048K)
 Metaspace       used 55747K, committed 56576K, reserved 1114112K
  class space    used 6371K, committed 6784K, reserved 1048576K
}
Event: 7.862 GC heap before
{Heap before GC invocations=23 (full 0):
 garbage-first heap   total 151552K, used 116891K [0x000000070a200000, 0x0000000800000000)
  region size 2048K, 14 young (28672K), 1 survivors (2048K)
 Metaspace       used 58311K, committed 59136K, reserved 1114112K
  class space    used 6797K, committed 7232K, reserved 1048576K
}
Event: 7.866 GC heap after
{Heap after GC invocations=24 (full 0):
 garbage-first heap   total 151552K, used 96588K [0x000000070a200000, 0x0000000800000000)
  region size 2048K, 2 young (4096K), 2 survivors (4096K)
 Metaspace       used 58311K, committed 59136K, reserved 1114112K
  class space    used 6797K, committed 7232K, reserved 1048576K
}
Event: 8.246 GC heap before
{Heap before GC invocations=25 (full 0):
 garbage-first heap   total 167936K, used 121164K [0x000000070a200000, 0x0000000800000000)
  region size 2048K, 14 young (28672K), 2 survivors (4096K)
 Metaspace       used 59344K, committed 60096K, reserved 1114112K
  class space    used 6888K, committed 7296K, reserved 1048576K
}
Event: 8.252 GC heap after
{Heap after GC invocations=26 (full 0):
 garbage-first heap   total 167936K, used 100137K [0x000000070a200000, 0x0000000800000000)
  region size 2048K, 2 young (4096K), 2 survivors (4096K)
 Metaspace       used 59344K, committed 60096K, reserved 1114112K
  class space    used 6888K, committed 7296K, reserved 1048576K
}
Event: 8.324 GC heap before
{Heap before GC invocations=26 (full 0):
 garbage-first heap   total 167936K, used 104233K [0x000000070a200000, 0x0000000800000000)
  region size 2048K, 4 young (8192K), 2 survivors (4096K)
 Metaspace       used 59493K, committed 60352K, reserved 1114112K
  class space    used 6901K, committed 7360K, reserved 1048576K
}
Event: 8.329 GC heap after
{Heap after GC invocations=27 (full 0):
 garbage-first heap   total 253952K, used 99357K [0x000000070a200000, 0x0000000800000000)
  region size 2048K, 1 young (2048K), 1 survivors (2048K)
 Metaspace       used 59493K, committed 60352K, reserved 1114112K
  class space    used 6901K, committed 7360K, reserved 1048576K
}
Event: 9.145 GC heap before
{Heap before GC invocations=27 (full 0):
 garbage-first heap   total 253952K, used 185373K [0x000000070a200000, 0x0000000800000000)
  region size 2048K, 43 young (88064K), 1 survivors (2048K)
 Metaspace       used 59923K, committed 60736K, reserved 1114112K
  class space    used 6908K, committed 7360K, reserved 1048576K
}
Event: 9.158 GC heap after
{Heap after GC invocations=28 (full 0):
 garbage-first heap   total 253952K, used 113903K [0x000000070a200000, 0x0000000800000000)
  region size 2048K, 6 young (12288K), 6 survivors (12288K)
 Metaspace       used 59923K, committed 60736K, reserved 1114112K
  class space    used 6908K, committed 7360K, reserved 1048576K
}
Event: 9.793 GC heap before
{Heap before GC invocations=28 (full 0):
 garbage-first heap   total 253952K, used 185583K [0x000000070a200000, 0x0000000800000000)
  region size 2048K, 41 young (83968K), 6 survivors (12288K)
 Metaspace       used 60555K, committed 61440K, reserved 1114112K
  class space    used 6956K, committed 7424K, reserved 1048576K
}
Event: 9.808 GC heap after
{Heap after GC invocations=29 (full 0):
 garbage-first heap   total 253952K, used 125202K [0x000000070a200000, 0x0000000800000000)
  region size 2048K, 6 young (12288K), 6 survivors (12288K)
 Metaspace       used 60555K, committed 61440K, reserved 1114112K
  class space    used 6956K, committed 7424K, reserved 1048576K
}
Event: 10.690 GC heap before
{Heap before GC invocations=29 (full 0):
 garbage-first heap   total 253952K, used 190738K [0x000000070a200000, 0x0000000800000000)
  region size 2048K, 38 young (77824K), 6 survivors (12288K)
 Metaspace       used 61423K, committed 62272K, reserved 1114112K
  class space    used 6991K, committed 7424K, reserved 1048576K
}
Event: 10.699 GC heap after
{Heap after GC invocations=30 (full 0):
 garbage-first heap   total 253952K, used 130201K [0x000000070a200000, 0x0000000800000000)
  region size 2048K, 3 young (6144K), 3 survivors (6144K)
 Metaspace       used 61423K, committed 62272K, reserved 1114112K
  class space    used 6991K, committed 7424K, reserved 1048576K
}
Event: 12.160 GC heap before
{Heap before GC invocations=31 (full 0):
 garbage-first heap   total 253952K, used 197785K [0x000000070a200000, 0x0000000800000000)
  region size 2048K, 36 young (73728K), 3 survivors (6144K)
 Metaspace       used 63386K, committed 64256K, reserved 1114112K
  class space    used 7124K, committed 7552K, reserved 1048576K
}
Event: 12.168 GC heap after
{Heap after GC invocations=32 (full 0):
 garbage-first heap   total 253952K, used 136355K [0x000000070a200000, 0x0000000800000000)
  region size 2048K, 5 young (10240K), 5 survivors (10240K)
 Metaspace       used 63386K, committed 64256K, reserved 1114112K
  class space    used 7124K, committed 7552K, reserved 1048576K
}
Event: 12.216 GC heap before
{Heap before GC invocations=32 (full 0):
 garbage-first heap   total 253952K, used 138403K [0x000000070a200000, 0x0000000800000000)
  region size 2048K, 6 young (12288K), 5 survivors (10240K)
 Metaspace       used 63391K, committed 64256K, reserved 1114112K
  class space    used 7124K, committed 7552K, reserved 1048576K
}
Event: 12.225 GC heap after
{Heap after GC invocations=33 (full 0):
 garbage-first heap   total 253952K, used 137473K [0x000000070a200000, 0x0000000800000000)
  region size 2048K, 1 young (2048K), 1 survivors (2048K)
 Metaspace       used 63391K, committed 64256K, reserved 1114112K
  class space    used 7124K, committed 7552K, reserved 1048576K
}
Event: 13.736 GC heap before
{Heap before GC invocations=33 (full 0):
 garbage-first heap   total 253952K, used 200961K [0x000000070a200000, 0x0000000800000000)
  region size 2048K, 33 young (67584K), 1 survivors (2048K)
 Metaspace       used 64158K, committed 64960K, reserved 1114112K
  class space    used 7173K, committed 7616K, reserved 1048576K
}

Deoptimization events (20 events):
Event: 13.613 Thread 0x00000207b29bebd0 Uncommon trap: trap_request=0xffffffde fr.pc=0x00000207c26113b4 relative=0x0000000000001494
Event: 13.614 Thread 0x00000207b29bebd0 Uncommon trap: reason=class_check action=maybe_recompile pc=0x00000207c26113b4 method=org.jetbrains.kotlin.resolve.VarianceCheckerCore.isIrrelevant(Lorg/jetbrains/kotlin/descriptors/CallableDescriptor;)Z @ 110 c2
Event: 13.614 Thread 0x00000207b29bebd0 DEOPT PACKING pc=0x00000207c26113b4 sp=0x00000043eedfce60
Event: 13.614 Thread 0x00000207b29bebd0 DEOPT UNPACKING pc=0x00000207ba3523a3 sp=0x00000043eedfccd8 mode 2
Event: 13.614 Thread 0x00000207b29bebd0 Uncommon trap: trap_request=0xffffffde fr.pc=0x00000207c26113b4 relative=0x0000000000001494
Event: 13.614 Thread 0x00000207b29bebd0 Uncommon trap: reason=class_check action=maybe_recompile pc=0x00000207c26113b4 method=org.jetbrains.kotlin.resolve.VarianceCheckerCore.isIrrelevant(Lorg/jetbrains/kotlin/descriptors/CallableDescriptor;)Z @ 110 c2
Event: 13.614 Thread 0x00000207b29bebd0 DEOPT PACKING pc=0x00000207c26113b4 sp=0x00000043eedfcc20
Event: 13.614 Thread 0x00000207b29bebd0 DEOPT UNPACKING pc=0x00000207ba3523a3 sp=0x00000043eedfca80 mode 2
Event: 13.618 Thread 0x00000207b29bebd0 Uncommon trap: trap_request=0xffffffde fr.pc=0x00000207c24e3e7c relative=0x000000000000013c
Event: 13.618 Thread 0x00000207b29bebd0 Uncommon trap: reason=class_check action=maybe_recompile pc=0x00000207c24e3e7c method=org.jetbrains.kotlin.resolve.lazy.descriptors.LazyClassMemberScope.recordLookup(Lorg/jetbrains/kotlin/name/Name;Lorg/jetbrains/kotlin/incremental/components/LookupLocati
Event: 13.618 Thread 0x00000207b29bebd0 DEOPT PACKING pc=0x00000207c24e3e7c sp=0x00000043eedf8150
Event: 13.618 Thread 0x00000207b29bebd0 DEOPT UNPACKING pc=0x00000207ba3523a3 sp=0x00000043eedf8010 mode 2
Event: 13.678 Thread 0x00000207b29bebd0 Uncommon trap: trap_request=0xffffffde fr.pc=0x00000207c2516e8c relative=0x000000000000014c
Event: 13.678 Thread 0x00000207b29bebd0 Uncommon trap: reason=class_check action=maybe_recompile pc=0x00000207c2516e8c method=kotlin.collections.CollectionsKt___CollectionsKt.firstOrNull(Ljava/lang/Iterable;)Ljava/lang/Object; @ 39 c2
Event: 13.678 Thread 0x00000207b29bebd0 DEOPT PACKING pc=0x00000207c2516e8c sp=0x00000043eedf8400
Event: 13.678 Thread 0x00000207b29bebd0 DEOPT UNPACKING pc=0x00000207ba3523a3 sp=0x00000043eedf8398 mode 2
Event: 13.700 Thread 0x00000207b29bebd0 Uncommon trap: trap_request=0xffffffde fr.pc=0x00000207c2516e8c relative=0x000000000000014c
Event: 13.700 Thread 0x00000207b29bebd0 Uncommon trap: reason=class_check action=maybe_recompile pc=0x00000207c2516e8c method=kotlin.collections.CollectionsKt___CollectionsKt.firstOrNull(Ljava/lang/Iterable;)Ljava/lang/Object; @ 39 c2
Event: 13.700 Thread 0x00000207b29bebd0 DEOPT PACKING pc=0x00000207c2516e8c sp=0x00000043eedf8400
Event: 13.700 Thread 0x00000207b29bebd0 DEOPT UNPACKING pc=0x00000207ba3523a3 sp=0x00000043eedf8398 mode 2

Classes loaded (20 events):
Event: 4.041 Loading class java/util/stream/Nodes$SpinedNodeBuilder
Event: 4.041 Loading class java/util/stream/Node$Builder
Event: 4.041 Loading class java/util/stream/Node$Builder done
Event: 4.041 Loading class java/util/stream/SpinedBuffer
Event: 4.042 Loading class java/util/stream/AbstractSpinedBuffer
Event: 4.042 Loading class java/util/stream/AbstractSpinedBuffer done
Event: 4.042 Loading class java/util/stream/SpinedBuffer done
Event: 4.042 Loading class java/util/stream/Nodes$SpinedNodeBuilder done
Event: 4.238 Loading class java/util/concurrent/locks/AbstractQueuedSynchronizer$Node
Event: 4.239 Loading class java/util/concurrent/locks/AbstractQueuedSynchronizer$Node done
Event: 4.328 Loading class java/util/RegularEnumSet$EnumSetIterator
Event: 4.328 Loading class java/util/RegularEnumSet$EnumSetIterator done
Event: 7.614 Loading class jdk/internal/math/FDBigInteger
Event: 7.615 Loading class jdk/internal/math/FDBigInteger done
Event: 8.338 Loading class java/util/regex/Pattern$Bound
Event: 8.338 Loading class java/util/regex/Pattern$Bound done
Event: 8.338 Loading class java/util/regex/Pattern$NotBehind
Event: 8.338 Loading class java/util/regex/Pattern$NotBehind done
Event: 12.512 Loading class jdk/internal/math/FloatingDecimal$ASCIIToBinaryBuffer
Event: 12.513 Loading class jdk/internal/math/FloatingDecimal$ASCIIToBinaryBuffer done

Classes unloaded (0 events):
No events

Classes redefined (0 events):
No events

Internal exceptions (20 events):
Event: 6.272 Thread 0x00000207b29bebd0 Implicit null exception at 0x00000207c1fb56f9 to 0x00000207c1fb59b0
Event: 7.153 Thread 0x00000207b29bebd0 Exception <a 'java/lang/NoSuchMethodError'{0x000000071279dcc0}: 'java.lang.Object java.lang.invoke.DirectMethodHandle$Holder.invokeSpecial(java.lang.Object, java.lang.Object, int, java.lang.Object, java.lang.Object)'> (0x000000071279dcc0) 
thrown [s\open\src\hotspot\share\interpreter\linkResolver.cpp, line 759]
Event: 7.292 Thread 0x00000207b29bebd0 Exception <a 'java/lang/NoSuchMethodError'{0x00000007122eff00}: 'java.lang.Object java.lang.invoke.DirectMethodHandle$Holder.invokeStaticInit(java.lang.Object, java.lang.Object, java.lang.Object)'> (0x00000007122eff00) 
thrown [s\open\src\hotspot\share\interpreter\linkResolver.cpp, line 759]
Event: 7.300 Thread 0x00000207b29bebd0 Exception <a 'java/lang/NoSuchMethodError'{0x00000007123218a8}: 'java.lang.Object java.lang.invoke.DirectMethodHandle$Holder.invokeStatic(java.lang.Object, int, java.lang.Object, java.lang.Object)'> (0x00000007123218a8) 
thrown [s\open\src\hotspot\share\interpreter\linkResolver.cpp, line 759]
Event: 7.301 Thread 0x00000207b29bebd0 Exception <a 'java/lang/NoSuchMethodError'{0x0000000712329ba0}: 'java.lang.Object java.lang.invoke.DirectMethodHandle$Holder.newInvokeSpecial(java.lang.Object, int, java.lang.Object)'> (0x0000000712329ba0) 
thrown [s\open\src\hotspot\share\interpreter\linkResolver.cpp, line 759]
Event: 7.576 Thread 0x00000207b29bebd0 Exception <a 'java/lang/NoSuchMethodError'{0x00000007164c1c48}: 'int java.lang.invoke.DirectMethodHandle$Holder.invokeVirtual(java.lang.Object, java.lang.Object, java.lang.Object)'> (0x00000007164c1c48) 
thrown [s\open\src\hotspot\share\interpreter\linkResolver.cpp, line 759]
Event: 7.606 Thread 0x00000207b29bebd0 Exception <a 'java/lang/NoSuchMethodError'{0x00000007162886e0}: 'void java.lang.invoke.DirectMethodHandle$Holder.invokeSpecial(java.lang.Object, java.lang.Object, int, java.lang.Object)'> (0x00000007162886e0) 
thrown [s\open\src\hotspot\share\interpreter\linkResolver.cpp, line 759]
Event: 7.818 Thread 0x00000207b29bebd0 Exception <a 'java/lang/IncompatibleClassChangeError'{0x0000000711ae0dc8}: Found class java.lang.Object, but interface was expected> (0x0000000711ae0dc8) 
thrown [s\open\src\hotspot\share\interpreter\linkResolver.cpp, line 826]
Event: 7.899 Thread 0x00000207b29bebd0 Implicit null exception at 0x00000207c1def352 to 0x00000207c1def85c
Event: 7.912 Thread 0x00000207b29bebd0 Exception <a 'java/lang/NoSuchMethodError'{0x0000000719792278}: 'java.lang.Object java.lang.invoke.DirectMethodHandle$Holder.invokeInterface(java.lang.Object, java.lang.Object, java.lang.Object)'> (0x0000000719792278) 
thrown [s\open\src\hotspot\share\interpreter\linkResolver.cpp, line 759]
Event: 7.912 Thread 0x00000207b29bebd0 Exception <a 'java/lang/IncompatibleClassChangeError'{0x0000000719795e88}: Found class java.lang.Object, but interface was expected> (0x0000000719795e88) 
thrown [s\open\src\hotspot\share\interpreter\linkResolver.cpp, line 826]
Event: 7.924 Thread 0x00000207b29bebd0 Implicit null exception at 0x00000207c1df0d52 to 0x00000207c1df1250
Event: 8.159 Thread 0x00000207b29bebd0 Exception <a 'java/lang/NoSuchMethodError'{0x00000007130fba68}: 'java.lang.Object java.lang.invoke.Invokers$Holder.linkToTargetMethod(java.lang.Object, java.lang.Object, java.lang.Object, java.lang.Object, java.lang.Object, java.lang.Object, java.lang.Object)'> (0x00000007130fba68) 
thrown [s\open\src\hotspot\share\interpreter\linkResolver.cpp, line 759]
Event: 8.284 Thread 0x00000207b29bebd0 Exception <a 'java/lang/NoSuchMethodError'{0x0000000716807ce0}: 'int java.lang.invoke.DirectMethodHandle$Holder.invokeStaticInit(java.lang.Object, int)'> (0x0000000716807ce0) 
thrown [s\open\src\hotspot\share\interpreter\linkResolver.cpp, line 759]
Event: 10.983 Thread 0x00000207b29bebd0 Implicit null exception at 0x00000207c213c4e3 to 0x00000207c213cfb0
Event: 11.354 Thread 0x00000207b29bebd0 Implicit null exception at 0x00000207c240097a to 0x00000207c2401320
Event: 11.655 Thread 0x00000207b29bebd0 Implicit null exception at 0x00000207c221395d to 0x00000207c2213b04
Event: 13.576 Thread 0x00000207b29bebd0 Implicit null exception at 0x00000207c1e93cf9 to 0x00000207c1e941a0
Event: 13.587 Thread 0x00000207b29bebd0 Implicit null exception at 0x00000207c1e60cf7 to 0x00000207c1e61148
Event: 13.591 Thread 0x00000207b29bebd0 Implicit null exception at 0x00000207c1e94874 to 0x00000207c1e94d2c

VM Operations (20 events):
Event: 12.664 Executing VM operation: ICBufferFull done
Event: 12.783 Executing VM operation: ICBufferFull
Event: 12.783 Executing VM operation: ICBufferFull done
Event: 12.918 Executing VM operation: ICBufferFull
Event: 12.918 Executing VM operation: ICBufferFull done
Event: 12.987 Executing VM operation: HandshakeAllThreads
Event: 12.987 Executing VM operation: HandshakeAllThreads done
Event: 13.140 Executing VM operation: ICBufferFull
Event: 13.140 Executing VM operation: ICBufferFull done
Event: 13.355 Executing VM operation: ICBufferFull
Event: 13.355 Executing VM operation: ICBufferFull done
Event: 13.511 Executing VM operation: HandshakeAllThreads
Event: 13.511 Executing VM operation: HandshakeAllThreads done
Event: 13.517 Executing VM operation: ICBufferFull
Event: 13.517 Executing VM operation: ICBufferFull done
Event: 13.609 Executing VM operation: HandshakeAllThreads
Event: 13.609 Executing VM operation: HandshakeAllThreads done
Event: 13.630 Executing VM operation: ICBufferFull
Event: 13.630 Executing VM operation: ICBufferFull done
Event: 13.736 Executing VM operation: G1CollectForAllocation

Events (20 events):
Event: 12.636 Thread 0x00000207d5684470 flushing nmethod 0x00000207bc6fdb10
Event: 12.636 Thread 0x00000207d5684470 flushing nmethod 0x00000207bc73f190
Event: 12.638 Thread 0x00000207d5684470 flushing nmethod 0x00000207bca78610
Event: 13.514 Thread 0x00000207d5684470 flushing nmethod 0x00000207c244aa10
Event: 13.516 Thread 0x00000207d5684470 flushing nmethod 0x00000207ba927610
Event: 13.519 Thread 0x00000207d5684470 flushing nmethod 0x00000207bacbcf90
Event: 13.519 Thread 0x00000207d5684470 flushing nmethod 0x00000207bace5290
Event: 13.520 Thread 0x00000207d5684470 flushing nmethod 0x00000207badfe090
Event: 13.523 Thread 0x00000207d5684470 flushing nmethod 0x00000207bb341010
Event: 13.524 Thread 0x00000207d5684470 flushing nmethod 0x00000207bb3fa490
Event: 13.524 Thread 0x00000207d5684470 flushing nmethod 0x00000207bb481990
Event: 13.525 Thread 0x00000207d5684470 flushing nmethod 0x00000207bb6abb90
Event: 13.527 Thread 0x00000207d5684470 flushing nmethod 0x00000207bb970d90
Event: 13.527 Thread 0x00000207d5684470 flushing nmethod 0x00000207bba6b990
Event: 13.528 Thread 0x00000207d5684470 flushing nmethod 0x00000207bbc53010
Event: 13.530 Thread 0x00000207d5684470 flushing nmethod 0x00000207bbeced10
Event: 13.531 Thread 0x00000207d5684470 flushing nmethod 0x00000207bc0b8510
Event: 13.534 Thread 0x00000207d5684470 flushing nmethod 0x00000207bc664710
Event: 13.534 Thread 0x00000207d5684470 flushing nmethod 0x00000207bc668a10
Event: 13.535 Thread 0x00000207d5684470 flushing nmethod 0x00000207bc882e10


Dynamic libraries:
0x00007ff6197e0000 - 0x00007ff6197ee000 	C:\Users\HP\.jdks\openjdk-18.0.2\bin\java.exe
0x00007ffd40c30000 - 0x00007ffd40e25000 	C:\Windows\SYSTEM32\ntdll.dll
0x00007ffd3ee90000 - 0x00007ffd3ef4e000 	C:\Windows\System32\KERNEL32.DLL
0x00007ffd3e9b0000 - 0x00007ffd3ec78000 	C:\Windows\System32\KERNELBASE.dll
0x00007ffd3e7b0000 - 0x00007ffd3e8b0000 	C:\Windows\System32\ucrtbase.dll
0x00007ffd37d50000 - 0x00007ffd37d67000 	C:\Users\HP\.jdks\openjdk-18.0.2\bin\jli.dll
0x00007ffd37c50000 - 0x00007ffd37c6a000 	C:\Users\HP\.jdks\openjdk-18.0.2\bin\VCRUNTIME140.dll
0x00007ffd408b0000 - 0x00007ffd40a51000 	C:\Windows\System32\USER32.dll
0x00007ffd2a230000 - 0x00007ffd2a4ca000 	C:\Windows\WinSxS\amd64_microsoft.windows.common-controls_6595b64144ccf1df_6.0.19041.1110_none_60b5254171f9507e\COMCTL32.dll
0x00007ffd3e8b0000 - 0x00007ffd3e8d2000 	C:\Windows\System32\win32u.dll
0x00007ffd3ee60000 - 0x00007ffd3ee8b000 	C:\Windows\System32\GDI32.dll
0x00007ffd3e490000 - 0x00007ffd3e59b000 	C:\Windows\System32\gdi32full.dll
0x00007ffd3e8e0000 - 0x00007ffd3e97d000 	C:\Windows\System32\msvcp_win.dll
0x00007ffd3f950000 - 0x00007ffd3f9ee000 	C:\Windows\System32\msvcrt.dll
0x00007ffd3f760000 - 0x00007ffd3f790000 	C:\Windows\System32\IMM32.DLL
0x00007ffd39520000 - 0x00007ffd3952c000 	C:\Users\HP\.jdks\openjdk-18.0.2\bin\vcruntime140_1.dll
0x00007ffd0e600000 - 0x00007ffd0e68d000 	C:\Users\HP\.jdks\openjdk-18.0.2\bin\msvcp140.dll
0x00007ffcfb410000 - 0x00007ffcfc021000 	C:\Users\HP\.jdks\openjdk-18.0.2\bin\server\jvm.dll
0x00007ffd3fac0000 - 0x00007ffd3fb6c000 	C:\Windows\System32\ADVAPI32.dll
0x00007ffd3fbf0000 - 0x00007ffd3fc8b000 	C:\Windows\System32\sechost.dll
0x00007ffd40a60000 - 0x00007ffd40b8a000 	C:\Windows\System32\RPCRT4.dll
0x00007ffd3f150000 - 0x00007ffd3f158000 	C:\Windows\System32\PSAPI.DLL
0x00007ffd39f20000 - 0x00007ffd39f29000 	C:\Windows\SYSTEM32\WSOCK32.dll
0x00007ffd33a70000 - 0x00007ffd33a97000 	C:\Windows\SYSTEM32\WINMM.dll
0x00007ffd36cd0000 - 0x00007ffd36cda000 	C:\Windows\SYSTEM32\VERSION.dll
0x00007ffd40840000 - 0x00007ffd408ab000 	C:\Windows\System32\WS2_32.dll
0x00007ffd3cbd0000 - 0x00007ffd3cbe2000 	C:\Windows\SYSTEM32\kernel.appcore.dll
0x00007ffd39500000 - 0x00007ffd3950a000 	C:\Users\HP\.jdks\openjdk-18.0.2\bin\jimage.dll
0x00007ffd2c130000 - 0x00007ffd2c314000 	C:\Windows\SYSTEM32\DBGHELP.DLL
0x00007ffd27840000 - 0x00007ffd2786c000 	C:\Windows\SYSTEM32\dbgcore.DLL
0x00007ffd3e400000 - 0x00007ffd3e483000 	C:\Windows\System32\bcryptPrimitives.dll
0x00007ffd26f20000 - 0x00007ffd26f45000 	C:\Users\HP\.jdks\openjdk-18.0.2\bin\java.dll
0x00007ffd0cf80000 - 0x00007ffd0d056000 	C:\Users\HP\.jdks\openjdk-18.0.2\bin\jsvml.dll
0x00007ffd3fcb0000 - 0x00007ffd403ef000 	C:\Windows\System32\SHELL32.dll
0x00007ffd3c430000 - 0x00007ffd3cbc0000 	C:\Windows\SYSTEM32\windows.storage.dll
0x00007ffd403f0000 - 0x00007ffd40745000 	C:\Windows\System32\combase.dll
0x00007ffd3dda0000 - 0x00007ffd3ddce000 	C:\Windows\SYSTEM32\Wldp.dll
0x00007ffd3edb0000 - 0x00007ffd3ee5d000 	C:\Windows\System32\SHCORE.dll
0x00007ffd3f270000 - 0x00007ffd3f2c5000 	C:\Windows\System32\shlwapi.dll
0x00007ffd3e290000 - 0x00007ffd3e2af000 	C:\Windows\SYSTEM32\profapi.dll
0x00007ffd29db0000 - 0x00007ffd29dc3000 	C:\Users\HP\.jdks\openjdk-18.0.2\bin\net.dll
0x00007ffd34370000 - 0x00007ffd3447c000 	C:\Windows\SYSTEM32\WINHTTP.dll
0x00007ffd3db00000 - 0x00007ffd3db6a000 	C:\Windows\system32\mswsock.dll
0x00007ffd29ab0000 - 0x00007ffd29ac6000 	C:\Users\HP\.jdks\openjdk-18.0.2\bin\nio.dll
0x00007ffd26e00000 - 0x00007ffd26e18000 	C:\Users\HP\.jdks\openjdk-18.0.2\bin\zip.dll
0x00007ffd39370000 - 0x00007ffd39380000 	C:\Users\HP\.jdks\openjdk-18.0.2\bin\verify.dll

dbghelp: loaded successfully - version: 4.0.5 - missing functions: none
symbol engine: initialized successfully - sym options: 0x614 - pdb path: .;C:\Users\HP\.jdks\openjdk-18.0.2\bin;C:\Windows\SYSTEM32;C:\Windows\WinSxS\amd64_microsoft.windows.common-controls_6595b64144ccf1df_6.0.19041.1110_none_60b5254171f9507e;C:\Users\HP\.jdks\openjdk-18.0.2\bin\server

VM Arguments:
java_command: org.jetbrains.kotlin.cli.jvm.K2JVMCompiler @C:\Users\HP\AndroidStudioProjects\MusicApp\app\build\20230813_1556867807573987533.compiler.options
java_class_path (initial): C:\Users\HP\.gradle\caches\modules-2\files-2.1\org.jetbrains.kotlin\kotlin-compiler-embeddable\1.8.0\eb9118d4bcceaa2a94b2ae2a33a4ddba7c9a947f\kotlin-compiler-embeddable-1.8.0.jar;C:\Users\HP\.gradle\caches\modules-2\files-2.1\org.jetbrains.kotlin\kotlin-stdlib\1.8.0\1796921c7a3e2e2665a83e6c8d33399336cd39bc\kotlin-stdlib-1.8.0.jar;C:\Users\HP\.gradle\caches\modules-2\files-2.1\org.jetbrains.kotlin\kotlin-script-runtime\1.8.0\b2f7e760d283cb339974851c222a4c1d48f2d3d\kotlin-script-runtime-1.8.0.jar;C:\Users\HP\.gradle\caches\modules-2\files-2.1\org.jetbrains.kotlin\kotlin-reflect\1.6.10\1cbe9c92c12a94eea200d23c2bbaedaf3daf5132\kotlin-reflect-1.6.10.jar;C:\Users\HP\.gradle\caches\modules-2\files-2.1\org.jetbrains.kotlin\kotlin-daemon-embeddable\1.8.0\d255216c551685dc3a7e852b53617f5f01aaaa5c\kotlin-daemon-embeddable-1.8.0.jar;C:\Users\HP\.gradle\caches\modules-2\files-2.1\org.jetbrains.intellij.deps\trove4j\1.0.20200330\3afb14d5f9ceb459d724e907a21145e8ff394f02\trove4j-1.0.20200330.jar;C:\Users\HP\.gradle\caches\modules-2\files-2.1\net.java.dev.jna\jna\5.6.0\330f2244e9030119ab3030fc3fededc86713d9cc\jna-5.6.0.jar;C:\Users\HP\.gradle\caches\modules-2\files-2.1\org.jetbrains.kotlin\kotlin-stdlib-common\1.8.0\f7197e7cc76453ac59f8b0f8d5137cc600becd36\kotlin-stdlib-common-1.8.0.jar;C:\Users\HP\.gradle\caches\modules-2\files-2.1\org.jetbrains\annotations\13.0\919f0dfe192fb4e063e7dacadee7f8bb9a2672a9\annotations-13.0.jar
Launcher Type: SUN_STANDARD

[Global flags]
     intx CICompilerCount                          = 4                                         {product} {ergonomic}
     uint ConcGCThreads                            = 3                                         {product} {ergonomic}
     uint G1ConcRefinementThreads                  = 10                                        {product} {ergonomic}
   size_t G1HeapRegionSize                         = 2097152                                   {product} {ergonomic}
    uintx GCDrainStackTargetSize                   = 64                                        {product} {ergonomic}
   size_t InitialHeapSize                          = 257949696                                 {product} {ergonomic}
   size_t MarkStackSize                            = 4194304                                   {product} {ergonomic}
   size_t MaxHeapSize                              = 4125097984                                {product} {ergonomic}
   size_t MaxNewSize                               = 2474639360                                {product} {ergonomic}
   size_t MinHeapDeltaBytes                        = 2097152                                   {product} {ergonomic}
   size_t MinHeapSize                              = 8388608                                   {product} {ergonomic}
    uintx NonNMethodCodeHeapSize                   = 5839372                                {pd product} {ergonomic}
    uintx NonProfiledCodeHeapSize                  = 122909434                              {pd product} {ergonomic}
    uintx ProfiledCodeHeapSize                     = 122909434                              {pd product} {ergonomic}
    uintx ReservedCodeCacheSize                    = 251658240                              {pd product} {ergonomic}
     bool SegmentedCodeCache                       = true                                      {product} {ergonomic}
   size_t SoftMaxHeapSize                          = 4125097984                             {manageable} {ergonomic}
     bool UseCompressedClassPointers               = true                           {product lp64_product} {ergonomic}
     bool UseCompressedOops                        = true                           {product lp64_product} {ergonomic}
     bool UseG1GC                                  = true                                      {product} {ergonomic}
     bool UseLargePagesIndividualAllocation        = false                                  {pd product} {ergonomic}

Logging:
Log output configuration:
 #0: stdout all=warning uptime,level,tags foldmultilines=false
 #1: stderr all=off uptime,level,tags foldmultilines=false

Environment Variables:
PATH=C:\cygwin64\bin;C:\Program Files (x86)\Common Files\Intel\Shared Libraries\redist\intel64_win\compiler;C:\Program Files (x86)\Common Files\Intel\Shared Libraries\redist\intel64\compiler;C:\Program Files\Microsoft MPI\Bin\;C:\ProgramData\Oracle\Java\javapath;C:\Windows\system32;C:\Windows;C:\Windows\System32\Wbem;C:\Windows\System32\WindowsPowerShell\v1.0\;C:\Windows\System32\OpenSSH\;C:\Program Files\7-Zip;C:\Program Files (x86)\NVIDIA Corporation\PhysX\Common;C:\Program Files\Microsoft SQL Server\150\Tools\Binn\;C:\Program Files\Microsoft SQL Server\Client SDK\ODBC\170\Tools\Binn\;C:\Program Files\Git\cmd;C:\Program Files\dotnet\;C:\Program Files (x86)\Microsoft SQL Server\150\Tools\Binn\;C:\Program Files\Microsoft SQL Server\150\DTS\Binn\;C:\Program Files (x86)\Microsoft SQL Server\150\DTS\Binn\;C:\Program Files\nodejs\;C:\Users\HP\AppData\Local\Microsoft\WindowsApps;C:\Users\HP\AppData\Local\Programs\Microsoft VS Code\bin;C:\Users\HP\AppData\Local\GitHubDesktop\bin;C:\flutter\bin;C:\Users\HP\.dotnet\tools;C:\Program Files\Azure Data Studio\bin;C:\Users\HP\AppData\Roaming\npm
USERNAME=HP
OS=Windows_NT
PROCESSOR_IDENTIFIER=AMD64 Family 23 Model 96 Stepping 1, AuthenticAMD



---------------  S Y S T E M  ---------------

OS:
 Windows 10 , 64 bit Build 19041 (10.0.19041.1348)
OS uptime: 20 days 22:58 hours

CPU: total 12 (initial active 12) (12 cores per cpu, 2 threads per core) family 23 model 96 stepping 1 microcode 0x0, cx8, cmov, fxsr, ht, mmx, 3dnowpref, sse, sse2, sse3, ssse3, sse4a, sse4.1, sse4.2, popcnt, lzcnt, tsc, tscinvbit, avx, avx2, aes, clmul, bmi1, bmi2, adx, sha, fma, vzeroupper, clflush, clflushopt

Memory: 4k page, system-wide physical 15733M (605M free)
TotalPageFile size 18732M (AvailPageFile size 102M)
current process WorkingSet (physical memory assigned to process): 486M, peak: 490M
current process commit charge ("private bytes"): 534M, peak: 711M

vm_info: OpenJDK 64-Bit Server VM (18.0.2+9-61) for windows-amd64 JRE (18.0.2+9-61), built on Jun  7 2022 13:05:59 by "mach5one" with MS VC++ 16.8 / 16.9 (VS2019)

END.
