#
# There is insufficient memory for the Java Runtime Environment to continue.
# Native memory allocation (malloc) failed to allocate 1475376 bytes for Chunk::new
# Possible reasons:
#   The system is out of physical RAM or swap space
#   The process is running with CompressedOops enabled, and the Java Heap may be blocking the growth of the native heap
# Possible solutions:
#   Reduce memory load on the system
#   Increase physical memory or swap space
#   Check if swap backing store is full
#   Decrease Java heap size (-Xmx/-Xms)
#   Decrease number of Java threads
#   Decrease Java thread stack sizes (-Xss)
#   Set larger code cache with -XX:ReservedCodeCacheSize=
#   JVM is running with Zero Based Compressed Oops mode in which the Java heap is
#     placed in the first 32GB address space. The Java Heap base address is the
#     maximum limit for the native heap growth. Please use -XX:HeapBaseMinAddress
#     to set the Java Heap base and to place the Java Heap above 32GB virtual address.
# This output file may be truncated or incomplete.
#
#  Out of Memory Error (arena.cpp:184), pid=13636, tid=1164
#
# JRE version: OpenJDK Runtime Environment (18.0.2+9) (build 18.0.2+9-61)
# Java VM: OpenJDK 64-Bit Server VM (18.0.2+9-61, mixed mode, sharing, tiered, compressed oops, compressed class ptrs, g1 gc, windows-amd64)
# No core dump will be written. Minidumps are not enabled by default on client versions of Windows
#

---------------  S U M M A R Y ------------

Command Line: org.jetbrains.kotlin.cli.jvm.K2JVMCompiler @C:\Users\HP\AndroidStudioProjects\MusicApp\app\build\20230619_3125067634519825531.compiler.options

Host: AMD Ryzen 5 4600H with Radeon Graphics         , 12 cores, 15G,  Windows 10 , 64 bit Build 19041 (10.0.19041.1348)
Time: Mon Jun 19 23:30:02 2023  Windows 10 , 64 bit Build 19041 (10.0.19041.1348) elapsed time: 18.313289 seconds (0d 0h 0m 18s)

---------------  T H R E A D  ---------------

Current thread (0x0000028042a09e50):  JavaThread "C2 CompilerThread1" daemon [_thread_in_native, id=1164, stack(0x00000083e4c00000,0x00000083e4d00000)]


Current CompileTask:
C2:  18313 23194       4       org.jetbrains.kotlin.load.kotlin.TypeSignatureMappingKt::mapBuiltInType (339 bytes)

Stack: [0x00000083e4c00000,0x00000083e4d00000]
Native frames: (J=compiled Java code, j=interpreted, Vv=VM code, C=native code)
V  [jvm.dll+0x6993ca]
V  [jvm.dll+0x7f481d]
V  [jvm.dll+0x7f612e]
V  [jvm.dll+0x7f67e3]
V  [jvm.dll+0x25cdaf]
V  [jvm.dll+0xb8c2f]
V  [jvm.dll+0xb8fa5]
V  [jvm.dll+0x386091]
V  [jvm.dll+0x34fd01]
V  [jvm.dll+0x34f19a]
V  [jvm.dll+0x22ff51]
V  [jvm.dll+0x22f321]
V  [jvm.dll+0x1ba01c]
V  [jvm.dll+0x23ec9a]
V  [jvm.dll+0x23cf85]
V  [jvm.dll+0x7a6e21]
V  [jvm.dll+0x7a125a]
V  [jvm.dll+0x698275]
C  [ucrtbase.dll+0x21bb2]
C  [KERNEL32.DLL+0x17034]
C  [ntdll.dll+0x52651]


---------------  P R O C E S S  ---------------

Threads class SMR info:
_java_thread_list=0x0000028042ee36a0, length=14, elements={
0x0000028019a64510, 0x000002803e6a8d00, 0x000002803e6a9960, 0x000002803e6bbf30,
0x000002803e6c1900, 0x000002803e6c22a0, 0x000002803e6c2c40, 0x000002803e6c5aa0,
0x000002803e6c9040, 0x000002803e6f4580, 0x00000280429df6c0, 0x00000280429e2fd0,
0x0000028042a09e50, 0x0000028043a61a90
}

Java Threads: ( => current thread )
  0x0000028019a64510 JavaThread "main" [_thread_in_Java, id=1892, stack(0x00000083e3900000,0x00000083e3a00000)]
  0x000002803e6a8d00 JavaThread "Reference Handler" daemon [_thread_blocked, id=14608, stack(0x00000083e4000000,0x00000083e4100000)]
  0x000002803e6a9960 JavaThread "Finalizer" daemon [_thread_blocked, id=9708, stack(0x00000083e4100000,0x00000083e4200000)]
  0x000002803e6bbf30 JavaThread "Signal Dispatcher" daemon [_thread_blocked, id=13900, stack(0x00000083e4200000,0x00000083e4300000)]
  0x000002803e6c1900 JavaThread "Attach Listener" daemon [_thread_blocked, id=12296, stack(0x00000083e4300000,0x00000083e4400000)]
  0x000002803e6c22a0 JavaThread "Service Thread" daemon [_thread_blocked, id=9092, stack(0x00000083e4400000,0x00000083e4500000)]
  0x000002803e6c2c40 JavaThread "Monitor Deflation Thread" daemon [_thread_blocked, id=14840, stack(0x00000083e4500000,0x00000083e4600000)]
  0x000002803e6c5aa0 JavaThread "C2 CompilerThread0" daemon [_thread_in_native, id=3244, stack(0x00000083e4600000,0x00000083e4700000)]
  0x000002803e6c9040 JavaThread "C1 CompilerThread0" daemon [_thread_in_native, id=6996, stack(0x00000083e4700000,0x00000083e4800000)]
  0x000002803e6f4580 JavaThread "Sweeper thread" daemon [_thread_blocked, id=10832, stack(0x00000083e4800000,0x00000083e4900000)]
  0x00000280429df6c0 JavaThread "Notification Thread" daemon [_thread_blocked, id=12260, stack(0x00000083e4900000,0x00000083e4a00000)]
  0x00000280429e2fd0 JavaThread "Common-Cleaner" daemon [_thread_blocked, id=8928, stack(0x00000083e4b00000,0x00000083e4c00000)]
=>0x0000028042a09e50 JavaThread "C2 CompilerThread1" daemon [_thread_in_native, id=1164, stack(0x00000083e4c00000,0x00000083e4d00000)]
  0x0000028043a61a90 JavaThread "C2 CompilerThread2" daemon [_thread_in_native, id=12820, stack(0x00000083e5500000,0x00000083e5600000)]

Other Threads:
  0x0000028019b0b250 VMThread "VM Thread" [stack: 0x00000083e3f00000,0x00000083e4000000] [id=12168]
  0x00000280429e1b90 WatcherThread "VM Periodic Task Thread" [stack: 0x00000083e4a00000,0x00000083e4b00000] [id=4036]
  0x0000028019acdb70 WorkerThread "GC Thread#0" [stack: 0x00000083e3a00000,0x00000083e3b00000] [id=8256]
  0x0000028042dcdda0 WorkerThread "GC Thread#1" [stack: 0x00000083e4d00000,0x00000083e4e00000] [id=15236]
  0x0000028042dcaef0 WorkerThread "GC Thread#2" [stack: 0x00000083e4e00000,0x00000083e4f00000] [id=12600]
  0x0000028042e1a0b0 WorkerThread "GC Thread#3" [stack: 0x00000083e4f00000,0x00000083e5000000] [id=10480]
  0x0000028042e6acd0 WorkerThread "GC Thread#4" [stack: 0x00000083e5000000,0x00000083e5100000] [id=11072]
  0x00000280434fd240 WorkerThread "GC Thread#5" [stack: 0x00000083e5100000,0x00000083e5200000] [id=3692]
  0x00000280432d2280 WorkerThread "GC Thread#6" [stack: 0x00000083e5200000,0x00000083e5300000] [id=6684]
  0x000002804333b000 WorkerThread "GC Thread#7" [stack: 0x00000083e5300000,0x00000083e5400000] [id=7608]
  0x0000028043504e20 WorkerThread "GC Thread#8" [stack: 0x00000083e5400000,0x00000083e5500000] [id=13028]
  0x00000280443fbc80 WorkerThread "GC Thread#9" [stack: 0x00000083e5600000,0x00000083e5700000] [id=9972]
  0x0000028019adf080 ConcurrentGCThread "G1 Main Marker" [stack: 0x00000083e3b00000,0x00000083e3c00000] [id=13344]
  0x0000028019ae0e80 WorkerThread "G1 Conc#0" [stack: 0x00000083e3c00000,0x00000083e3d00000] [id=7184]
  0x0000028043c12c90 WorkerThread "G1 Conc#1" [stack: 0x00000083e5700000,0x00000083e5800000] [id=13864]
  0x00000280435024d0 WorkerThread "G1 Conc#2" [stack: 0x00000083e5800000,0x00000083e5900000] [id=1244]
  0x0000028019b2ec40 ConcurrentGCThread "G1 Refine#0" [stack: 0x00000083e3d00000,0x00000083e3e00000] [id=9716]
  0x00000280435d4bb0 ConcurrentGCThread "G1 Refine#1" [stack: 0x00000083e5900000,0x00000083e5a00000] [id=5576]
  0x00000280435d67d0 ConcurrentGCThread "G1 Refine#2" [stack: 0x00000083e5a00000,0x00000083e5b00000] [id=14216]
  0x00000280435d6500 ConcurrentGCThread "G1 Refine#3" [stack: 0x00000083e5b00000,0x00000083e5c00000] [id=13156]
  0x000002803e562770 ConcurrentGCThread "G1 Service" [stack: 0x00000083e3e00000,0x00000083e3f00000] [id=14524]

Threads with active compile tasks:
C2 CompilerThread0    18322 23433  s    4       java.util.Stack::pop (19 bytes)
C1 CompilerThread0    18322 23439       3       org.jetbrains.org.objectweb.asm.Frame::getAbstractTypeFromDescriptor (415 bytes)
C2 CompilerThread1    18322 23194       4       org.jetbrains.kotlin.load.kotlin.TypeSignatureMappingKt::mapBuiltInType (339 bytes)
C2 CompilerThread2    18322 23442       4       org.jetbrains.kotlin.codegen.inline.InlineCodegenUtilsKt::isSuspendMarker (47 bytes)

VM state: not at safepoint (normal execution)

VM Mutex/Monitor currently owned by a thread: None

Heap address: 0x000000070a200000, size: 3934 MB, Compressed Oops mode: Zero based, Oop shift amount: 3

CDS archive(s) mapped at: [0x0000000800000000-0x0000000800ba0000-0x0000000800ba0000), size 12189696, SharedBaseAddress: 0x0000000800000000, ArchiveRelocationMode: 0.
Compressed class space mapped at: 0x0000000800c00000-0x0000000840c00000, reserved size: 1073741824
Narrow klass base: 0x0000000800000000, Narrow klass shift: 0, Narrow klass range: 0x100000000

GC Precious Log:
 CardTable entry size: 512
 Card Set container configuration: InlinePtr #cards 4 size 8 Array Of Cards #cards 16 size 48 Howl #buckets 8 coarsen threshold 3686 Howl Bitmap #cards 512 size 80 coarsen threshold 460 Card regions per heap region 1 cards per card region 4096
 CPUs: 12 total, 12 available
 Memory: 15733M
 Large Page Support: Disabled
 NUMA Support: Disabled
 Compressed Oops: Enabled (Zero based)
 Heap Region Size: 2M
 Heap Min Capacity: 8M
 Heap Initial Capacity: 246M
 Heap Max Capacity: 3934M
 Pre-touch: Disabled
 Parallel Workers: 10
 Concurrent Workers: 3
 Concurrent Refinement Workers: 10
 Periodic GC: Disabled

Heap:
 garbage-first heap   total 395264K, used 160381K [0x000000070a200000, 0x0000000800000000)
  region size 2048K, 10 young (20480K), 5 survivors (10240K)
 Metaspace       used 86422K, committed 87296K, reserved 1179648K
  class space    used 9099K, committed 9536K, reserved 1048576K

Heap Regions: E=young(eden), S=young(survivor), O=old, HS=humongous(starts), HC=humongous(continues), CS=collection set, F=free, OA=open archive, CA=closed archive, TAMS=top-at-mark-start (previous, next)
|   0|0x000000070a200000, 0x000000070a400000, 0x000000070a400000|100%|HS|  |TAMS 0x000000070a400000, 0x000000070a200000| Complete 
|   1|0x000000070a400000, 0x000000070a600000, 0x000000070a600000|100%|HC|  |TAMS 0x000000070a600000, 0x000000070a400000| Complete 
|   2|0x000000070a600000, 0x000000070a800000, 0x000000070a800000|100%|HS|  |TAMS 0x000000070a800000, 0x000000070a600000| Complete 
|   3|0x000000070a800000, 0x000000070aa00000, 0x000000070aa00000|100%|HC|  |TAMS 0x000000070aa00000, 0x000000070a800000| Complete 
|   4|0x000000070aa00000, 0x000000070ac00000, 0x000000070ac00000|100%| O|  |TAMS 0x000000070ac00000, 0x000000070aa00000| Untracked 
|   5|0x000000070ac00000, 0x000000070ae00000, 0x000000070ae00000|100%| O|  |TAMS 0x000000070ae00000, 0x000000070ac00000| Untracked 
|   6|0x000000070ae00000, 0x000000070b000000, 0x000000070b000000|100%| O|  |TAMS 0x000000070b000000, 0x000000070ae00000| Untracked 
|   7|0x000000070b000000, 0x000000070b200000, 0x000000070b200000|100%| O|  |TAMS 0x000000070b200000, 0x000000070b000000| Untracked 
|   8|0x000000070b200000, 0x000000070b400000, 0x000000070b400000|100%| O|  |TAMS 0x000000070b400000, 0x000000070b200000| Untracked 
|   9|0x000000070b400000, 0x000000070b600000, 0x000000070b600000|100%| O|  |TAMS 0x000000070b600000, 0x000000070b400000| Untracked 
|  10|0x000000070b600000, 0x000000070b800000, 0x000000070b800000|100%| O|  |TAMS 0x000000070b800000, 0x000000070b600000| Untracked 
|  11|0x000000070b800000, 0x000000070ba00000, 0x000000070ba00000|100%| O|  |TAMS 0x000000070ba00000, 0x000000070b800000| Untracked 
|  12|0x000000070ba00000, 0x000000070bc00000, 0x000000070bc00000|100%| O|  |TAMS 0x000000070bc00000, 0x000000070ba00000| Untracked 
|  13|0x000000070bc00000, 0x000000070be00000, 0x000000070be00000|100%| O|  |TAMS 0x000000070be00000, 0x000000070bc00000| Untracked 
|  14|0x000000070be00000, 0x000000070c000000, 0x000000070c000000|100%| O|  |TAMS 0x000000070c000000, 0x000000070be00000| Untracked 
|  15|0x000000070c000000, 0x000000070c200000, 0x000000070c200000|100%| O|  |TAMS 0x000000070c000000, 0x000000070c000000| Untracked 
|  16|0x000000070c200000, 0x000000070c400000, 0x000000070c400000|100%| O|  |TAMS 0x000000070c400000, 0x000000070c200000| Untracked 
|  17|0x000000070c400000, 0x000000070c600000, 0x000000070c600000|100%| O|  |TAMS 0x000000070c600000, 0x000000070c400000| Untracked 
|  18|0x000000070c600000, 0x000000070c800000, 0x000000070c800000|100%| O|  |TAMS 0x000000070c800000, 0x000000070c600000| Untracked 
|  19|0x000000070c800000, 0x000000070ca00000, 0x000000070ca00000|100%|HS|  |TAMS 0x000000070ca00000, 0x000000070c800000| Complete 
|  20|0x000000070ca00000, 0x000000070cc00000, 0x000000070cc00000|100%| O|  |TAMS 0x000000070cc00000, 0x000000070ca00000| Untracked 
|  21|0x000000070cc00000, 0x000000070ce00000, 0x000000070ce00000|100%| O|  |TAMS 0x000000070ce00000, 0x000000070cc00000| Untracked 
|  22|0x000000070ce00000, 0x000000070d000000, 0x000000070d000000|100%|HS|  |TAMS 0x000000070d000000, 0x000000070ce00000| Complete 
|  23|0x000000070d000000, 0x000000070d200000, 0x000000070d200000|100%| O|  |TAMS 0x000000070d200000, 0x000000070d000000| Untracked 
|  24|0x000000070d200000, 0x000000070d400000, 0x000000070d400000|100%| O|  |TAMS 0x000000070d400000, 0x000000070d200000| Untracked 
|  25|0x000000070d400000, 0x000000070d600000, 0x000000070d600000|100%| O|  |TAMS 0x000000070d600000, 0x000000070d400000| Untracked 
|  26|0x000000070d600000, 0x000000070d800000, 0x000000070d800000|100%| O|  |TAMS 0x000000070d800000, 0x000000070d600000| Untracked 
|  27|0x000000070d800000, 0x000000070da00000, 0x000000070da00000|100%| O|  |TAMS 0x000000070da00000, 0x000000070d800000| Untracked 
|  28|0x000000070da00000, 0x000000070dc00000, 0x000000070dc00000|100%| O|  |TAMS 0x000000070dc00000, 0x000000070da00000| Untracked 
|  29|0x000000070dc00000, 0x000000070de00000, 0x000000070de00000|100%| O|  |TAMS 0x000000070de00000, 0x000000070dc00000| Untracked 
|  30|0x000000070de00000, 0x000000070e000000, 0x000000070e000000|100%| O|  |TAMS 0x000000070e000000, 0x000000070de00000| Untracked 
|  31|0x000000070e000000, 0x000000070e200000, 0x000000070e200000|100%| O|  |TAMS 0x000000070e200000, 0x000000070e000000| Untracked 
|  32|0x000000070e200000, 0x000000070e400000, 0x000000070e400000|100%| O|  |TAMS 0x000000070e400000, 0x000000070e200000| Untracked 
|  33|0x000000070e400000, 0x000000070e600000, 0x000000070e600000|100%| O|  |TAMS 0x000000070e600000, 0x000000070e400000| Untracked 
|  34|0x000000070e600000, 0x000000070e800000, 0x000000070e800000|100%| O|  |TAMS 0x000000070e800000, 0x000000070e600000| Untracked 
|  35|0x000000070e800000, 0x000000070ea00000, 0x000000070ea00000|100%| O|  |TAMS 0x000000070ea00000, 0x000000070e800000| Untracked 
|  36|0x000000070ea00000, 0x000000070ec00000, 0x000000070ec00000|100%| O|  |TAMS 0x000000070ec00000, 0x000000070ea00000| Untracked 
|  37|0x000000070ec00000, 0x000000070ee00000, 0x000000070ee00000|100%| O|  |TAMS 0x000000070ee00000, 0x000000070ec00000| Untracked 
|  38|0x000000070ee00000, 0x000000070f000000, 0x000000070f000000|100%| O|  |TAMS 0x000000070f000000, 0x000000070ee00000| Untracked 
|  39|0x000000070f000000, 0x000000070f200000, 0x000000070f200000|100%| O|  |TAMS 0x000000070f200000, 0x000000070f000000| Untracked 
|  40|0x000000070f200000, 0x000000070f400000, 0x000000070f400000|100%| O|  |TAMS 0x000000070f400000, 0x000000070f200000| Untracked 
|  41|0x000000070f400000, 0x000000070f600000, 0x000000070f600000|100%| O|  |TAMS 0x000000070f600000, 0x000000070f400000| Untracked 
|  42|0x000000070f600000, 0x000000070f800000, 0x000000070f800000|100%| O|  |TAMS 0x000000070f800000, 0x000000070f600000| Untracked 
|  43|0x000000070f800000, 0x000000070fa00000, 0x000000070fa00000|100%| O|  |TAMS 0x000000070f800000, 0x000000070f800000| Untracked 
|  44|0x000000070fa00000, 0x000000070fc00000, 0x000000070fc00000|100%| O|  |TAMS 0x000000070fc00000, 0x000000070fa00000| Untracked 
|  45|0x000000070fc00000, 0x000000070fe00000, 0x000000070fe00000|100%| O|  |TAMS 0x000000070fe00000, 0x000000070fc00000| Untracked 
|  46|0x000000070fe00000, 0x0000000710000000, 0x0000000710000000|100%| O|  |TAMS 0x0000000710000000, 0x000000070fe00000| Untracked 
|  47|0x0000000710000000, 0x0000000710200000, 0x0000000710200000|100%| O|  |TAMS 0x0000000710200000, 0x0000000710000000| Untracked 
|  48|0x0000000710200000, 0x0000000710400000, 0x0000000710400000|100%| O|  |TAMS 0x0000000710400000, 0x0000000710200000| Untracked 
|  49|0x0000000710400000, 0x0000000710600000, 0x0000000710600000|100%| O|  |TAMS 0x0000000710600000, 0x0000000710400000| Untracked 
|  50|0x0000000710600000, 0x0000000710800000, 0x0000000710800000|100%| O|  |TAMS 0x0000000710800000, 0x0000000710600000| Untracked 
|  51|0x0000000710800000, 0x0000000710a00000, 0x0000000710a00000|100%| O|  |TAMS 0x0000000710a00000, 0x0000000710800000| Untracked 
|  52|0x0000000710a00000, 0x0000000710c00000, 0x0000000710c00000|100%| O|  |TAMS 0x0000000710c00000, 0x0000000710a00000| Untracked 
|  53|0x0000000710c00000, 0x0000000710e00000, 0x0000000710e00000|100%| O|  |TAMS 0x0000000710e00000, 0x0000000710c00000| Untracked 
|  54|0x0000000710e00000, 0x0000000711000000, 0x0000000711000000|100%| O|  |TAMS 0x0000000711000000, 0x0000000710e00000| Untracked 
|  55|0x0000000711000000, 0x0000000711200000, 0x0000000711200000|100%| O|  |TAMS 0x0000000711200000, 0x0000000711000000| Untracked 
|  56|0x0000000711200000, 0x0000000711400000, 0x0000000711400000|100%| O|  |TAMS 0x0000000711400000, 0x0000000711200000| Untracked 
|  57|0x0000000711400000, 0x0000000711600000, 0x0000000711600000|100%| O|  |TAMS 0x0000000711535a00, 0x0000000711400000| Untracked 
|  58|0x0000000711600000, 0x0000000711800000, 0x0000000711800000|100%| O|  |TAMS 0x0000000711600000, 0x0000000711600000| Untracked 
|  59|0x0000000711800000, 0x0000000711a00000, 0x0000000711a00000|100%| O|  |TAMS 0x0000000711800000, 0x0000000711800000| Untracked 
|  60|0x0000000711a00000, 0x0000000711c00000, 0x0000000711c00000|100%| O|  |TAMS 0x0000000711a00000, 0x0000000711a00000| Untracked 
|  61|0x0000000711c00000, 0x0000000711e00000, 0x0000000711e00000|100%| O|  |TAMS 0x0000000711c00000, 0x0000000711c00000| Untracked 
|  62|0x0000000711e00000, 0x0000000712000000, 0x0000000712000000|100%| O|  |TAMS 0x0000000711e00000, 0x0000000711e00000| Untracked 
|  63|0x0000000712000000, 0x0000000712200000, 0x0000000712200000|100%| O|  |TAMS 0x0000000712000000, 0x0000000712000000| Untracked 
|  64|0x0000000712200000, 0x0000000712400000, 0x0000000712400000|100%| O|  |TAMS 0x0000000712200000, 0x0000000712200000| Untracked 
|  65|0x0000000712400000, 0x0000000712600000, 0x0000000712600000|100%| O|  |TAMS 0x0000000712400000, 0x0000000712400000| Untracked 
|  66|0x0000000712600000, 0x0000000712800000, 0x0000000712800000|100%| O|  |TAMS 0x0000000712600000, 0x0000000712600000| Untracked 
|  67|0x0000000712800000, 0x0000000712a00000, 0x0000000712a00000|100%| O|  |TAMS 0x0000000712800000, 0x0000000712800000| Untracked 
|  68|0x0000000712a00000, 0x0000000712c00000, 0x0000000712c00000|100%| O|  |TAMS 0x0000000712a00000, 0x0000000712a00000| Untracked 
|  69|0x0000000712c00000, 0x0000000712ce6800, 0x0000000712e00000| 45%| O|  |TAMS 0x0000000712c00000, 0x0000000712c00000| Untracked 
|  70|0x0000000712e00000, 0x0000000712e00000, 0x0000000713000000|  0%| F|  |TAMS 0x0000000712e00000, 0x0000000712e00000| Untracked 
|  71|0x0000000713000000, 0x0000000713000000, 0x0000000713200000|  0%| F|  |TAMS 0x0000000713000000, 0x0000000713000000| Untracked 
|  72|0x0000000713200000, 0x0000000713200000, 0x0000000713400000|  0%| F|  |TAMS 0x0000000713200000, 0x0000000713200000| Untracked 
|  73|0x0000000713400000, 0x0000000713400000, 0x0000000713600000|  0%| F|  |TAMS 0x0000000713400000, 0x0000000713400000| Untracked 
|  74|0x0000000713600000, 0x0000000713600000, 0x0000000713800000|  0%| F|  |TAMS 0x0000000713600000, 0x0000000713600000| Untracked 
|  75|0x0000000713800000, 0x0000000713800000, 0x0000000713a00000|  0%| F|  |TAMS 0x0000000713800000, 0x0000000713800000| Untracked 
|  76|0x0000000713a00000, 0x0000000713a00000, 0x0000000713c00000|  0%| F|  |TAMS 0x0000000713a00000, 0x0000000713a00000| Untracked 
|  77|0x0000000713c00000, 0x0000000713c00000, 0x0000000713e00000|  0%| F|  |TAMS 0x0000000713c00000, 0x0000000713c00000| Untracked 
|  78|0x0000000713e00000, 0x0000000713e00000, 0x0000000714000000|  0%| F|  |TAMS 0x0000000713e00000, 0x0000000713e00000| Untracked 
|  79|0x0000000714000000, 0x0000000714000000, 0x0000000714200000|  0%| F|  |TAMS 0x0000000714000000, 0x0000000714000000| Untracked 
|  80|0x0000000714200000, 0x0000000714200000, 0x0000000714400000|  0%| F|  |TAMS 0x0000000714200000, 0x0000000714200000| Untracked 
|  81|0x0000000714400000, 0x0000000714400000, 0x0000000714600000|  0%| F|  |TAMS 0x0000000714400000, 0x0000000714400000| Untracked 
|  82|0x0000000714600000, 0x0000000714600000, 0x0000000714800000|  0%| F|  |TAMS 0x0000000714600000, 0x0000000714600000| Untracked 
|  83|0x0000000714800000, 0x0000000714800000, 0x0000000714a00000|  0%| F|  |TAMS 0x0000000714800000, 0x0000000714800000| Untracked 
|  84|0x0000000714a00000, 0x0000000714a00000, 0x0000000714c00000|  0%| F|  |TAMS 0x0000000714a00000, 0x0000000714a00000| Untracked 
|  85|0x0000000714c00000, 0x0000000714c00000, 0x0000000714e00000|  0%| F|  |TAMS 0x0000000714c00000, 0x0000000714c00000| Untracked 
|  86|0x0000000714e00000, 0x0000000714e00000, 0x0000000715000000|  0%| F|  |TAMS 0x0000000714e00000, 0x0000000714e00000| Untracked 
|  87|0x0000000715000000, 0x0000000715000000, 0x0000000715200000|  0%| F|  |TAMS 0x0000000715000000, 0x0000000715000000| Untracked 
|  88|0x0000000715200000, 0x0000000715200000, 0x0000000715400000|  0%| F|  |TAMS 0x0000000715200000, 0x0000000715200000| Untracked 
|  89|0x0000000715400000, 0x0000000715400000, 0x0000000715600000|  0%| F|  |TAMS 0x0000000715400000, 0x0000000715400000| Untracked 
|  90|0x0000000715600000, 0x0000000715600000, 0x0000000715800000|  0%| F|  |TAMS 0x0000000715600000, 0x0000000715600000| Untracked 
|  91|0x0000000715800000, 0x0000000715800000, 0x0000000715a00000|  0%| F|  |TAMS 0x0000000715800000, 0x0000000715800000| Untracked 
|  92|0x0000000715a00000, 0x0000000715a00000, 0x0000000715c00000|  0%| F|  |TAMS 0x0000000715a00000, 0x0000000715a00000| Untracked 
|  93|0x0000000715c00000, 0x0000000715c00000, 0x0000000715e00000|  0%| F|  |TAMS 0x0000000715c00000, 0x0000000715c00000| Untracked 
|  94|0x0000000715e00000, 0x0000000715e00000, 0x0000000716000000|  0%| F|  |TAMS 0x0000000715e00000, 0x0000000715e00000| Untracked 
|  95|0x0000000716000000, 0x0000000716000000, 0x0000000716200000|  0%| F|  |TAMS 0x0000000716000000, 0x0000000716000000| Untracked 
|  96|0x0000000716200000, 0x0000000716200000, 0x0000000716400000|  0%| F|  |TAMS 0x0000000716200000, 0x0000000716200000| Untracked 
|  97|0x0000000716400000, 0x0000000716400000, 0x0000000716600000|  0%| F|  |TAMS 0x0000000716400000, 0x0000000716400000| Untracked 
|  98|0x0000000716600000, 0x0000000716600000, 0x0000000716800000|  0%| F|  |TAMS 0x0000000716600000, 0x0000000716600000| Untracked 
|  99|0x0000000716800000, 0x0000000716800000, 0x0000000716a00000|  0%| F|  |TAMS 0x0000000716800000, 0x0000000716800000| Untracked 
| 100|0x0000000716a00000, 0x0000000716a00000, 0x0000000716c00000|  0%| F|  |TAMS 0x0000000716a00000, 0x0000000716a00000| Untracked 
| 101|0x0000000716c00000, 0x0000000716c00000, 0x0000000716e00000|  0%| F|  |TAMS 0x0000000716c00000, 0x0000000716c00000| Untracked 
| 102|0x0000000716e00000, 0x0000000716e00000, 0x0000000717000000|  0%| F|  |TAMS 0x0000000716e00000, 0x0000000716e00000| Untracked 
| 103|0x0000000717000000, 0x0000000717000000, 0x0000000717200000|  0%| F|  |TAMS 0x0000000717000000, 0x0000000717000000| Untracked 
| 104|0x0000000717200000, 0x0000000717200000, 0x0000000717400000|  0%| F|  |TAMS 0x0000000717200000, 0x0000000717200000| Untracked 
| 105|0x0000000717400000, 0x0000000717400000, 0x0000000717600000|  0%| F|  |TAMS 0x0000000717400000, 0x0000000717400000| Untracked 
| 106|0x0000000717600000, 0x0000000717600000, 0x0000000717800000|  0%| F|  |TAMS 0x0000000717600000, 0x0000000717600000| Untracked 
| 107|0x0000000717800000, 0x0000000717800000, 0x0000000717a00000|  0%| F|  |TAMS 0x0000000717800000, 0x0000000717800000| Untracked 
| 108|0x0000000717a00000, 0x0000000717a00000, 0x0000000717c00000|  0%| F|  |TAMS 0x0000000717a00000, 0x0000000717a00000| Untracked 
| 109|0x0000000717c00000, 0x0000000717c00000, 0x0000000717e00000|  0%| F|  |TAMS 0x0000000717c00000, 0x0000000717c00000| Untracked 
| 110|0x0000000717e00000, 0x0000000717e00000, 0x0000000718000000|  0%| F|  |TAMS 0x0000000717e00000, 0x0000000717e00000| Untracked 
| 111|0x0000000718000000, 0x0000000718000000, 0x0000000718200000|  0%| F|  |TAMS 0x0000000718000000, 0x0000000718000000| Untracked 
| 112|0x0000000718200000, 0x0000000718200000, 0x0000000718400000|  0%| F|  |TAMS 0x0000000718200000, 0x0000000718200000| Untracked 
| 113|0x0000000718400000, 0x0000000718400000, 0x0000000718600000|  0%| F|  |TAMS 0x0000000718400000, 0x0000000718400000| Untracked 
| 114|0x0000000718600000, 0x0000000718600000, 0x0000000718800000|  0%| F|  |TAMS 0x0000000718600000, 0x0000000718600000| Untracked 
| 115|0x0000000718800000, 0x0000000718800000, 0x0000000718a00000|  0%| F|  |TAMS 0x0000000718800000, 0x0000000718800000| Untracked 
| 116|0x0000000718a00000, 0x0000000718a00000, 0x0000000718c00000|  0%| F|  |TAMS 0x0000000718a00000, 0x0000000718a00000| Untracked 
| 117|0x0000000718c00000, 0x0000000718c00000, 0x0000000718e00000|  0%| F|  |TAMS 0x0000000718c00000, 0x0000000718c00000| Untracked 
| 118|0x0000000718e00000, 0x0000000718e00000, 0x0000000719000000|  0%| F|  |TAMS 0x0000000718e00000, 0x0000000718e00000| Untracked 
| 119|0x0000000719000000, 0x00000007191b8e88, 0x0000000719200000| 86%| S|CS|TAMS 0x0000000719000000, 0x0000000719000000| Complete 
| 120|0x0000000719200000, 0x0000000719400000, 0x0000000719400000|100%| S|CS|TAMS 0x0000000719200000, 0x0000000719200000| Complete 
| 121|0x0000000719400000, 0x0000000719600000, 0x0000000719600000|100%| S|CS|TAMS 0x0000000719400000, 0x0000000719400000| Complete 
| 122|0x0000000719600000, 0x0000000719800000, 0x0000000719800000|100%| S|CS|TAMS 0x0000000719600000, 0x0000000719600000| Complete 
| 123|0x0000000719800000, 0x0000000719a00000, 0x0000000719a00000|100%| S|CS|TAMS 0x0000000719800000, 0x0000000719800000| Complete 
| 124|0x0000000719a00000, 0x0000000719a00000, 0x0000000719c00000|  0%| F|  |TAMS 0x0000000719a00000, 0x0000000719a00000| Untracked 
| 125|0x0000000719c00000, 0x0000000719c00000, 0x0000000719e00000|  0%| F|  |TAMS 0x0000000719c00000, 0x0000000719c00000| Untracked 
| 126|0x0000000719e00000, 0x0000000719e00000, 0x000000071a000000|  0%| F|  |TAMS 0x0000000719e00000, 0x0000000719e00000| Untracked 
| 127|0x000000071a000000, 0x000000071a000000, 0x000000071a200000|  0%| F|  |TAMS 0x000000071a000000, 0x000000071a000000| Untracked 
| 128|0x000000071a200000, 0x000000071a200000, 0x000000071a400000|  0%| F|  |TAMS 0x000000071a200000, 0x000000071a200000| Untracked 
| 129|0x000000071a400000, 0x000000071a400000, 0x000000071a600000|  0%| F|  |TAMS 0x000000071a400000, 0x000000071a400000| Untracked 
| 130|0x000000071a600000, 0x000000071a600000, 0x000000071a800000|  0%| F|  |TAMS 0x000000071a600000, 0x000000071a600000| Untracked 
| 131|0x000000071a800000, 0x000000071a800000, 0x000000071aa00000|  0%| F|  |TAMS 0x000000071a800000, 0x000000071a800000| Untracked 
| 132|0x000000071aa00000, 0x000000071aa00000, 0x000000071ac00000|  0%| F|  |TAMS 0x000000071aa00000, 0x000000071aa00000| Untracked 
| 133|0x000000071ac00000, 0x000000071ac00000, 0x000000071ae00000|  0%| F|  |TAMS 0x000000071ac00000, 0x000000071ac00000| Untracked 
| 134|0x000000071ae00000, 0x000000071ae00000, 0x000000071b000000|  0%| F|  |TAMS 0x000000071ae00000, 0x000000071ae00000| Untracked 
| 135|0x000000071b000000, 0x000000071b000000, 0x000000071b200000|  0%| F|  |TAMS 0x000000071b000000, 0x000000071b000000| Untracked 
| 136|0x000000071b200000, 0x000000071b200000, 0x000000071b400000|  0%| F|  |TAMS 0x000000071b200000, 0x000000071b200000| Untracked 
| 137|0x000000071b400000, 0x000000071b400000, 0x000000071b600000|  0%| F|  |TAMS 0x000000071b400000, 0x000000071b400000| Untracked 
| 138|0x000000071b600000, 0x000000071b600000, 0x000000071b800000|  0%| F|  |TAMS 0x000000071b600000, 0x000000071b600000| Untracked 
| 139|0x000000071b800000, 0x000000071b800000, 0x000000071ba00000|  0%| F|  |TAMS 0x000000071b800000, 0x000000071b800000| Untracked 
| 140|0x000000071ba00000, 0x000000071ba00000, 0x000000071bc00000|  0%| F|  |TAMS 0x000000071ba00000, 0x000000071ba00000| Untracked 
| 141|0x000000071bc00000, 0x000000071bc00000, 0x000000071be00000|  0%| F|  |TAMS 0x000000071bc00000, 0x000000071bc00000| Untracked 
| 142|0x000000071be00000, 0x000000071be00000, 0x000000071c000000|  0%| F|  |TAMS 0x000000071be00000, 0x000000071be00000| Untracked 
| 143|0x000000071c000000, 0x000000071c000000, 0x000000071c200000|  0%| F|  |TAMS 0x000000071c000000, 0x000000071c000000| Untracked 
| 144|0x000000071c200000, 0x000000071c200000, 0x000000071c400000|  0%| F|  |TAMS 0x000000071c200000, 0x000000071c200000| Untracked 
| 145|0x000000071c400000, 0x000000071c400000, 0x000000071c600000|  0%| F|  |TAMS 0x000000071c400000, 0x000000071c400000| Untracked 
| 146|0x000000071c600000, 0x000000071c600000, 0x000000071c800000|  0%| F|  |TAMS 0x000000071c600000, 0x000000071c600000| Untracked 
| 147|0x000000071c800000, 0x000000071c800000, 0x000000071ca00000|  0%| F|  |TAMS 0x000000071c800000, 0x000000071c800000| Untracked 
| 148|0x000000071ca00000, 0x000000071ca00000, 0x000000071cc00000|  0%| F|  |TAMS 0x000000071ca00000, 0x000000071ca00000| Untracked 
| 149|0x000000071cc00000, 0x000000071cc00000, 0x000000071ce00000|  0%| F|  |TAMS 0x000000071cc00000, 0x000000071cc00000| Untracked 
| 150|0x000000071ce00000, 0x000000071ce00000, 0x000000071d000000|  0%| F|  |TAMS 0x000000071ce00000, 0x000000071ce00000| Untracked 
| 151|0x000000071d000000, 0x000000071d000000, 0x000000071d200000|  0%| F|  |TAMS 0x000000071d000000, 0x000000071d000000| Untracked 
| 152|0x000000071d200000, 0x000000071d200000, 0x000000071d400000|  0%| F|  |TAMS 0x000000071d200000, 0x000000071d200000| Untracked 
| 153|0x000000071d400000, 0x000000071d400000, 0x000000071d600000|  0%| F|  |TAMS 0x000000071d400000, 0x000000071d400000| Untracked 
| 154|0x000000071d600000, 0x000000071d600000, 0x000000071d800000|  0%| F|  |TAMS 0x000000071d600000, 0x000000071d600000| Untracked 
| 155|0x000000071d800000, 0x000000071d800000, 0x000000071da00000|  0%| F|  |TAMS 0x000000071d800000, 0x000000071d800000| Untracked 
| 156|0x000000071da00000, 0x000000071da00000, 0x000000071dc00000|  0%| F|  |TAMS 0x000000071da00000, 0x000000071da00000| Untracked 
| 157|0x000000071dc00000, 0x000000071dc00000, 0x000000071de00000|  0%| F|  |TAMS 0x000000071dc00000, 0x000000071dc00000| Untracked 
| 158|0x000000071de00000, 0x000000071de00000, 0x000000071e000000|  0%| F|  |TAMS 0x000000071de00000, 0x000000071de00000| Untracked 
| 159|0x000000071e000000, 0x000000071e000000, 0x000000071e200000|  0%| F|  |TAMS 0x000000071e000000, 0x000000071e000000| Untracked 
| 160|0x000000071e200000, 0x000000071e200000, 0x000000071e400000|  0%| F|  |TAMS 0x000000071e200000, 0x000000071e200000| Untracked 
| 161|0x000000071e400000, 0x000000071e400000, 0x000000071e600000|  0%| F|  |TAMS 0x000000071e400000, 0x000000071e400000| Untracked 
| 162|0x000000071e600000, 0x000000071e600000, 0x000000071e800000|  0%| F|  |TAMS 0x000000071e600000, 0x000000071e600000| Untracked 
| 163|0x000000071e800000, 0x000000071e800000, 0x000000071ea00000|  0%| F|  |TAMS 0x000000071e800000, 0x000000071e800000| Untracked 
| 164|0x000000071ea00000, 0x000000071ea00000, 0x000000071ec00000|  0%| F|  |TAMS 0x000000071ea00000, 0x000000071ea00000| Untracked 
| 165|0x000000071ec00000, 0x000000071ec00000, 0x000000071ee00000|  0%| F|  |TAMS 0x000000071ec00000, 0x000000071ec00000| Untracked 
| 166|0x000000071ee00000, 0x000000071ee00000, 0x000000071f000000|  0%| F|  |TAMS 0x000000071ee00000, 0x000000071ee00000| Untracked 
| 167|0x000000071f000000, 0x000000071f000000, 0x000000071f200000|  0%| F|  |TAMS 0x000000071f000000, 0x000000071f000000| Untracked 
| 168|0x000000071f200000, 0x000000071f200000, 0x000000071f400000|  0%| F|  |TAMS 0x000000071f200000, 0x000000071f200000| Untracked 
| 169|0x000000071f400000, 0x000000071f400000, 0x000000071f600000|  0%| F|  |TAMS 0x000000071f400000, 0x000000071f400000| Untracked 
| 170|0x000000071f600000, 0x000000071f600000, 0x000000071f800000|  0%| F|  |TAMS 0x000000071f600000, 0x000000071f600000| Untracked 
| 171|0x000000071f800000, 0x000000071f800000, 0x000000071fa00000|  0%| F|  |TAMS 0x000000071f800000, 0x000000071f800000| Untracked 
| 172|0x000000071fa00000, 0x000000071fa00000, 0x000000071fc00000|  0%| F|  |TAMS 0x000000071fa00000, 0x000000071fa00000| Untracked 
| 173|0x000000071fc00000, 0x000000071fc00000, 0x000000071fe00000|  0%| F|  |TAMS 0x000000071fc00000, 0x000000071fc00000| Untracked 
| 174|0x000000071fe00000, 0x000000071fe00000, 0x0000000720000000|  0%| F|  |TAMS 0x000000071fe00000, 0x000000071fe00000| Untracked 
| 175|0x0000000720000000, 0x0000000720000000, 0x0000000720200000|  0%| F|  |TAMS 0x0000000720000000, 0x0000000720000000| Untracked 
| 176|0x0000000720200000, 0x0000000720200000, 0x0000000720400000|  0%| F|  |TAMS 0x0000000720200000, 0x0000000720200000| Untracked 
| 177|0x0000000720400000, 0x0000000720400000, 0x0000000720600000|  0%| F|  |TAMS 0x0000000720400000, 0x0000000720400000| Untracked 
| 178|0x0000000720600000, 0x0000000720600000, 0x0000000720800000|  0%| F|  |TAMS 0x0000000720600000, 0x0000000720600000| Untracked 
| 179|0x0000000720800000, 0x0000000720800000, 0x0000000720a00000|  0%| F|  |TAMS 0x0000000720800000, 0x0000000720800000| Untracked 
| 180|0x0000000720a00000, 0x0000000720a00000, 0x0000000720c00000|  0%| F|  |TAMS 0x0000000720a00000, 0x0000000720a00000| Untracked 
| 181|0x0000000720c00000, 0x0000000720c00000, 0x0000000720e00000|  0%| F|  |TAMS 0x0000000720c00000, 0x0000000720c00000| Untracked 
| 182|0x0000000720e00000, 0x0000000720e00000, 0x0000000721000000|  0%| F|  |TAMS 0x0000000720e00000, 0x0000000720e00000| Untracked 
| 183|0x0000000721000000, 0x0000000721000000, 0x0000000721200000|  0%| F|  |TAMS 0x0000000721000000, 0x0000000721000000| Untracked 
| 184|0x0000000721200000, 0x0000000721200000, 0x0000000721400000|  0%| F|  |TAMS 0x0000000721200000, 0x0000000721200000| Untracked 
| 185|0x0000000721400000, 0x0000000721400000, 0x0000000721600000|  0%| F|  |TAMS 0x0000000721400000, 0x0000000721400000| Untracked 
| 186|0x0000000721600000, 0x0000000721600000, 0x0000000721800000|  0%| F|  |TAMS 0x0000000721600000, 0x0000000721600000| Untracked 
| 187|0x0000000721800000, 0x0000000721800000, 0x0000000721a00000|  0%| F|  |TAMS 0x0000000721800000, 0x0000000721800000| Untracked 
| 188|0x0000000721a00000, 0x0000000721b00800, 0x0000000721c00000| 50%| E|  |TAMS 0x0000000721a00000, 0x0000000721a00000| Complete 
| 189|0x0000000721c00000, 0x0000000721e00000, 0x0000000721e00000|100%| E|CS|TAMS 0x0000000721c00000, 0x0000000721c00000| Complete 
| 190|0x0000000721e00000, 0x0000000722000000, 0x0000000722000000|100%| E|CS|TAMS 0x0000000721e00000, 0x0000000721e00000| Complete 
| 191|0x0000000722000000, 0x0000000722200000, 0x0000000722200000|100%| E|CS|TAMS 0x0000000722000000, 0x0000000722000000| Complete 
| 192|0x0000000722200000, 0x0000000722400000, 0x0000000722400000|100%| E|CS|TAMS 0x0000000722200000, 0x0000000722200000| Complete 

Card table byte_map: [0x0000028032fd0000,0x0000028033780000] _byte_map_base: 0x000002802f77f000

Marking Bits (Prev, Next): (CMBitMap*) 0x0000028019ace1b0, (CMBitMap*) 0x0000028019ace170
 Prev Bits: [0x0000028037cb0000, 0x000002803ba28000)
 Next Bits: [0x0000028033f30000, 0x0000028037ca8000)

Polling page: 0x00000280198a0000

Metaspace:

Usage:
  Non-class:     75.52 MB used.
      Class:      8.89 MB used.
       Both:     84.41 MB used.

Virtual space:
  Non-class space:      128.00 MB reserved,      75.94 MB ( 59%) committed,  2 nodes.
      Class space:        1.00 GB reserved,       9.31 MB ( <1%) committed,  1 nodes.
             Both:        1.12 GB reserved,      85.25 MB (  7%) committed. 

Chunk freelists:
   Non-Class:  3.84 MB
       Class:  2.52 MB
        Both:  6.36 MB

MaxMetaspaceSize: unlimited
CompressedClassSpaceSize: 1.00 GB
Initial GC threshold: 21.00 MB
Current GC threshold: 106.06 MB
CDS: on
MetaspaceReclaimPolicy: balanced
 - commit_granule_bytes: 65536.
 - commit_granule_words: 8192.
 - virtual_space_node_default_size: 8388608.
 - enlarge_chunks_in_place: 1.
 - new_chunks_are_fully_committed: 0.
 - uncommit_free_chunks: 1.
 - use_allocation_guard: 0.


Internal statistics:

num_allocs_failed_limit: 6.
num_arena_births: 1404.
num_arena_deaths: 0.
num_vsnodes_births: 3.
num_vsnodes_deaths: 0.
num_space_committed: 1362.
num_space_uncommitted: 0.
num_chunks_returned_to_freelist: 6.
num_chunks_taken_from_freelist: 4692.
num_chunk_merges: 6.
num_chunk_splits: 3593.
num_chunks_enlarged: 2863.
num_inconsistent_stats: 0.

CodeHeap 'non-profiled nmethods': size=120000Kb used=12969Kb max_used=12969Kb free=107030Kb
 bounds [0x000002802a670000, 0x000002802b320000, 0x0000028031ba0000]
CodeHeap 'profiled nmethods': size=120000Kb used=54556Kb max_used=54556Kb free=65443Kb
 bounds [0x0000028023140000, 0x0000028026690000, 0x000002802a670000]
CodeHeap 'non-nmethods': size=5760Kb used=1433Kb max_used=1490Kb free=4326Kb
 bounds [0x0000028022ba0000, 0x0000028022e10000, 0x0000028023140000]
 total_blobs=19077 nmethods=18327 adapters=658
 compilation: enabled
              stopped_count=0, restarted_count=0
 full_count=0

Compilation events (20 events):
Event: 18.307 Thread 0x000002803e6c9040 23391       3       org.jetbrains.kotlin.backend.jvm.mapping.MethodSignatureMapper$suppressWildcardsMode$1::invoke (9 bytes)
Event: 18.307 Thread 0x000002803e6c9040 nmethod 23391 0x000002802665e490 code [0x000002802665e640, 0x000002802665e888]
Event: 18.307 Thread 0x000002803e6c9040 23392       3       org.jetbrains.kotlin.backend.jvm.mapping.MethodSignatureMapper$suppressWildcardsMode$1::invoke (85 bytes)
Event: 18.308 Thread 0x000002803e6c9040 nmethod 23392 0x000002802665e990 code [0x000002802665ec40, 0x000002802665fbd8]
Event: 18.308 Thread 0x000002803e6c9040 23393       3       org.jetbrains.kotlin.backend.jvm.mapping.MethodSignatureMapper::access$getSuppressWildcardsAnnotationValue (6 bytes)
Event: 18.308 Thread 0x000002803e6c9040 nmethod 23393 0x0000028026660010 code [0x00000280266601a0, 0x00000280266602c8]
Event: 18.308 Thread 0x000002803e6c9040 23394       3       gnu.trove.TObjectIntHashMap::put (81 bytes)
Event: 18.308 Thread 0x000002803e6c9040 nmethod 23394 0x0000028026660390 code [0x0000028026660560, 0x0000028026660ab8]
Event: 18.308 Thread 0x000002803e6c9040 23395       3       org.jetbrains.kotlin.codegen.optimization.common.OptimizationBasicInterpreter::copyOperation (10 bytes)
Event: 18.308 Thread 0x000002803e6c9040 nmethod 23395 0x0000028026660d10 code [0x0000028026660ec0, 0x0000028026661048]
Event: 18.308 Thread 0x000002803e6c9040 23396       3       org.jetbrains.kotlin.codegen.coroutines.UninitializedStoresProcessor::getUninitializedValueForConstructorCall (199 bytes)
Event: 18.309 Thread 0x000002803e6c9040 nmethod 23396 0x0000028026661110 code [0x0000028026661500, 0x0000028026663658]
Event: 18.309 Thread 0x000002803e6c9040 23397       3       org.jetbrains.kotlin.codegen.coroutines.UninitializedStoresProcessor::isConstructorCall (28 bytes)
Event: 18.309 Thread 0x000002803e6c9040 nmethod 23397 0x0000028026664010 code [0x00000280266641e0, 0x0000028026664688]
Event: 18.309 Thread 0x000002803e6c9040 23398       3       org.jetbrains.kotlin.backend.jvm.codegen.ExpressionCodegen::visitGetValue (10 bytes)
Event: 18.309 Thread 0x000002803e6c9040 nmethod 23398 0x0000028026664810 code [0x00000280266649c0, 0x0000028026664be8]
Event: 18.310 Thread 0x000002803e6c9040 23399       3       org.jetbrains.kotlin.codegen.optimization.common.FastMethodAnalyzer$Companion::findMergeNodes (347 bytes)
Event: 18.311 Thread 0x000002803e6c5aa0 23401       4       java.util.ArrayList::indexOfRange (71 bytes)
Event: 18.311 Thread 0x000002803e6c9040 nmethod 23399 0x0000028026664c90 code [0x0000028026665260, 0x0000028026668728]
Event: 18.311 Thread 0x000002803e6c9040 23400       3       org.jetbrains.org.objectweb.asm.util.CheckSignatureAdapter::checkClassName (110 bytes)

GC Heap History (20 events):
Event: 9.883 GC heap before
{Heap before GC invocations=28 (full 0):
 garbage-first heap   total 202752K, used 107483K [0x000000070a200000, 0x0000000800000000)
  region size 2048K, 5 young (10240K), 4 survivors (8192K)
 Metaspace       used 62397K, committed 63296K, reserved 1114112K
  class space    used 7012K, committed 7488K, reserved 1048576K
}
Event: 9.889 GC heap after
{Heap after GC invocations=29 (full 0):
 garbage-first heap   total 202752K, used 105840K [0x000000070a200000, 0x0000000800000000)
  region size 2048K, 1 young (2048K), 1 survivors (2048K)
 Metaspace       used 62397K, committed 63296K, reserved 1114112K
  class space    used 7012K, committed 7488K, reserved 1048576K
}
Event: 10.891 GC heap before
{Heap before GC invocations=29 (full 0):
 garbage-first heap   total 202752K, used 159088K [0x000000070a200000, 0x0000000800000000)
  region size 2048K, 27 young (55296K), 1 survivors (2048K)
 Metaspace       used 63570K, committed 64448K, reserved 1114112K
  class space    used 7179K, committed 7616K, reserved 1048576K
}
Event: 10.898 GC heap after
{Heap after GC invocations=30 (full 0):
 garbage-first heap   total 202752K, used 112781K [0x000000070a200000, 0x0000000800000000)
  region size 2048K, 4 young (8192K), 4 survivors (8192K)
 Metaspace       used 63570K, committed 64448K, reserved 1114112K
  class space    used 7179K, committed 7616K, reserved 1048576K
}
Event: 11.965 GC heap before
{Heap before GC invocations=31 (full 0):
 garbage-first heap   total 202752K, used 159885K [0x000000070a200000, 0x0000000800000000)
  region size 2048K, 27 young (55296K), 4 survivors (8192K)
 Metaspace       used 64000K, committed 64896K, reserved 1114112K
  class space    used 7203K, committed 7680K, reserved 1048576K
}
Event: 11.973 GC heap after
{Heap after GC invocations=32 (full 0):
 garbage-first heap   total 202752K, used 117124K [0x000000070a200000, 0x0000000800000000)
  region size 2048K, 3 young (6144K), 3 survivors (6144K)
 Metaspace       used 64000K, committed 64896K, reserved 1114112K
  class space    used 7203K, committed 7680K, reserved 1048576K
}
Event: 12.015 GC heap before
{Heap before GC invocations=32 (full 0):
 garbage-first heap   total 202752K, used 119172K [0x000000070a200000, 0x0000000800000000)
  region size 2048K, 4 young (8192K), 3 survivors (6144K)
 Metaspace       used 64042K, committed 64960K, reserved 1114112K
  class space    used 7203K, committed 7680K, reserved 1048576K
}
Event: 12.021 GC heap after
{Heap after GC invocations=33 (full 0):
 garbage-first heap   total 202752K, used 116791K [0x000000070a200000, 0x0000000800000000)
  region size 2048K, 1 young (2048K), 1 survivors (2048K)
 Metaspace       used 64042K, committed 64960K, reserved 1114112K
  class space    used 7203K, committed 7680K, reserved 1048576K
}
Event: 13.281 GC heap before
{Heap before GC invocations=33 (full 0):
 garbage-first heap   total 202752K, used 163895K [0x000000070a200000, 0x0000000800000000)
  region size 2048K, 24 young (49152K), 1 survivors (2048K)
 Metaspace       used 64235K, committed 65088K, reserved 1114112K
  class space    used 7208K, committed 7680K, reserved 1048576K
}
Event: 13.286 GC heap after
{Heap after GC invocations=34 (full 0):
 garbage-first heap   total 202752K, used 119688K [0x000000070a200000, 0x0000000800000000)
  region size 2048K, 2 young (4096K), 2 survivors (4096K)
 Metaspace       used 64235K, committed 65088K, reserved 1114112K
  class space    used 7208K, committed 7680K, reserved 1048576K
}
Event: 14.052 GC heap before
{Heap before GC invocations=35 (full 0):
 garbage-first heap   total 208896K, used 164744K [0x000000070a200000, 0x0000000800000000)
  region size 2048K, 24 young (49152K), 2 survivors (4096K)
 Metaspace       used 65168K, committed 66048K, reserved 1114112K
  class space    used 7287K, committed 7744K, reserved 1048576K
}
Event: 14.059 GC heap after
{Heap after GC invocations=36 (full 0):
 garbage-first heap   total 208896K, used 122450K [0x000000070a200000, 0x0000000800000000)
  region size 2048K, 2 young (4096K), 2 survivors (4096K)
 Metaspace       used 65168K, committed 66048K, reserved 1114112K
  class space    used 7287K, committed 7744K, reserved 1048576K
}
Event: 14.105 GC heap before
{Heap before GC invocations=36 (full 0):
 garbage-first heap   total 208896K, used 128594K [0x000000070a200000, 0x0000000800000000)
  region size 2048K, 5 young (10240K), 2 survivors (4096K)
 Metaspace       used 65194K, committed 66048K, reserved 1114112K
  class space    used 7288K, committed 7744K, reserved 1048576K
}
Event: 14.109 GC heap after
{Heap after GC invocations=37 (full 0):
 garbage-first heap   total 208896K, used 122583K [0x000000070a200000, 0x0000000800000000)
  region size 2048K, 1 young (2048K), 1 survivors (2048K)
 Metaspace       used 65194K, committed 66048K, reserved 1114112K
  class space    used 7288K, committed 7744K, reserved 1048576K
}
Event: 14.613 GC heap before
{Heap before GC invocations=37 (full 0):
 garbage-first heap   total 208896K, used 167639K [0x000000070a200000, 0x0000000800000000)
  region size 2048K, 24 young (49152K), 1 survivors (2048K)
 Metaspace       used 65975K, committed 66816K, reserved 1114112K
  class space    used 7311K, committed 7744K, reserved 1048576K
}
Event: 14.617 GC heap after
{Heap after GC invocations=38 (full 0):
 garbage-first heap   total 395264K, used 125120K [0x000000070a200000, 0x0000000800000000)
  region size 2048K, 2 young (4096K), 2 survivors (4096K)
 Metaspace       used 65975K, committed 66816K, reserved 1114112K
  class space    used 7311K, committed 7744K, reserved 1048576K
}
Event: 17.124 GC heap before
{Heap before GC invocations=38 (full 0):
 garbage-first heap   total 395264K, used 307392K [0x000000070a200000, 0x0000000800000000)
  region size 2048K, 91 young (186368K), 2 survivors (4096K)
 Metaspace       used 82275K, committed 83136K, reserved 1179648K
  class space    used 8853K, committed 9280K, reserved 1048576K
}
Event: 17.137 GC heap after
{Heap after GC invocations=39 (full 0):
 garbage-first heap   total 395264K, used 143340K [0x000000070a200000, 0x0000000800000000)
  region size 2048K, 11 young (22528K), 11 survivors (22528K)
 Metaspace       used 82275K, committed 83136K, reserved 1179648K
  class space    used 8853K, committed 9280K, reserved 1048576K
}
Event: 18.156 GC heap before
{Heap before GC invocations=39 (full 0):
 garbage-first heap   total 395264K, used 284652K [0x000000070a200000, 0x0000000800000000)
  region size 2048K, 80 young (163840K), 11 survivors (22528K)
 Metaspace       used 84989K, committed 85824K, reserved 1179648K
  class space    used 8985K, committed 9408K, reserved 1048576K
}
Event: 18.169 GC heap after
{Heap after GC invocations=40 (full 0):
 garbage-first heap   total 395264K, used 152189K [0x000000070a200000, 0x0000000800000000)
  region size 2048K, 5 young (10240K), 5 survivors (10240K)
 Metaspace       used 84989K, committed 85824K, reserved 1179648K
  class space    used 8985K, committed 9408K, reserved 1048576K
}

Deoptimization events (20 events):
Event: 18.251 Thread 0x0000028019a64510 Uncommon trap: trap_request=0xffffff45 fr.pc=0x000002802abcd4b4 relative=0x0000000000000e74
Event: 18.251 Thread 0x0000028019a64510 Uncommon trap: reason=unstable_if action=reinterpret pc=0x000002802abcd4b4 method=org.jetbrains.kotlin.protobuf.SmallSortedMap.entrySet()Ljava/util/Set; @ 4 c2
Event: 18.251 Thread 0x0000028019a64510 DEOPT PACKING pc=0x000002802abcd4b4 sp=0x00000083e39fe080
Event: 18.251 Thread 0x0000028019a64510 DEOPT UNPACKING pc=0x0000028022bf23a3 sp=0x00000083e39fde50 mode 2
Event: 18.251 Thread 0x0000028019a64510 Uncommon trap: trap_request=0xffffff45 fr.pc=0x000002802a8f2d9c relative=0x000000000000069c
Event: 18.251 Thread 0x0000028019a64510 Uncommon trap: reason=unstable_if action=reinterpret pc=0x000002802a8f2d9c method=org.jetbrains.kotlin.protobuf.SmallSortedMap.entrySet()Ljava/util/Set; @ 4 c2
Event: 18.251 Thread 0x0000028019a64510 DEOPT PACKING pc=0x000002802a8f2d9c sp=0x00000083e39fdeb0
Event: 18.251 Thread 0x0000028019a64510 DEOPT UNPACKING pc=0x0000028022bf23a3 sp=0x00000083e39fdcd0 mode 2
Event: 18.251 Thread 0x0000028019a64510 Uncommon trap: trap_request=0xffffff45 fr.pc=0x000002802adef100 relative=0x0000000000002880
Event: 18.251 Thread 0x0000028019a64510 Uncommon trap: reason=unstable_if action=reinterpret pc=0x000002802adef100 method=org.jetbrains.kotlin.protobuf.SmallSortedMap.entrySet()Ljava/util/Set; @ 4 c2
Event: 18.251 Thread 0x0000028019a64510 DEOPT PACKING pc=0x000002802adef100 sp=0x00000083e39fe150
Event: 18.251 Thread 0x0000028019a64510 DEOPT UNPACKING pc=0x0000028022bf23a3 sp=0x00000083e39fdf38 mode 2
Event: 18.251 Thread 0x0000028019a64510 Uncommon trap: trap_request=0xffffff45 fr.pc=0x000002802add543c relative=0x000000000000021c
Event: 18.251 Thread 0x0000028019a64510 Uncommon trap: reason=unstable_if action=reinterpret pc=0x000002802add543c method=org.jetbrains.kotlin.protobuf.FieldSet.writeElementNoTag(Lorg/jetbrains/kotlin/protobuf/CodedOutputStream;Lorg/jetbrains/kotlin/protobuf/WireFormat$FieldType;Ljava/lang/Obje
Event: 18.251 Thread 0x0000028019a64510 DEOPT PACKING pc=0x000002802add543c sp=0x00000083e39fe080
Event: 18.251 Thread 0x0000028019a64510 DEOPT UNPACKING pc=0x0000028022bf23a3 sp=0x00000083e39fe028 mode 2
Event: 18.298 Thread 0x0000028019a64510 Uncommon trap: trap_request=0xffffff45 fr.pc=0x000002802a8082d0 relative=0x00000000000000b0
Event: 18.298 Thread 0x0000028019a64510 Uncommon trap: reason=unstable_if action=reinterpret pc=0x000002802a8082d0 method=java.lang.StringLatin1.lastIndexOf([BI[BII)I @ 32 c2
Event: 18.298 Thread 0x0000028019a64510 DEOPT PACKING pc=0x000002802a8082d0 sp=0x00000083e39fe330
Event: 18.298 Thread 0x0000028019a64510 DEOPT UNPACKING pc=0x0000028022bf23a3 sp=0x00000083e39fe288 mode 2

Classes loaded (20 events):
Event: 6.554 Loading class java/util/stream/AbstractSpinedBuffer
Event: 6.554 Loading class java/util/stream/AbstractSpinedBuffer done
Event: 6.554 Loading class java/util/stream/SpinedBuffer done
Event: 6.554 Loading class java/util/stream/Nodes$SpinedNodeBuilder done
Event: 7.917 Loading class jdk/internal/math/FDBigInteger
Event: 7.917 Loading class jdk/internal/math/FDBigInteger done
Event: 14.697 Loading class java/text/MessageFormat
Event: 14.697 Loading class java/text/MessageFormat done
Event: 14.702 Loading class jdk/internal/reflect/MethodHandleBooleanFieldAccessorImpl
Event: 14.702 Loading class jdk/internal/reflect/MethodHandleBooleanFieldAccessorImpl done
Event: 14.723 Loading class java/text/ChoiceFormat
Event: 14.723 Loading class java/text/ChoiceFormat done
Event: 14.724 Loading class jdk/internal/math/FloatingDecimal$ASCIIToBinaryBuffer
Event: 14.724 Loading class jdk/internal/math/FloatingDecimal$ASCIIToBinaryBuffer done
Event: 14.728 Loading class java/lang/invoke/DirectMethodHandle$1
Event: 14.728 Loading class java/lang/invoke/DirectMethodHandle$1 done
Event: 14.732 Loading class java/text/MessageFormat$Field
Event: 14.732 Loading class java/text/MessageFormat$Field done
Event: 18.185 Loading class java/util/Vector$Itr
Event: 18.185 Loading class java/util/Vector$Itr done

Classes unloaded (0 events):
No events

Classes redefined (0 events):
No events

Internal exceptions (20 events):
Event: 7.501 Thread 0x0000028019a64510 Implicit null exception at 0x000002802a9d0a4e to 0x000002802a9d2328
Event: 7.512 Thread 0x0000028019a64510 Implicit null exception at 0x000002802ac0f200 to 0x000002802ac0f3aa
Event: 7.865 Thread 0x0000028019a64510 Implicit null exception at 0x000002802a9beab2 to 0x000002802a9c3710
Event: 7.866 Thread 0x0000028019a64510 Implicit null exception at 0x000002802a891c04 to 0x000002802a8922d0
Event: 7.867 Thread 0x0000028019a64510 Implicit null exception at 0x000002802a68d2d2 to 0x000002802a68d7dc
Event: 7.883 Thread 0x0000028019a64510 Implicit null exception at 0x000002802a68e1d2 to 0x000002802a68e6d0
Event: 8.959 Thread 0x0000028019a64510 Exception <a 'java/lang/NoSuchMethodError'{0x00000007152a03f8}: 'void java.lang.invoke.DirectMethodHandle$Holder.invokeStatic(java.lang.Object, java.lang.Object, java.lang.Object)'> (0x00000007152a03f8) 
thrown [s\open\src\hotspot\share\interpreter\linkResolver.cpp, line 759]
Event: 10.018 Thread 0x0000028019a64510 Implicit null exception at 0x000002802acd20f3 to 0x000002802acd2376
Event: 10.603 Thread 0x0000028019a64510 Implicit null exception at 0x000002802a9370f9 to 0x000002802a93757c
Event: 14.217 Thread 0x0000028019a64510 Implicit null exception at 0x000002802a6f8074 to 0x000002802a6f852c
Event: 14.702 Thread 0x0000028019a64510 Exception <a 'java/lang/NoSuchMethodError'{0x0000000721f0d118}: 'int java.lang.invoke.Invokers$Holder.invokeExact_MT(java.lang.Object, java.lang.Object, java.lang.Object)'> (0x0000000721f0d118) 
thrown [s\open\src\hotspot\share\interpreter\linkResolver.cpp, line 759]
Event: 14.703 Thread 0x0000028019a64510 Exception <a 'java/lang/NoSuchMethodError'{0x0000000721f11be0}: 'void java.lang.invoke.Invokers$Holder.invokeExact_MT(java.lang.Object, java.lang.Object, java.lang.Object, java.lang.Object)'> (0x0000000721f11be0) 
thrown [s\open\src\hotspot\share\interpreter\linkResolver.cpp, line 759]
Event: 14.719 Thread 0x0000028019a64510 Exception <a 'java/lang/NoSuchMethodError'{0x0000000721c2b428}: 'java.lang.Object java.lang.invoke.DirectMethodHandle$Holder.invokeStaticInit(java.lang.Object, java.lang.Object, java.lang.Object, java.lang.Object)'> (0x0000000721c2b428) 
thrown [s\open\src\hotspot\share\interpreter\linkResolver.cpp, line 759]
Event: 15.053 Thread 0x0000028019a64510 Exception <a 'java/lang/NoSuchMethodError'{0x00000007208e8988}: 'java.lang.Object java.lang.invoke.DirectMethodHandle$Holder.invokeSpecial(java.lang.Object, java.lang.Object, int, int, java.lang.Object, java.lang.Object, java.lang.Object, java.lang.Object, java.lang.Object)'> (0x00000007208e8988) 
thrown [s\open\src\hotspot\share\interpreter\linkResolver.cpp, line 759]
Event: 15.073 Thread 0x0000028019a64510 Implicit null exception at 0x000002802a6deb79 to 0x000002802a6dedac
Event: 15.105 Thread 0x0000028019a64510 Exception <a 'java/lang/NoSuchMethodError'{0x000000072070e8d0}: 'java.lang.Object java.lang.invoke.DirectMethodHandle$Holder.newInvokeSpecial(java.lang.Object, java.lang.Object, java.lang.Object, int, int)'> (0x000000072070e8d0) 
thrown [s\open\src\hotspot\share\interpreter\linkResolver.cpp, line 759]
Event: 15.105 Thread 0x0000028019a64510 Exception <a 'java/lang/NoSuchMethodError'{0x0000000720712718}: 'java.lang.Object java.lang.invoke.DirectMethodHandle$Holder.invokeSpecial(java.lang.Object, java.lang.Object, java.lang.Object, java.lang.Object, int, int)'> (0x0000000720712718) 
thrown [s\open\src\hotspot\share\interpreter\linkResolver.cpp, line 759]
Event: 15.254 Thread 0x0000028019a64510 Exception <a 'java/lang/NoSuchMethodError'{0x0000000720157180}: 'java.lang.Object java.lang.invoke.DirectMethodHandle$Holder.newInvokeSpecial(java.lang.Object, java.lang.Object, int, int, java.lang.Object, java.lang.Object, java.lang.Object)'> (0x0000000720157180) 
thrown [s\open\src\hotspot\share\interpreter\linkResolver.cpp, line 759]
Event: 15.254 Thread 0x0000028019a64510 Exception <a 'java/lang/NoSuchMethodError'{0x000000072015b788}: 'java.lang.Object java.lang.invoke.DirectMethodHandle$Holder.invokeSpecial(java.lang.Object, java.lang.Object, java.lang.Object, int, int, java.lang.Object, java.lang.Object, java.lang.Object)'> (0x000000072015b788) 
thrown [s\open\src\hotspot\share\interpreter\linkResolver.cpp, line 759]
Event: 18.033 Thread 0x0000028019a64510 Implicit null exception at 0x000002802b2e66d2 to 0x000002802b2e6755

VM Operations (20 events):
Event: 17.695 Executing VM operation: ICBufferFull
Event: 17.696 Executing VM operation: ICBufferFull done
Event: 17.853 Executing VM operation: ICBufferFull
Event: 17.854 Executing VM operation: ICBufferFull done
Event: 18.011 Executing VM operation: ICBufferFull
Event: 18.011 Executing VM operation: ICBufferFull done
Event: 18.083 Executing VM operation: HandshakeAllThreads
Event: 18.083 Executing VM operation: HandshakeAllThreads done
Event: 18.090 Executing VM operation: HandshakeAllThreads
Event: 18.090 Executing VM operation: HandshakeAllThreads done
Event: 18.102 Executing VM operation: HandshakeAllThreads
Event: 18.102 Executing VM operation: HandshakeAllThreads done
Event: 18.117 Executing VM operation: HandshakeAllThreads
Event: 18.117 Executing VM operation: HandshakeAllThreads done
Event: 18.117 Executing VM operation: HandshakeAllThreads
Event: 18.117 Executing VM operation: HandshakeAllThreads done
Event: 18.156 Executing VM operation: G1CollectForAllocation
Event: 18.169 Executing VM operation: G1CollectForAllocation done
Event: 18.311 Executing VM operation: ICBufferFull
Event: 18.312 Executing VM operation: ICBufferFull done

Events (20 events):
Event: 18.133 Thread 0x000002803e6f4580 flushing nmethod 0x000002802468a490
Event: 18.133 Thread 0x000002803e6f4580 flushing nmethod 0x0000028024890a90
Event: 18.135 Thread 0x000002803e6f4580 flushing nmethod 0x0000028024beb090
Event: 18.135 Thread 0x000002803e6f4580 flushing nmethod 0x0000028024ce4b90
Event: 18.136 Thread 0x000002803e6f4580 flushing nmethod 0x0000028024dfe790
Event: 18.138 Thread 0x000002803e6f4580 flushing nmethod 0x000002802511a510
Event: 18.140 Thread 0x000002803e6f4580 flushing nmethod 0x000002802569c890
Event: 18.141 Thread 0x000002803e6f4580 flushing nmethod 0x0000028025a79890
Event: 18.141 Thread 0x000002803e6f4580 flushing nmethod 0x0000028025a7d390
Event: 18.141 Thread 0x000002803e6f4580 flushing nmethod 0x0000028025ac6690
Event: 18.141 Thread 0x000002803e6f4580 flushing nmethod 0x0000028025ac9510
Event: 18.141 Thread 0x000002803e6f4580 flushing nmethod 0x0000028025aca510
Event: 18.141 Thread 0x000002803e6f4580 flushing nmethod 0x0000028025ace090
Event: 18.141 Thread 0x000002803e6f4580 flushing nmethod 0x0000028025adca90
Event: 18.142 Thread 0x000002803e6f4580 flushing nmethod 0x0000028025b16610
Event: 18.142 Thread 0x000002803e6f4580 flushing nmethod 0x0000028025b1e590
Event: 18.142 Thread 0x000002803e6f4580 flushing nmethod 0x0000028025b24590
Event: 18.142 Thread 0x000002803e6f4580 flushing nmethod 0x0000028025b27f90
Event: 18.142 Thread 0x000002803e6f4580 flushing nmethod 0x0000028025b4bf10
Event: 18.143 Thread 0x000002803e6f4580 flushing nmethod 0x0000028025efa010


Dynamic libraries:
0x00007ff785a50000 - 0x00007ff785a5e000 	C:\Users\HP\.jdks\openjdk-18.0.2\bin\java.exe
0x00007ffac38f0000 - 0x00007ffac3ae5000 	C:\Windows\SYSTEM32\ntdll.dll
0x00007ffac1940000 - 0x00007ffac19fe000 	C:\Windows\System32\KERNEL32.DLL
0x00007ffac1010000 - 0x00007ffac12d8000 	C:\Windows\System32\KERNELBASE.dll
0x00007ffac1580000 - 0x00007ffac1680000 	C:\Windows\System32\ucrtbase.dll
0x00007ffaa4bd0000 - 0x00007ffaa4be7000 	C:\Users\HP\.jdks\openjdk-18.0.2\bin\jli.dll
0x00007ffaa8090000 - 0x00007ffaa80aa000 	C:\Users\HP\.jdks\openjdk-18.0.2\bin\VCRUNTIME140.dll
0x00007ffac2a60000 - 0x00007ffac2c01000 	C:\Windows\System32\USER32.dll
0x00007ffac12e0000 - 0x00007ffac1302000 	C:\Windows\System32\win32u.dll
0x00007ffaad0f0000 - 0x00007ffaad38a000 	C:\Windows\WinSxS\amd64_microsoft.windows.common-controls_6595b64144ccf1df_6.0.19041.1110_none_60b5254171f9507e\COMCTL32.dll
0x00007ffac21c0000 - 0x00007ffac21eb000 	C:\Windows\System32\GDI32.dll
0x00007ffac1a70000 - 0x00007ffac1b0e000 	C:\Windows\System32\msvcrt.dll
0x00007ffac1340000 - 0x00007ffac144b000 	C:\Windows\System32\gdi32full.dll
0x00007ffac1450000 - 0x00007ffac14ed000 	C:\Windows\System32\msvcp_win.dll
0x00007ffac2cc0000 - 0x00007ffac2cf0000 	C:\Windows\System32\IMM32.DLL
0x00007ffabc8c0000 - 0x00007ffabc8cc000 	C:\Users\HP\.jdks\openjdk-18.0.2\bin\vcruntime140_1.dll
0x00007ffaa3710000 - 0x00007ffaa379d000 	C:\Users\HP\.jdks\openjdk-18.0.2\bin\msvcp140.dll
0x00007ffa655a0000 - 0x00007ffa661b1000 	C:\Users\HP\.jdks\openjdk-18.0.2\bin\server\jvm.dll
0x00007ffac2850000 - 0x00007ffac28fc000 	C:\Windows\System32\ADVAPI32.dll
0x00007ffac2c20000 - 0x00007ffac2cbb000 	C:\Windows\System32\sechost.dll
0x00007ffac2330000 - 0x00007ffac245a000 	C:\Windows\System32\RPCRT4.dll
0x00007ffac1a00000 - 0x00007ffac1a08000 	C:\Windows\System32\PSAPI.DLL
0x00007ffabc820000 - 0x00007ffabc829000 	C:\Windows\SYSTEM32\WSOCK32.dll
0x00007ffab8410000 - 0x00007ffab841a000 	C:\Windows\SYSTEM32\VERSION.dll
0x00007ffab7d50000 - 0x00007ffab7d77000 	C:\Windows\SYSTEM32\WINMM.dll
0x00007ffac2510000 - 0x00007ffac257b000 	C:\Windows\System32\WS2_32.dll
0x00007ffabf890000 - 0x00007ffabf8a2000 	C:\Windows\SYSTEM32\kernel.appcore.dll
0x00007ffaac810000 - 0x00007ffaac81a000 	C:\Users\HP\.jdks\openjdk-18.0.2\bin\jimage.dll
0x00007ffaae7f0000 - 0x00007ffaae9d4000 	C:\Windows\SYSTEM32\DBGHELP.DLL
0x00007ffaaa600000 - 0x00007ffaaa62c000 	C:\Windows\SYSTEM32\dbgcore.DLL
0x00007ffac14f0000 - 0x00007ffac1573000 	C:\Windows\System32\bcryptPrimitives.dll
0x00007ffaa3fd0000 - 0x00007ffaa3ff5000 	C:\Users\HP\.jdks\openjdk-18.0.2\bin\java.dll
0x00007ffa83310000 - 0x00007ffa833e6000 	C:\Users\HP\.jdks\openjdk-18.0.2\bin\jsvml.dll
0x00007ffac3170000 - 0x00007ffac38af000 	C:\Windows\System32\SHELL32.dll
0x00007ffabef80000 - 0x00007ffabf710000 	C:\Windows\SYSTEM32\windows.storage.dll
0x00007ffac1b10000 - 0x00007ffac1e65000 	C:\Windows\System32\combase.dll
0x00007ffac0a60000 - 0x00007ffac0a8e000 	C:\Windows\SYSTEM32\Wldp.dll
0x00007ffac2460000 - 0x00007ffac250d000 	C:\Windows\System32\SHCORE.dll
0x00007ffac21f0000 - 0x00007ffac2245000 	C:\Windows\System32\shlwapi.dll
0x00007ffac0f50000 - 0x00007ffac0f6f000 	C:\Windows\SYSTEM32\profapi.dll
0x00007ffaa3fb0000 - 0x00007ffaa3fc3000 	C:\Users\HP\.jdks\openjdk-18.0.2\bin\net.dll
0x00007ffab4d30000 - 0x00007ffab4e3c000 	C:\Windows\SYSTEM32\WINHTTP.dll
0x00007ffac07c0000 - 0x00007ffac082a000 	C:\Windows\system32\mswsock.dll
0x00007ffaa37c0000 - 0x00007ffaa37d6000 	C:\Users\HP\.jdks\openjdk-18.0.2\bin\nio.dll
0x00007ffaa36f0000 - 0x00007ffaa3708000 	C:\Users\HP\.jdks\openjdk-18.0.2\bin\zip.dll
0x00007ffaa5fa0000 - 0x00007ffaa5fb0000 	C:\Users\HP\.jdks\openjdk-18.0.2\bin\verify.dll

dbghelp: loaded successfully - version: 4.0.5 - missing functions: none
symbol engine: initialized successfully - sym options: 0x614 - pdb path: .;C:\Users\HP\.jdks\openjdk-18.0.2\bin;C:\Windows\SYSTEM32;C:\Windows\WinSxS\amd64_microsoft.windows.common-controls_6595b64144ccf1df_6.0.19041.1110_none_60b5254171f9507e;C:\Users\HP\.jdks\openjdk-18.0.2\bin\server

VM Arguments:
java_command: org.jetbrains.kotlin.cli.jvm.K2JVMCompiler @C:\Users\HP\AndroidStudioProjects\MusicApp\app\build\20230619_3125067634519825531.compiler.options
java_class_path (initial): C:\Users\HP\.gradle\caches\modules-2\files-2.1\org.jetbrains.kotlin\kotlin-compiler-embeddable\1.8.0\eb9118d4bcceaa2a94b2ae2a33a4ddba7c9a947f\kotlin-compiler-embeddable-1.8.0.jar;C:\Users\HP\.gradle\caches\modules-2\files-2.1\org.jetbrains.kotlin\kotlin-stdlib\1.8.0\1796921c7a3e2e2665a83e6c8d33399336cd39bc\kotlin-stdlib-1.8.0.jar;C:\Users\HP\.gradle\caches\modules-2\files-2.1\org.jetbrains.kotlin\kotlin-script-runtime\1.8.0\b2f7e760d283cb339974851c222a4c1d48f2d3d\kotlin-script-runtime-1.8.0.jar;C:\Users\HP\.gradle\caches\modules-2\files-2.1\org.jetbrains.kotlin\kotlin-reflect\1.6.10\1cbe9c92c12a94eea200d23c2bbaedaf3daf5132\kotlin-reflect-1.6.10.jar;C:\Users\HP\.gradle\caches\modules-2\files-2.1\org.jetbrains.kotlin\kotlin-daemon-embeddable\1.8.0\d255216c551685dc3a7e852b53617f5f01aaaa5c\kotlin-daemon-embeddable-1.8.0.jar;C:\Users\HP\.gradle\caches\modules-2\files-2.1\org.jetbrains.intellij.deps\trove4j\1.0.20200330\3afb14d5f9ceb459d724e907a21145e8ff394f02\trove4j-1.0.20200330.jar;C:\Users\HP\.gradle\caches\modules-2\files-2.1\net.java.dev.jna\jna\5.6.0\330f2244e9030119ab3030fc3fededc86713d9cc\jna-5.6.0.jar;C:\Users\HP\.gradle\caches\modules-2\files-2.1\org.jetbrains.kotlin\kotlin-stdlib-common\1.8.0\f7197e7cc76453ac59f8b0f8d5137cc600becd36\kotlin-stdlib-common-1.8.0.jar;C:\Users\HP\.gradle\caches\modules-2\files-2.1\org.jetbrains\annotations\13.0\919f0dfe192fb4e063e7dacadee7f8bb9a2672a9\annotations-13.0.jar
Launcher Type: SUN_STANDARD

[Global flags]
     intx CICompilerCount                          = 4                                         {product} {ergonomic}
     uint ConcGCThreads                            = 3                                         {product} {ergonomic}
     uint G1ConcRefinementThreads                  = 10                                        {product} {ergonomic}
   size_t G1HeapRegionSize                         = 2097152                                   {product} {ergonomic}
    uintx GCDrainStackTargetSize                   = 64                                        {product} {ergonomic}
   size_t InitialHeapSize                          = 257949696                                 {product} {ergonomic}
   size_t MarkStackSize                            = 4194304                                   {product} {ergonomic}
   size_t MaxHeapSize                              = 4125097984                                {product} {ergonomic}
   size_t MaxNewSize                               = 2474639360                                {product} {ergonomic}
   size_t MinHeapDeltaBytes                        = 2097152                                   {product} {ergonomic}
   size_t MinHeapSize                              = 8388608                                   {product} {ergonomic}
    uintx NonNMethodCodeHeapSize                   = 5839372                                {pd product} {ergonomic}
    uintx NonProfiledCodeHeapSize                  = 122909434                              {pd product} {ergonomic}
    uintx ProfiledCodeHeapSize                     = 122909434                              {pd product} {ergonomic}
    uintx ReservedCodeCacheSize                    = 251658240                              {pd product} {ergonomic}
     bool SegmentedCodeCache                       = true                                      {product} {ergonomic}
   size_t SoftMaxHeapSize                          = 4125097984                             {manageable} {ergonomic}
     bool UseCompressedClassPointers               = true                           {product lp64_product} {ergonomic}
     bool UseCompressedOops                        = true                           {product lp64_product} {ergonomic}
     bool UseG1GC                                  = true                                      {product} {ergonomic}
     bool UseLargePagesIndividualAllocation        = false                                  {pd product} {ergonomic}

Logging:
Log output configuration:
 #0: stdout all=warning uptime,level,tags foldmultilines=false
 #1: stderr all=off uptime,level,tags foldmultilines=false

Environment Variables:
PATH=C:\cygwin64\bin;C:\Program Files (x86)\Common Files\Intel\Shared Libraries\redist\intel64_win\compiler;C:\Program Files (x86)\Common Files\Intel\Shared Libraries\redist\intel64\compiler;C:\Program Files\Microsoft MPI\Bin\;C:\ProgramData\Oracle\Java\javapath;C:\Windows\system32;C:\Windows;C:\Windows\System32\Wbem;C:\Windows\System32\WindowsPowerShell\v1.0\;C:\Windows\System32\OpenSSH\;C:\Program Files\7-Zip;C:\Program Files (x86)\NVIDIA Corporation\PhysX\Common;C:\Program Files\Microsoft SQL Server\150\Tools\Binn\;C:\Program Files\Microsoft SQL Server\Client SDK\ODBC\170\Tools\Binn\;C:\Program Files\Git\cmd;C:\Program Files\dotnet\;C:\Program Files (x86)\Microsoft SQL Server\150\Tools\Binn\;C:\Program Files\Microsoft SQL Server\150\DTS\Binn\;C:\Program Files (x86)\Microsoft SQL Server\150\DTS\Binn\;C:\Program Files\nodejs\;C:\Users\HP\AppData\Local\Microsoft\WindowsApps;C:\Users\HP\AppData\Local\Programs\Microsoft VS Code\bin;C:\Users\HP\AppData\Local\GitHubDesktop\bin;C:\flutter\bin;C:\Users\HP\.dotnet\tools;C:\Program Files\Azure Data Studio\bin;C:\Users\HP\AppData\Roaming\npm
USERNAME=HP
OS=Windows_NT
PROCESSOR_IDENTIFIER=AMD64 Family 23 Model 96 Stepping 1, AuthenticAMD



---------------  S Y S T E M  ---------------

OS:
 Windows 10 , 64 bit Build 19041 (10.0.19041.1348)
OS uptime: 0 days 8:26 hours

CPU: total 12 (initial active 12) (12 cores per cpu, 2 threads per core) family 23 model 96 stepping 1 microcode 0x0, cx8, cmov, fxsr, ht, mmx, 3dnowpref, sse, sse2, sse3, ssse3, sse4a, sse4.1, sse4.2, popcnt, lzcnt, tsc, tscinvbit, avx, avx2, aes, clmul, bmi1, bmi2, adx, sha, fma, vzeroupper, clflush, clflushopt

Memory: 4k page, system-wide physical 15733M (319M free)
TotalPageFile size 18733M (AvailPageFile size 5M)
current process WorkingSet (physical memory assigned to process): 667M, peak: 667M
current process commit charge ("private bytes"): 718M, peak: 719M

vm_info: OpenJDK 64-Bit Server VM (18.0.2+9-61) for windows-amd64 JRE (18.0.2+9-61), built on Jun  7 2022 13:05:59 by "mach5one" with MS VC++ 16.8 / 16.9 (VS2019)

END.
