#
# There is insufficient memory for the Java Runtime Environment to continue.
# Native memory allocation (malloc) failed to allocate 1402208 bytes for Chunk::new
# Possible reasons:
#   The system is out of physical RAM or swap space
#   The process is running with CompressedOops enabled, and the Java Heap may be blocking the growth of the native heap
# Possible solutions:
#   Reduce memory load on the system
#   Increase physical memory or swap space
#   Check if swap backing store is full
#   Decrease Java heap size (-Xmx/-Xms)
#   Decrease number of Java threads
#   Decrease Java thread stack sizes (-Xss)
#   Set larger code cache with -XX:ReservedCodeCacheSize=
#   JVM is running with Zero Based Compressed Oops mode in which the Java heap is
#     placed in the first 32GB address space. The Java Heap base address is the
#     maximum limit for the native heap growth. Please use -XX:HeapBaseMinAddress
#     to set the Java Heap base and to place the Java Heap above 32GB virtual address.
# This output file may be truncated or incomplete.
#
#  Out of Memory Error (arena.cpp:184), pid=20368, tid=2420
#
# JRE version: OpenJDK Runtime Environment (18.0.2+9) (build 18.0.2+9-61)
# Java VM: OpenJDK 64-Bit Server VM (18.0.2+9-61, mixed mode, sharing, tiered, compressed oops, compressed class ptrs, g1 gc, windows-amd64)
# No core dump will be written. Minidumps are not enabled by default on client versions of Windows
#

---------------  S U M M A R Y ------------

Command Line: org.jetbrains.kotlin.cli.jvm.K2JVMCompiler @C:\Users\HP\AndroidStudioProjects\MusicApp\app\build\20230812_15488043433056636629.compiler.options

Host: AMD Ryzen 5 4600H with Radeon Graphics         , 12 cores, 15G,  Windows 10 , 64 bit Build 19041 (10.0.19041.1348)
Time: Sat Aug 12 01:04:24 2023  Windows 10 , 64 bit Build 19041 (10.0.19041.1348) elapsed time: 26.352417 seconds (0d 0h 0m 26s)

---------------  T H R E A D  ---------------

Current thread (0x0000024e6bd93760):  JavaThread "C2 CompilerThread2" daemon [_thread_in_native, id=2420, stack(0x000000e0c3100000,0x000000e0c3200000)]


Current CompileTask:
C2:  26352 23045       4       org.jetbrains.kotlin.ir.visitors.IrElementTransformerVoid::visitCall (10 bytes)

Stack: [0x000000e0c3100000,0x000000e0c3200000]
Native frames: (J=compiled Java code, j=interpreted, Vv=VM code, C=native code)
V  [jvm.dll+0x6993ca]
V  [jvm.dll+0x7f481d]
V  [jvm.dll+0x7f612e]
V  [jvm.dll+0x7f67e3]
V  [jvm.dll+0x25cdaf]
V  [jvm.dll+0xb8c2f]
V  [jvm.dll+0xb8fa5]
V  [jvm.dll+0x3860cb]
V  [jvm.dll+0x1d29c2]
V  [jvm.dll+0x2300a9]
V  [jvm.dll+0x22f321]
V  [jvm.dll+0x1ba01c]
V  [jvm.dll+0x23ec9a]
V  [jvm.dll+0x23cf85]
V  [jvm.dll+0x7a6e21]
V  [jvm.dll+0x7a125a]
V  [jvm.dll+0x698275]
C  [ucrtbase.dll+0x21bb2]
C  [KERNEL32.DLL+0x17034]
C  [ntdll.dll+0x52651]


---------------  P R O C E S S  ---------------

Threads class SMR info:
_java_thread_list=0x0000024e6bc373b0, length=14, elements={
0x0000024e419001b0, 0x0000024e645915a0, 0x0000024e645929a0, 0x0000024e645a7670,
0x0000024e645a8f30, 0x0000024e645a98d0, 0x0000024e645aaa10, 0x0000024e645ade90,
0x0000024e645b1cc0, 0x0000024e645b8490, 0x0000024e688a4870, 0x0000024e688ac180,
0x0000024e688e00c0, 0x0000024e6bd93760
}

Java Threads: ( => current thread )
  0x0000024e419001b0 JavaThread "main" [_thread_in_vm, id=13212, stack(0x000000e0c1200000,0x000000e0c1300000)]
  0x0000024e645915a0 JavaThread "Reference Handler" daemon [_thread_blocked, id=12920, stack(0x000000e0c1900000,0x000000e0c1a00000)]
  0x0000024e645929a0 JavaThread "Finalizer" daemon [_thread_blocked, id=21336, stack(0x000000e0c1a00000,0x000000e0c1b00000)]
  0x0000024e645a7670 JavaThread "Signal Dispatcher" daemon [_thread_blocked, id=17976, stack(0x000000e0c1b00000,0x000000e0c1c00000)]
  0x0000024e645a8f30 JavaThread "Attach Listener" daemon [_thread_blocked, id=4964, stack(0x000000e0c1c00000,0x000000e0c1d00000)]
  0x0000024e645a98d0 JavaThread "Service Thread" daemon [_thread_blocked, id=4672, stack(0x000000e0c1d00000,0x000000e0c1e00000)]
  0x0000024e645aaa10 JavaThread "Monitor Deflation Thread" daemon [_thread_blocked, id=9072, stack(0x000000e0c1e00000,0x000000e0c1f00000)]
  0x0000024e645ade90 JavaThread "C2 CompilerThread0" daemon [_thread_in_native, id=4272, stack(0x000000e0c1f00000,0x000000e0c2000000)]
  0x0000024e645b1cc0 JavaThread "C1 CompilerThread0" daemon [_thread_in_native, id=13276, stack(0x000000e0c2000000,0x000000e0c2100000)]
  0x0000024e645b8490 JavaThread "Sweeper thread" daemon [_thread_blocked, id=2620, stack(0x000000e0c2100000,0x000000e0c2200000)]
  0x0000024e688a4870 JavaThread "Notification Thread" daemon [_thread_blocked, id=14168, stack(0x000000e0c2200000,0x000000e0c2300000)]
  0x0000024e688ac180 JavaThread "Common-Cleaner" daemon [_thread_blocked, id=19132, stack(0x000000e0c2400000,0x000000e0c2500000)]
  0x0000024e688e00c0 JavaThread "C2 CompilerThread1" daemon [_thread_in_native, id=4560, stack(0x000000e0c2500000,0x000000e0c2600000)]
=>0x0000024e6bd93760 JavaThread "C2 CompilerThread2" daemon [_thread_in_native, id=2420, stack(0x000000e0c3100000,0x000000e0c3200000)]

Other Threads:
  0x0000024e6458cdf0 VMThread "VM Thread" [stack: 0x000000e0c1800000,0x000000e0c1900000] [id=11952]
  0x0000024e688a6d40 WatcherThread "VM Periodic Task Thread" [stack: 0x000000e0c2300000,0x000000e0c2400000] [id=9632]
  0x0000024e4196d720 WorkerThread "GC Thread#0" [stack: 0x000000e0c1300000,0x000000e0c1400000] [id=3604]
  0x0000024e68dce4a0 WorkerThread "GC Thread#1" [stack: 0x000000e0c2600000,0x000000e0c2700000] [id=5236]
  0x0000024e68dce740 WorkerThread "GC Thread#2" [stack: 0x000000e0c2700000,0x000000e0c2800000] [id=5068]
  0x0000024e68e04060 WorkerThread "GC Thread#3" [stack: 0x000000e0c2800000,0x000000e0c2900000] [id=14112]
  0x0000024e68e04300 WorkerThread "GC Thread#4" [stack: 0x000000e0c2900000,0x000000e0c2a00000] [id=20568]
  0x0000024e69273100 WorkerThread "GC Thread#5" [stack: 0x000000e0c2a00000,0x000000e0c2b00000] [id=20020]
  0x0000024e68f80310 WorkerThread "GC Thread#6" [stack: 0x000000e0c2b00000,0x000000e0c2c00000] [id=8092]
  0x0000024e692c5b50 WorkerThread "GC Thread#7" [stack: 0x000000e0c2c00000,0x000000e0c2d00000] [id=2392]
  0x0000024e69d26310 WorkerThread "GC Thread#8" [stack: 0x000000e0c2d00000,0x000000e0c2e00000] [id=15124]
  0x0000024e699eead0 WorkerThread "GC Thread#9" [stack: 0x000000e0c2e00000,0x000000e0c2f00000] [id=18040]
  0x0000024e41980040 ConcurrentGCThread "G1 Main Marker" [stack: 0x000000e0c1400000,0x000000e0c1500000] [id=9328]
  0x0000024e419821e0 WorkerThread "G1 Conc#0" [stack: 0x000000e0c1500000,0x000000e0c1600000] [id=13176]
  0x0000024e6945c0a0 WorkerThread "G1 Conc#1" [stack: 0x000000e0c2f00000,0x000000e0c3000000] [id=6532]
  0x0000024e699a9060 WorkerThread "G1 Conc#2" [stack: 0x000000e0c3000000,0x000000e0c3100000] [id=14636]
  0x0000024e419ce8f0 ConcurrentGCThread "G1 Refine#0" [stack: 0x000000e0c1600000,0x000000e0c1700000] [id=12884]
  0x0000024e69ebd160 ConcurrentGCThread "G1 Refine#1" [stack: 0x000000e0c3200000,0x000000e0c3300000] [id=1152]
  0x0000024e69ebdca0 ConcurrentGCThread "G1 Refine#2" [stack: 0x000000e0c3300000,0x000000e0c3400000] [id=20068]
  0x0000024e69ebc080 ConcurrentGCThread "G1 Refine#3" [stack: 0x000000e0c3400000,0x000000e0c3500000] [id=6288]
  0x0000024e694caba0 ConcurrentGCThread "G1 Refine#4" [stack: 0x000000e0c3500000,0x000000e0c3600000] [id=21396]
  0x0000024e6c24fb90 ConcurrentGCThread "G1 Refine#5" [stack: 0x000000e0c3600000,0x000000e0c3700000] [id=1360]
  0x0000024e6c251a80 ConcurrentGCThread "G1 Refine#6" [stack: 0x000000e0c3700000,0x000000e0c3800000] [id=20628]
  0x0000024e6d18b7a0 ConcurrentGCThread "G1 Refine#7" [stack: 0x000000e0c3800000,0x000000e0c3900000] [id=15032]
  0x0000024e705394c0 ConcurrentGCThread "G1 Refine#8" [stack: 0x000000e0c3900000,0x000000e0c3a00000] [id=20384]
  0x0000024e70538f20 ConcurrentGCThread "G1 Refine#9" [stack: 0x000000e0c3a00000,0x000000e0c3b00000] [id=20596]
  0x0000024e6444c320 ConcurrentGCThread "G1 Service" [stack: 0x000000e0c1700000,0x000000e0c1800000] [id=1080]

Threads with active compile tasks:
C1 CompilerThread0    26366 23379       3       org.jetbrains.kotlin.backend.common.DeclarationTransformer$Visitor::visitReturn (7 bytes)
C2 CompilerThread1    26366 23090       4       org.jetbrains.kotlin.ir.visitors.IrElementTransformerVoid::visitCall (13 bytes)
C2 CompilerThread2    26366 23045       4       org.jetbrains.kotlin.ir.visitors.IrElementTransformerVoid::visitCall (10 bytes)

VM state: not at safepoint (normal execution)

VM Mutex/Monitor currently owned by a thread: None

Heap address: 0x000000070a200000, size: 3934 MB, Compressed Oops mode: Zero based, Oop shift amount: 3

CDS archive(s) mapped at: [0x0000000800000000-0x0000000800ba0000-0x0000000800ba0000), size 12189696, SharedBaseAddress: 0x0000000800000000, ArchiveRelocationMode: 0.
Compressed class space mapped at: 0x0000000800c00000-0x0000000840c00000, reserved size: 1073741824
Narrow klass base: 0x0000000800000000, Narrow klass shift: 0, Narrow klass range: 0x100000000

GC Precious Log:
 CardTable entry size: 512
 Card Set container configuration: InlinePtr #cards 4 size 8 Array Of Cards #cards 16 size 48 Howl #buckets 8 coarsen threshold 3686 Howl Bitmap #cards 512 size 80 coarsen threshold 460 Card regions per heap region 1 cards per card region 4096
 CPUs: 12 total, 12 available
 Memory: 15733M
 Large Page Support: Disabled
 NUMA Support: Disabled
 Compressed Oops: Enabled (Zero based)
 Heap Region Size: 2M
 Heap Min Capacity: 8M
 Heap Initial Capacity: 246M
 Heap Max Capacity: 3934M
 Pre-touch: Disabled
 Parallel Workers: 10
 Concurrent Workers: 3
 Concurrent Refinement Workers: 10
 Periodic GC: Disabled

Heap:
 garbage-first heap   total 460800K, used 289003K [0x000000070a200000, 0x0000000800000000)
  region size 2048K, 47 young (96256K), 12 survivors (24576K)
 Metaspace       used 83543K, committed 84416K, reserved 1179648K
  class space    used 8898K, committed 9344K, reserved 1048576K

Heap Regions: E=young(eden), S=young(survivor), O=old, HS=humongous(starts), HC=humongous(continues), CS=collection set, F=free, OA=open archive, CA=closed archive, TAMS=top-at-mark-start (previous, next)
|   0|0x000000070a200000, 0x000000070a400000, 0x000000070a400000|100%|HS|  |TAMS 0x000000070a400000, 0x000000070a200000| Complete 
|   1|0x000000070a400000, 0x000000070a600000, 0x000000070a600000|100%|HC|  |TAMS 0x000000070a600000, 0x000000070a400000| Complete 
|   2|0x000000070a600000, 0x000000070a800000, 0x000000070a800000|100%|HS|  |TAMS 0x000000070a800000, 0x000000070a600000| Complete 
|   3|0x000000070a800000, 0x000000070aa00000, 0x000000070aa00000|100%|HC|  |TAMS 0x000000070aa00000, 0x000000070a800000| Complete 
|   4|0x000000070aa00000, 0x000000070ac00000, 0x000000070ac00000|100%| O|  |TAMS 0x000000070ac00000, 0x000000070aa00000| Untracked 
|   5|0x000000070ac00000, 0x000000070ae00000, 0x000000070ae00000|100%| O|  |TAMS 0x000000070ae00000, 0x000000070ac00000| Untracked 
|   6|0x000000070ae00000, 0x000000070b000000, 0x000000070b000000|100%| O|  |TAMS 0x000000070b000000, 0x000000070ae00000| Untracked 
|   7|0x000000070b000000, 0x000000070b200000, 0x000000070b200000|100%| O|  |TAMS 0x000000070b200000, 0x000000070b000000| Untracked 
|   8|0x000000070b200000, 0x000000070b400000, 0x000000070b400000|100%| O|  |TAMS 0x000000070b400000, 0x000000070b200000| Untracked 
|   9|0x000000070b400000, 0x000000070b600000, 0x000000070b600000|100%| O|  |TAMS 0x000000070b600000, 0x000000070b400000| Untracked 
|  10|0x000000070b600000, 0x000000070b800000, 0x000000070b800000|100%| O|  |TAMS 0x000000070b800000, 0x000000070b600000| Untracked 
|  11|0x000000070b800000, 0x000000070ba00000, 0x000000070ba00000|100%| O|  |TAMS 0x000000070ba00000, 0x000000070b800000| Untracked 
|  12|0x000000070ba00000, 0x000000070bc00000, 0x000000070bc00000|100%| O|  |TAMS 0x000000070bc00000, 0x000000070ba00000| Untracked 
|  13|0x000000070bc00000, 0x000000070be00000, 0x000000070be00000|100%| O|  |TAMS 0x000000070be00000, 0x000000070bc00000| Untracked 
|  14|0x000000070be00000, 0x000000070c000000, 0x000000070c000000|100%| O|  |TAMS 0x000000070c000000, 0x000000070be00000| Untracked 
|  15|0x000000070c000000, 0x000000070c200000, 0x000000070c200000|100%| O|  |TAMS 0x000000070c200000, 0x000000070c000000| Untracked 
|  16|0x000000070c200000, 0x000000070c400000, 0x000000070c400000|100%| O|  |TAMS 0x000000070c400000, 0x000000070c200000| Untracked 
|  17|0x000000070c400000, 0x000000070c600000, 0x000000070c600000|100%| O|  |TAMS 0x000000070c600000, 0x000000070c400000| Untracked 
|  18|0x000000070c600000, 0x000000070c800000, 0x000000070c800000|100%| O|  |TAMS 0x000000070c800000, 0x000000070c600000| Untracked 
|  19|0x000000070c800000, 0x000000070ca00000, 0x000000070ca00000|100%| O|  |TAMS 0x000000070ca00000, 0x000000070c800000| Untracked 
|  20|0x000000070ca00000, 0x000000070cc00000, 0x000000070cc00000|100%|HS|  |TAMS 0x000000070cc00000, 0x000000070ca00000| Complete 
|  21|0x000000070cc00000, 0x000000070ce00000, 0x000000070ce00000|100%| O|  |TAMS 0x000000070ce00000, 0x000000070cc00000| Untracked 
|  22|0x000000070ce00000, 0x000000070d000000, 0x000000070d000000|100%| O|  |TAMS 0x000000070d000000, 0x000000070ce00000| Untracked 
|  23|0x000000070d000000, 0x000000070d200000, 0x000000070d200000|100%| O|  |TAMS 0x000000070d200000, 0x000000070d000000| Untracked 
|  24|0x000000070d200000, 0x000000070d400000, 0x000000070d400000|100%| O|  |TAMS 0x000000070d400000, 0x000000070d200000| Untracked 
|  25|0x000000070d400000, 0x000000070d600000, 0x000000070d600000|100%| O|  |TAMS 0x000000070d600000, 0x000000070d400000| Untracked 
|  26|0x000000070d600000, 0x000000070d800000, 0x000000070d800000|100%| O|  |TAMS 0x000000070d800000, 0x000000070d600000| Untracked 
|  27|0x000000070d800000, 0x000000070da00000, 0x000000070da00000|100%|HS|  |TAMS 0x000000070da00000, 0x000000070d800000| Complete 
|  28|0x000000070da00000, 0x000000070dc00000, 0x000000070dc00000|100%| O|  |TAMS 0x000000070dc00000, 0x000000070da00000| Untracked 
|  29|0x000000070dc00000, 0x000000070de00000, 0x000000070de00000|100%| O|  |TAMS 0x000000070de00000, 0x000000070dc00000| Untracked 
|  30|0x000000070de00000, 0x000000070e000000, 0x000000070e000000|100%| O|  |TAMS 0x000000070e000000, 0x000000070de00000| Untracked 
|  31|0x000000070e000000, 0x000000070e200000, 0x000000070e200000|100%| O|  |TAMS 0x000000070e200000, 0x000000070e000000| Untracked 
|  32|0x000000070e200000, 0x000000070e400000, 0x000000070e400000|100%| O|  |TAMS 0x000000070e400000, 0x000000070e200000| Untracked 
|  33|0x000000070e400000, 0x000000070e600000, 0x000000070e600000|100%| O|  |TAMS 0x000000070e600000, 0x000000070e400000| Untracked 
|  34|0x000000070e600000, 0x000000070e800000, 0x000000070e800000|100%| O|  |TAMS 0x000000070e800000, 0x000000070e600000| Untracked 
|  35|0x000000070e800000, 0x000000070ea00000, 0x000000070ea00000|100%| O|  |TAMS 0x000000070ea00000, 0x000000070e800000| Untracked 
|  36|0x000000070ea00000, 0x000000070ec00000, 0x000000070ec00000|100%| O|  |TAMS 0x000000070ec00000, 0x000000070ea00000| Untracked 
|  37|0x000000070ec00000, 0x000000070ee00000, 0x000000070ee00000|100%| O|  |TAMS 0x000000070ee00000, 0x000000070ec00000| Untracked 
|  38|0x000000070ee00000, 0x000000070f000000, 0x000000070f000000|100%| O|  |TAMS 0x000000070f000000, 0x000000070ee00000| Untracked 
|  39|0x000000070f000000, 0x000000070f200000, 0x000000070f200000|100%| O|  |TAMS 0x000000070f200000, 0x000000070f000000| Untracked 
|  40|0x000000070f200000, 0x000000070f400000, 0x000000070f400000|100%| O|  |TAMS 0x000000070f400000, 0x000000070f200000| Untracked 
|  41|0x000000070f400000, 0x000000070f600000, 0x000000070f600000|100%| O|  |TAMS 0x000000070f600000, 0x000000070f400000| Untracked 
|  42|0x000000070f600000, 0x000000070f800000, 0x000000070f800000|100%| O|  |TAMS 0x000000070f800000, 0x000000070f600000| Untracked 
|  43|0x000000070f800000, 0x000000070fa00000, 0x000000070fa00000|100%| O|  |TAMS 0x000000070fa00000, 0x000000070f800000| Untracked 
|  44|0x000000070fa00000, 0x000000070fc00000, 0x000000070fc00000|100%| O|  |TAMS 0x000000070fa00000, 0x000000070fa00000| Untracked 
|  45|0x000000070fc00000, 0x000000070fe00000, 0x000000070fe00000|100%| O|  |TAMS 0x000000070fe00000, 0x000000070fc00000| Untracked 
|  46|0x000000070fe00000, 0x0000000710000000, 0x0000000710000000|100%| O|  |TAMS 0x0000000710000000, 0x000000070fe00000| Untracked 
|  47|0x0000000710000000, 0x0000000710200000, 0x0000000710200000|100%| O|  |TAMS 0x0000000710200000, 0x0000000710000000| Untracked 
|  48|0x0000000710200000, 0x0000000710400000, 0x0000000710400000|100%| O|  |TAMS 0x0000000710400000, 0x0000000710200000| Untracked 
|  49|0x0000000710400000, 0x0000000710600000, 0x0000000710600000|100%| O|  |TAMS 0x0000000710600000, 0x0000000710400000| Untracked 
|  50|0x0000000710600000, 0x0000000710800000, 0x0000000710800000|100%| O|  |TAMS 0x0000000710800000, 0x0000000710600000| Untracked 
|  51|0x0000000710800000, 0x0000000710a00000, 0x0000000710a00000|100%| O|  |TAMS 0x0000000710a00000, 0x0000000710800000| Untracked 
|  52|0x0000000710a00000, 0x0000000710c00000, 0x0000000710c00000|100%| O|  |TAMS 0x0000000710c00000, 0x0000000710a00000| Untracked 
|  53|0x0000000710c00000, 0x0000000710e00000, 0x0000000710e00000|100%| O|  |TAMS 0x0000000710e00000, 0x0000000710c00000| Untracked 
|  54|0x0000000710e00000, 0x0000000711000000, 0x0000000711000000|100%| O|  |TAMS 0x0000000711000000, 0x0000000710e00000| Untracked 
|  55|0x0000000711000000, 0x0000000711200000, 0x0000000711200000|100%| O|  |TAMS 0x0000000711200000, 0x0000000711000000| Untracked 
|  56|0x0000000711200000, 0x0000000711400000, 0x0000000711400000|100%| O|  |TAMS 0x0000000711400000, 0x0000000711200000| Untracked 
|  57|0x0000000711400000, 0x0000000711600000, 0x0000000711600000|100%| O|  |TAMS 0x0000000711600000, 0x0000000711400000| Untracked 
|  58|0x0000000711600000, 0x0000000711800000, 0x0000000711800000|100%| O|  |TAMS 0x0000000711800000, 0x0000000711600000| Untracked 
|  59|0x0000000711800000, 0x0000000711a00000, 0x0000000711a00000|100%| O|  |TAMS 0x0000000711a00000, 0x0000000711800000| Untracked 
|  60|0x0000000711a00000, 0x0000000711c00000, 0x0000000711c00000|100%| O|  |TAMS 0x0000000711c00000, 0x0000000711a00000| Untracked 
|  61|0x0000000711c00000, 0x0000000711e00000, 0x0000000711e00000|100%| O|  |TAMS 0x0000000711c00000, 0x0000000711c00000| Untracked 
|  62|0x0000000711e00000, 0x0000000712000000, 0x0000000712000000|100%| O|  |TAMS 0x0000000712000000, 0x0000000711e00000| Untracked 
|  63|0x0000000712000000, 0x0000000712200000, 0x0000000712200000|100%| O|  |TAMS 0x0000000712200000, 0x0000000712000000| Untracked 
|  64|0x0000000712200000, 0x0000000712400000, 0x0000000712400000|100%| O|  |TAMS 0x0000000712400000, 0x0000000712200000| Untracked 
|  65|0x0000000712400000, 0x0000000712600000, 0x0000000712600000|100%| O|  |TAMS 0x000000071254ee00, 0x0000000712400000| Untracked 
|  66|0x0000000712600000, 0x0000000712800000, 0x0000000712800000|100%|HS|  |TAMS 0x0000000712600000, 0x0000000712600000| Complete 
|  67|0x0000000712800000, 0x0000000712a00000, 0x0000000712a00000|100%|HC|  |TAMS 0x0000000712800000, 0x0000000712800000| Complete 
|  68|0x0000000712a00000, 0x0000000712c00000, 0x0000000712c00000|100%|HC|  |TAMS 0x0000000712a00000, 0x0000000712a00000| Complete 
|  69|0x0000000712c00000, 0x0000000712e00000, 0x0000000712e00000|100%|HC|  |TAMS 0x0000000712c00000, 0x0000000712c00000| Complete 
|  70|0x0000000712e00000, 0x0000000713000000, 0x0000000713000000|100%|HC|  |TAMS 0x0000000712e00000, 0x0000000712e00000| Complete 
|  71|0x0000000713000000, 0x0000000713200000, 0x0000000713200000|100%| O|  |TAMS 0x0000000713000000, 0x0000000713000000| Untracked 
|  72|0x0000000713200000, 0x0000000713400000, 0x0000000713400000|100%| O|  |TAMS 0x0000000713200000, 0x0000000713200000| Untracked 
|  73|0x0000000713400000, 0x0000000713600000, 0x0000000713600000|100%| O|  |TAMS 0x0000000713400000, 0x0000000713400000| Untracked 
|  74|0x0000000713600000, 0x0000000713800000, 0x0000000713800000|100%| O|  |TAMS 0x0000000713600000, 0x0000000713600000| Untracked 
|  75|0x0000000713800000, 0x0000000713a00000, 0x0000000713a00000|100%| O|  |TAMS 0x0000000713800000, 0x0000000713800000| Untracked 
|  76|0x0000000713a00000, 0x0000000713c00000, 0x0000000713c00000|100%| O|  |TAMS 0x0000000713a00000, 0x0000000713a00000| Untracked 
|  77|0x0000000713c00000, 0x0000000713e00000, 0x0000000713e00000|100%| O|  |TAMS 0x0000000713c00000, 0x0000000713c00000| Untracked 
|  78|0x0000000713e00000, 0x0000000714000000, 0x0000000714000000|100%| O|  |TAMS 0x0000000713e00000, 0x0000000713e00000| Untracked 
|  79|0x0000000714000000, 0x0000000714200000, 0x0000000714200000|100%| O|  |TAMS 0x0000000714000000, 0x0000000714000000| Untracked 
|  80|0x0000000714200000, 0x0000000714400000, 0x0000000714400000|100%| O|  |TAMS 0x0000000714200000, 0x0000000714200000| Untracked 
|  81|0x0000000714400000, 0x0000000714600000, 0x0000000714600000|100%| O|  |TAMS 0x0000000714400000, 0x0000000714400000| Untracked 
|  82|0x0000000714600000, 0x0000000714800000, 0x0000000714800000|100%| O|  |TAMS 0x0000000714600000, 0x0000000714600000| Untracked 
|  83|0x0000000714800000, 0x0000000714a00000, 0x0000000714a00000|100%| O|  |TAMS 0x0000000714800000, 0x0000000714800000| Untracked 
|  84|0x0000000714a00000, 0x0000000714c00000, 0x0000000714c00000|100%| O|  |TAMS 0x0000000714a00000, 0x0000000714a00000| Untracked 
|  85|0x0000000714c00000, 0x0000000714e00000, 0x0000000714e00000|100%| O|  |TAMS 0x0000000714c00000, 0x0000000714c00000| Untracked 
|  86|0x0000000714e00000, 0x0000000715000000, 0x0000000715000000|100%| O|  |TAMS 0x0000000714e00000, 0x0000000714e00000| Untracked 
|  87|0x0000000715000000, 0x0000000715200000, 0x0000000715200000|100%| O|  |TAMS 0x0000000715000000, 0x0000000715000000| Untracked 
|  88|0x0000000715200000, 0x0000000715400000, 0x0000000715400000|100%| O|  |TAMS 0x0000000715200000, 0x0000000715200000| Untracked 
|  89|0x0000000715400000, 0x0000000715600000, 0x0000000715600000|100%| O|  |TAMS 0x0000000715400000, 0x0000000715400000| Untracked 
|  90|0x0000000715600000, 0x0000000715800000, 0x0000000715800000|100%| O|  |TAMS 0x0000000715600000, 0x0000000715600000| Untracked 
|  91|0x0000000715800000, 0x0000000715a00000, 0x0000000715a00000|100%| O|  |TAMS 0x0000000715800000, 0x0000000715800000| Untracked 
|  92|0x0000000715a00000, 0x0000000715c00000, 0x0000000715c00000|100%| O|  |TAMS 0x0000000715a00000, 0x0000000715a00000| Untracked 
|  93|0x0000000715c00000, 0x0000000715e00000, 0x0000000715e00000|100%| O|  |TAMS 0x0000000715c00000, 0x0000000715c00000| Untracked 
|  94|0x0000000715e00000, 0x0000000716000000, 0x0000000716000000|100%| O|  |TAMS 0x0000000715e00000, 0x0000000715e00000| Untracked 
|  95|0x0000000716000000, 0x000000071603ae00, 0x0000000716200000| 11%| O|  |TAMS 0x0000000716000000, 0x0000000716000000| Untracked 
|  96|0x0000000716200000, 0x0000000716200000, 0x0000000716400000|  0%| F|  |TAMS 0x0000000716200000, 0x0000000716200000| Untracked 
|  97|0x0000000716400000, 0x0000000716400000, 0x0000000716600000|  0%| F|  |TAMS 0x0000000716400000, 0x0000000716400000| Untracked 
|  98|0x0000000716600000, 0x0000000716600000, 0x0000000716800000|  0%| F|  |TAMS 0x0000000716600000, 0x0000000716600000| Untracked 
|  99|0x0000000716800000, 0x0000000716800000, 0x0000000716a00000|  0%| F|  |TAMS 0x0000000716800000, 0x0000000716800000| Untracked 
| 100|0x0000000716a00000, 0x0000000716a00000, 0x0000000716c00000|  0%| F|  |TAMS 0x0000000716a00000, 0x0000000716a00000| Untracked 
| 101|0x0000000716c00000, 0x0000000716c00000, 0x0000000716e00000|  0%| F|  |TAMS 0x0000000716c00000, 0x0000000716c00000| Untracked 
| 102|0x0000000716e00000, 0x0000000716e00000, 0x0000000717000000|  0%| F|  |TAMS 0x0000000716e00000, 0x0000000716e00000| Untracked 
| 103|0x0000000717000000, 0x0000000717000000, 0x0000000717200000|  0%| F|  |TAMS 0x0000000717000000, 0x0000000717000000| Untracked 
| 104|0x0000000717200000, 0x0000000717200000, 0x0000000717400000|  0%| F|  |TAMS 0x0000000717200000, 0x0000000717200000| Untracked 
| 105|0x0000000717400000, 0x0000000717400000, 0x0000000717600000|  0%| F|  |TAMS 0x0000000717400000, 0x0000000717400000| Untracked 
| 106|0x0000000717600000, 0x0000000717600000, 0x0000000717800000|  0%| F|  |TAMS 0x0000000717600000, 0x0000000717600000| Untracked 
| 107|0x0000000717800000, 0x0000000717800000, 0x0000000717a00000|  0%| F|  |TAMS 0x0000000717800000, 0x0000000717800000| Untracked 
| 108|0x0000000717a00000, 0x0000000717a00000, 0x0000000717c00000|  0%| F|  |TAMS 0x0000000717a00000, 0x0000000717a00000| Untracked 
| 109|0x0000000717c00000, 0x0000000717c00000, 0x0000000717e00000|  0%| F|  |TAMS 0x0000000717c00000, 0x0000000717c00000| Untracked 
| 110|0x0000000717e00000, 0x0000000717e00000, 0x0000000718000000|  0%| F|  |TAMS 0x0000000717e00000, 0x0000000717e00000| Untracked 
| 111|0x0000000718000000, 0x0000000718000000, 0x0000000718200000|  0%| F|  |TAMS 0x0000000718000000, 0x0000000718000000| Untracked 
| 112|0x0000000718200000, 0x0000000718200000, 0x0000000718400000|  0%| F|  |TAMS 0x0000000718200000, 0x0000000718200000| Untracked 
| 113|0x0000000718400000, 0x0000000718400000, 0x0000000718600000|  0%| F|  |TAMS 0x0000000718400000, 0x0000000718400000| Untracked 
| 114|0x0000000718600000, 0x0000000718600000, 0x0000000718800000|  0%| F|  |TAMS 0x0000000718600000, 0x0000000718600000| Untracked 
| 115|0x0000000718800000, 0x0000000718800000, 0x0000000718a00000|  0%| F|  |TAMS 0x0000000718800000, 0x0000000718800000| Untracked 
| 116|0x0000000718a00000, 0x0000000718a00000, 0x0000000718c00000|  0%| F|  |TAMS 0x0000000718a00000, 0x0000000718a00000| Untracked 
| 117|0x0000000718c00000, 0x0000000718c00000, 0x0000000718e00000|  0%| F|  |TAMS 0x0000000718c00000, 0x0000000718c00000| Untracked 
| 118|0x0000000718e00000, 0x0000000718e00000, 0x0000000719000000|  0%| F|  |TAMS 0x0000000718e00000, 0x0000000718e00000| Untracked 
| 119|0x0000000719000000, 0x0000000719000000, 0x0000000719200000|  0%| F|  |TAMS 0x0000000719000000, 0x0000000719000000| Untracked 
| 120|0x0000000719200000, 0x0000000719200000, 0x0000000719400000|  0%| F|  |TAMS 0x0000000719200000, 0x0000000719200000| Untracked 
| 121|0x0000000719400000, 0x0000000719400000, 0x0000000719600000|  0%| F|  |TAMS 0x0000000719400000, 0x0000000719400000| Untracked 
| 122|0x0000000719600000, 0x0000000719800000, 0x0000000719800000|100%| S|CS|TAMS 0x0000000719600000, 0x0000000719600000| Complete 
| 123|0x0000000719800000, 0x0000000719a00000, 0x0000000719a00000|100%| S|CS|TAMS 0x0000000719800000, 0x0000000719800000| Complete 
| 124|0x0000000719a00000, 0x0000000719c00000, 0x0000000719c00000|100%| S|CS|TAMS 0x0000000719a00000, 0x0000000719a00000| Complete 
| 125|0x0000000719c00000, 0x0000000719e00000, 0x0000000719e00000|100%| S|CS|TAMS 0x0000000719c00000, 0x0000000719c00000| Complete 
| 126|0x0000000719e00000, 0x000000071a000000, 0x000000071a000000|100%| S|CS|TAMS 0x0000000719e00000, 0x0000000719e00000| Complete 
| 127|0x000000071a000000, 0x000000071a200000, 0x000000071a200000|100%| S|CS|TAMS 0x000000071a000000, 0x000000071a000000| Complete 
| 128|0x000000071a200000, 0x000000071a400000, 0x000000071a400000|100%| S|CS|TAMS 0x000000071a200000, 0x000000071a200000| Complete 
| 129|0x000000071a400000, 0x000000071a600000, 0x000000071a600000|100%| S|CS|TAMS 0x000000071a400000, 0x000000071a400000| Complete 
| 130|0x000000071a600000, 0x000000071a800000, 0x000000071a800000|100%| S|CS|TAMS 0x000000071a600000, 0x000000071a600000| Complete 
| 131|0x000000071a800000, 0x000000071aa00000, 0x000000071aa00000|100%| S|CS|TAMS 0x000000071a800000, 0x000000071a800000| Complete 
| 132|0x000000071aa00000, 0x000000071ac00000, 0x000000071ac00000|100%| S|CS|TAMS 0x000000071aa00000, 0x000000071aa00000| Complete 
| 133|0x000000071ac00000, 0x000000071ae00000, 0x000000071ae00000|100%| S|CS|TAMS 0x000000071ac00000, 0x000000071ac00000| Complete 
| 134|0x000000071ae00000, 0x000000071ae00000, 0x000000071b000000|  0%| F|  |TAMS 0x000000071ae00000, 0x000000071ae00000| Untracked 
| 135|0x000000071b000000, 0x000000071b000000, 0x000000071b200000|  0%| F|  |TAMS 0x000000071b000000, 0x000000071b000000| Untracked 
| 136|0x000000071b200000, 0x000000071b200000, 0x000000071b400000|  0%| F|  |TAMS 0x000000071b200000, 0x000000071b200000| Untracked 
| 137|0x000000071b400000, 0x000000071b400000, 0x000000071b600000|  0%| F|  |TAMS 0x000000071b400000, 0x000000071b400000| Untracked 
| 138|0x000000071b600000, 0x000000071b600000, 0x000000071b800000|  0%| F|  |TAMS 0x000000071b600000, 0x000000071b600000| Untracked 
| 139|0x000000071b800000, 0x000000071b800000, 0x000000071ba00000|  0%| F|  |TAMS 0x000000071b800000, 0x000000071b800000| Untracked 
| 140|0x000000071ba00000, 0x000000071ba00000, 0x000000071bc00000|  0%| F|  |TAMS 0x000000071ba00000, 0x000000071ba00000| Untracked 
| 141|0x000000071bc00000, 0x000000071bc00000, 0x000000071be00000|  0%| F|  |TAMS 0x000000071bc00000, 0x000000071bc00000| Untracked 
| 142|0x000000071be00000, 0x000000071be00000, 0x000000071c000000|  0%| F|  |TAMS 0x000000071be00000, 0x000000071be00000| Untracked 
| 143|0x000000071c000000, 0x000000071c000000, 0x000000071c200000|  0%| F|  |TAMS 0x000000071c000000, 0x000000071c000000| Untracked 
| 144|0x000000071c200000, 0x000000071c200000, 0x000000071c400000|  0%| F|  |TAMS 0x000000071c200000, 0x000000071c200000| Untracked 
| 145|0x000000071c400000, 0x000000071c400000, 0x000000071c600000|  0%| F|  |TAMS 0x000000071c400000, 0x000000071c400000| Untracked 
| 146|0x000000071c600000, 0x000000071c600000, 0x000000071c800000|  0%| F|  |TAMS 0x000000071c600000, 0x000000071c600000| Untracked 
| 147|0x000000071c800000, 0x000000071c800000, 0x000000071ca00000|  0%| F|  |TAMS 0x000000071c800000, 0x000000071c800000| Untracked 
| 148|0x000000071ca00000, 0x000000071ca00000, 0x000000071cc00000|  0%| F|  |TAMS 0x000000071ca00000, 0x000000071ca00000| Untracked 
| 149|0x000000071cc00000, 0x000000071cc00000, 0x000000071ce00000|  0%| F|  |TAMS 0x000000071cc00000, 0x000000071cc00000| Untracked 
| 150|0x000000071ce00000, 0x000000071ce00000, 0x000000071d000000|  0%| F|  |TAMS 0x000000071ce00000, 0x000000071ce00000| Untracked 
| 151|0x000000071d000000, 0x000000071d000000, 0x000000071d200000|  0%| F|  |TAMS 0x000000071d000000, 0x000000071d000000| Untracked 
| 152|0x000000071d200000, 0x000000071d200000, 0x000000071d400000|  0%| F|  |TAMS 0x000000071d200000, 0x000000071d200000| Untracked 
| 153|0x000000071d400000, 0x000000071d400000, 0x000000071d600000|  0%| F|  |TAMS 0x000000071d400000, 0x000000071d400000| Untracked 
| 154|0x000000071d600000, 0x000000071d600000, 0x000000071d800000|  0%| F|  |TAMS 0x000000071d600000, 0x000000071d600000| Untracked 
| 155|0x000000071d800000, 0x000000071d800000, 0x000000071da00000|  0%| F|  |TAMS 0x000000071d800000, 0x000000071d800000| Untracked 
| 156|0x000000071da00000, 0x000000071da00000, 0x000000071dc00000|  0%| F|  |TAMS 0x000000071da00000, 0x000000071da00000| Untracked 
| 157|0x000000071dc00000, 0x000000071dc00000, 0x000000071de00000|  0%| F|  |TAMS 0x000000071dc00000, 0x000000071dc00000| Untracked 
| 158|0x000000071de00000, 0x000000071de00000, 0x000000071e000000|  0%| F|  |TAMS 0x000000071de00000, 0x000000071de00000| Untracked 
| 159|0x000000071e000000, 0x000000071e000000, 0x000000071e200000|  0%| F|  |TAMS 0x000000071e000000, 0x000000071e000000| Untracked 
| 160|0x000000071e200000, 0x000000071e200000, 0x000000071e400000|  0%| F|  |TAMS 0x000000071e200000, 0x000000071e200000| Untracked 
| 161|0x000000071e400000, 0x000000071e400000, 0x000000071e600000|  0%| F|  |TAMS 0x000000071e400000, 0x000000071e400000| Untracked 
| 162|0x000000071e600000, 0x000000071e600000, 0x000000071e800000|  0%| F|  |TAMS 0x000000071e600000, 0x000000071e600000| Untracked 
| 163|0x000000071e800000, 0x000000071e800000, 0x000000071ea00000|  0%| F|  |TAMS 0x000000071e800000, 0x000000071e800000| Untracked 
| 164|0x000000071ea00000, 0x000000071ea00000, 0x000000071ec00000|  0%| F|  |TAMS 0x000000071ea00000, 0x000000071ea00000| Untracked 
| 165|0x000000071ec00000, 0x000000071ec00000, 0x000000071ee00000|  0%| F|  |TAMS 0x000000071ec00000, 0x000000071ec00000| Untracked 
| 166|0x000000071ee00000, 0x000000071ee00000, 0x000000071f000000|  0%| F|  |TAMS 0x000000071ee00000, 0x000000071ee00000| Untracked 
| 167|0x000000071f000000, 0x000000071f000000, 0x000000071f200000|  0%| F|  |TAMS 0x000000071f000000, 0x000000071f000000| Untracked 
| 168|0x000000071f200000, 0x000000071f200000, 0x000000071f400000|  0%| F|  |TAMS 0x000000071f200000, 0x000000071f200000| Untracked 
| 169|0x000000071f400000, 0x000000071f400000, 0x000000071f600000|  0%| F|  |TAMS 0x000000071f400000, 0x000000071f400000| Untracked 
| 170|0x000000071f600000, 0x000000071f600000, 0x000000071f800000|  0%| F|  |TAMS 0x000000071f600000, 0x000000071f600000| Untracked 
| 171|0x000000071f800000, 0x000000071f800000, 0x000000071fa00000|  0%| F|  |TAMS 0x000000071f800000, 0x000000071f800000| Untracked 
| 172|0x000000071fa00000, 0x000000071fa00000, 0x000000071fc00000|  0%| F|  |TAMS 0x000000071fa00000, 0x000000071fa00000| Untracked 
| 173|0x000000071fc00000, 0x000000071fc00000, 0x000000071fe00000|  0%| F|  |TAMS 0x000000071fc00000, 0x000000071fc00000| Untracked 
| 174|0x000000071fe00000, 0x000000071fe00000, 0x0000000720000000|  0%| F|  |TAMS 0x000000071fe00000, 0x000000071fe00000| Untracked 
| 175|0x0000000720000000, 0x0000000720000000, 0x0000000720200000|  0%| F|  |TAMS 0x0000000720000000, 0x0000000720000000| Untracked 
| 176|0x0000000720200000, 0x0000000720200000, 0x0000000720400000|  0%| F|  |TAMS 0x0000000720200000, 0x0000000720200000| Untracked 
| 177|0x0000000720400000, 0x0000000720400000, 0x0000000720600000|  0%| F|  |TAMS 0x0000000720400000, 0x0000000720400000| Untracked 
| 178|0x0000000720600000, 0x0000000720600000, 0x0000000720800000|  0%| F|  |TAMS 0x0000000720600000, 0x0000000720600000| Untracked 
| 179|0x0000000720800000, 0x0000000720800000, 0x0000000720a00000|  0%| F|  |TAMS 0x0000000720800000, 0x0000000720800000| Untracked 
| 180|0x0000000720a00000, 0x0000000720a00000, 0x0000000720c00000|  0%| F|  |TAMS 0x0000000720a00000, 0x0000000720a00000| Untracked 
| 181|0x0000000720c00000, 0x0000000720c00000, 0x0000000720e00000|  0%| F|  |TAMS 0x0000000720c00000, 0x0000000720c00000| Untracked 
| 182|0x0000000720e00000, 0x0000000720e00000, 0x0000000721000000|  0%| F|  |TAMS 0x0000000720e00000, 0x0000000720e00000| Untracked 
| 183|0x0000000721000000, 0x0000000721000000, 0x0000000721200000|  0%| F|  |TAMS 0x0000000721000000, 0x0000000721000000| Untracked 
| 184|0x0000000721200000, 0x0000000721200000, 0x0000000721400000|  0%| F|  |TAMS 0x0000000721200000, 0x0000000721200000| Untracked 
| 185|0x0000000721400000, 0x0000000721400000, 0x0000000721600000|  0%| F|  |TAMS 0x0000000721400000, 0x0000000721400000| Untracked 
| 186|0x0000000721600000, 0x0000000721600000, 0x0000000721800000|  0%| F|  |TAMS 0x0000000721600000, 0x0000000721600000| Untracked 
| 187|0x0000000721800000, 0x0000000721800000, 0x0000000721a00000|  0%| F|  |TAMS 0x0000000721800000, 0x0000000721800000| Untracked 
| 188|0x0000000721a00000, 0x0000000721a00000, 0x0000000721c00000|  0%| F|  |TAMS 0x0000000721a00000, 0x0000000721a00000| Untracked 
| 189|0x0000000721c00000, 0x0000000721c00000, 0x0000000721e00000|  0%| F|  |TAMS 0x0000000721c00000, 0x0000000721c00000| Untracked 
| 190|0x0000000721e00000, 0x0000000721f00800, 0x0000000722000000| 50%| E|  |TAMS 0x0000000721e00000, 0x0000000721e00000| Complete 
| 191|0x0000000722000000, 0x0000000722200000, 0x0000000722200000|100%| E|CS|TAMS 0x0000000722000000, 0x0000000722000000| Complete 
| 192|0x0000000722200000, 0x0000000722400000, 0x0000000722400000|100%| E|CS|TAMS 0x0000000722200000, 0x0000000722200000| Complete 
| 193|0x0000000722400000, 0x0000000722600000, 0x0000000722600000|100%| E|CS|TAMS 0x0000000722400000, 0x0000000722400000| Complete 
| 194|0x0000000722600000, 0x0000000722800000, 0x0000000722800000|100%| E|CS|TAMS 0x0000000722600000, 0x0000000722600000| Complete 
| 195|0x0000000722800000, 0x0000000722a00000, 0x0000000722a00000|100%| E|CS|TAMS 0x0000000722800000, 0x0000000722800000| Complete 
| 196|0x0000000722a00000, 0x0000000722c00000, 0x0000000722c00000|100%| E|CS|TAMS 0x0000000722a00000, 0x0000000722a00000| Complete 
| 197|0x0000000722c00000, 0x0000000722e00000, 0x0000000722e00000|100%| E|CS|TAMS 0x0000000722c00000, 0x0000000722c00000| Complete 
| 198|0x0000000722e00000, 0x0000000723000000, 0x0000000723000000|100%| E|CS|TAMS 0x0000000722e00000, 0x0000000722e00000| Complete 
| 199|0x0000000723000000, 0x0000000723200000, 0x0000000723200000|100%| E|CS|TAMS 0x0000000723000000, 0x0000000723000000| Complete 
| 200|0x0000000723200000, 0x0000000723400000, 0x0000000723400000|100%| E|CS|TAMS 0x0000000723200000, 0x0000000723200000| Complete 
| 201|0x0000000723400000, 0x0000000723600000, 0x0000000723600000|100%| E|CS|TAMS 0x0000000723400000, 0x0000000723400000| Complete 
| 202|0x0000000723600000, 0x0000000723800000, 0x0000000723800000|100%| E|CS|TAMS 0x0000000723600000, 0x0000000723600000| Complete 
| 203|0x0000000723800000, 0x0000000723a00000, 0x0000000723a00000|100%| E|CS|TAMS 0x0000000723800000, 0x0000000723800000| Complete 
| 204|0x0000000723a00000, 0x0000000723c00000, 0x0000000723c00000|100%| E|CS|TAMS 0x0000000723a00000, 0x0000000723a00000| Complete 
| 205|0x0000000723c00000, 0x0000000723e00000, 0x0000000723e00000|100%| E|CS|TAMS 0x0000000723c00000, 0x0000000723c00000| Complete 
| 206|0x0000000723e00000, 0x0000000724000000, 0x0000000724000000|100%| E|CS|TAMS 0x0000000723e00000, 0x0000000723e00000| Complete 
| 207|0x0000000724000000, 0x0000000724200000, 0x0000000724200000|100%| E|CS|TAMS 0x0000000724000000, 0x0000000724000000| Complete 
| 208|0x0000000724200000, 0x0000000724400000, 0x0000000724400000|100%| E|CS|TAMS 0x0000000724200000, 0x0000000724200000| Complete 
| 209|0x0000000724400000, 0x0000000724600000, 0x0000000724600000|100%| E|CS|TAMS 0x0000000724400000, 0x0000000724400000| Complete 
| 210|0x0000000724600000, 0x0000000724800000, 0x0000000724800000|100%| E|CS|TAMS 0x0000000724600000, 0x0000000724600000| Complete 
| 211|0x0000000724800000, 0x0000000724a00000, 0x0000000724a00000|100%| E|CS|TAMS 0x0000000724800000, 0x0000000724800000| Complete 
| 212|0x0000000724a00000, 0x0000000724c00000, 0x0000000724c00000|100%| E|CS|TAMS 0x0000000724a00000, 0x0000000724a00000| Complete 
| 213|0x0000000724c00000, 0x0000000724e00000, 0x0000000724e00000|100%| E|CS|TAMS 0x0000000724c00000, 0x0000000724c00000| Complete 
| 214|0x0000000724e00000, 0x0000000725000000, 0x0000000725000000|100%| E|CS|TAMS 0x0000000724e00000, 0x0000000724e00000| Complete 
| 215|0x0000000725000000, 0x0000000725200000, 0x0000000725200000|100%| E|CS|TAMS 0x0000000725000000, 0x0000000725000000| Complete 
| 216|0x0000000725200000, 0x0000000725400000, 0x0000000725400000|100%| E|CS|TAMS 0x0000000725200000, 0x0000000725200000| Complete 
| 217|0x0000000725400000, 0x0000000725600000, 0x0000000725600000|100%| E|CS|TAMS 0x0000000725400000, 0x0000000725400000| Complete 
| 218|0x0000000725600000, 0x0000000725800000, 0x0000000725800000|100%| E|CS|TAMS 0x0000000725600000, 0x0000000725600000| Complete 
| 219|0x0000000725800000, 0x0000000725a00000, 0x0000000725a00000|100%| E|CS|TAMS 0x0000000725800000, 0x0000000725800000| Complete 
| 220|0x0000000725a00000, 0x0000000725c00000, 0x0000000725c00000|100%| E|CS|TAMS 0x0000000725a00000, 0x0000000725a00000| Complete 
| 221|0x0000000725c00000, 0x0000000725e00000, 0x0000000725e00000|100%| E|CS|TAMS 0x0000000725c00000, 0x0000000725c00000| Complete 
| 222|0x0000000725e00000, 0x0000000726000000, 0x0000000726000000|100%| E|CS|TAMS 0x0000000725e00000, 0x0000000725e00000| Complete 
| 223|0x0000000726000000, 0x0000000726200000, 0x0000000726200000|100%| E|CS|TAMS 0x0000000726000000, 0x0000000726000000| Complete 
| 224|0x0000000726200000, 0x0000000726400000, 0x0000000726400000|100%| E|CS|TAMS 0x0000000726200000, 0x0000000726200000| Complete 

Card table byte_map: [0x0000024e58f40000,0x0000024e596f0000] _byte_map_base: 0x0000024e556ef000

Marking Bits (Prev, Next): (CMBitMap*) 0x0000024e4196dd20, (CMBitMap*) 0x0000024e4196dd60
 Prev Bits: [0x0000024e59ea0000, 0x0000024e5dc18000)
 Next Bits: [0x0000024e5dc20000, 0x0000024e61998000)

Polling page: 0x0000024e3f880000

Metaspace:

Usage:
  Non-class:     72.90 MB used.
      Class:      8.69 MB used.
       Both:     81.59 MB used.

Virtual space:
  Non-class space:      128.00 MB reserved,      73.31 MB ( 57%) committed,  2 nodes.
      Class space:        1.00 GB reserved,       9.12 MB ( <1%) committed,  1 nodes.
             Both:        1.12 GB reserved,      82.44 MB (  7%) committed. 

Chunk freelists:
   Non-Class:  1.89 MB
       Class:  2.89 MB
        Both:  4.78 MB

MaxMetaspaceSize: unlimited
CompressedClassSpaceSize: 1.00 GB
Initial GC threshold: 21.00 MB
Current GC threshold: 105.31 MB
CDS: on
MetaspaceReclaimPolicy: balanced
 - commit_granule_bytes: 65536.
 - commit_granule_words: 8192.
 - virtual_space_node_default_size: 8388608.
 - enlarge_chunks_in_place: 1.
 - new_chunks_are_fully_committed: 0.
 - uncommit_free_chunks: 1.
 - use_allocation_guard: 0.


Internal statistics:

num_allocs_failed_limit: 6.
num_arena_births: 1442.
num_arena_deaths: 0.
num_vsnodes_births: 3.
num_vsnodes_deaths: 0.
num_space_committed: 1317.
num_space_uncommitted: 0.
num_chunks_returned_to_freelist: 6.
num_chunks_taken_from_freelist: 4718.
num_chunk_merges: 6.
num_chunk_splits: 3516.
num_chunks_enlarged: 2755.
num_inconsistent_stats: 0.

CodeHeap 'non-profiled nmethods': size=120000Kb used=15846Kb max_used=16089Kb free=104154Kb
 bounds [0x0000024e50d10000, 0x0000024e51cd0000, 0x0000024e58240000]
CodeHeap 'profiled nmethods': size=120000Kb used=47623Kb max_used=47623Kb free=72376Kb
 bounds [0x0000024e497e0000, 0x0000024e4c670000, 0x0000024e50d10000]
CodeHeap 'non-nmethods': size=5760Kb used=1430Kb max_used=1500Kb free=4330Kb
 bounds [0x0000024e49240000, 0x0000024e494b0000, 0x0000024e497e0000]
 total_blobs=18531 nmethods=17784 adapters=651
 compilation: enabled
              stopped_count=0, restarted_count=0
 full_count=0

Compilation events (20 events):
Event: 26.348 Thread 0x0000024e645b1cc0 nmethod 23348 0x0000024e51b18090 code [0x0000024e51b18220, 0x0000024e51b182f8]
Event: 26.348 Thread 0x0000024e645b1cc0 23363       1       org.jetbrains.kotlin.codegen.state.GenerationState::getFunctionsWithInlineClassReturnTypesMangled (5 bytes)
Event: 26.348 Thread 0x0000024e645b1cc0 nmethod 23363 0x0000024e51b17d90 code [0x0000024e51b17f20, 0x0000024e51b17ff8]
Event: 26.348 Thread 0x0000024e645b1cc0 23359       1       org.jetbrains.kotlin.backend.common.ScopeWithIr::getScope (5 bytes)
Event: 26.348 Thread 0x0000024e645b1cc0 nmethod 23359 0x0000024e51b17a90 code [0x0000024e51b17c20, 0x0000024e51b17cf8]
Event: 26.348 Thread 0x0000024e645b1cc0 23354       1       org.jetbrains.kotlin.ir.builders.declarations.IrFieldBuilder::isFinal (5 bytes)
Event: 26.348 Thread 0x0000024e645b1cc0 nmethod 23354 0x0000024e51b17790 code [0x0000024e51b17920, 0x0000024e51b179f8]
Event: 26.348 Thread 0x0000024e645b1cc0 23355       1       org.jetbrains.kotlin.ir.builders.declarations.IrFieldBuilder::isExternal (5 bytes)
Event: 26.348 Thread 0x0000024e645b1cc0 nmethod 23355 0x0000024e51b17490 code [0x0000024e51b17620, 0x0000024e51b176f8]
Event: 26.348 Thread 0x0000024e645b1cc0 23356       1       org.jetbrains.kotlin.ir.builders.declarations.IrFieldBuilder::isStatic (5 bytes)
Event: 26.348 Thread 0x0000024e645b1cc0 nmethod 23356 0x0000024e51b17190 code [0x0000024e51b17320, 0x0000024e51b173f8]
Event: 26.348 Thread 0x0000024e645b1cc0 23357       1       org.jetbrains.kotlin.ir.builders.declarations.IrFieldBuilder::getMetadata (5 bytes)
Event: 26.348 Thread 0x0000024e645b1cc0 nmethod 23357 0x0000024e51b16c10 code [0x0000024e51b16da0, 0x0000024e51b16e78]
Event: 26.348 Thread 0x0000024e645ade90 nmethod 23338 0x0000024e51b59710 code [0x0000024e51b59880, 0x0000024e51b59938]
Event: 26.348 Thread 0x0000024e645b1cc0 23364       1       org.jetbrains.kotlin.codegen.state.GenerationState::getUseOldManglingSchemeForFunctionsWithInlineClassesInSignatures (5 bytes)
Event: 26.348 Thread 0x0000024e645ade90 23369       4       org.jetbrains.kotlin.ir.declarations.impl.AbstractIrFactoryImpl::createValueParameter (63 bytes)
Event: 26.348 Thread 0x0000024e645b1cc0 nmethod 23364 0x0000024e51b59410 code [0x0000024e51b595a0, 0x0000024e51b59678]
Event: 26.348 Thread 0x0000024e645b1cc0 23370       3       org.jetbrains.kotlin.ir.builders.declarations.IrValueParameterBuilder::getType (17 bytes)
Event: 26.349 Thread 0x0000024e645b1cc0 nmethod 23370 0x0000024e4c64ed10 code [0x0000024e4c64ef80, 0x0000024e4c64f818]
Event: 26.349 Thread 0x0000024e645b1cc0 23375       3       org.jetbrains.kotlin.backend.common.lower.DefaultArgumentStubGeneratorKt::generateDefaultsFunction (668 bytes)

GC Heap History (20 events):
Event: 9.601 GC heap before
{Heap before GC invocations=31 (full 0):
 garbage-first heap   total 225280K, used 128477K [0x000000070a200000, 0x0000000800000000)
  region size 2048K, 5 young (10240K), 3 survivors (6144K)
 Metaspace       used 60595K, committed 61504K, reserved 1114112K
  class space    used 6966K, committed 7424K, reserved 1048576K
}
Event: 9.606 GC heap after
{Heap after GC invocations=32 (full 0):
 garbage-first heap   total 225280K, used 125166K [0x000000070a200000, 0x0000000800000000)
  region size 2048K, 1 young (2048K), 1 survivors (2048K)
 Metaspace       used 60595K, committed 61504K, reserved 1114112K
  class space    used 6966K, committed 7424K, reserved 1048576K
}
Event: 10.500 GC heap before
{Heap before GC invocations=32 (full 0):
 garbage-first heap   total 225280K, used 178414K [0x000000070a200000, 0x0000000800000000)
  region size 2048K, 27 young (55296K), 1 survivors (2048K)
 Metaspace       used 61456K, committed 62272K, reserved 1114112K
  class space    used 7000K, committed 7424K, reserved 1048576K
}
Event: 10.504 GC heap after
{Heap after GC invocations=33 (full 0):
 garbage-first heap   total 225280K, used 128227K [0x000000070a200000, 0x0000000800000000)
  region size 2048K, 2 young (4096K), 2 survivors (4096K)
 Metaspace       used 61456K, committed 62272K, reserved 1114112K
  class space    used 7000K, committed 7424K, reserved 1048576K
}
Event: 11.581 GC heap before
{Heap before GC invocations=34 (full 0):
 garbage-first heap   total 225280K, used 179427K [0x000000070a200000, 0x0000000800000000)
  region size 2048K, 28 young (57344K), 2 survivors (4096K)
 Metaspace       used 63064K, committed 64000K, reserved 1114112K
  class space    used 7125K, committed 7616K, reserved 1048576K
}
Event: 11.589 GC heap after
{Heap after GC invocations=35 (full 0):
 garbage-first heap   total 225280K, used 133192K [0x000000070a200000, 0x0000000800000000)
  region size 2048K, 4 young (8192K), 4 survivors (8192K)
 Metaspace       used 63064K, committed 64000K, reserved 1114112K
  class space    used 7125K, committed 7616K, reserved 1048576K
}
Event: 11.638 GC heap before
{Heap before GC invocations=35 (full 0):
 garbage-first heap   total 225280K, used 135240K [0x000000070a200000, 0x0000000800000000)
  region size 2048K, 5 young (10240K), 4 survivors (8192K)
 Metaspace       used 63156K, committed 64064K, reserved 1114112K
  class space    used 7125K, committed 7616K, reserved 1048576K
}
Event: 11.645 GC heap after
{Heap after GC invocations=36 (full 0):
 garbage-first heap   total 225280K, used 133801K [0x000000070a200000, 0x0000000800000000)
  region size 2048K, 1 young (2048K), 1 survivors (2048K)
 Metaspace       used 63156K, committed 64064K, reserved 1114112K
  class space    used 7125K, committed 7616K, reserved 1048576K
}
Event: 12.771 GC heap before
{Heap before GC invocations=36 (full 0):
 garbage-first heap   total 225280K, used 182953K [0x000000070a200000, 0x0000000800000000)
  region size 2048K, 25 young (51200K), 1 survivors (2048K)
 Metaspace       used 63813K, committed 64640K, reserved 1114112K
  class space    used 7156K, committed 7616K, reserved 1048576K
}
Event: 12.777 GC heap after
{Heap after GC invocations=37 (full 0):
 garbage-first heap   total 460800K, used 137330K [0x000000070a200000, 0x0000000800000000)
  region size 2048K, 3 young (6144K), 3 survivors (6144K)
 Metaspace       used 63813K, committed 64640K, reserved 1114112K
  class space    used 7156K, committed 7616K, reserved 1048576K
}
Event: 18.334 GC heap before
{Heap before GC invocations=38 (full 0):
 garbage-first heap   total 460800K, used 356466K [0x000000070a200000, 0x0000000800000000)
  region size 2048K, 105 young (215040K), 3 survivors (6144K)
 Metaspace       used 65138K, committed 65984K, reserved 1114112K
  class space    used 7236K, committed 7680K, reserved 1048576K
}
Event: 18.354 GC heap after
{Heap after GC invocations=39 (full 0):
 garbage-first heap   total 460800K, used 167976K [0x000000070a200000, 0x0000000800000000)
  region size 2048K, 13 young (26624K), 13 survivors (26624K)
 Metaspace       used 65138K, committed 65984K, reserved 1114112K
  class space    used 7236K, committed 7680K, reserved 1048576K
}
Event: 18.405 GC heap before
{Heap before GC invocations=39 (full 0):
 garbage-first heap   total 460800K, used 170024K [0x000000070a200000, 0x0000000800000000)
  region size 2048K, 14 young (28672K), 13 survivors (26624K)
 Metaspace       used 65141K, committed 65984K, reserved 1114112K
  class space    used 7236K, committed 7680K, reserved 1048576K
}
Event: 18.420 GC heap after
{Heap after GC invocations=40 (full 0):
 garbage-first heap   total 460800K, used 168934K [0x000000070a200000, 0x0000000800000000)
  region size 2048K, 2 young (4096K), 2 survivors (4096K)
 Metaspace       used 65141K, committed 65984K, reserved 1114112K
  class space    used 7236K, committed 7680K, reserved 1048576K
}
Event: 21.389 GC heap before
{Heap before GC invocations=40 (full 0):
 garbage-first heap   total 460800K, used 345062K [0x000000070a200000, 0x0000000800000000)
  region size 2048K, 88 young (180224K), 2 survivors (4096K)
 Metaspace       used 65868K, committed 66752K, reserved 1114112K
  class space    used 7274K, committed 7744K, reserved 1048576K
}
Event: 21.398 GC heap after
{Heap after GC invocations=41 (full 0):
 garbage-first heap   total 460800K, used 182044K [0x000000070a200000, 0x0000000800000000)
  region size 2048K, 8 young (16384K), 8 survivors (16384K)
 Metaspace       used 65868K, committed 66752K, reserved 1114112K
  class space    used 7274K, committed 7744K, reserved 1048576K
}
Event: 22.916 GC heap before
{Heap before GC invocations=41 (full 0):
 garbage-first heap   total 460800K, used 354076K [0x000000070a200000, 0x0000000800000000)
  region size 2048K, 92 young (188416K), 8 survivors (16384K)
 Metaspace       used 67400K, committed 68288K, reserved 1114112K
  class space    used 7352K, committed 7808K, reserved 1048576K
}
Event: 22.926 GC heap after
{Heap after GC invocations=42 (full 0):
 garbage-first heap   total 460800K, used 187917K [0x000000070a200000, 0x0000000800000000)
  region size 2048K, 4 young (8192K), 4 survivors (8192K)
 Metaspace       used 67400K, committed 68288K, reserved 1114112K
  class space    used 7352K, committed 7808K, reserved 1048576K
}
Event: 25.063 GC heap before
{Heap before GC invocations=42 (full 0):
 garbage-first heap   total 460800K, used 366093K [0x000000070a200000, 0x0000000800000000)
  region size 2048K, 91 young (186368K), 4 survivors (8192K)
 Metaspace       used 74638K, committed 75520K, reserved 1179648K
  class space    used 7984K, committed 8448K, reserved 1048576K
}
Event: 25.084 GC heap after
{Heap after GC invocations=43 (full 0):
 garbage-first heap   total 460800K, used 219371K [0x000000070a200000, 0x0000000800000000)
  region size 2048K, 12 young (24576K), 12 survivors (24576K)
 Metaspace       used 74638K, committed 75520K, reserved 1179648K
  class space    used 7984K, committed 8448K, reserved 1048576K
}

Deoptimization events (20 events):
Event: 26.087 Thread 0x0000024e419001b0 Uncommon trap: trap_request=0xffffffc6 fr.pc=0x0000024e51bcc424 relative=0x0000000000001684
Event: 26.087 Thread 0x0000024e419001b0 Uncommon trap: reason=bimorphic_or_optimized_type_check action=maybe_recompile pc=0x0000024e51bcc424 method=org.jetbrains.kotlin.ir.declarations.IrFunction.transformChildren(Lorg/jetbrains/kotlin/ir/visitors/IrElementTransformer;Ljava/lang/Object;)V @ 8 c
Event: 26.087 Thread 0x0000024e419001b0 DEOPT PACKING pc=0x0000024e51bcc424 sp=0x000000e0c12fb8b0
Event: 26.087 Thread 0x0000024e419001b0 DEOPT UNPACKING pc=0x0000024e492923a3 sp=0x000000e0c12fb8d0 mode 2
Event: 26.088 Thread 0x0000024e419001b0 Uncommon trap: trap_request=0xffffff76 fr.pc=0x0000024e511d6d70 relative=0x0000000000002190
Event: 26.088 Thread 0x0000024e419001b0 Uncommon trap: reason=predicate action=maybe_recompile pc=0x0000024e511d6d70 method=kotlin.sequences.SequencesKt___SequencesKt.toCollection(Lkotlin/sequences/Sequence;Ljava/util/Collection;)Ljava/util/Collection; @ 26 c2
Event: 26.088 Thread 0x0000024e419001b0 DEOPT PACKING pc=0x0000024e511d6d70 sp=0x000000e0c12fcb80
Event: 26.088 Thread 0x0000024e419001b0 DEOPT UNPACKING pc=0x0000024e492923a3 sp=0x000000e0c12fcb90 mode 2
Event: 26.134 Thread 0x0000024e419001b0 Uncommon trap: trap_request=0xffffff45 fr.pc=0x0000024e51430be4 relative=0x0000000000000924
Event: 26.134 Thread 0x0000024e419001b0 Uncommon trap: reason=unstable_if action=reinterpret pc=0x0000024e51430be4 method=java.util.HashMap.removeNode(ILjava/lang/Object;Ljava/lang/Object;ZZ)Ljava/util/HashMap$Node; @ 89 c2
Event: 26.134 Thread 0x0000024e419001b0 DEOPT PACKING pc=0x0000024e51430be4 sp=0x000000e0c12fd3e0
Event: 26.134 Thread 0x0000024e419001b0 DEOPT UNPACKING pc=0x0000024e492923a3 sp=0x000000e0c12fd300 mode 2
Event: 26.137 Thread 0x0000024e419001b0 DEOPT PACKING pc=0x0000024e4b81dc1c sp=0x000000e0c12fd030
Event: 26.137 Thread 0x0000024e419001b0 DEOPT UNPACKING pc=0x0000024e49292b43 sp=0x000000e0c12fc4c0 mode 0
Event: 26.224 Thread 0x0000024e419001b0 Uncommon trap: trap_request=0xffffff45 fr.pc=0x0000024e5104c708 relative=0x00000000000003a8
Event: 26.224 Thread 0x0000024e419001b0 Uncommon trap: reason=unstable_if action=reinterpret pc=0x0000024e5104c708 method=org.jetbrains.kotlin.builtins.jvm.JavaToKotlinClassMap.isKotlinFunctionWithBigArity(Lorg/jetbrains/kotlin/name/FqNameUnsafe;Ljava/lang/String;)Z @ 26 c2
Event: 26.224 Thread 0x0000024e419001b0 DEOPT PACKING pc=0x0000024e5104c708 sp=0x000000e0c12fd110
Event: 26.224 Thread 0x0000024e419001b0 DEOPT UNPACKING pc=0x0000024e492923a3 sp=0x000000e0c12fd0a8 mode 2
Event: 26.262 Thread 0x0000024e419001b0 DEOPT PACKING pc=0x0000024e4b81dc1c sp=0x000000e0c12fd370
Event: 26.262 Thread 0x0000024e419001b0 DEOPT UNPACKING pc=0x0000024e49292b43 sp=0x000000e0c12fc800 mode 0

Classes loaded (20 events):
Event: 4.675 Loading class java/util/concurrent/locks/AbstractQueuedSynchronizer$Node
Event: 4.676 Loading class java/util/concurrent/locks/AbstractQueuedSynchronizer$Node done
Event: 7.381 Loading class jdk/internal/math/FDBigInteger
Event: 7.381 Loading class jdk/internal/math/FDBigInteger done
Event: 8.117 Loading class java/util/regex/Pattern$Bound
Event: 8.117 Loading class java/util/regex/Pattern$Bound done
Event: 8.118 Loading class java/util/regex/Pattern$NotBehind
Event: 8.118 Loading class java/util/regex/Pattern$NotBehind done
Event: 12.262 Loading class jdk/internal/math/FloatingDecimal$ASCIIToBinaryBuffer
Event: 12.273 Loading class jdk/internal/math/FloatingDecimal$ASCIIToBinaryBuffer done
Event: 23.200 Loading class java/text/MessageFormat
Event: 23.200 Loading class java/text/MessageFormat done
Event: 23.205 Loading class jdk/internal/reflect/MethodHandleBooleanFieldAccessorImpl
Event: 23.205 Loading class jdk/internal/reflect/MethodHandleBooleanFieldAccessorImpl done
Event: 23.224 Loading class java/text/ChoiceFormat
Event: 23.224 Loading class java/text/ChoiceFormat done
Event: 23.229 Loading class java/lang/invoke/DirectMethodHandle$1
Event: 23.230 Loading class java/lang/invoke/DirectMethodHandle$1 done
Event: 23.234 Loading class java/text/MessageFormat$Field
Event: 23.234 Loading class java/text/MessageFormat$Field done

Classes unloaded (0 events):
No events

Classes redefined (0 events):
No events

Internal exceptions (20 events):
Event: 11.150 Thread 0x0000024e419001b0 Implicit null exception at 0x0000024e513e29bf to 0x0000024e513e48fc
Event: 12.628 Thread 0x0000024e419001b0 Implicit null exception at 0x0000024e513d8b17 to 0x0000024e513daa58
Event: 13.405 Thread 0x0000024e419001b0 Implicit null exception at 0x0000024e50d14af9 to 0x0000024e50d14f24
Event: 13.418 Thread 0x0000024e419001b0 Implicit null exception at 0x0000024e50f8e977 to 0x0000024e50f8edb8
Event: 13.838 Thread 0x0000024e419001b0 Exception <a 'java/lang/NoSuchMethodError'{0x0000000723a32eb0}: 'void java.lang.invoke.DirectMethodHandle$Holder.invokeStatic(java.lang.Object, java.lang.Object, java.lang.Object)'> (0x0000000723a32eb0) 
thrown [s\open\src\hotspot\share\interpreter\linkResolver.cpp, line 759]
Event: 15.026 Thread 0x0000024e419001b0 Implicit null exception at 0x0000024e515342ac to 0x0000024e51534378
Event: 16.727 Thread 0x0000024e419001b0 Implicit null exception at 0x0000024e517b1287 to 0x0000024e517b5be0
Event: 18.306 Thread 0x0000024e419001b0 Implicit null exception at 0x0000024e510eab53 to 0x0000024e510eb257
Event: 18.400 Thread 0x0000024e419001b0 Implicit null exception at 0x0000024e5140cbb7 to 0x0000024e51411c64
Event: 18.401 Thread 0x0000024e419001b0 Implicit null exception at 0x0000024e5150e24a to 0x0000024e5150e4b6
Event: 22.098 Thread 0x0000024e419001b0 Implicit null exception at 0x0000024e517107f7 to 0x0000024e5171290c
Event: 23.190 Thread 0x0000024e419001b0 Implicit null exception at 0x0000024e512cedb3 to 0x0000024e512cef14
Event: 23.206 Thread 0x0000024e419001b0 Exception <a 'java/lang/NoSuchMethodError'{0x000000072484ec08}: 'int java.lang.invoke.Invokers$Holder.invokeExact_MT(java.lang.Object, java.lang.Object, java.lang.Object)'> (0x000000072484ec08) 
thrown [s\open\src\hotspot\share\interpreter\linkResolver.cpp, line 759]
Event: 23.206 Thread 0x0000024e419001b0 Exception <a 'java/lang/NoSuchMethodError'{0x00000007248536d0}: 'void java.lang.invoke.Invokers$Holder.invokeExact_MT(java.lang.Object, java.lang.Object, java.lang.Object, java.lang.Object)'> (0x00000007248536d0) 
thrown [s\open\src\hotspot\share\interpreter\linkResolver.cpp, line 759]
Event: 23.221 Thread 0x0000024e419001b0 Exception <a 'java/lang/NoSuchMethodError'{0x000000072496cb00}: 'java.lang.Object java.lang.invoke.DirectMethodHandle$Holder.invokeStaticInit(java.lang.Object, java.lang.Object, java.lang.Object, java.lang.Object)'> (0x000000072496cb00) 
thrown [s\open\src\hotspot\share\interpreter\linkResolver.cpp, line 759]
Event: 23.435 Thread 0x0000024e419001b0 Exception <a 'java/lang/NoSuchMethodError'{0x00000007236a6400}: 'java.lang.Object java.lang.invoke.DirectMethodHandle$Holder.invokeSpecial(java.lang.Object, java.lang.Object, int, int, java.lang.Object, java.lang.Object, java.lang.Object, java.lang.Object, java.lang.Object)'> (0x00000007236a6400) 
thrown [s\open\src\hotspot\share\interpreter\linkResolver.cpp, line 759]
Event: 23.443 Thread 0x0000024e419001b0 Implicit null exception at 0x0000024e50d80c74 to 0x0000024e50d80ea8
Event: 23.453 Thread 0x0000024e419001b0 Exception <a 'java/lang/NoSuchMethodError'{0x00000007237aaec0}: 'java.lang.Object java.lang.invoke.DirectMethodHandle$Holder.newInvokeSpecial(java.lang.Object, java.lang.Object, java.lang.Object, int, int)'> (0x00000007237aaec0) 
thrown [s\open\src\hotspot\share\interpreter\linkResolver.cpp, line 759]
Event: 23.453 Thread 0x0000024e419001b0 Exception <a 'java/lang/NoSuchMethodError'{0x00000007237aed08}: 'java.lang.Object java.lang.invoke.DirectMethodHandle$Holder.invokeSpecial(java.lang.Object, java.lang.Object, java.lang.Object, java.lang.Object, int, int)'> (0x00000007237aed08) 
thrown [s\open\src\hotspot\share\interpreter\linkResolver.cpp, line 759]
Event: 25.715 Thread 0x0000024e419001b0 Implicit null exception at 0x0000024e51c0d0b5 to 0x0000024e51c0d2be

VM Operations (20 events):
Event: 26.010 Executing VM operation: HandshakeAllThreads
Event: 26.010 Executing VM operation: HandshakeAllThreads done
Event: 26.109 Executing VM operation: ICBufferFull
Event: 26.109 Executing VM operation: ICBufferFull done
Event: 26.149 Executing VM operation: HandshakeAllThreads
Event: 26.149 Executing VM operation: HandshakeAllThreads done
Event: 26.151 Executing VM operation: HandshakeAllThreads
Event: 26.151 Executing VM operation: HandshakeAllThreads done
Event: 26.154 Executing VM operation: HandshakeAllThreads
Event: 26.154 Executing VM operation: HandshakeAllThreads done
Event: 26.178 Executing VM operation: HandshakeAllThreads
Event: 26.178 Executing VM operation: HandshakeAllThreads done
Event: 26.180 Executing VM operation: HandshakeAllThreads
Event: 26.180 Executing VM operation: HandshakeAllThreads done
Event: 26.193 Executing VM operation: ICBufferFull
Event: 26.193 Executing VM operation: ICBufferFull done
Event: 26.272 Executing VM operation: ICBufferFull
Event: 26.273 Executing VM operation: ICBufferFull done
Event: 26.282 Executing VM operation: HandshakeAllThreads
Event: 26.282 Executing VM operation: HandshakeAllThreads done

Events (20 events):
Event: 26.298 Thread 0x0000024e645b8490 flushing nmethod 0x0000024e51b66a90
Event: 26.298 Thread 0x0000024e645b8490 flushing nmethod 0x0000024e51b67610
Event: 26.298 Thread 0x0000024e645b8490 flushing nmethod 0x0000024e51b6ca10
Event: 26.298 Thread 0x0000024e645b8490 flushing nmethod 0x0000024e51b6d910
Event: 26.298 Thread 0x0000024e645b8490 flushing nmethod 0x0000024e51b73490
Event: 26.298 Thread 0x0000024e645b8490 flushing nmethod 0x0000024e51b79d10
Event: 26.298 Thread 0x0000024e645b8490 flushing nmethod 0x0000024e51b7b990
Event: 26.298 Thread 0x0000024e645b8490 flushing nmethod 0x0000024e51b7be10
Event: 26.298 Thread 0x0000024e645b8490 flushing nmethod 0x0000024e51b9f890
Event: 26.298 Thread 0x0000024e645b8490 flushing nmethod 0x0000024e51bb8690
Event: 26.298 Thread 0x0000024e645b8490 flushing nmethod 0x0000024e51bcd810
Event: 26.300 Thread 0x0000024e645b8490 flushing nmethod 0x0000024e51be1690
Event: 26.300 Thread 0x0000024e645b8490 flushing nmethod 0x0000024e51bea390
Event: 26.300 Thread 0x0000024e645b8490 flushing nmethod 0x0000024e51bff010
Event: 26.300 Thread 0x0000024e645b8490 flushing nmethod 0x0000024e51c08310
Event: 26.300 Thread 0x0000024e645b8490 flushing nmethod 0x0000024e51c0e090
Event: 26.300 Thread 0x0000024e645b8490 flushing nmethod 0x0000024e51c0ff90
Event: 26.301 Thread 0x0000024e645b8490 flushing nmethod 0x0000024e51c2c910
Event: 26.302 Thread 0x0000024e645b8490 flushing nmethod 0x0000024e497ed890
Event: 26.337 Thread 0x0000024e645b8490 flushing nmethod 0x0000024e4b403d90


Dynamic libraries:
0x00007ff6197e0000 - 0x00007ff6197ee000 	C:\Users\HP\.jdks\openjdk-18.0.2\bin\java.exe
0x00007ffd40c30000 - 0x00007ffd40e25000 	C:\Windows\SYSTEM32\ntdll.dll
0x00007ffd3ee90000 - 0x00007ffd3ef4e000 	C:\Windows\System32\KERNEL32.DLL
0x00007ffd3e9b0000 - 0x00007ffd3ec78000 	C:\Windows\System32\KERNELBASE.dll
0x00007ffd3e7b0000 - 0x00007ffd3e8b0000 	C:\Windows\System32\ucrtbase.dll
0x00007ffd39010000 - 0x00007ffd3902a000 	C:\Users\HP\.jdks\openjdk-18.0.2\bin\VCRUNTIME140.dll
0x00007ffd26f80000 - 0x00007ffd26f97000 	C:\Users\HP\.jdks\openjdk-18.0.2\bin\jli.dll
0x00007ffd408b0000 - 0x00007ffd40a51000 	C:\Windows\System32\USER32.dll
0x00007ffd3e8b0000 - 0x00007ffd3e8d2000 	C:\Windows\System32\win32u.dll
0x00007ffd2a230000 - 0x00007ffd2a4ca000 	C:\Windows\WinSxS\amd64_microsoft.windows.common-controls_6595b64144ccf1df_6.0.19041.1110_none_60b5254171f9507e\COMCTL32.dll
0x00007ffd3ee60000 - 0x00007ffd3ee8b000 	C:\Windows\System32\GDI32.dll
0x00007ffd3e490000 - 0x00007ffd3e59b000 	C:\Windows\System32\gdi32full.dll
0x00007ffd3e8e0000 - 0x00007ffd3e97d000 	C:\Windows\System32\msvcp_win.dll
0x00007ffd3f950000 - 0x00007ffd3f9ee000 	C:\Windows\System32\msvcrt.dll
0x00007ffd3f760000 - 0x00007ffd3f790000 	C:\Windows\System32\IMM32.DLL
0x00007ffd39cf0000 - 0x00007ffd39cfc000 	C:\Users\HP\.jdks\openjdk-18.0.2\bin\vcruntime140_1.dll
0x00007ffd22420000 - 0x00007ffd224ad000 	C:\Users\HP\.jdks\openjdk-18.0.2\bin\msvcp140.dll
0x00007ffcf7870000 - 0x00007ffcf8481000 	C:\Users\HP\.jdks\openjdk-18.0.2\bin\server\jvm.dll
0x00007ffd3fac0000 - 0x00007ffd3fb6c000 	C:\Windows\System32\ADVAPI32.dll
0x00007ffd3fbf0000 - 0x00007ffd3fc8b000 	C:\Windows\System32\sechost.dll
0x00007ffd40a60000 - 0x00007ffd40b8a000 	C:\Windows\System32\RPCRT4.dll
0x00007ffd3f150000 - 0x00007ffd3f158000 	C:\Windows\System32\PSAPI.DLL
0x00007ffd33a70000 - 0x00007ffd33a97000 	C:\Windows\SYSTEM32\WINMM.dll
0x00007ffd39f20000 - 0x00007ffd39f29000 	C:\Windows\SYSTEM32\WSOCK32.dll
0x00007ffd36cd0000 - 0x00007ffd36cda000 	C:\Windows\SYSTEM32\VERSION.dll
0x00007ffd40840000 - 0x00007ffd408ab000 	C:\Windows\System32\WS2_32.dll
0x00007ffd3cbd0000 - 0x00007ffd3cbe2000 	C:\Windows\SYSTEM32\kernel.appcore.dll
0x00007ffd39520000 - 0x00007ffd3952a000 	C:\Users\HP\.jdks\openjdk-18.0.2\bin\jimage.dll
0x00007ffd2c130000 - 0x00007ffd2c314000 	C:\Windows\SYSTEM32\DBGHELP.DLL
0x00007ffd27840000 - 0x00007ffd2786c000 	C:\Windows\SYSTEM32\dbgcore.DLL
0x00007ffd3e400000 - 0x00007ffd3e483000 	C:\Windows\System32\bcryptPrimitives.dll
0x00007ffd26f50000 - 0x00007ffd26f75000 	C:\Users\HP\.jdks\openjdk-18.0.2\bin\java.dll
0x00007ffd10c80000 - 0x00007ffd10d56000 	C:\Users\HP\.jdks\openjdk-18.0.2\bin\jsvml.dll
0x00007ffd3fcb0000 - 0x00007ffd403ef000 	C:\Windows\System32\SHELL32.dll
0x00007ffd3c430000 - 0x00007ffd3cbc0000 	C:\Windows\SYSTEM32\windows.storage.dll
0x00007ffd403f0000 - 0x00007ffd40745000 	C:\Windows\System32\combase.dll
0x00007ffd3dda0000 - 0x00007ffd3ddce000 	C:\Windows\SYSTEM32\Wldp.dll
0x00007ffd3edb0000 - 0x00007ffd3ee5d000 	C:\Windows\System32\SHCORE.dll
0x00007ffd3f270000 - 0x00007ffd3f2c5000 	C:\Windows\System32\shlwapi.dll
0x00007ffd3e290000 - 0x00007ffd3e2af000 	C:\Windows\SYSTEM32\profapi.dll
0x00007ffd26e80000 - 0x00007ffd26e93000 	C:\Users\HP\.jdks\openjdk-18.0.2\bin\net.dll
0x00007ffd34370000 - 0x00007ffd3447c000 	C:\Windows\SYSTEM32\WINHTTP.dll
0x00007ffd3db00000 - 0x00007ffd3db6a000 	C:\Windows\system32\mswsock.dll
0x00007ffd26e20000 - 0x00007ffd26e36000 	C:\Users\HP\.jdks\openjdk-18.0.2\bin\nio.dll
0x00007ffd26e00000 - 0x00007ffd26e18000 	C:\Users\HP\.jdks\openjdk-18.0.2\bin\zip.dll
0x00007ffd39500000 - 0x00007ffd39510000 	C:\Users\HP\.jdks\openjdk-18.0.2\bin\verify.dll

dbghelp: loaded successfully - version: 4.0.5 - missing functions: none
symbol engine: initialized successfully - sym options: 0x614 - pdb path: .;C:\Users\HP\.jdks\openjdk-18.0.2\bin;C:\Windows\SYSTEM32;C:\Windows\WinSxS\amd64_microsoft.windows.common-controls_6595b64144ccf1df_6.0.19041.1110_none_60b5254171f9507e;C:\Users\HP\.jdks\openjdk-18.0.2\bin\server

VM Arguments:
java_command: org.jetbrains.kotlin.cli.jvm.K2JVMCompiler @C:\Users\HP\AndroidStudioProjects\MusicApp\app\build\20230812_15488043433056636629.compiler.options
java_class_path (initial): C:\Users\HP\.gradle\caches\modules-2\files-2.1\org.jetbrains.kotlin\kotlin-compiler-embeddable\1.8.0\eb9118d4bcceaa2a94b2ae2a33a4ddba7c9a947f\kotlin-compiler-embeddable-1.8.0.jar;C:\Users\HP\.gradle\caches\modules-2\files-2.1\org.jetbrains.kotlin\kotlin-stdlib\1.8.0\1796921c7a3e2e2665a83e6c8d33399336cd39bc\kotlin-stdlib-1.8.0.jar;C:\Users\HP\.gradle\caches\modules-2\files-2.1\org.jetbrains.kotlin\kotlin-script-runtime\1.8.0\b2f7e760d283cb339974851c222a4c1d48f2d3d\kotlin-script-runtime-1.8.0.jar;C:\Users\HP\.gradle\caches\modules-2\files-2.1\org.jetbrains.kotlin\kotlin-reflect\1.6.10\1cbe9c92c12a94eea200d23c2bbaedaf3daf5132\kotlin-reflect-1.6.10.jar;C:\Users\HP\.gradle\caches\modules-2\files-2.1\org.jetbrains.kotlin\kotlin-daemon-embeddable\1.8.0\d255216c551685dc3a7e852b53617f5f01aaaa5c\kotlin-daemon-embeddable-1.8.0.jar;C:\Users\HP\.gradle\caches\modules-2\files-2.1\org.jetbrains.intellij.deps\trove4j\1.0.20200330\3afb14d5f9ceb459d724e907a21145e8ff394f02\trove4j-1.0.20200330.jar;C:\Users\HP\.gradle\caches\modules-2\files-2.1\net.java.dev.jna\jna\5.6.0\330f2244e9030119ab3030fc3fededc86713d9cc\jna-5.6.0.jar;C:\Users\HP\.gradle\caches\modules-2\files-2.1\org.jetbrains.kotlin\kotlin-stdlib-common\1.8.0\f7197e7cc76453ac59f8b0f8d5137cc600becd36\kotlin-stdlib-common-1.8.0.jar;C:\Users\HP\.gradle\caches\modules-2\files-2.1\org.jetbrains\annotations\13.0\919f0dfe192fb4e063e7dacadee7f8bb9a2672a9\annotations-13.0.jar
Launcher Type: SUN_STANDARD

[Global flags]
     intx CICompilerCount                          = 4                                         {product} {ergonomic}
     uint ConcGCThreads                            = 3                                         {product} {ergonomic}
     uint G1ConcRefinementThreads                  = 10                                        {product} {ergonomic}
   size_t G1HeapRegionSize                         = 2097152                                   {product} {ergonomic}
    uintx GCDrainStackTargetSize                   = 64                                        {product} {ergonomic}
   size_t InitialHeapSize                          = 257949696                                 {product} {ergonomic}
   size_t MarkStackSize                            = 4194304                                   {product} {ergonomic}
   size_t MaxHeapSize                              = 4125097984                                {product} {ergonomic}
   size_t MaxNewSize                               = 2474639360                                {product} {ergonomic}
   size_t MinHeapDeltaBytes                        = 2097152                                   {product} {ergonomic}
   size_t MinHeapSize                              = 8388608                                   {product} {ergonomic}
    uintx NonNMethodCodeHeapSize                   = 5839372                                {pd product} {ergonomic}
    uintx NonProfiledCodeHeapSize                  = 122909434                              {pd product} {ergonomic}
    uintx ProfiledCodeHeapSize                     = 122909434                              {pd product} {ergonomic}
    uintx ReservedCodeCacheSize                    = 251658240                              {pd product} {ergonomic}
     bool SegmentedCodeCache                       = true                                      {product} {ergonomic}
   size_t SoftMaxHeapSize                          = 4125097984                             {manageable} {ergonomic}
     bool UseCompressedClassPointers               = true                           {product lp64_product} {ergonomic}
     bool UseCompressedOops                        = true                           {product lp64_product} {ergonomic}
     bool UseG1GC                                  = true                                      {product} {ergonomic}
     bool UseLargePagesIndividualAllocation        = false                                  {pd product} {ergonomic}

Logging:
Log output configuration:
 #0: stdout all=warning uptime,level,tags foldmultilines=false
 #1: stderr all=off uptime,level,tags foldmultilines=false

Environment Variables:
PATH=C:\cygwin64\bin;C:\Program Files (x86)\Common Files\Intel\Shared Libraries\redist\intel64_win\compiler;C:\Program Files (x86)\Common Files\Intel\Shared Libraries\redist\intel64\compiler;C:\Program Files\Microsoft MPI\Bin\;C:\ProgramData\Oracle\Java\javapath;C:\Windows\system32;C:\Windows;C:\Windows\System32\Wbem;C:\Windows\System32\WindowsPowerShell\v1.0\;C:\Windows\System32\OpenSSH\;C:\Program Files\7-Zip;C:\Program Files (x86)\NVIDIA Corporation\PhysX\Common;C:\Program Files\Microsoft SQL Server\150\Tools\Binn\;C:\Program Files\Microsoft SQL Server\Client SDK\ODBC\170\Tools\Binn\;C:\Program Files\Git\cmd;C:\Program Files\dotnet\;C:\Program Files (x86)\Microsoft SQL Server\150\Tools\Binn\;C:\Program Files\Microsoft SQL Server\150\DTS\Binn\;C:\Program Files (x86)\Microsoft SQL Server\150\DTS\Binn\;C:\Program Files\nodejs\;C:\Users\HP\AppData\Local\Microsoft\WindowsApps;C:\Users\HP\AppData\Local\Programs\Microsoft VS Code\bin;C:\Users\HP\AppData\Local\GitHubDesktop\bin;C:\flutter\bin;C:\Users\HP\.dotnet\tools;C:\Program Files\Azure Data Studio\bin;C:\Users\HP\AppData\Roaming\npm
USERNAME=HP
OS=Windows_NT
PROCESSOR_IDENTIFIER=AMD64 Family 23 Model 96 Stepping 1, AuthenticAMD



---------------  S Y S T E M  ---------------

OS:
 Windows 10 , 64 bit Build 19041 (10.0.19041.1348)
OS uptime: 19 days 9:29 hours

CPU: total 12 (initial active 12) (12 cores per cpu, 2 threads per core) family 23 model 96 stepping 1 microcode 0x0, cx8, cmov, fxsr, ht, mmx, 3dnowpref, sse, sse2, sse3, ssse3, sse4a, sse4.1, sse4.2, popcnt, lzcnt, tsc, tscinvbit, avx, avx2, aes, clmul, bmi1, bmi2, adx, sha, fma, vzeroupper, clflush, clflushopt

Memory: 4k page, system-wide physical 15733M (722M free)
TotalPageFile size 18733M (AvailPageFile size 8M)
current process WorkingSet (physical memory assigned to process): 740M, peak: 742M
current process commit charge ("private bytes"): 795M, peak: 798M

vm_info: OpenJDK 64-Bit Server VM (18.0.2+9-61) for windows-amd64 JRE (18.0.2+9-61), built on Jun  7 2022 13:05:59 by "mach5one" with MS VC++ 16.8 / 16.9 (VS2019)

END.
