#
# There is insufficient memory for the Java Runtime Environment to continue.
# Native memory allocation (mmap) failed to map 436207616 bytes for G1 virtual space
# Possible reasons:
#   The system is out of physical RAM or swap space
#   The process is running with CompressedOops enabled, and the Java Heap may be blocking the growth of the native heap
# Possible solutions:
#   Reduce memory load on the system
#   Increase physical memory or swap space
#   Check if swap backing store is full
#   Decrease Java heap size (-Xmx/-Xms)
#   Decrease number of Java threads
#   Decrease Java thread stack sizes (-Xss)
#   Set larger code cache with -XX:ReservedCodeCacheSize=
#   JVM is running with Zero Based Compressed Oops mode in which the Java heap is
#     placed in the first 32GB address space. The Java Heap base address is the
#     maximum limit for the native heap growth. Please use -XX:HeapBaseMinAddress
#     to set the Java Heap base and to place the Java Heap above 32GB virtual address.
# This output file may be truncated or incomplete.
#
#  Out of Memory Error (os_windows.cpp:3530), pid=32476, tid=9300
#
# JRE version: OpenJDK Runtime Environment (18.0.2+9) (build 18.0.2+9-61)
# Java VM: OpenJDK 64-Bit Server VM (18.0.2+9-61, mixed mode, sharing, tiered, compressed oops, compressed class ptrs, g1 gc, windows-amd64)
# No core dump will be written. Minidumps are not enabled by default on client versions of Windows
#

---------------  S U M M A R Y ------------

Command Line: org.jetbrains.kotlin.cli.jvm.K2JVMCompiler @C:\Users\HP\AndroidStudioProjects\MusicApp\app\build\20231028_4345364483163817094.compiler.options

Host: AMD Ryzen 5 4600H with Radeon Graphics         , 12 cores, 15G,  Windows 10 , 64 bit Build 19041 (10.0.19041.1348)
Time: Sat Oct 28 23:10:53 2023  Windows 10 , 64 bit Build 19041 (10.0.19041.1348) elapsed time: 11.529980 seconds (0d 0h 0m 11s)

---------------  T H R E A D  ---------------

Current thread (0x000002378f008440):  VMThread "VM Thread" [stack: 0x000000ddd7e00000,0x000000ddd7f00000] [id=9300]

Stack: [0x000000ddd7e00000,0x000000ddd7f00000]
Native frames: (J=compiled Java code, j=interpreted, Vv=VM code, C=native code)
V  [jvm.dll+0x6993ca]
V  [jvm.dll+0x7f481d]
V  [jvm.dll+0x7f612e]
V  [jvm.dll+0x7f67e3]
V  [jvm.dll+0x25cdaf]
V  [jvm.dll+0x696319]
V  [jvm.dll+0x68ae4a]
V  [jvm.dll+0x3223eb]
V  [jvm.dll+0x329dc6]
V  [jvm.dll+0x37eade]
V  [jvm.dll+0x37ed0f]
V  [jvm.dll+0x2fa16a]
V  [jvm.dll+0x2fa217]
V  [jvm.dll+0x33e752]
V  [jvm.dll+0x33ccf4]
V  [jvm.dll+0x2f9940]
V  [jvm.dll+0x33c2cb]
V  [jvm.dll+0x7fb5cb]
V  [jvm.dll+0x7fc364]
V  [jvm.dll+0x7fc89c]
V  [jvm.dll+0x7fccf4]
V  [jvm.dll+0x7fcdb7]
V  [jvm.dll+0x7a125a]
V  [jvm.dll+0x698275]
C  [ucrtbase.dll+0x21bb2]
C  [KERNEL32.DLL+0x17034]
C  [ntdll.dll+0x52651]

VM_Operation (0x000000ddd78fdf70): G1CollectForAllocation, mode: safepoint, requested by thread 0x000002378ef705e0


---------------  P R O C E S S  ---------------

Threads class SMR info:
_java_thread_list=0x00000237b9af5dc0, length=14, elements={
0x000002378ef705e0, 0x00000237b3bb7380, 0x00000237b3bb7fe0, 0x00000237b3bcfac0,
0x00000237b3bd1380, 0x00000237b3bd1d20, 0x00000237b3bd26c0, 0x00000237b3bd3390,
0x00000237b3bd3d70, 0x00000237b3bd6760, 0x00000237b80b00a0, 0x00000237b80b3b60,
0x00000237b81c37e0, 0x00000237b92a7b20
}

Java Threads: ( => current thread )
  0x000002378ef705e0 JavaThread "main" [_thread_blocked, id=26548, stack(0x000000ddd7800000,0x000000ddd7900000)]
  0x00000237b3bb7380 JavaThread "Reference Handler" daemon [_thread_blocked, id=30588, stack(0x000000ddd7f00000,0x000000ddd8000000)]
  0x00000237b3bb7fe0 JavaThread "Finalizer" daemon [_thread_blocked, id=29540, stack(0x000000ddd8000000,0x000000ddd8100000)]
  0x00000237b3bcfac0 JavaThread "Signal Dispatcher" daemon [_thread_blocked, id=24256, stack(0x000000ddd8100000,0x000000ddd8200000)]
  0x00000237b3bd1380 JavaThread "Attach Listener" daemon [_thread_blocked, id=29660, stack(0x000000ddd8200000,0x000000ddd8300000)]
  0x00000237b3bd1d20 JavaThread "Service Thread" daemon [_thread_blocked, id=31660, stack(0x000000ddd8300000,0x000000ddd8400000)]
  0x00000237b3bd26c0 JavaThread "Monitor Deflation Thread" daemon [_thread_blocked, id=21772, stack(0x000000ddd8400000,0x000000ddd8500000)]
  0x00000237b3bd3390 JavaThread "C2 CompilerThread0" daemon [_thread_blocked, id=32488, stack(0x000000ddd8500000,0x000000ddd8600000)]
  0x00000237b3bd3d70 JavaThread "C1 CompilerThread0" daemon [_thread_blocked, id=25212, stack(0x000000ddd8600000,0x000000ddd8700000)]
  0x00000237b3bd6760 JavaThread "Sweeper thread" daemon [_thread_blocked, id=26856, stack(0x000000ddd8700000,0x000000ddd8800000)]
  0x00000237b80b00a0 JavaThread "Notification Thread" daemon [_thread_blocked, id=23028, stack(0x000000ddd8800000,0x000000ddd8900000)]
  0x00000237b80b3b60 JavaThread "Common-Cleaner" daemon [_thread_blocked, id=30204, stack(0x000000ddd8a00000,0x000000ddd8b00000)]
  0x00000237b81c37e0 JavaThread "C2 CompilerThread1" daemon [_thread_blocked, id=18860, stack(0x000000ddd8b00000,0x000000ddd8c00000)]
  0x00000237b92a7b20 JavaThread "C2 CompilerThread2" daemon [_thread_blocked, id=19524, stack(0x000000ddd9300000,0x000000ddd9400000)]

Other Threads:
=>0x000002378f008440 VMThread "VM Thread" [stack: 0x000000ddd7e00000,0x000000ddd7f00000] [id=9300]
  0x00000237b8047770 WatcherThread "VM Periodic Task Thread" [stack: 0x000000ddd8900000,0x000000ddd8a00000] [id=24524]
  0x000002378efdcd30 WorkerThread "GC Thread#0" [stack: 0x000000ddd7900000,0x000000ddd7a00000] [id=31792]
  0x00000237b8599f20 WorkerThread "GC Thread#1" [stack: 0x000000ddd8c00000,0x000000ddd8d00000] [id=20568]
  0x00000237b85ff060 WorkerThread "GC Thread#2" [stack: 0x000000ddd8d00000,0x000000ddd8e00000] [id=31476]
  0x00000237b85ff300 WorkerThread "GC Thread#3" [stack: 0x000000ddd8e00000,0x000000ddd8f00000] [id=30504]
  0x00000237b85ff5a0 WorkerThread "GC Thread#4" [stack: 0x000000ddd8f00000,0x000000ddd9000000] [id=31220]
  0x00000237b8bfecd0 WorkerThread "GC Thread#5" [stack: 0x000000ddd9000000,0x000000ddd9100000] [id=15780]
  0x00000237b8a96ad0 WorkerThread "GC Thread#6" [stack: 0x000000ddd9100000,0x000000ddd9200000] [id=21560]
  0x00000237b8a96d70 WorkerThread "GC Thread#7" [stack: 0x000000ddd9200000,0x000000ddd9300000] [id=17648]
  0x00000237b9329020 WorkerThread "GC Thread#8" [stack: 0x000000ddd9400000,0x000000ddd9500000] [id=27728]
  0x00000237b9532290 WorkerThread "GC Thread#9" [stack: 0x000000ddd9500000,0x000000ddd9600000] [id=26280]
  0x000002378efef250 ConcurrentGCThread "G1 Main Marker" [stack: 0x000000ddd7a00000,0x000000ddd7b00000] [id=8284]
  0x000002378eff2800 WorkerThread "G1 Conc#0" [stack: 0x000000ddd7b00000,0x000000ddd7c00000] [id=30648]
  0x00000237b9532d10 WorkerThread "G1 Conc#1" [stack: 0x000000ddd9600000,0x000000ddd9700000] [id=31392]
  0x00000237b95327d0 WorkerThread "G1 Conc#2" [stack: 0x000000ddd9700000,0x000000ddd9800000] [id=20896]
  0x00000237b3a6e0e0 ConcurrentGCThread "G1 Refine#0" [stack: 0x000000ddd7c00000,0x000000ddd7d00000] [id=11456]
  0x00000237bab990f0 ConcurrentGCThread "G1 Refine#1" [stack: 0x000000ddd9800000,0x000000ddd9900000] [id=29524]
  0x00000237bab993c0 ConcurrentGCThread "G1 Refine#2" [stack: 0x000000ddd9900000,0x000000ddd9a00000] [id=3420]
  0x00000237bab99c30 ConcurrentGCThread "G1 Refine#3" [stack: 0x000000ddd9a00000,0x000000ddd9b00000] [id=30412]
  0x00000237bab97d40 ConcurrentGCThread "G1 Refine#4" [stack: 0x000000ddd9b00000,0x000000ddd9c00000] [id=28216]
  0x00000237b8dcbe50 ConcurrentGCThread "G1 Refine#5" [stack: 0x000000ddd9c00000,0x000000ddd9d00000] [id=25644]
  0x00000237b3a6e9f0 ConcurrentGCThread "G1 Service" [stack: 0x000000ddd7d00000,0x000000ddd7e00000] [id=18776]

Threads with active compile tasks:
C2 CompilerThread0    11538 14006       4       org.jetbrains.kotlin.resolve.calls.tower.TowerResolver::processTowerData (97 bytes)
C2 CompilerThread1    11538 14224       4       org.jetbrains.kotlin.resolve.OverrideResolver$Companion::checkMissingOverridesByJava8Restrictions (347 bytes)
C2 CompilerThread2    11538 14225       4       org.jetbrains.kotlin.resolve.OverrideResolver$CollectErrorInformationForInheritedMembersStrategy::toDeprecationStrategy (13 bytes)

VM state: at safepoint (normal execution)

VM Mutex/Monitor currently owned by a thread:  ([mutex/lock_event])
[0x000002378ef6bfb0] Threads_lock - owner thread: 0x000002378f008440
[0x000002378ef6c940] Heap_lock - owner thread: 0x000002378ef705e0

Heap address: 0x000000070a200000, size: 3934 MB, Compressed Oops mode: Zero based, Oop shift amount: 3

CDS archive(s) mapped at: [0x0000000800000000-0x0000000800ba0000-0x0000000800ba0000), size 12189696, SharedBaseAddress: 0x0000000800000000, ArchiveRelocationMode: 0.
Compressed class space mapped at: 0x0000000800c00000-0x0000000840c00000, reserved size: 1073741824
Narrow klass base: 0x0000000800000000, Narrow klass shift: 0, Narrow klass range: 0x100000000

GC Precious Log:
 CardTable entry size: 512
 Card Set container configuration: InlinePtr #cards 4 size 8 Array Of Cards #cards 16 size 48 Howl #buckets 8 coarsen threshold 3686 Howl Bitmap #cards 512 size 80 coarsen threshold 460 Card regions per heap region 1 cards per card region 4096
 CPUs: 12 total, 12 available
 Memory: 15733M
 Large Page Support: Disabled
 NUMA Support: Disabled
 Compressed Oops: Enabled (Zero based)
 Heap Region Size: 2M
 Heap Min Capacity: 8M
 Heap Initial Capacity: 246M
 Heap Max Capacity: 3934M
 Pre-touch: Disabled
 Parallel Workers: 10
 Concurrent Workers: 3
 Concurrent Refinement Workers: 10
 Periodic GC: Disabled

Heap:
 garbage-first heap   total 251904K, used 143825K [0x000000070a200000, 0x0000000800000000)
  region size 2048K, 2 young (4096K), 2 survivors (4096K)
 Metaspace       used 61480K, committed 62336K, reserved 1114112K
  class space    used 6976K, committed 7424K, reserved 1048576K

Heap Regions: E=young(eden), S=young(survivor), O=old, HS=humongous(starts), HC=humongous(continues), CS=collection set, F=free, OA=open archive, CA=closed archive, TAMS=top-at-mark-start (previous, next)
|   0|0x000000070a200000, 0x000000070a400000, 0x000000070a400000|100%|HS|  |TAMS 0x000000070a400000, 0x000000070a400000| Complete 
|   1|0x000000070a400000, 0x000000070a600000, 0x000000070a600000|100%|HC|  |TAMS 0x000000070a600000, 0x000000070a600000| Complete 
|   2|0x000000070a600000, 0x000000070a800000, 0x000000070a800000|100%|HS|  |TAMS 0x000000070a800000, 0x000000070a800000| Complete 
|   3|0x000000070a800000, 0x000000070aa00000, 0x000000070aa00000|100%|HC|  |TAMS 0x000000070aa00000, 0x000000070aa00000| Complete 
|   4|0x000000070aa00000, 0x000000070ac00000, 0x000000070ac00000|100%| O|  |TAMS 0x000000070ac00000, 0x000000070ac00000| Untracked 
|   5|0x000000070ac00000, 0x000000070ae00000, 0x000000070ae00000|100%| O|  |TAMS 0x000000070ae00000, 0x000000070ae00000| Untracked 
|   6|0x000000070ae00000, 0x000000070b000000, 0x000000070b000000|100%| O|  |TAMS 0x000000070b000000, 0x000000070b000000| Untracked 
|   7|0x000000070b000000, 0x000000070b200000, 0x000000070b200000|100%| O|  |TAMS 0x000000070b200000, 0x000000070b200000| Untracked 
|   8|0x000000070b200000, 0x000000070b400000, 0x000000070b400000|100%| O|  |TAMS 0x000000070b400000, 0x000000070b400000| Untracked 
|   9|0x000000070b400000, 0x000000070b600000, 0x000000070b600000|100%| O|  |TAMS 0x000000070b600000, 0x000000070b600000| Untracked 
|  10|0x000000070b600000, 0x000000070b800000, 0x000000070b800000|100%| O|  |TAMS 0x000000070b800000, 0x000000070b800000| Untracked 
|  11|0x000000070b800000, 0x000000070ba00000, 0x000000070ba00000|100%| O|  |TAMS 0x000000070ba00000, 0x000000070ba00000| Untracked 
|  12|0x000000070ba00000, 0x000000070bc00000, 0x000000070bc00000|100%| O|  |TAMS 0x000000070bc00000, 0x000000070bc00000| Untracked 
|  13|0x000000070bc00000, 0x000000070be00000, 0x000000070be00000|100%| O|  |TAMS 0x000000070be00000, 0x000000070be00000| Untracked 
|  14|0x000000070be00000, 0x000000070c000000, 0x000000070c000000|100%| O|  |TAMS 0x000000070c000000, 0x000000070c000000| Untracked 
|  15|0x000000070c000000, 0x000000070c200000, 0x000000070c200000|100%| O|  |TAMS 0x000000070c200000, 0x000000070c200000| Untracked 
|  16|0x000000070c200000, 0x000000070c400000, 0x000000070c400000|100%| O|  |TAMS 0x000000070c400000, 0x000000070c400000| Untracked 
|  17|0x000000070c400000, 0x000000070c600000, 0x000000070c600000|100%| O|  |TAMS 0x000000070c600000, 0x000000070c600000| Untracked 
|  18|0x000000070c600000, 0x000000070c800000, 0x000000070c800000|100%| O|  |TAMS 0x000000070c800000, 0x000000070c800000| Untracked 
|  19|0x000000070c800000, 0x000000070ca00000, 0x000000070ca00000|100%| O|  |TAMS 0x000000070ca00000, 0x000000070ca00000| Untracked 
|  20|0x000000070ca00000, 0x000000070cc00000, 0x000000070cc00000|100%| O|  |TAMS 0x000000070cc00000, 0x000000070cc00000| Untracked 
|  21|0x000000070cc00000, 0x000000070ce00000, 0x000000070ce00000|100%| O|  |TAMS 0x000000070ce00000, 0x000000070ce00000| Untracked 
|  22|0x000000070ce00000, 0x000000070d000000, 0x000000070d000000|100%|HS|  |TAMS 0x000000070d000000, 0x000000070d000000| Complete 
|  23|0x000000070d000000, 0x000000070d200000, 0x000000070d200000|100%| O|  |TAMS 0x000000070d200000, 0x000000070d200000| Untracked 
|  24|0x000000070d200000, 0x000000070d200000, 0x000000070d400000|  0%| F|  |TAMS 0x000000070d200000, 0x000000070d200000| Untracked 
|  25|0x000000070d400000, 0x000000070d600000, 0x000000070d600000|100%| O|  |TAMS 0x000000070d600000, 0x000000070d600000| Untracked 
|  26|0x000000070d600000, 0x000000070d800000, 0x000000070d800000|100%| O|  |TAMS 0x000000070d800000, 0x000000070d800000| Untracked 
|  27|0x000000070d800000, 0x000000070da00000, 0x000000070da00000|100%| O|  |TAMS 0x000000070da00000, 0x000000070da00000| Untracked 
|  28|0x000000070da00000, 0x000000070dc00000, 0x000000070dc00000|100%| O|  |TAMS 0x000000070dc00000, 0x000000070dc00000| Untracked 
|  29|0x000000070dc00000, 0x000000070de00000, 0x000000070de00000|100%| O|  |TAMS 0x000000070de00000, 0x000000070de00000| Untracked 
|  30|0x000000070de00000, 0x000000070e000000, 0x000000070e000000|100%|HS|  |TAMS 0x000000070e000000, 0x000000070e000000| Complete 
|  31|0x000000070e000000, 0x000000070e200000, 0x000000070e200000|100%| O|  |TAMS 0x000000070e200000, 0x000000070e200000| Untracked 
|  32|0x000000070e200000, 0x000000070e400000, 0x000000070e400000|100%| O|  |TAMS 0x000000070e400000, 0x000000070e400000| Untracked 
|  33|0x000000070e400000, 0x000000070e600000, 0x000000070e600000|100%| O|  |TAMS 0x000000070e600000, 0x000000070e600000| Untracked 
|  34|0x000000070e600000, 0x000000070e800000, 0x000000070e800000|100%| O|  |TAMS 0x000000070e800000, 0x000000070e800000| Untracked 
|  35|0x000000070e800000, 0x000000070ea00000, 0x000000070ea00000|100%| O|  |TAMS 0x000000070ea00000, 0x000000070ea00000| Untracked 
|  36|0x000000070ea00000, 0x000000070ec00000, 0x000000070ec00000|100%| O|  |TAMS 0x000000070ec00000, 0x000000070ec00000| Untracked 
|  37|0x000000070ec00000, 0x000000070ee00000, 0x000000070ee00000|100%| O|  |TAMS 0x000000070ee00000, 0x000000070ee00000| Untracked 
|  38|0x000000070ee00000, 0x000000070f000000, 0x000000070f000000|100%| O|  |TAMS 0x000000070f000000, 0x000000070f000000| Untracked 
|  39|0x000000070f000000, 0x000000070f200000, 0x000000070f200000|100%| O|  |TAMS 0x000000070f200000, 0x000000070f200000| Untracked 
|  40|0x000000070f200000, 0x000000070f400000, 0x000000070f400000|100%| O|  |TAMS 0x000000070f400000, 0x000000070f400000| Untracked 
|  41|0x000000070f400000, 0x000000070f600000, 0x000000070f600000|100%| O|  |TAMS 0x000000070f600000, 0x000000070f600000| Untracked 
|  42|0x000000070f600000, 0x000000070f800000, 0x000000070f800000|100%| O|  |TAMS 0x000000070f600000, 0x000000070f800000| Untracked 
|  43|0x000000070f800000, 0x000000070fa00000, 0x000000070fa00000|100%| O|  |TAMS 0x000000070fa00000, 0x000000070fa00000| Untracked 
|  44|0x000000070fa00000, 0x000000070fc00000, 0x000000070fc00000|100%| O|  |TAMS 0x000000070fc00000, 0x000000070fc00000| Untracked 
|  45|0x000000070fc00000, 0x000000070fe00000, 0x000000070fe00000|100%| O|  |TAMS 0x000000070fe00000, 0x000000070fe00000| Untracked 
|  46|0x000000070fe00000, 0x0000000710000000, 0x0000000710000000|100%| O|  |TAMS 0x0000000710000000, 0x0000000710000000| Untracked 
|  47|0x0000000710000000, 0x0000000710200000, 0x0000000710200000|100%| O|  |TAMS 0x0000000710200000, 0x0000000710200000| Untracked 
|  48|0x0000000710200000, 0x0000000710400000, 0x0000000710400000|100%| O|  |TAMS 0x0000000710400000, 0x0000000710400000| Untracked 
|  49|0x0000000710400000, 0x0000000710600000, 0x0000000710600000|100%| O|  |TAMS 0x0000000710600000, 0x0000000710600000| Untracked 
|  50|0x0000000710600000, 0x0000000710800000, 0x0000000710800000|100%| O|  |TAMS 0x0000000710800000, 0x0000000710800000| Untracked 
|  51|0x0000000710800000, 0x0000000710a00000, 0x0000000710a00000|100%| O|  |TAMS 0x0000000710a00000, 0x0000000710a00000| Untracked 
|  52|0x0000000710a00000, 0x0000000710c00000, 0x0000000710c00000|100%| O|  |TAMS 0x0000000710c00000, 0x0000000710c00000| Untracked 
|  53|0x0000000710c00000, 0x0000000710e00000, 0x0000000710e00000|100%| O|  |TAMS 0x0000000710e00000, 0x0000000710e00000| Untracked 
|  54|0x0000000710e00000, 0x0000000711000000, 0x0000000711000000|100%| O|  |TAMS 0x0000000711000000, 0x0000000711000000| Untracked 
|  55|0x0000000711000000, 0x0000000711200000, 0x0000000711200000|100%| O|  |TAMS 0x0000000711200000, 0x0000000711200000| Untracked 
|  56|0x0000000711200000, 0x0000000711400000, 0x0000000711400000|100%| O|  |TAMS 0x0000000711400000, 0x0000000711400000| Untracked 
|  57|0x0000000711400000, 0x0000000711600000, 0x0000000711600000|100%| O|  |TAMS 0x0000000711600000, 0x0000000711600000| Untracked 
|  58|0x0000000711600000, 0x0000000711800000, 0x0000000711800000|100%| O|  |TAMS 0x0000000711800000, 0x0000000711800000| Untracked 
|  59|0x0000000711800000, 0x0000000711a00000, 0x0000000711a00000|100%| O|  |TAMS 0x0000000711a00000, 0x0000000711a00000| Untracked 
|  60|0x0000000711a00000, 0x0000000711c00000, 0x0000000711c00000|100%| O|  |TAMS 0x0000000711c00000, 0x0000000711c00000| Untracked 
|  61|0x0000000711c00000, 0x0000000711e00000, 0x0000000711e00000|100%| O|  |TAMS 0x0000000711e00000, 0x0000000711e00000| Untracked 
|  62|0x0000000711e00000, 0x0000000712000000, 0x0000000712000000|100%| O|  |TAMS 0x0000000711e00000, 0x0000000712000000| Untracked 
|  63|0x0000000712000000, 0x0000000712200000, 0x0000000712200000|100%| O|  |TAMS 0x0000000712000000, 0x0000000712200000| Untracked 
|  64|0x0000000712200000, 0x0000000712400000, 0x0000000712400000|100%| O|  |TAMS 0x0000000712200000, 0x0000000712400000| Untracked 
|  65|0x0000000712400000, 0x0000000712600000, 0x0000000712600000|100%| O|  |TAMS 0x0000000712400000, 0x0000000712600000| Untracked 
|  66|0x0000000712600000, 0x0000000712800000, 0x0000000712800000|100%| O|  |TAMS 0x0000000712600000, 0x0000000712800000| Untracked 
|  67|0x0000000712800000, 0x0000000712a00000, 0x0000000712a00000|100%| O|  |TAMS 0x0000000712800000, 0x0000000712a00000| Untracked 
|  68|0x0000000712a00000, 0x0000000712c00000, 0x0000000712c00000|100%| O|  |TAMS 0x0000000712a00000, 0x0000000712c00000| Untracked 
|  69|0x0000000712c00000, 0x0000000712d91600, 0x0000000712e00000| 78%| O|  |TAMS 0x0000000712c00000, 0x0000000712d91600| Untracked 
|  70|0x0000000712e00000, 0x0000000712e00000, 0x0000000713000000|  0%| F|  |TAMS 0x0000000712e00000, 0x0000000712e00000| Untracked 
|  71|0x0000000713000000, 0x0000000713000000, 0x0000000713200000|  0%| F|  |TAMS 0x0000000713000000, 0x0000000713000000| Untracked 
|  72|0x0000000713200000, 0x0000000713200000, 0x0000000713400000|  0%| F|  |TAMS 0x0000000713200000, 0x0000000713200000| Untracked 
|  73|0x0000000713400000, 0x0000000713400000, 0x0000000713600000|  0%| F|  |TAMS 0x0000000713400000, 0x0000000713400000| Untracked 
|  74|0x0000000713600000, 0x0000000713600000, 0x0000000713800000|  0%| F|  |TAMS 0x0000000713600000, 0x0000000713600000| Untracked 
|  75|0x0000000713800000, 0x0000000713800000, 0x0000000713a00000|  0%| F|  |TAMS 0x0000000713800000, 0x0000000713800000| Untracked 
|  76|0x0000000713a00000, 0x0000000713a00000, 0x0000000713c00000|  0%| F|  |TAMS 0x0000000713a00000, 0x0000000713a00000| Untracked 
|  77|0x0000000713c00000, 0x0000000713c00000, 0x0000000713e00000|  0%| F|  |TAMS 0x0000000713c00000, 0x0000000713c00000| Untracked 
|  78|0x0000000713e00000, 0x0000000713e00000, 0x0000000714000000|  0%| F|  |TAMS 0x0000000713e00000, 0x0000000713e00000| Untracked 
|  79|0x0000000714000000, 0x0000000714000000, 0x0000000714200000|  0%| F|  |TAMS 0x0000000714000000, 0x0000000714000000| Untracked 
|  80|0x0000000714200000, 0x0000000714200000, 0x0000000714400000|  0%| F|  |TAMS 0x0000000714200000, 0x0000000714200000| Untracked 
|  81|0x0000000714400000, 0x0000000714400000, 0x0000000714600000|  0%| F|  |TAMS 0x0000000714400000, 0x0000000714400000| Untracked 
|  82|0x0000000714600000, 0x0000000714600000, 0x0000000714800000|  0%| F|  |TAMS 0x0000000714600000, 0x0000000714600000| Untracked 
|  83|0x0000000714800000, 0x0000000714800000, 0x0000000714a00000|  0%| F|  |TAMS 0x0000000714800000, 0x0000000714800000| Untracked 
|  84|0x0000000714a00000, 0x0000000714a00000, 0x0000000714c00000|  0%| F|  |TAMS 0x0000000714a00000, 0x0000000714a00000| Untracked 
|  85|0x0000000714c00000, 0x0000000714c00000, 0x0000000714e00000|  0%| F|  |TAMS 0x0000000714c00000, 0x0000000714c00000| Untracked 
|  86|0x0000000714e00000, 0x0000000714e00000, 0x0000000715000000|  0%| F|  |TAMS 0x0000000714e00000, 0x0000000714e00000| Untracked 
|  87|0x0000000715000000, 0x0000000715000000, 0x0000000715200000|  0%| F|  |TAMS 0x0000000715000000, 0x0000000715000000| Untracked 
|  88|0x0000000715200000, 0x0000000715200000, 0x0000000715400000|  0%| F|  |TAMS 0x0000000715200000, 0x0000000715200000| Untracked 
|  89|0x0000000715400000, 0x0000000715400000, 0x0000000715600000|  0%| F|  |TAMS 0x0000000715400000, 0x0000000715400000| Untracked 
|  90|0x0000000715600000, 0x0000000715600000, 0x0000000715800000|  0%| F|  |TAMS 0x0000000715600000, 0x0000000715600000| Untracked 
|  91|0x0000000715800000, 0x00000007158e3170, 0x0000000715a00000| 44%| S|CS|TAMS 0x0000000715800000, 0x0000000715800000| Complete 
|  92|0x0000000715a00000, 0x0000000715c00000, 0x0000000715c00000|100%| S|CS|TAMS 0x0000000715a00000, 0x0000000715a00000| Complete 
|  93|0x0000000715c00000, 0x0000000715c00000, 0x0000000715e00000|  0%| F|  |TAMS 0x0000000715c00000, 0x0000000715c00000| Untracked 
|  94|0x0000000715e00000, 0x0000000715e00000, 0x0000000716000000|  0%| F|  |TAMS 0x0000000715e00000, 0x0000000715e00000| Untracked 
|  95|0x0000000716000000, 0x0000000716000000, 0x0000000716200000|  0%| F|  |TAMS 0x0000000716000000, 0x0000000716000000| Untracked 
|  96|0x0000000716200000, 0x0000000716200000, 0x0000000716400000|  0%| F|  |TAMS 0x0000000716200000, 0x0000000716200000| Untracked 
|  97|0x0000000716400000, 0x0000000716400000, 0x0000000716600000|  0%| F|  |TAMS 0x0000000716400000, 0x0000000716400000| Untracked 
|  98|0x0000000716600000, 0x0000000716600000, 0x0000000716800000|  0%| F|  |TAMS 0x0000000716600000, 0x0000000716600000| Untracked 
|  99|0x0000000716800000, 0x0000000716800000, 0x0000000716a00000|  0%| F|  |TAMS 0x0000000716800000, 0x0000000716800000| Untracked 
| 100|0x0000000716a00000, 0x0000000716a00000, 0x0000000716c00000|  0%| F|  |TAMS 0x0000000716a00000, 0x0000000716a00000| Untracked 
| 101|0x0000000716c00000, 0x0000000716c00000, 0x0000000716e00000|  0%| F|  |TAMS 0x0000000716c00000, 0x0000000716c00000| Untracked 
| 102|0x0000000716e00000, 0x0000000716e00000, 0x0000000717000000|  0%| F|  |TAMS 0x0000000716e00000, 0x0000000716e00000| Untracked 
| 103|0x0000000717000000, 0x0000000717000000, 0x0000000717200000|  0%| F|  |TAMS 0x0000000717000000, 0x0000000717000000| Untracked 
| 104|0x0000000717200000, 0x0000000717200000, 0x0000000717400000|  0%| F|  |TAMS 0x0000000717200000, 0x0000000717200000| Untracked 
| 105|0x0000000717400000, 0x0000000717400000, 0x0000000717600000|  0%| F|  |TAMS 0x0000000717400000, 0x0000000717400000| Untracked 
| 106|0x0000000717600000, 0x0000000717600000, 0x0000000717800000|  0%| F|  |TAMS 0x0000000717600000, 0x0000000717600000| Untracked 
| 107|0x0000000717800000, 0x0000000717800000, 0x0000000717a00000|  0%| F|  |TAMS 0x0000000717800000, 0x0000000717800000| Untracked 
| 108|0x0000000717a00000, 0x0000000717a00000, 0x0000000717c00000|  0%| F|  |TAMS 0x0000000717a00000, 0x0000000717a00000| Untracked 
| 109|0x0000000717c00000, 0x0000000717c00000, 0x0000000717e00000|  0%| F|  |TAMS 0x0000000717c00000, 0x0000000717c00000| Untracked 
| 110|0x0000000717e00000, 0x0000000717e00000, 0x0000000718000000|  0%| F|  |TAMS 0x0000000717e00000, 0x0000000717e00000| Untracked 
| 111|0x0000000718000000, 0x0000000718000000, 0x0000000718200000|  0%| F|  |TAMS 0x0000000718000000, 0x0000000718000000| Untracked 
| 112|0x0000000718200000, 0x0000000718200000, 0x0000000718400000|  0%| F|  |TAMS 0x0000000718200000, 0x0000000718200000| Untracked 
| 113|0x0000000718400000, 0x0000000718400000, 0x0000000718600000|  0%| F|  |TAMS 0x0000000718400000, 0x0000000718400000| Untracked 
| 114|0x0000000718600000, 0x0000000718600000, 0x0000000718800000|  0%| F|  |TAMS 0x0000000718600000, 0x0000000718600000| Untracked 
| 115|0x0000000718800000, 0x0000000718800000, 0x0000000718a00000|  0%| F|  |TAMS 0x0000000718800000, 0x0000000718800000| Untracked 
| 116|0x0000000718a00000, 0x0000000718a00000, 0x0000000718c00000|  0%| F|  |TAMS 0x0000000718a00000, 0x0000000718a00000| Untracked 
| 117|0x0000000718c00000, 0x0000000718c00000, 0x0000000718e00000|  0%| F|  |TAMS 0x0000000718c00000, 0x0000000718c00000| Untracked 
| 118|0x0000000718e00000, 0x0000000718e00000, 0x0000000719000000|  0%| F|  |TAMS 0x0000000718e00000, 0x0000000718e00000| Untracked 
| 119|0x0000000719000000, 0x0000000719000000, 0x0000000719200000|  0%| F|  |TAMS 0x0000000719000000, 0x0000000719000000| Untracked 
| 120|0x0000000719200000, 0x0000000719200000, 0x0000000719400000|  0%| F|  |TAMS 0x0000000719200000, 0x0000000719200000| Untracked 
| 121|0x0000000719400000, 0x0000000719400000, 0x0000000719600000|  0%| F|  |TAMS 0x0000000719400000, 0x0000000719400000| Untracked 
| 122|0x0000000719600000, 0x0000000719600000, 0x0000000719800000|  0%| F|  |TAMS 0x0000000719600000, 0x0000000719600000| Untracked 

Card table byte_map: [0x00000237a84c0000,0x00000237a8c70000] _byte_map_base: 0x00000237a4c6f000

Marking Bits (Prev, Next): (CMBitMap*) 0x000002378efdd370, (CMBitMap*) 0x000002378efdd330
 Prev Bits: [0x00000237ad1a0000, 0x00000237b0f18000)
 Next Bits: [0x00000237a9420000, 0x00000237ad198000)

Polling page: 0x000002378f040000

Metaspace:

Usage:
  Non-class:     53.23 MB used.
      Class:      6.81 MB used.
       Both:     60.04 MB used.

Virtual space:
  Non-class space:       64.00 MB reserved,      53.62 MB ( 84%) committed,  1 nodes.
      Class space:        1.00 GB reserved,       7.25 MB ( <1%) committed,  1 nodes.
             Both:        1.06 GB reserved,      60.88 MB (  6%) committed. 

Chunk freelists:
   Non-Class:  1.52 MB
       Class:  806.00 KB
        Both:  2.30 MB

MaxMetaspaceSize: unlimited
CompressedClassSpaceSize: 1.00 GB
Initial GC threshold: 21.00 MB
Current GC threshold: 100.00 MB
CDS: on
MetaspaceReclaimPolicy: balanced
 - commit_granule_bytes: 65536.
 - commit_granule_words: 8192.
 - virtual_space_node_default_size: 8388608.
 - enlarge_chunks_in_place: 1.
 - new_chunks_are_fully_committed: 0.
 - uncommit_free_chunks: 1.
 - use_allocation_guard: 0.


Internal statistics:

num_allocs_failed_limit: 6.
num_arena_births: 1342.
num_arena_deaths: 0.
num_vsnodes_births: 2.
num_vsnodes_deaths: 0.
num_space_committed: 972.
num_space_uncommitted: 0.
num_chunks_returned_to_freelist: 6.
num_chunks_taken_from_freelist: 3823.
num_chunk_merges: 6.
num_chunk_splits: 2775.
num_chunks_enlarged: 2097.
num_inconsistent_stats: 0.

CodeHeap 'non-profiled nmethods': size=120000Kb used=7745Kb max_used=7745Kb free=112254Kb
 bounds [0x000002379fb60000, 0x00000237a0300000, 0x00000237a7090000]
CodeHeap 'profiled nmethods': size=120000Kb used=31528Kb max_used=31738Kb free=88471Kb
 bounds [0x0000023798630000, 0x000002379a560000, 0x000002379fb60000]
CodeHeap 'non-nmethods': size=5760Kb used=1337Kb max_used=1407Kb free=4422Kb
 bounds [0x0000023798090000, 0x0000023798300000, 0x0000023798630000]
 total_blobs=11938 nmethods=11298 adapters=548
 compilation: enabled
              stopped_count=0, restarted_count=0
 full_count=0

Compilation events (20 events):
Event: 11.500 Thread 0x00000237b3bd3d70 14218       3       org.jetbrains.kotlin.contracts.parsing.PsiContractsUtilsKt::isEqualsDescriptor (138 bytes)
Event: 11.502 Thread 0x00000237b3bd3d70 nmethod 14218 0x0000023799ff6a90 code [0x0000023799ff6fe0, 0x0000023799ff9c28]
Event: 11.503 Thread 0x00000237b3bd3d70 14219       3       org.jetbrains.kotlin.psi.KtValueArgument::accept (15 bytes)
Event: 11.503 Thread 0x00000237b81c37e0 nmethod 14174 0x00000237a02eb110 code [0x00000237a02eb3a0, 0x00000237a02ed268]
Event: 11.503 Thread 0x00000237b3bd3d70 nmethod 14219 0x00000237993ca210 code [0x00000237993ca3c0, 0x00000237993ca638]
Event: 11.503 Thread 0x00000237b3bd3d70 14220       3       org.jetbrains.kotlin.psi.KtVisitor::visitArgument (16 bytes)
Event: 11.503 Thread 0x00000237b81c37e0 14208       4       org.jetbrains.kotlin.com.google.common.collect.AbstractListMultimap::wrapCollection (11 bytes)
Event: 11.503 Thread 0x00000237b3bd3d70 nmethod 14220 0x00000237998ab090 code [0x00000237998ab240, 0x00000237998ab498]
Event: 11.504 Thread 0x00000237b81c37e0 nmethod 14208 0x00000237a02ee610 code [0x00000237a02ee7a0, 0x00000237a02ee8d8]
Event: 11.504 Thread 0x00000237b81c37e0 14209       4       org.jetbrains.kotlin.com.google.common.collect.AbstractMapBasedMultimap::wrapList (33 bytes)
Event: 11.505 Thread 0x00000237b81c37e0 nmethod 14209 0x00000237a02eea10 code [0x00000237a02eeba0, 0x00000237a02eed18]
Event: 11.507 Thread 0x00000237b92a7b20 nmethod 14204 0x00000237a02eee90 code [0x00000237a02ef0e0, 0x00000237a02ef8f0]
Event: 11.507 Thread 0x00000237b3bd3d70 14221       3       org.jetbrains.kotlin.resolve.calls.util.ResolvedCallUtilKt::makeNullableTypeIfSafeReceiver (36 bytes)
Event: 11.508 Thread 0x00000237b3bd3d70 nmethod 14221 0x0000023799ff5190 code [0x0000023799ff54c0, 0x0000023799ff64f8]
Event: 11.509 Thread 0x00000237b3bd3d70 14222       3       org.jetbrains.kotlin.resolve.calls.inference.components.ConstraintInjector$TypeCheckerStateForConstraintInjector::runIsSubtypeOf$isSubtypeOf (21 bytes)
Event: 11.509 Thread 0x00000237b3bd3d70 nmethod 14222 0x0000023799ff4710 code [0x0000023799ff4920, 0x0000023799ff4f18]
Event: 11.512 Thread 0x00000237b81c37e0 14223       4       kotlin.collections.CollectionsKt___CollectionsKt::firstOrNull (63 bytes)
Event: 11.514 Thread 0x00000237b81c37e0 nmethod 14223 0x00000237a02f0190 code [0x00000237a02f0340, 0x00000237a02f0528]
Event: 11.514 Thread 0x00000237b81c37e0 14224       4       org.jetbrains.kotlin.resolve.OverrideResolver$Companion::checkMissingOverridesByJava8Restrictions (347 bytes)
Event: 11.514 Thread 0x00000237b92a7b20 14225       4       org.jetbrains.kotlin.resolve.OverrideResolver$CollectErrorInformationForInheritedMembersStrategy::toDeprecationStrategy (13 bytes)

GC Heap History (20 events):
Event: 7.738 GC heap after
{Heap after GC invocations=23 (full 0):
 garbage-first heap   total 163840K, used 100352K [0x000000070a200000, 0x0000000800000000)
  region size 2048K, 3 young (6144K), 3 survivors (6144K)
 Metaspace       used 55570K, committed 56384K, reserved 1114112K
  class space    used 6308K, committed 6720K, reserved 1048576K
}
Event: 8.217 GC heap before
{Heap before GC invocations=23 (full 0):
 garbage-first heap   total 163840K, used 129024K [0x000000070a200000, 0x0000000800000000)
  region size 2048K, 17 young (34816K), 3 survivors (6144K)
 Metaspace       used 57768K, committed 58560K, reserved 1114112K
  class space    used 6603K, committed 7040K, reserved 1048576K
}
Event: 8.232 GC heap after
{Heap after GC invocations=24 (full 0):
 garbage-first heap   total 163840K, used 106491K [0x000000070a200000, 0x0000000800000000)
  region size 2048K, 3 young (6144K), 3 survivors (6144K)
 Metaspace       used 57768K, committed 58560K, reserved 1114112K
  class space    used 6603K, committed 7040K, reserved 1048576K
}
Event: 8.600 GC heap before
{Heap before GC invocations=25 (full 0):
 garbage-first heap   total 192512K, used 131067K [0x000000070a200000, 0x0000000800000000)
  region size 2048K, 15 young (30720K), 3 survivors (6144K)
 Metaspace       used 59418K, committed 60288K, reserved 1114112K
  class space    used 6852K, committed 7296K, reserved 1048576K
}
Event: 8.608 GC heap after
{Heap after GC invocations=26 (full 0):
 garbage-first heap   total 192512K, used 110081K [0x000000070a200000, 0x0000000800000000)
  region size 2048K, 2 young (4096K), 2 survivors (4096K)
 Metaspace       used 59418K, committed 60288K, reserved 1114112K
  class space    used 6852K, committed 7296K, reserved 1048576K
}
Event: 8.708 GC heap before
{Heap before GC invocations=26 (full 0):
 garbage-first heap   total 192512K, used 114177K [0x000000070a200000, 0x0000000800000000)
  region size 2048K, 4 young (8192K), 2 survivors (4096K)
 Metaspace       used 59499K, committed 60352K, reserved 1114112K
  class space    used 6859K, committed 7296K, reserved 1048576K
}
Event: 8.713 GC heap after
{Heap after GC invocations=27 (full 0):
 garbage-first heap   total 192512K, used 109564K [0x000000070a200000, 0x0000000800000000)
  region size 2048K, 1 young (2048K), 1 survivors (2048K)
 Metaspace       used 59499K, committed 60352K, reserved 1114112K
  class space    used 6859K, committed 7296K, reserved 1048576K
}
Event: 9.167 GC heap before
{Heap before GC invocations=27 (full 0):
 garbage-first heap   total 192512K, used 148476K [0x000000070a200000, 0x0000000800000000)
  region size 2048K, 20 young (40960K), 1 survivors (2048K)
 Metaspace       used 59904K, committed 60736K, reserved 1114112K
  class space    used 6898K, committed 7360K, reserved 1048576K
}
Event: 9.174 GC heap after
{Heap after GC invocations=28 (full 0):
 garbage-first heap   total 231424K, used 115538K [0x000000070a200000, 0x0000000800000000)
  region size 2048K, 3 young (6144K), 3 survivors (6144K)
 Metaspace       used 59904K, committed 60736K, reserved 1114112K
  class space    used 6898K, committed 7360K, reserved 1048576K
}
Event: 9.842 GC heap before
{Heap before GC invocations=29 (full 0):
 garbage-first heap   total 231424K, used 174930K [0x000000070a200000, 0x0000000800000000)
  region size 2048K, 32 young (65536K), 3 survivors (6144K)
 Metaspace       used 60284K, committed 61120K, reserved 1114112K
  class space    used 6902K, committed 7360K, reserved 1048576K
}
Event: 9.857 GC heap after
{Heap after GC invocations=30 (full 0):
 garbage-first heap   total 231424K, used 125440K [0x000000070a200000, 0x0000000800000000)
  region size 2048K, 4 young (8192K), 4 survivors (8192K)
 Metaspace       used 60284K, committed 61120K, reserved 1114112K
  class space    used 6902K, committed 7360K, reserved 1048576K
}
Event: 9.882 GC heap before
{Heap before GC invocations=30 (full 0):
 garbage-first heap   total 231424K, used 127488K [0x000000070a200000, 0x0000000800000000)
  region size 2048K, 5 young (10240K), 4 survivors (8192K)
 Metaspace       used 60291K, committed 61120K, reserved 1114112K
  class space    used 6902K, committed 7360K, reserved 1048576K
}
Event: 9.888 GC heap after
{Heap after GC invocations=31 (full 0):
 garbage-first heap   total 231424K, used 126402K [0x000000070a200000, 0x0000000800000000)
  region size 2048K, 1 young (2048K), 1 survivors (2048K)
 Metaspace       used 60291K, committed 61120K, reserved 1114112K
  class space    used 6902K, committed 7360K, reserved 1048576K
}
Event: 10.353 GC heap before
{Heap before GC invocations=31 (full 0):
 garbage-first heap   total 231424K, used 177602K [0x000000070a200000, 0x0000000800000000)
  region size 2048K, 26 young (53248K), 1 survivors (2048K)
 Metaspace       used 60575K, committed 61376K, reserved 1114112K
  class space    used 6909K, committed 7360K, reserved 1048576K
}
Event: 10.361 GC heap after
{Heap after GC invocations=32 (full 0):
 garbage-first heap   total 231424K, used 134821K [0x000000070a200000, 0x0000000800000000)
  region size 2048K, 4 young (8192K), 4 survivors (8192K)
 Metaspace       used 60575K, committed 61376K, reserved 1114112K
  class space    used 6909K, committed 7360K, reserved 1048576K
}
Event: 10.832 GC heap before
{Heap before GC invocations=33 (full 0):
 garbage-first heap   total 243712K, used 181925K [0x000000070a200000, 0x0000000800000000)
  region size 2048K, 27 young (55296K), 4 survivors (8192K)
 Metaspace       used 61072K, committed 61952K, reserved 1114112K
  class space    used 6963K, committed 7424K, reserved 1048576K
}
Event: 10.841 GC heap after
{Heap after GC invocations=34 (full 0):
 garbage-first heap   total 243712K, used 141916K [0x000000070a200000, 0x0000000800000000)
  region size 2048K, 4 young (8192K), 4 survivors (8192K)
 Metaspace       used 61072K, committed 61952K, reserved 1114112K
  class space    used 6963K, committed 7424K, reserved 1048576K
}
Event: 10.843 GC heap before
{Heap before GC invocations=34 (full 0):
 garbage-first heap   total 243712K, used 143964K [0x000000070a200000, 0x0000000800000000)
  region size 2048K, 5 young (10240K), 4 survivors (8192K)
 Metaspace       used 61072K, committed 61952K, reserved 1114112K
  class space    used 6963K, committed 7424K, reserved 1048576K
}
Event: 10.850 GC heap after
{Heap after GC invocations=35 (full 0):
 garbage-first heap   total 243712K, used 141388K [0x000000070a200000, 0x0000000800000000)
  region size 2048K, 1 young (2048K), 1 survivors (2048K)
 Metaspace       used 61072K, committed 61952K, reserved 1114112K
  class space    used 6963K, committed 7424K, reserved 1048576K
}
Event: 11.516 GC heap before
{Heap before GC invocations=35 (full 0):
 garbage-first heap   total 243712K, used 192588K [0x000000070a200000, 0x0000000800000000)
  region size 2048K, 26 young (53248K), 1 survivors (2048K)
 Metaspace       used 61480K, committed 62336K, reserved 1114112K
  class space    used 6976K, committed 7424K, reserved 1048576K
}

Deoptimization events (20 events):
Event: 11.464 Thread 0x000002378ef705e0 Uncommon trap: trap_request=0xffffffde fr.pc=0x00000237a00c15a4 relative=0x0000000000000f04
Event: 11.464 Thread 0x000002378ef705e0 Uncommon trap: reason=class_check action=maybe_recompile pc=0x00000237a00c15a4 method=org.jetbrains.kotlin.load.java.lazy.descriptors.LazyJavaClassMemberScope.computeImplicitlyDeclaredFunctions(Ljava/util/Collection;Lorg/jetbrains/kotlin/name/Name;)V @ 18
Event: 11.464 Thread 0x000002378ef705e0 DEOPT PACKING pc=0x00000237a00c15a4 sp=0x000000ddd78f8180
Event: 11.464 Thread 0x000002378ef705e0 DEOPT UNPACKING pc=0x00000237980e23a3 sp=0x000000ddd78f8048 mode 2
Event: 11.514 Thread 0x000002378ef705e0 Uncommon trap: trap_request=0xffffffc6 fr.pc=0x00000237a0231958 relative=0x0000000000002f78
Event: 11.514 Thread 0x000002378ef705e0 Uncommon trap: reason=bimorphic_or_optimized_type_check action=maybe_recompile pc=0x00000237a0231958 method=org.jetbrains.kotlin.resolve.OverrideResolver$Companion.checkMissingOverridesByJava8Restrictions(Ljava/util/Set;Lorg/jetbrains/kotlin/resolve/Overr
Event: 11.514 Thread 0x000002378ef705e0 DEOPT PACKING pc=0x00000237a0231958 sp=0x000000ddd78fe5e0
Event: 11.514 Thread 0x000002378ef705e0 DEOPT UNPACKING pc=0x00000237980e23a3 sp=0x000000ddd78fe5a0 mode 2
Event: 11.514 Thread 0x000002378ef705e0 Uncommon trap: trap_request=0xffffffc6 fr.pc=0x00000237a0231958 relative=0x0000000000002f78
Event: 11.514 Thread 0x000002378ef705e0 Uncommon trap: reason=bimorphic_or_optimized_type_check action=maybe_recompile pc=0x00000237a0231958 method=org.jetbrains.kotlin.resolve.OverrideResolver$Companion.checkMissingOverridesByJava8Restrictions(Ljava/util/Set;Lorg/jetbrains/kotlin/resolve/Overr
Event: 11.514 Thread 0x000002378ef705e0 DEOPT PACKING pc=0x00000237a0231958 sp=0x000000ddd78fe5e0
Event: 11.514 Thread 0x000002378ef705e0 DEOPT UNPACKING pc=0x00000237980e23a3 sp=0x000000ddd78fe5a0 mode 2
Event: 11.514 Thread 0x000002378ef705e0 Uncommon trap: trap_request=0xffffffc6 fr.pc=0x00000237a0231958 relative=0x0000000000002f78
Event: 11.514 Thread 0x000002378ef705e0 Uncommon trap: reason=bimorphic_or_optimized_type_check action=maybe_recompile pc=0x00000237a0231958 method=org.jetbrains.kotlin.resolve.OverrideResolver$Companion.checkMissingOverridesByJava8Restrictions(Ljava/util/Set;Lorg/jetbrains/kotlin/resolve/Overr
Event: 11.514 Thread 0x000002378ef705e0 DEOPT PACKING pc=0x00000237a0231958 sp=0x000000ddd78fe5e0
Event: 11.514 Thread 0x000002378ef705e0 DEOPT UNPACKING pc=0x00000237980e23a3 sp=0x000000ddd78fe5a0 mode 2
Event: 11.514 Thread 0x000002378ef705e0 Uncommon trap: trap_request=0xffffffc6 fr.pc=0x00000237a0231958 relative=0x0000000000002f78
Event: 11.514 Thread 0x000002378ef705e0 Uncommon trap: reason=bimorphic_or_optimized_type_check action=maybe_recompile pc=0x00000237a0231958 method=org.jetbrains.kotlin.resolve.OverrideResolver$Companion.checkMissingOverridesByJava8Restrictions(Ljava/util/Set;Lorg/jetbrains/kotlin/resolve/Overr
Event: 11.514 Thread 0x000002378ef705e0 DEOPT PACKING pc=0x00000237a0231958 sp=0x000000ddd78fe5e0
Event: 11.514 Thread 0x000002378ef705e0 DEOPT UNPACKING pc=0x00000237980e23a3 sp=0x000000ddd78fe5a0 mode 2

Classes loaded (20 events):
Event: 4.052 Loading class java/util/stream/Node$OfDouble done
Event: 4.052 Loading class java/util/stream/Nodes$EmptyNode$OfDouble done
Event: 4.052 Loading class java/util/stream/Nodes$SpinedNodeBuilder
Event: 4.052 Loading class java/util/stream/Node$Builder
Event: 4.052 Loading class java/util/stream/Node$Builder done
Event: 4.052 Loading class java/util/stream/SpinedBuffer
Event: 4.053 Loading class java/util/stream/AbstractSpinedBuffer
Event: 4.053 Loading class java/util/stream/AbstractSpinedBuffer done
Event: 4.053 Loading class java/util/stream/SpinedBuffer done
Event: 4.053 Loading class java/util/stream/Nodes$SpinedNodeBuilder done
Event: 4.234 Loading class java/util/concurrent/locks/AbstractQueuedSynchronizer$Node
Event: 4.234 Loading class java/util/concurrent/locks/AbstractQueuedSynchronizer$Node done
Event: 4.501 Loading class java/util/RegularEnumSet$EnumSetIterator
Event: 4.501 Loading class java/util/RegularEnumSet$EnumSetIterator done
Event: 8.171 Loading class jdk/internal/math/FDBigInteger
Event: 8.171 Loading class jdk/internal/math/FDBigInteger done
Event: 8.980 Loading class java/util/regex/Pattern$Bound
Event: 8.980 Loading class java/util/regex/Pattern$Bound done
Event: 8.980 Loading class java/util/regex/Pattern$NotBehind
Event: 8.980 Loading class java/util/regex/Pattern$NotBehind done

Classes unloaded (0 events):
No events

Classes redefined (0 events):
No events

Internal exceptions (20 events):
Event: 5.062 Thread 0x000002378ef705e0 Implicit null exception at 0x000002379ff23101 to 0x000002379ff2369c
Event: 5.088 Thread 0x000002378ef705e0 Exception <a 'java/lang/NoSuchMethodError'{0x0000000716189a60}: 'java.lang.Object java.lang.invoke.Invokers$Holder.linkToTargetMethod(java.lang.Object, java.lang.Object, java.lang.Object, java.lang.Object, java.lang.Object, java.lang.Object, java.lang.Object, java.lang.Object)'> (0x0000000716189a60) 
thrown [s\open\src\hotspot\share\interpreter\linkResolver.cpp, line 759]
Event: 5.176 Thread 0x000002378ef705e0 Implicit null exception at 0x000002379fdf6cb1 to 0x000002379fdf70c8
Event: 5.413 Thread 0x000002378ef705e0 Implicit null exception at 0x000002379fc2d16b to 0x000002379fc2d348
Event: 5.821 Thread 0x000002378ef705e0 Exception <a 'java/lang/NoSuchMethodError'{0x00000007120e2fd8}: 'java.lang.Object java.lang.invoke.DirectMethodHandle$Holder.invokeStatic(java.lang.Object, int, java.lang.Object)'> (0x00000007120e2fd8) 
thrown [s\open\src\hotspot\share\interpreter\linkResolver.cpp, line 759]
Event: 6.320 Thread 0x000002378ef705e0 Implicit null exception at 0x000002379ff03b37 to 0x000002379ff03fb0
Event: 7.814 Thread 0x000002378ef705e0 Exception <a 'java/lang/NoSuchMethodError'{0x0000000715f84e90}: 'java.lang.Object java.lang.invoke.DirectMethodHandle$Holder.invokeSpecial(java.lang.Object, java.lang.Object, int, java.lang.Object, java.lang.Object)'> (0x0000000715f84e90) 
thrown [s\open\src\hotspot\share\interpreter\linkResolver.cpp, line 759]
Event: 7.918 Thread 0x000002378ef705e0 Exception <a 'java/lang/NoSuchMethodError'{0x0000000715ab8dc8}: 'java.lang.Object java.lang.invoke.DirectMethodHandle$Holder.invokeStaticInit(java.lang.Object, java.lang.Object, java.lang.Object)'> (0x0000000715ab8dc8) 
thrown [s\open\src\hotspot\share\interpreter\linkResolver.cpp, line 759]
Event: 7.923 Thread 0x000002378ef705e0 Exception <a 'java/lang/NoSuchMethodError'{0x0000000715ae9288}: 'java.lang.Object java.lang.invoke.DirectMethodHandle$Holder.invokeStatic(java.lang.Object, int, java.lang.Object, java.lang.Object)'> (0x0000000715ae9288) 
thrown [s\open\src\hotspot\share\interpreter\linkResolver.cpp, line 759]
Event: 7.924 Thread 0x000002378ef705e0 Exception <a 'java/lang/NoSuchMethodError'{0x0000000715af1580}: 'java.lang.Object java.lang.invoke.DirectMethodHandle$Holder.newInvokeSpecial(java.lang.Object, int, java.lang.Object)'> (0x0000000715af1580) 
thrown [s\open\src\hotspot\share\interpreter\linkResolver.cpp, line 759]
Event: 8.122 Thread 0x000002378ef705e0 Exception <a 'java/lang/NoSuchMethodError'{0x0000000712afb6a8}: 'int java.lang.invoke.DirectMethodHandle$Holder.invokeVirtual(java.lang.Object, java.lang.Object, java.lang.Object)'> (0x0000000712afb6a8) 
thrown [s\open\src\hotspot\share\interpreter\linkResolver.cpp, line 759]
Event: 8.162 Thread 0x000002378ef705e0 Exception <a 'java/lang/NoSuchMethodError'{0x00000007128c61c8}: 'void java.lang.invoke.DirectMethodHandle$Holder.invokeSpecial(java.lang.Object, java.lang.Object, int, java.lang.Object)'> (0x00000007128c61c8) 
thrown [s\open\src\hotspot\share\interpreter\linkResolver.cpp, line 759]
Event: 8.428 Thread 0x000002378ef705e0 Exception <a 'java/lang/IncompatibleClassChangeError'{0x0000000714eb4440}: Found class java.lang.Object, but interface was expected> (0x0000000714eb4440) 
thrown [s\open\src\hotspot\share\interpreter\linkResolver.cpp, line 826]
Event: 8.490 Thread 0x000002378ef705e0 Implicit null exception at 0x000002379fb80452 to 0x000002379fb8095c
Event: 8.509 Thread 0x000002378ef705e0 Exception <a 'java/lang/NoSuchMethodError'{0x0000000714d74000}: 'java.lang.Object java.lang.invoke.DirectMethodHandle$Holder.invokeInterface(java.lang.Object, java.lang.Object, java.lang.Object)'> (0x0000000714d74000) 
thrown [s\open\src\hotspot\share\interpreter\linkResolver.cpp, line 759]
Event: 8.509 Thread 0x000002378ef705e0 Exception <a 'java/lang/IncompatibleClassChangeError'{0x0000000714d77c10}: Found class java.lang.Object, but interface was expected> (0x0000000714d77c10) 
thrown [s\open\src\hotspot\share\interpreter\linkResolver.cpp, line 826]
Event: 8.518 Thread 0x000002378ef705e0 Implicit null exception at 0x000002379fb81c52 to 0x000002379fb82150
Event: 8.921 Thread 0x000002378ef705e0 Exception <a 'java/lang/NoSuchMethodError'{0x0000000714c53ca8}: 'int java.lang.invoke.DirectMethodHandle$Holder.invokeStaticInit(java.lang.Object, int)'> (0x0000000714c53ca8) 
thrown [s\open\src\hotspot\share\interpreter\linkResolver.cpp, line 759]
Event: 10.261 Thread 0x000002378ef705e0 Implicit null exception at 0x000002379fea43d7 to 0x000002379fea4864
Event: 10.793 Thread 0x000002378ef705e0 Exception <a 'java/lang/NoSuchMethodError'{0x000000071675e300}: 'java.lang.Object java.lang.invoke.Invokers$Holder.linkToTargetMethod(java.lang.Object, java.lang.Object, java.lang.Object, java.lang.Object, java.lang.Object, java.lang.Object, java.lang.Object)'> (0x000000071675e300) 
thrown [s\open\src\hotspot\share\interpreter\linkResolver.cpp, line 759]

VM Operations (20 events):
Event: 10.710 Executing VM operation: ICBufferFull done
Event: 10.723 Executing VM operation: HandshakeAllThreads
Event: 10.723 Executing VM operation: HandshakeAllThreads done
Event: 10.788 Executing VM operation: HandshakeAllThreads
Event: 10.788 Executing VM operation: HandshakeAllThreads done
Event: 10.791 Executing VM operation: HandshakeAllThreads
Event: 10.791 Executing VM operation: HandshakeAllThreads done
Event: 10.812 Executing VM operation: HandshakeAllThreads
Event: 10.812 Executing VM operation: HandshakeAllThreads done
Event: 10.822 Executing VM operation: ICBufferFull
Event: 10.822 Executing VM operation: ICBufferFull done
Event: 10.832 Executing VM operation: G1CollectForAllocation
Event: 10.841 Executing VM operation: G1CollectForAllocation done
Event: 10.843 Executing VM operation: G1CollectForAllocation
Event: 10.850 Executing VM operation: G1CollectForAllocation done
Event: 11.122 Executing VM operation: ICBufferFull
Event: 11.122 Executing VM operation: ICBufferFull done
Event: 11.335 Executing VM operation: ICBufferFull
Event: 11.336 Executing VM operation: ICBufferFull done
Event: 11.516 Executing VM operation: G1CollectForAllocation

Events (20 events):
Event: 10.743 Thread 0x00000237b3bd6760 flushing nmethod 0x000002379a0e2890
Event: 10.744 Thread 0x00000237b3bd6760 flushing nmethod 0x000002379a15b690
Event: 10.744 Thread 0x00000237b3bd6760 flushing nmethod 0x000002379a19f910
Event: 10.744 Thread 0x00000237b3bd6760 flushing nmethod 0x000002379a1aa790
Event: 10.744 Thread 0x00000237b3bd6760 flushing nmethod 0x000002379a202a10
Event: 10.744 Thread 0x00000237b3bd6760 flushing nmethod 0x000002379a20df10
Event: 10.744 Thread 0x00000237b3bd6760 flushing nmethod 0x000002379a20e410
Event: 10.744 Thread 0x00000237b3bd6760 flushing nmethod 0x000002379a223a90
Event: 10.745 Thread 0x00000237b3bd6760 flushing nmethod 0x000002379a2dd110
Event: 10.745 Thread 0x00000237b3bd6760 flushing nmethod 0x000002379a301a10
Event: 10.745 Thread 0x00000237b3bd6760 flushing nmethod 0x000002379a321510
Event: 10.745 Thread 0x00000237b3bd6760 flushing nmethod 0x000002379a334490
Event: 10.745 Thread 0x00000237b3bd6760 flushing nmethod 0x000002379a33a810
Event: 10.745 Thread 0x00000237b3bd6760 flushing nmethod 0x000002379a33b910
Event: 10.745 Thread 0x00000237b3bd6760 flushing nmethod 0x000002379a33fd90
Event: 10.745 Thread 0x00000237b3bd6760 flushing nmethod 0x000002379a357890
Event: 10.745 Thread 0x00000237b3bd6760 flushing nmethod 0x000002379a358590
Event: 10.747 Thread 0x00000237b3bd6760 flushing nmethod 0x000002379a4a6290
Event: 10.747 Thread 0x00000237b3bd6760 flushing nmethod 0x000002379a4a6990
Event: 10.747 Thread 0x00000237b3bd6760 flushing nmethod 0x000002379a4c9990


Dynamic libraries:
0x00007ff7ba8a0000 - 0x00007ff7ba8ae000 	C:\Users\HP\.jdks\openjdk-18.0.2\bin\java.exe
0x00007ffa1f350000 - 0x00007ffa1f545000 	C:\Windows\SYSTEM32\ntdll.dll
0x00007ffa1eca0000 - 0x00007ffa1ed5e000 	C:\Windows\System32\KERNEL32.DLL
0x00007ffa1ccf0000 - 0x00007ffa1cfb8000 	C:\Windows\System32\KERNELBASE.dll
0x00007ffa1ca70000 - 0x00007ffa1cb70000 	C:\Windows\System32\ucrtbase.dll
0x00007ffa15560000 - 0x00007ffa15577000 	C:\Users\HP\.jdks\openjdk-18.0.2\bin\jli.dll
0x00007ffa15590000 - 0x00007ffa155aa000 	C:\Users\HP\.jdks\openjdk-18.0.2\bin\VCRUNTIME140.dll
0x00007ffa1df00000 - 0x00007ffa1e0a1000 	C:\Windows\System32\USER32.dll
0x00007ffa1d370000 - 0x00007ffa1d392000 	C:\Windows\System32\win32u.dll
0x00007ffa09590000 - 0x00007ffa0982a000 	C:\Windows\WinSxS\amd64_microsoft.windows.common-controls_6595b64144ccf1df_6.0.19041.1110_none_60b5254171f9507e\COMCTL32.dll
0x00007ffa1d440000 - 0x00007ffa1d46b000 	C:\Windows\System32\GDI32.dll
0x00007ffa1d3a0000 - 0x00007ffa1d43e000 	C:\Windows\System32\msvcrt.dll
0x00007ffa1d260000 - 0x00007ffa1d36b000 	C:\Windows\System32\gdi32full.dll
0x00007ffa1cb70000 - 0x00007ffa1cc0d000 	C:\Windows\System32\msvcp_win.dll
0x00007ffa1e240000 - 0x00007ffa1e270000 	C:\Windows\System32\IMM32.DLL
0x00007ffa16db0000 - 0x00007ffa16dbc000 	C:\Users\HP\.jdks\openjdk-18.0.2\bin\vcruntime140_1.dll
0x00007ff9fc570000 - 0x00007ff9fc5fd000 	C:\Users\HP\.jdks\openjdk-18.0.2\bin\msvcp140.dll
0x00007ff9d6200000 - 0x00007ff9d6e11000 	C:\Users\HP\.jdks\openjdk-18.0.2\bin\server\jvm.dll
0x00007ffa1eb90000 - 0x00007ffa1ec3c000 	C:\Windows\System32\ADVAPI32.dll
0x00007ffa1ef70000 - 0x00007ffa1f00b000 	C:\Windows\System32\sechost.dll
0x00007ffa1e110000 - 0x00007ffa1e23a000 	C:\Windows\System32\RPCRT4.dll
0x00007ffa1ead0000 - 0x00007ffa1ead8000 	C:\Windows\System32\PSAPI.DLL
0x00007ffa127b0000 - 0x00007ffa127d7000 	C:\Windows\SYSTEM32\WINMM.dll
0x00007ffa15890000 - 0x00007ffa1589a000 	C:\Windows\SYSTEM32\VERSION.dll
0x00007ffa18340000 - 0x00007ffa18349000 	C:\Windows\SYSTEM32\WSOCK32.dll
0x00007ffa1e270000 - 0x00007ffa1e2db000 	C:\Windows\System32\WS2_32.dll
0x00007ffa1b2f0000 - 0x00007ffa1b302000 	C:\Windows\SYSTEM32\kernel.appcore.dll
0x00007ffa16d40000 - 0x00007ffa16d4a000 	C:\Users\HP\.jdks\openjdk-18.0.2\bin\jimage.dll
0x00007ffa09db0000 - 0x00007ffa09f94000 	C:\Windows\SYSTEM32\DBGHELP.DLL
0x00007ffa02af0000 - 0x00007ffa02b1c000 	C:\Windows\SYSTEM32\dbgcore.DLL
0x00007ffa1cc10000 - 0x00007ffa1cc93000 	C:\Windows\System32\bcryptPrimitives.dll
0x00007ffa15230000 - 0x00007ffa15255000 	C:\Users\HP\.jdks\openjdk-18.0.2\bin\java.dll
0x00007ff9fa500000 - 0x00007ff9fa5d6000 	C:\Users\HP\.jdks\openjdk-18.0.2\bin\jsvml.dll
0x00007ffa1d700000 - 0x00007ffa1de3f000 	C:\Windows\System32\SHELL32.dll
0x00007ffa1a9e0000 - 0x00007ffa1b170000 	C:\Windows\SYSTEM32\windows.storage.dll
0x00007ffa1e770000 - 0x00007ffa1eac5000 	C:\Windows\System32\combase.dll
0x00007ffa1c4c0000 - 0x00007ffa1c4ee000 	C:\Windows\SYSTEM32\Wldp.dll
0x00007ffa1eae0000 - 0x00007ffa1eb8d000 	C:\Windows\System32\SHCORE.dll
0x00007ffa1ede0000 - 0x00007ffa1ee35000 	C:\Windows\System32\shlwapi.dll
0x00007ffa1c9b0000 - 0x00007ffa1c9cf000 	C:\Windows\SYSTEM32\profapi.dll
0x00007ffa14d00000 - 0x00007ffa14d13000 	C:\Users\HP\.jdks\openjdk-18.0.2\bin\net.dll
0x00007ffa127e0000 - 0x00007ffa128ec000 	C:\Windows\SYSTEM32\WINHTTP.dll
0x00007ffa1c220000 - 0x00007ffa1c28a000 	C:\Windows\system32\mswsock.dll
0x00007ffa0ea40000 - 0x00007ffa0ea56000 	C:\Users\HP\.jdks\openjdk-18.0.2\bin\nio.dll
0x00007ffa15480000 - 0x00007ffa15498000 	C:\Users\HP\.jdks\openjdk-18.0.2\bin\zip.dll
0x00007ffa15ac0000 - 0x00007ffa15ad0000 	C:\Users\HP\.jdks\openjdk-18.0.2\bin\verify.dll

dbghelp: loaded successfully - version: 4.0.5 - missing functions: none
symbol engine: initialized successfully - sym options: 0x614 - pdb path: .;C:\Users\HP\.jdks\openjdk-18.0.2\bin;C:\Windows\SYSTEM32;C:\Windows\WinSxS\amd64_microsoft.windows.common-controls_6595b64144ccf1df_6.0.19041.1110_none_60b5254171f9507e;C:\Users\HP\.jdks\openjdk-18.0.2\bin\server

VM Arguments:
java_command: org.jetbrains.kotlin.cli.jvm.K2JVMCompiler @C:\Users\HP\AndroidStudioProjects\MusicApp\app\build\20231028_4345364483163817094.compiler.options
java_class_path (initial): C:\Users\HP\.gradle\caches\modules-2\files-2.1\org.jetbrains.kotlin\kotlin-compiler-embeddable\1.8.0\eb9118d4bcceaa2a94b2ae2a33a4ddba7c9a947f\kotlin-compiler-embeddable-1.8.0.jar;C:\Users\HP\.gradle\caches\modules-2\files-2.1\org.jetbrains.kotlin\kotlin-stdlib\1.8.0\1796921c7a3e2e2665a83e6c8d33399336cd39bc\kotlin-stdlib-1.8.0.jar;C:\Users\HP\.gradle\caches\modules-2\files-2.1\org.jetbrains.kotlin\kotlin-script-runtime\1.8.0\b2f7e760d283cb339974851c222a4c1d48f2d3d\kotlin-script-runtime-1.8.0.jar;C:\Users\HP\.gradle\caches\modules-2\files-2.1\org.jetbrains.kotlin\kotlin-reflect\1.6.10\1cbe9c92c12a94eea200d23c2bbaedaf3daf5132\kotlin-reflect-1.6.10.jar;C:\Users\HP\.gradle\caches\modules-2\files-2.1\org.jetbrains.kotlin\kotlin-daemon-embeddable\1.8.0\d255216c551685dc3a7e852b53617f5f01aaaa5c\kotlin-daemon-embeddable-1.8.0.jar;C:\Users\HP\.gradle\caches\modules-2\files-2.1\org.jetbrains.intellij.deps\trove4j\1.0.20200330\3afb14d5f9ceb459d724e907a21145e8ff394f02\trove4j-1.0.20200330.jar;C:\Users\HP\.gradle\caches\modules-2\files-2.1\net.java.dev.jna\jna\5.6.0\330f2244e9030119ab3030fc3fededc86713d9cc\jna-5.6.0.jar;C:\Users\HP\.gradle\caches\modules-2\files-2.1\org.jetbrains.kotlin\kotlin-stdlib-common\1.8.0\f7197e7cc76453ac59f8b0f8d5137cc600becd36\kotlin-stdlib-common-1.8.0.jar;C:\Users\HP\.gradle\caches\modules-2\files-2.1\org.jetbrains\annotations\13.0\919f0dfe192fb4e063e7dacadee7f8bb9a2672a9\annotations-13.0.jar
Launcher Type: SUN_STANDARD

[Global flags]
     intx CICompilerCount                          = 4                                         {product} {ergonomic}
     uint ConcGCThreads                            = 3                                         {product} {ergonomic}
     uint G1ConcRefinementThreads                  = 10                                        {product} {ergonomic}
   size_t G1HeapRegionSize                         = 2097152                                   {product} {ergonomic}
    uintx GCDrainStackTargetSize                   = 64                                        {product} {ergonomic}
   size_t InitialHeapSize                          = 257949696                                 {product} {ergonomic}
   size_t MarkStackSize                            = 4194304                                   {product} {ergonomic}
   size_t MaxHeapSize                              = 4125097984                                {product} {ergonomic}
   size_t MaxNewSize                               = 2474639360                                {product} {ergonomic}
   size_t MinHeapDeltaBytes                        = 2097152                                   {product} {ergonomic}
   size_t MinHeapSize                              = 8388608                                   {product} {ergonomic}
    uintx NonNMethodCodeHeapSize                   = 5839372                                {pd product} {ergonomic}
    uintx NonProfiledCodeHeapSize                  = 122909434                              {pd product} {ergonomic}
    uintx ProfiledCodeHeapSize                     = 122909434                              {pd product} {ergonomic}
    uintx ReservedCodeCacheSize                    = 251658240                              {pd product} {ergonomic}
     bool SegmentedCodeCache                       = true                                      {product} {ergonomic}
   size_t SoftMaxHeapSize                          = 4125097984                             {manageable} {ergonomic}
     bool UseCompressedClassPointers               = true                           {product lp64_product} {ergonomic}
     bool UseCompressedOops                        = true                           {product lp64_product} {ergonomic}
     bool UseG1GC                                  = true                                      {product} {ergonomic}
     bool UseLargePagesIndividualAllocation        = false                                  {pd product} {ergonomic}

Logging:
Log output configuration:
 #0: stdout all=warning uptime,level,tags foldmultilines=false
 #1: stderr all=off uptime,level,tags foldmultilines=false

Environment Variables:
JAVA_HOME=C:\Users\HP\.jdks\openjdk-19.0.2
PATH=C:\cygwin64\bin;C:\Program Files (x86)\Common Files\Intel\Shared Libraries\redist\intel64_win\compiler;C:\Program Files (x86)\Common Files\Intel\Shared Libraries\redist\intel64\compiler;C:\Program Files\Microsoft MPI\Bin\;C:\ProgramData\Oracle\Java\javapath;C:\Windows\system32;C:\Windows;C:\Windows\System32\Wbem;C:\Windows\System32\WindowsPowerShell\v1.0\;C:\Windows\System32\OpenSSH\;C:\Program Files\7-Zip;C:\Program Files (x86)\NVIDIA Corporation\PhysX\Common;C:\Program Files\Microsoft SQL Server\150\Tools\Binn\;C:\Program Files\Microsoft SQL Server\Client SDK\ODBC\170\Tools\Binn\;C:\Program Files\Git\cmd;C:\Program Files\dotnet\;C:\Program Files (x86)\Microsoft SQL Server\150\Tools\Binn\;C:\Program Files\Microsoft SQL Server\150\DTS\Binn\;C:\Program Files (x86)\Microsoft SQL Server\150\DTS\Binn\;C:\Program Files\nodejs\;C:\android\platform-tools;C:\Users\HP\AppData\Local\Microsoft\WindowsApps;C:\Users\HP\AppData\Local\Programs\Microsoft VS Code\bin;C:\Users\HP\AppData\Local\GitHubDesktop\bin;C:\flutter\bin;C:\Users\HP\.dotnet\tools;C:\Program Files\Azure Data Studio\bin;C:\Users\HP\AppData\Roaming\npm;C:\Program Files\JetBrains\IntelliJ IDEA 2023.2.1\bin;;C:\Program Files\JetBrains\IntelliJ IDEA 2023.2.1\plugins\maven\lib\maven3\bin;C:\Users\HP\.jdks\openjdk-19.0.2\bin;
USERNAME=HP
OS=Windows_NT
PROCESSOR_IDENTIFIER=AMD64 Family 23 Model 96 Stepping 1, AuthenticAMD



---------------  S Y S T E M  ---------------

OS:
 Windows 10 , 64 bit Build 19041 (10.0.19041.1348)
OS uptime: 12 days 10:36 hours

CPU: total 12 (initial active 12) (12 cores per cpu, 2 threads per core) family 23 model 96 stepping 1 microcode 0x0, cx8, cmov, fxsr, ht, mmx, 3dnowpref, sse, sse2, sse3, ssse3, sse4a, sse4.1, sse4.2, popcnt, lzcnt, tsc, tscinvbit, avx, avx2, aes, clmul, bmi1, bmi2, adx, sha, fma, vzeroupper, clflush, clflushopt

Memory: 4k page, system-wide physical 15733M (846M free)
TotalPageFile size 18732M (AvailPageFile size 311M)
current process WorkingSet (physical memory assigned to process): 461M, peak: 465M
current process commit charge ("private bytes"): 516M, peak: 933M

vm_info: OpenJDK 64-Bit Server VM (18.0.2+9-61) for windows-amd64 JRE (18.0.2+9-61), built on Jun  7 2022 13:05:59 by "mach5one" with MS VC++ 16.8 / 16.9 (VS2019)

END.
