#
# There is insufficient memory for the Java Runtime Environment to continue.
# Native memory allocation (malloc) failed to allocate 1511680 bytes for Chunk::new
# Possible reasons:
#   The system is out of physical RAM or swap space
#   The process is running with CompressedOops enabled, and the Java Heap may be blocking the growth of the native heap
# Possible solutions:
#   Reduce memory load on the system
#   Increase physical memory or swap space
#   Check if swap backing store is full
#   Decrease Java heap size (-Xmx/-Xms)
#   Decrease number of Java threads
#   Decrease Java thread stack sizes (-Xss)
#   Set larger code cache with -XX:ReservedCodeCacheSize=
#   JVM is running with Unscaled Compressed Oops mode in which the Java heap is
#     placed in the first 4GB address space. The Java Heap base address is the
#     maximum limit for the native heap growth. Please use -XX:HeapBaseMinAddress
#     to set the Java Heap base and to place the Java Heap above 4GB virtual address.
# This output file may be truncated or incomplete.
#
#  Out of Memory Error (arena.cpp:184), pid=21224, tid=18260
#
# JRE version: OpenJDK Runtime Environment (18.0.2+9) (build 18.0.2+9-61)
# Java VM: OpenJDK 64-Bit Server VM (18.0.2+9-61, mixed mode, sharing, tiered, compressed oops, compressed class ptrs, g1 gc, windows-amd64)
# No core dump will be written. Minidumps are not enabled by default on client versions of Windows
#

---------------  S U M M A R Y ------------

Command Line: --add-opens=java.base/java.util=ALL-UNNAMED --add-opens=java.base/java.lang=ALL-UNNAMED --add-opens=java.base/java.lang.invoke=ALL-UNNAMED --add-opens=java.base/java.util=ALL-UNNAMED --add-opens=java.prefs/java.util.prefs=ALL-UNNAMED --add-opens=java.prefs/java.util.prefs=ALL-UNNAMED --add-opens=java.base/java.nio.charset=ALL-UNNAMED --add-opens=java.base/java.net=ALL-UNNAMED --add-opens=java.base/java.util.concurrent.atomic=ALL-UNNAMED -Xmx2048m -Dfile.encoding=UTF-8 -Duser.country=RU -Duser.language=ru -Duser.variant org.gradle.launcher.daemon.bootstrap.GradleDaemon 7.5

Host: AMD Ryzen 5 4600H with Radeon Graphics         , 12 cores, 15G,  Windows 10 , 64 bit Build 19041 (10.0.19041.1348)
Time: Tue Sep  5 23:03:35 2023  Windows 10 , 64 bit Build 19041 (10.0.19041.1348) elapsed time: 4.876086 seconds (0d 0h 0m 4s)

---------------  T H R E A D  ---------------

Current thread (0x000001d5b8089480):  JavaThread "C2 CompilerThread2" daemon [_thread_in_native, id=18260, stack(0x0000003820800000,0x0000003820900000)]


Current CompileTask:
C2:   4876 6433   !   4       com.google.common.reflect.TypeVisitor::visit (244 bytes)

Stack: [0x0000003820800000,0x0000003820900000]
Native frames: (J=compiled Java code, j=interpreted, Vv=VM code, C=native code)
V  [jvm.dll+0x6993ca]
V  [jvm.dll+0x7f481d]
V  [jvm.dll+0x7f612e]
V  [jvm.dll+0x7f67e3]
V  [jvm.dll+0x25cdaf]
V  [jvm.dll+0xb8c2f]
V  [jvm.dll+0xb8fa5]
V  [jvm.dll+0x3860cb]
V  [jvm.dll+0x34fd01]
V  [jvm.dll+0x34f19a]
V  [jvm.dll+0x22ff51]
V  [jvm.dll+0x22f321]
V  [jvm.dll+0x1ba01c]
V  [jvm.dll+0x23ec9a]
V  [jvm.dll+0x23cf85]
V  [jvm.dll+0x7a6e21]
V  [jvm.dll+0x7a125a]
V  [jvm.dll+0x698275]
C  [ucrtbase.dll+0x21bb2]
C  [KERNEL32.DLL+0x17034]
C  [ntdll.dll+0x52651]


---------------  P R O C E S S  ---------------

Threads class SMR info:
_java_thread_list=0x000001d5bc2dc4a0, length=170, elements={
0x000001d592094c60, 0x000001d5b2700270, 0x000001d5b2700de0, 0x000001d5b2714d20,
0x000001d5b27155d0, 0x000001d5b2715e80, 0x000001d5b271a750, 0x000001d5b271fc90,
0x000001d5b2753580, 0x000001d5b2756d00, 0x000001d5b6a07f40, 0x000001d5b6a0ae50,
0x000001d5b6b210a0, 0x000001d5b8089480, 0x000001d5b87b2aa0, 0x000001d5b8145dd0,
0x000001d5b74a0340, 0x000001d5b87b1ff0, 0x000001d5b863f750, 0x000001d5b8660770,
0x000001d5b7d25840, 0x000001d5b8472a10, 0x000001d5b8472ee0, 0x000001d5b84733b0,
0x000001d5b8470860, 0x000001d5b8472070, 0x000001d5b8471200, 0x000001d5b8470d30,
0x000001d5b8473880, 0x000001d5b84716d0, 0x000001d5b8472540, 0x000001d5b846fec0,
0x000001d5ba1de820, 0x000001d5ba1decf0, 0x000001d5ba1dde80, 0x000001d5ba1db330,
0x000001d5ba1df1c0, 0x000001d5ba1dc670, 0x000001d5ba1df690, 0x000001d5ba1dc1a0,
0x000001d5ba1dbcd0, 0x000001d5ba1d9b20, 0x000001d5ba1dcb40, 0x000001d5ba1e0030,
0x000001d5ba1e0500, 0x000001d5ba1da4c0, 0x000001d5ba1dfb60, 0x000001d5ba1e09d0,
0x000001d5ba1da990, 0x000001d5ba1dd010, 0x000001d5ba1dd4e0, 0x000001d5ba1e0ea0,
0x000001d5ba1dd9b0, 0x000001d5bb999560, 0x000001d5bb999a30, 0x000001d5bb9986f0,
0x000001d5bb99cf20, 0x000001d5bb99ad70, 0x000001d5bb99a3d0, 0x000001d5bb99a8a0,
0x000001d5bb99b240, 0x000001d5bb998bc0, 0x000001d5bb99b710, 0x000001d5bb99bbe0,
0x000001d5bb99c0b0, 0x000001d5bb99d3f0, 0x000001d5bb999090, 0x000001d5bb9973b0,
0x000001d5bb998220, 0x000001d5bb99c580, 0x000001d5bb99ca50, 0x000001d5bb999f00,
0x000001d5bb99d8c0, 0x000001d5bb996070, 0x000001d5bb996540, 0x000001d5bb996a10,
0x000001d5bb996ee0, 0x000001d5bb997880, 0x000001d5bb997d50, 0x000001d5bbcc6ef0,
0x000001d5bbcc4870, 0x000001d5bbcc3060, 0x000001d5bbcc7d60, 0x000001d5bbcc43a0,
0x000001d5bbcc4d40, 0x000001d5bbcca8b0, 0x000001d5bbcc90a0, 0x000001d5bbcc6a20,
0x000001d5bbcc9f10, 0x000001d5bbcc5210, 0x000001d5bbcca3e0, 0x000001d5bbcc8bd0,
0x000001d5bbcc3530, 0x000001d5bbcc73c0, 0x000001d5bbcc6080, 0x000001d5bbcc9570,
0x000001d5bbcc3a00, 0x000001d5bbcc5bb0, 0x000001d5bbcc3ed0, 0x000001d5bbcc6550,
0x000001d5bbcc7890, 0x000001d5bbcc56e0, 0x000001d5bbcc8230, 0x000001d5bbcc9a40,
0x000001d5bbcc8700, 0x000001d5bbcf8620, 0x000001d5bbcf5ad0, 0x000001d5bbcfbb10,
0x000001d5bbcfaca0, 0x000001d5bbcf7c80, 0x000001d5bbcf8150, 0x000001d5bbcf9960,
0x000001d5bbcfa7d0, 0x000001d5bbcf72e0, 0x000001d5bbcf77b0, 0x000001d5bbcfbfe0,
0x000001d5bbcfb170, 0x000001d5bbcfc4b0, 0x000001d5bbcf8af0, 0x000001d5bbcfb640,
0x000001d5bbcf8fc0, 0x000001d5bbcf6470, 0x000001d5bbcf9490, 0x000001d5bbcfc980,
0x000001d5bbcf5600, 0x000001d5bbcf6940, 0x000001d5bbcf9e30, 0x000001d5bbcfa300,
0x000001d5bbcf6e10, 0x000001d5bbcf5130, 0x000001d5bbcf5fa0, 0x000001d5bbb9c8b0,
0x000001d5bbba0270, 0x000001d5bbb9ef30, 0x000001d5bbb9e590, 0x000001d5bbba0c10,
0x000001d5bbba3c30, 0x000001d5bbba0740, 0x000001d5bbb9ea60, 0x000001d5bbb9f400,
0x000001d5bbba10e0, 0x000001d5bbb9f8d0, 0x000001d5bbb9fda0, 0x000001d5bbba15b0,
0x000001d5bbba1a80, 0x000001d5bbba3290, 0x000001d5bbba1f50, 0x000001d5bbb9cd80,
0x000001d5bbba2420, 0x000001d5bbba2dc0, 0x000001d5bbba28f0, 0x000001d5bbba3760,
0x000001d5bbba4100, 0x000001d5bbb9e0c0, 0x000001d5bbb9d250, 0x000001d5bbb9d720,
0x000001d5bbb9dbf0, 0x000001d5bbb8f9a0, 0x000001d5bbb90340, 0x000001d5bbb8bb10,
0x000001d5bbb8e660, 0x000001d5bbb89490, 0x000001d5bbb8d7f0, 0x000001d5bbb8a7d0,
0x000001d5bbb8fe70, 0x000001d5bbb8a300, 0x000001d5bbb8aca0, 0x000001d5bbb8eb30,
0x000001d5bbb8f000, 0x000001d5bbb8f4d0
}

Java Threads: ( => current thread )
  0x000001d592094c60 JavaThread "main" [_thread_blocked, id=20472, stack(0x000000381f000000,0x000000381f100000)]
  0x000001d5b2700270 JavaThread "Reference Handler" daemon [_thread_blocked, id=7996, stack(0x000000381f700000,0x000000381f800000)]
  0x000001d5b2700de0 JavaThread "Finalizer" daemon [_thread_blocked, id=18124, stack(0x000000381f800000,0x000000381f900000)]
  0x000001d5b2714d20 JavaThread "Signal Dispatcher" daemon [_thread_blocked, id=13752, stack(0x000000381f900000,0x000000381fa00000)]
  0x000001d5b27155d0 JavaThread "Attach Listener" daemon [_thread_blocked, id=14992, stack(0x000000381fa00000,0x000000381fb00000)]
  0x000001d5b2715e80 JavaThread "Service Thread" daemon [_thread_blocked, id=9128, stack(0x000000381fb00000,0x000000381fc00000)]
  0x000001d5b271a750 JavaThread "Monitor Deflation Thread" daemon [_thread_blocked, id=15928, stack(0x000000381fc00000,0x000000381fd00000)]
  0x000001d5b271fc90 JavaThread "C2 CompilerThread0" daemon [_thread_in_native, id=17964, stack(0x000000381fd00000,0x000000381fe00000)]
  0x000001d5b2753580 JavaThread "C1 CompilerThread0" daemon [_thread_blocked, id=2076, stack(0x000000381fe00000,0x000000381ff00000)]
  0x000001d5b2756d00 JavaThread "Sweeper thread" daemon [_thread_blocked, id=10148, stack(0x000000381ff00000,0x0000003820000000)]
  0x000001d5b6a07f40 JavaThread "Common-Cleaner" daemon [_thread_blocked, id=9884, stack(0x0000003820000000,0x0000003820100000)]
  0x000001d5b6a0ae50 JavaThread "Notification Thread" daemon [_thread_blocked, id=17844, stack(0x0000003820100000,0x0000003820200000)]
  0x000001d5b6b210a0 JavaThread "C2 CompilerThread1" daemon [_thread_in_native, id=8332, stack(0x0000003820300000,0x0000003820400000)]
=>0x000001d5b8089480 JavaThread "C2 CompilerThread2" daemon [_thread_in_native, id=18260, stack(0x0000003820800000,0x0000003820900000)]
  0x000001d5b87b2aa0 JavaThread "Daemon health stats" [_thread_blocked, id=19316, stack(0x0000003820900000,0x0000003820a00000)]
  0x000001d5b8145dd0 JavaThread "Incoming local TCP Connector on port 59480" [_thread_in_native, id=18920, stack(0x0000003820a00000,0x0000003820b00000)]
  0x000001d5b74a0340 JavaThread "Daemon periodic checks" [_thread_blocked, id=1668, stack(0x0000003820b00000,0x0000003820c00000)]
  0x000001d5b87b1ff0 JavaThread "Daemon" [_thread_blocked, id=16676, stack(0x0000003820c00000,0x0000003820d00000)]
  0x000001d5b863f750 JavaThread "Handler for socket connection from /127.0.0.1:59480 to /127.0.0.1:59481" [_thread_in_native, id=13416, stack(0x0000003820d00000,0x0000003820e00000)]
  0x000001d5b8660770 JavaThread "Cancel handler" [_thread_blocked, id=7008, stack(0x0000003820e00000,0x0000003820f00000)]
  0x000001d5b7d25840 JavaThread "Daemon worker" [_thread_in_Java, id=19896, stack(0x0000003820f00000,0x0000003821000000)]
  0x000001d5b8472a10 JavaThread "Asynchronous log dispatcher for DefaultDaemonConnection: socket connection from /127.0.0.1:59480 to /127.0.0.1:59481" [_thread_blocked, id=22396, stack(0x0000003821000000,0x0000003821100000)]
  0x000001d5b8472ee0 JavaThread "Stdin handler" [_thread_blocked, id=2880, stack(0x0000003821100000,0x0000003821200000)]
  0x000001d5b84733b0 JavaThread "Daemon client event forwarder" [_thread_blocked, id=19064, stack(0x0000003821200000,0x0000003821300000)]
  0x000001d5b8470860 JavaThread "Cache worker for journal cache (C:\Users\HP\.gradle\caches\journal-1)" [_thread_blocked, id=22240, stack(0x0000003821300000,0x0000003821400000)]
  0x000001d5b8472070 JavaThread "File lock request listener" [_thread_in_native, id=18492, stack(0x0000003821400000,0x0000003821500000)]
  0x000001d5b8471200 JavaThread "Cache worker for file hash cache (C:\Users\HP\.gradle\caches\7.5\fileHashes)" [_thread_blocked, id=10536, stack(0x0000003821500000,0x0000003821600000)]
  0x000001d5b8470d30 JavaThread "File watcher server" daemon [_thread_in_native, id=2608, stack(0x0000003821600000,0x0000003821700000)]
  0x000001d5b8473880 JavaThread "File watcher consumer" daemon [_thread_blocked, id=19140, stack(0x0000003821700000,0x0000003821800000)]
  0x000001d5b84716d0 JavaThread "Cache worker for checksums cache (C:\Users\HP\AndroidStudioProjects\MusicApp\.gradle\7.5\checksums)" [_thread_blocked, id=15344, stack(0x0000003821800000,0x0000003821900000)]
  0x000001d5b8472540 JavaThread "Cache worker for cache directory md-rule (C:\Users\HP\.gradle\caches\7.5\md-rule)" [_thread_blocked, id=12128, stack(0x0000003821900000,0x0000003821a00000)]
  0x000001d5b846fec0 JavaThread "Cache worker for file content cache (C:\Users\HP\.gradle\caches\7.5\fileContent)" [_thread_blocked, id=20072, stack(0x0000003821a00000,0x0000003821b00000)]
  0x000001d5ba1de820 JavaThread "Cache worker for file hash cache (C:\Users\HP\AndroidStudioProjects\MusicApp\.gradle\7.5\fileHashes)" [_thread_blocked, id=21960, stack(0x0000003822200000,0x0000003822300000)]
  0x000001d5ba1decf0 JavaThread "Cache worker for cache directory md-supplier (C:\Users\HP\.gradle\caches\7.5\md-supplier)" [_thread_blocked, id=18016, stack(0x0000003822300000,0x0000003822400000)]
  0x000001d5ba1dde80 JavaThread "Cache worker for execution history cache (C:\Users\HP\.gradle\caches\7.5\executionHistory)" [_thread_blocked, id=18428, stack(0x0000003822400000,0x0000003822500000)]
  0x000001d5ba1db330 JavaThread "jar transforms" [_thread_blocked, id=17372, stack(0x0000003822500000,0x0000003822600000)]
  0x000001d5ba1df1c0 JavaThread "jar transforms Thread 2" [_thread_blocked, id=6708, stack(0x0000003822600000,0x0000003822700000)]
  0x000001d5ba1dc670 JavaThread "jar transforms Thread 3" [_thread_blocked, id=5280, stack(0x0000003822700000,0x0000003822800000)]
  0x000001d5ba1df690 JavaThread "jar transforms Thread 4" [_thread_blocked, id=21212, stack(0x0000003822800000,0x0000003822900000)]
  0x000001d5ba1dc1a0 JavaThread "Cache worker for dependencies-accessors (C:\Users\HP\AndroidStudioProjects\MusicApp\.gradle\7.5\dependencies-accessors)" [_thread_blocked, id=12768, stack(0x0000003822900000,0x0000003822a00000)]
  0x000001d5ba1dbcd0 JavaThread "jar transforms Thread 5" [_thread_blocked, id=15128, stack(0x0000003822a00000,0x0000003822b00000)]
  0x000001d5ba1d9b20 JavaThread "Cache worker for Build Output Cleanup Cache (C:\Users\HP\AndroidStudioProjects\MusicApp\.gradle\buildOutputCleanup)" [_thread_blocked, id=14000, stack(0x0000003822b00000,0x0000003822c00000)]
  0x000001d5ba1dcb40 JavaThread "Unconstrained build operations" [_thread_blocked, id=23012, stack(0x0000003822c00000,0x0000003822d00000)]
  0x000001d5ba1e0030 JavaThread "Unconstrained build operations Thread 2" [_thread_blocked, id=10060, stack(0x0000003822d00000,0x0000003822e00000)]
  0x000001d5ba1e0500 JavaThread "Unconstrained build operations Thread 3" [_thread_blocked, id=10292, stack(0x0000003822e00000,0x0000003822f00000)]
  0x000001d5ba1da4c0 JavaThread "Unconstrained build operations Thread 4" [_thread_blocked, id=1356, stack(0x0000003822f00000,0x0000003823000000)]
  0x000001d5ba1dfb60 JavaThread "Unconstrained build operations Thread 5" [_thread_blocked, id=13892, stack(0x0000003823000000,0x0000003823100000)]
  0x000001d5ba1e09d0 JavaThread "Unconstrained build operations Thread 6" [_thread_blocked, id=14940, stack(0x0000003823100000,0x0000003823200000)]
  0x000001d5ba1da990 JavaThread "Unconstrained build operations Thread 7" [_thread_blocked, id=372, stack(0x0000003823200000,0x0000003823300000)]
  0x000001d5ba1dd010 JavaThread "Unconstrained build operations Thread 8" [_thread_blocked, id=17164, stack(0x0000003823300000,0x0000003823400000)]
  0x000001d5ba1dd4e0 JavaThread "Unconstrained build operations Thread 9" [_thread_blocked, id=13576, stack(0x0000003823400000,0x0000003823500000)]
  0x000001d5ba1e0ea0 JavaThread "Unconstrained build operations Thread 10" [_thread_blocked, id=20652, stack(0x0000003823500000,0x0000003823600000)]
  0x000001d5ba1dd9b0 JavaThread "Unconstrained build operations Thread 11" [_thread_blocked, id=19212, stack(0x0000003823600000,0x0000003823700000)]
  0x000001d5bb999560 JavaThread "Unconstrained build operations Thread 12" [_thread_blocked, id=9984, stack(0x0000003823700000,0x0000003823800000)]
  0x000001d5bb999a30 JavaThread "Unconstrained build operations Thread 13" [_thread_blocked, id=6668, stack(0x0000003823800000,0x0000003823900000)]
  0x000001d5bb9986f0 JavaThread "Unconstrained build operations Thread 14" [_thread_blocked, id=776, stack(0x0000003823900000,0x0000003823a00000)]
  0x000001d5bb99cf20 JavaThread "Unconstrained build operations Thread 15" [_thread_blocked, id=7100, stack(0x0000003823a00000,0x0000003823b00000)]
  0x000001d5bb99ad70 JavaThread "Unconstrained build operations Thread 16" [_thread_blocked, id=14664, stack(0x0000003823b00000,0x0000003823c00000)]
  0x000001d5bb99a3d0 JavaThread "Unconstrained build operations Thread 17" [_thread_blocked, id=6664, stack(0x0000003823c00000,0x0000003823d00000)]
  0x000001d5bb99a8a0 JavaThread "Unconstrained build operations Thread 18" [_thread_blocked, id=21936, stack(0x0000003823d00000,0x0000003823e00000)]
  0x000001d5bb99b240 JavaThread "Unconstrained build operations Thread 19" [_thread_blocked, id=22684, stack(0x0000003823e00000,0x0000003823f00000)]
  0x000001d5bb998bc0 JavaThread "Unconstrained build operations Thread 20" [_thread_blocked, id=23164, stack(0x0000003823f00000,0x0000003824000000)]
  0x000001d5bb99b710 JavaThread "Unconstrained build operations Thread 21" [_thread_blocked, id=15532, stack(0x0000003824000000,0x0000003824100000)]
  0x000001d5bb99bbe0 JavaThread "Unconstrained build operations Thread 22" [_thread_blocked, id=2420, stack(0x0000003824100000,0x0000003824200000)]
  0x000001d5bb99c0b0 JavaThread "Unconstrained build operations Thread 23" [_thread_blocked, id=22524, stack(0x0000003824200000,0x0000003824300000)]
  0x000001d5bb99d3f0 JavaThread "Unconstrained build operations Thread 24" [_thread_blocked, id=17492, stack(0x0000003824300000,0x0000003824400000)]
  0x000001d5bb999090 JavaThread "Unconstrained build operations Thread 25" [_thread_blocked, id=12328, stack(0x0000003824400000,0x0000003824500000)]
  0x000001d5bb9973b0 JavaThread "Unconstrained build operations Thread 26" [_thread_blocked, id=8848, stack(0x0000003824500000,0x0000003824600000)]
  0x000001d5bb998220 JavaThread "Unconstrained build operations Thread 27" [_thread_blocked, id=17612, stack(0x0000003824600000,0x0000003824700000)]
  0x000001d5bb99c580 JavaThread "Unconstrained build operations Thread 28" [_thread_blocked, id=21892, stack(0x0000003824700000,0x0000003824800000)]
  0x000001d5bb99ca50 JavaThread "Unconstrained build operations Thread 29" [_thread_blocked, id=23108, stack(0x0000003824800000,0x0000003824900000)]
  0x000001d5bb999f00 JavaThread "Unconstrained build operations Thread 30" [_thread_blocked, id=9616, stack(0x0000003824900000,0x0000003824a00000)]
  0x000001d5bb99d8c0 JavaThread "Unconstrained build operations Thread 31" [_thread_blocked, id=15480, stack(0x0000003824a00000,0x0000003824b00000)]
  0x000001d5bb996070 JavaThread "Unconstrained build operations Thread 32" [_thread_blocked, id=20896, stack(0x0000003824b00000,0x0000003824c00000)]
  0x000001d5bb996540 JavaThread "Unconstrained build operations Thread 33" [_thread_blocked, id=9880, stack(0x0000003824c00000,0x0000003824d00000)]
  0x000001d5bb996a10 JavaThread "Unconstrained build operations Thread 34" [_thread_blocked, id=12196, stack(0x0000003824d00000,0x0000003824e00000)]
  0x000001d5bb996ee0 JavaThread "Unconstrained build operations Thread 35" [_thread_blocked, id=6440, stack(0x0000003824e00000,0x0000003824f00000)]
  0x000001d5bb997880 JavaThread "Unconstrained build operations Thread 36" [_thread_blocked, id=20908, stack(0x0000003824f00000,0x0000003825000000)]
  0x000001d5bb997d50 JavaThread "Unconstrained build operations Thread 37" [_thread_blocked, id=20420, stack(0x0000003825000000,0x0000003825100000)]
  0x000001d5bbcc6ef0 JavaThread "Unconstrained build operations Thread 38" [_thread_blocked, id=15060, stack(0x0000003825100000,0x0000003825200000)]
  0x000001d5bbcc4870 JavaThread "Unconstrained build operations Thread 39" [_thread_blocked, id=22564, stack(0x0000003825200000,0x0000003825300000)]
  0x000001d5bbcc3060 JavaThread "Unconstrained build operations Thread 40" [_thread_blocked, id=7084, stack(0x0000003825300000,0x0000003825400000)]
  0x000001d5bbcc7d60 JavaThread "Unconstrained build operations Thread 41" [_thread_blocked, id=21676, stack(0x0000003825400000,0x0000003825500000)]
  0x000001d5bbcc43a0 JavaThread "Unconstrained build operations Thread 42" [_thread_blocked, id=11672, stack(0x0000003825500000,0x0000003825600000)]
  0x000001d5bbcc4d40 JavaThread "Unconstrained build operations Thread 43" [_thread_blocked, id=21716, stack(0x0000003825600000,0x0000003825700000)]
  0x000001d5bbcca8b0 JavaThread "Unconstrained build operations Thread 44" [_thread_blocked, id=8880, stack(0x0000003825700000,0x0000003825800000)]
  0x000001d5bbcc90a0 JavaThread "Unconstrained build operations Thread 45" [_thread_blocked, id=13300, stack(0x0000003825800000,0x0000003825900000)]
  0x000001d5bbcc6a20 JavaThread "Unconstrained build operations Thread 46" [_thread_blocked, id=11360, stack(0x0000003825900000,0x0000003825a00000)]
  0x000001d5bbcc9f10 JavaThread "Unconstrained build operations Thread 47" [_thread_blocked, id=6004, stack(0x0000003825a00000,0x0000003825b00000)]
  0x000001d5bbcc5210 JavaThread "Unconstrained build operations Thread 48" [_thread_blocked, id=11852, stack(0x0000003825b00000,0x0000003825c00000)]
  0x000001d5bbcca3e0 JavaThread "Unconstrained build operations Thread 49" [_thread_blocked, id=20404, stack(0x0000003825c00000,0x0000003825d00000)]
  0x000001d5bbcc8bd0 JavaThread "Unconstrained build operations Thread 50" [_thread_blocked, id=784, stack(0x0000003825d00000,0x0000003825e00000)]
  0x000001d5bbcc3530 JavaThread "Unconstrained build operations Thread 51" [_thread_blocked, id=5116, stack(0x0000003825e00000,0x0000003825f00000)]
  0x000001d5bbcc73c0 JavaThread "Unconstrained build operations Thread 52" [_thread_blocked, id=8320, stack(0x0000003825f00000,0x0000003826000000)]
  0x000001d5bbcc6080 JavaThread "Unconstrained build operations Thread 53" [_thread_blocked, id=8372, stack(0x0000003826000000,0x0000003826100000)]
  0x000001d5bbcc9570 JavaThread "Unconstrained build operations Thread 54" [_thread_blocked, id=22252, stack(0x0000003826100000,0x0000003826200000)]
  0x000001d5bbcc3a00 JavaThread "Unconstrained build operations Thread 55" [_thread_blocked, id=1524, stack(0x0000003826200000,0x0000003826300000)]
  0x000001d5bbcc5bb0 JavaThread "Unconstrained build operations Thread 56" [_thread_blocked, id=20360, stack(0x0000003826300000,0x0000003826400000)]
  0x000001d5bbcc3ed0 JavaThread "Unconstrained build operations Thread 57" [_thread_blocked, id=23292, stack(0x0000003826400000,0x0000003826500000)]
  0x000001d5bbcc6550 JavaThread "Unconstrained build operations Thread 58" [_thread_blocked, id=19272, stack(0x0000003826500000,0x0000003826600000)]
  0x000001d5bbcc7890 JavaThread "Unconstrained build operations Thread 59" [_thread_blocked, id=20880, stack(0x0000003826600000,0x0000003826700000)]
  0x000001d5bbcc56e0 JavaThread "Unconstrained build operations Thread 60" [_thread_blocked, id=10928, stack(0x0000003826700000,0x0000003826800000)]
  0x000001d5bbcc8230 JavaThread "Unconstrained build operations Thread 61" [_thread_blocked, id=22596, stack(0x0000003826800000,0x0000003826900000)]
  0x000001d5bbcc9a40 JavaThread "Unconstrained build operations Thread 62" [_thread_blocked, id=13432, stack(0x0000003826900000,0x0000003826a00000)]
  0x000001d5bbcc8700 JavaThread "Unconstrained build operations Thread 63" [_thread_blocked, id=16340, stack(0x0000003826a00000,0x0000003826b00000)]
  0x000001d5bbcf8620 JavaThread "Unconstrained build operations Thread 64" [_thread_blocked, id=6404, stack(0x0000003826b00000,0x0000003826c00000)]
  0x000001d5bbcf5ad0 JavaThread "Unconstrained build operations Thread 65" [_thread_blocked, id=9344, stack(0x0000003826c00000,0x0000003826d00000)]
  0x000001d5bbcfbb10 JavaThread "Unconstrained build operations Thread 66" [_thread_blocked, id=6284, stack(0x0000003826d00000,0x0000003826e00000)]
  0x000001d5bbcfaca0 JavaThread "Unconstrained build operations Thread 67" [_thread_blocked, id=16740, stack(0x0000003826e00000,0x0000003826f00000)]
  0x000001d5bbcf7c80 JavaThread "Unconstrained build operations Thread 68" [_thread_blocked, id=15772, stack(0x0000003826f00000,0x0000003827000000)]
  0x000001d5bbcf8150 JavaThread "Unconstrained build operations Thread 69" [_thread_blocked, id=14032, stack(0x0000003827000000,0x0000003827100000)]
  0x000001d5bbcf9960 JavaThread "Unconstrained build operations Thread 70" [_thread_blocked, id=11504, stack(0x0000003827100000,0x0000003827200000)]
  0x000001d5bbcfa7d0 JavaThread "Unconstrained build operations Thread 71" [_thread_blocked, id=15680, stack(0x0000003827200000,0x0000003827300000)]
  0x000001d5bbcf72e0 JavaThread "Unconstrained build operations Thread 72" [_thread_blocked, id=22340, stack(0x0000003827300000,0x0000003827400000)]
  0x000001d5bbcf77b0 JavaThread "Unconstrained build operations Thread 73" [_thread_blocked, id=21008, stack(0x0000003827400000,0x0000003827500000)]
  0x000001d5bbcfbfe0 JavaThread "Unconstrained build operations Thread 74" [_thread_blocked, id=16888, stack(0x0000003827500000,0x0000003827600000)]
  0x000001d5bbcfb170 JavaThread "Unconstrained build operations Thread 75" [_thread_blocked, id=15984, stack(0x0000003827600000,0x0000003827700000)]
  0x000001d5bbcfc4b0 JavaThread "Unconstrained build operations Thread 76" [_thread_blocked, id=5080, stack(0x0000003827700000,0x0000003827800000)]
  0x000001d5bbcf8af0 JavaThread "Unconstrained build operations Thread 77" [_thread_blocked, id=22632, stack(0x0000003827800000,0x0000003827900000)]
  0x000001d5bbcfb640 JavaThread "Unconstrained build operations Thread 78" [_thread_blocked, id=22892, stack(0x0000003827900000,0x0000003827a00000)]
  0x000001d5bbcf8fc0 JavaThread "Unconstrained build operations Thread 79" [_thread_blocked, id=10152, stack(0x0000003827a00000,0x0000003827b00000)]
  0x000001d5bbcf6470 JavaThread "Unconstrained build operations Thread 80" [_thread_blocked, id=2168, stack(0x0000003827b00000,0x0000003827c00000)]
  0x000001d5bbcf9490 JavaThread "Unconstrained build operations Thread 81" [_thread_blocked, id=19916, stack(0x0000003827c00000,0x0000003827d00000)]
  0x000001d5bbcfc980 JavaThread "Unconstrained build operations Thread 82" [_thread_blocked, id=18332, stack(0x0000003827d00000,0x0000003827e00000)]
  0x000001d5bbcf5600 JavaThread "Unconstrained build operations Thread 83" [_thread_blocked, id=21712, stack(0x0000003827e00000,0x0000003827f00000)]
  0x000001d5bbcf6940 JavaThread "Unconstrained build operations Thread 84" [_thread_blocked, id=23368, stack(0x0000003827f00000,0x0000003828000000)]
  0x000001d5bbcf9e30 JavaThread "Unconstrained build operations Thread 85" [_thread_blocked, id=1648, stack(0x0000003828000000,0x0000003828100000)]
  0x000001d5bbcfa300 JavaThread "Unconstrained build operations Thread 86" [_thread_blocked, id=6052, stack(0x0000003828100000,0x0000003828200000)]
  0x000001d5bbcf6e10 JavaThread "Unconstrained build operations Thread 87" [_thread_blocked, id=20288, stack(0x0000003828200000,0x0000003828300000)]
  0x000001d5bbcf5130 JavaThread "Unconstrained build operations Thread 88" [_thread_blocked, id=5796, stack(0x0000003828300000,0x0000003828400000)]
  0x000001d5bbcf5fa0 JavaThread "Unconstrained build operations Thread 89" [_thread_blocked, id=6456, stack(0x0000003828400000,0x0000003828500000)]
  0x000001d5bbb9c8b0 JavaThread "Unconstrained build operations Thread 90" [_thread_blocked, id=13840, stack(0x0000003828500000,0x0000003828600000)]
  0x000001d5bbba0270 JavaThread "Unconstrained build operations Thread 91" [_thread_blocked, id=19304, stack(0x0000003828600000,0x0000003828700000)]
  0x000001d5bbb9ef30 JavaThread "Unconstrained build operations Thread 92" [_thread_blocked, id=22312, stack(0x0000003828700000,0x0000003828800000)]
  0x000001d5bbb9e590 JavaThread "Unconstrained build operations Thread 93" [_thread_blocked, id=1856, stack(0x0000003828800000,0x0000003828900000)]
  0x000001d5bbba0c10 JavaThread "Unconstrained build operations Thread 94" [_thread_blocked, id=11192, stack(0x0000003828900000,0x0000003828a00000)]
  0x000001d5bbba3c30 JavaThread "Unconstrained build operations Thread 95" [_thread_blocked, id=22508, stack(0x0000003828a00000,0x0000003828b00000)]
  0x000001d5bbba0740 JavaThread "Unconstrained build operations Thread 96" [_thread_blocked, id=19940, stack(0x0000003828b00000,0x0000003828c00000)]
  0x000001d5bbb9ea60 JavaThread "Unconstrained build operations Thread 97" [_thread_blocked, id=7572, stack(0x0000003828c00000,0x0000003828d00000)]
  0x000001d5bbb9f400 JavaThread "Unconstrained build operations Thread 98" [_thread_blocked, id=12772, stack(0x0000003828d00000,0x0000003828e00000)]
  0x000001d5bbba10e0 JavaThread "Unconstrained build operations Thread 99" [_thread_blocked, id=21780, stack(0x0000003828e00000,0x0000003828f00000)]
  0x000001d5bbb9f8d0 JavaThread "Unconstrained build operations Thread 100" [_thread_blocked, id=2428, stack(0x0000003828f00000,0x0000003829000000)]
  0x000001d5bbb9fda0 JavaThread "Unconstrained build operations Thread 101" [_thread_blocked, id=14632, stack(0x0000003829000000,0x0000003829100000)]
  0x000001d5bbba15b0 JavaThread "Unconstrained build operations Thread 102" [_thread_blocked, id=3644, stack(0x0000003829100000,0x0000003829200000)]
  0x000001d5bbba1a80 JavaThread "Unconstrained build operations Thread 103" [_thread_blocked, id=21944, stack(0x0000003829200000,0x0000003829300000)]
  0x000001d5bbba3290 JavaThread "Unconstrained build operations Thread 104" [_thread_blocked, id=19132, stack(0x0000003829300000,0x0000003829400000)]
  0x000001d5bbba1f50 JavaThread "Unconstrained build operations Thread 105" [_thread_blocked, id=10120, stack(0x0000003829400000,0x0000003829500000)]
  0x000001d5bbb9cd80 JavaThread "Unconstrained build operations Thread 106" [_thread_blocked, id=12364, stack(0x0000003829500000,0x0000003829600000)]
  0x000001d5bbba2420 JavaThread "Unconstrained build operations Thread 107" [_thread_blocked, id=14672, stack(0x0000003829600000,0x0000003829700000)]
  0x000001d5bbba2dc0 JavaThread "Unconstrained build operations Thread 108" [_thread_blocked, id=11540, stack(0x0000003829700000,0x0000003829800000)]
  0x000001d5bbba28f0 JavaThread "Unconstrained build operations Thread 109" [_thread_blocked, id=2492, stack(0x0000003829800000,0x0000003829900000)]
  0x000001d5bbba3760 JavaThread "Unconstrained build operations Thread 110" [_thread_blocked, id=22852, stack(0x0000003829900000,0x0000003829a00000)]
  0x000001d5bbba4100 JavaThread "Unconstrained build operations Thread 111" [_thread_blocked, id=14324, stack(0x0000003829a00000,0x0000003829b00000)]
  0x000001d5bbb9e0c0 JavaThread "Unconstrained build operations Thread 112" [_thread_blocked, id=7112, stack(0x0000003829b00000,0x0000003829c00000)]
  0x000001d5bbb9d250 JavaThread "Unconstrained build operations Thread 113" [_thread_blocked, id=16932, stack(0x0000003829c00000,0x0000003829d00000)]
  0x000001d5bbb9d720 JavaThread "Unconstrained build operations Thread 114" [_thread_blocked, id=7364, stack(0x0000003829d00000,0x0000003829e00000)]
  0x000001d5bbb9dbf0 JavaThread "Unconstrained build operations Thread 115" [_thread_blocked, id=23036, stack(0x0000003829e00000,0x0000003829f00000)]
  0x000001d5bbb8f9a0 JavaThread "Unconstrained build operations Thread 116" [_thread_blocked, id=22832, stack(0x0000003829f00000,0x000000382a000000)]
  0x000001d5bbb90340 JavaThread "Unconstrained build operations Thread 117" [_thread_blocked, id=18316, stack(0x000000382a000000,0x000000382a100000)]
  0x000001d5bbb8bb10 JavaThread "Unconstrained build operations Thread 118" [_thread_blocked, id=10172, stack(0x000000382a100000,0x000000382a200000)]
  0x000001d5bbb8e660 JavaThread "Unconstrained build operations Thread 119" [_thread_blocked, id=3160, stack(0x000000382a200000,0x000000382a300000)]
  0x000001d5bbb89490 JavaThread "Unconstrained build operations Thread 120" [_thread_blocked, id=23484, stack(0x000000382a300000,0x000000382a400000)]
  0x000001d5bbb8d7f0 JavaThread "jar transforms Thread 6" [_thread_blocked, id=18732, stack(0x000000382a400000,0x000000382a500000)]
  0x000001d5bbb8a7d0 JavaThread "jar transforms Thread 7" [_thread_blocked, id=14764, stack(0x000000382a500000,0x000000382a600000)]
  0x000001d5bbb8fe70 JavaThread "jar transforms Thread 8" [_thread_blocked, id=11772, stack(0x000000382a600000,0x000000382a700000)]
  0x000001d5bbb8a300 JavaThread "jar transforms Thread 9" [_thread_blocked, id=10684, stack(0x000000382a700000,0x000000382a800000)]
  0x000001d5bbb8aca0 JavaThread "jar transforms Thread 10" [_thread_blocked, id=17360, stack(0x000000382a800000,0x000000382a900000)]
  0x000001d5bbb8eb30 JavaThread "jar transforms Thread 11" [_thread_blocked, id=17788, stack(0x000000382a900000,0x000000382aa00000)]
  0x000001d5bbb8f000 JavaThread "jar transforms Thread 12" [_thread_blocked, id=4224, stack(0x000000382aa00000,0x000000382ab00000)]
  0x000001d5bbb8f4d0 JavaThread "build event listener" [_thread_blocked, id=8292, stack(0x000000382ab00000,0x000000382ac00000)]

Other Threads:
  0x000001d5921194e0 VMThread "VM Thread" [stack: 0x000000381f600000,0x000000381f700000] [id=11784]
  0x000001d5b6a0c320 WatcherThread "VM Periodic Task Thread" [stack: 0x0000003820200000,0x0000003820300000] [id=12312]
  0x000001d5920f6fb0 WorkerThread "GC Thread#0" [stack: 0x000000381f100000,0x000000381f200000] [id=20016]
  0x000001d5b6b0d3d0 WorkerThread "GC Thread#1" [stack: 0x0000003820400000,0x0000003820500000] [id=18072]
  0x000001d5b6b0d130 WorkerThread "GC Thread#2" [stack: 0x0000003820500000,0x0000003820600000] [id=17776]
  0x000001d5b6b0d670 WorkerThread "GC Thread#3" [stack: 0x0000003820600000,0x0000003820700000] [id=6896]
  0x000001d5b6b0d910 WorkerThread "GC Thread#4" [stack: 0x0000003820700000,0x0000003820800000] [id=1816]
  0x000001d5b6b0c6b0 WorkerThread "GC Thread#5" [stack: 0x0000003821b00000,0x0000003821c00000] [id=1688]
  0x000001d5b6b0cbf0 WorkerThread "GC Thread#6" [stack: 0x0000003821c00000,0x0000003821d00000] [id=18560]
  0x000001d5bb4c4750 WorkerThread "GC Thread#7" [stack: 0x0000003821d00000,0x0000003821e00000] [id=20060]
  0x000001d5bb4c51d0 WorkerThread "GC Thread#8" [stack: 0x0000003821e00000,0x0000003821f00000] [id=15080]
  0x000001d5bb4c6190 WorkerThread "GC Thread#9" [stack: 0x0000003821f00000,0x0000003822000000] [id=19220]
  0x000001d592108500 ConcurrentGCThread "G1 Main Marker" [stack: 0x000000381f200000,0x000000381f300000] [id=20200]
  0x000001d592108d00 WorkerThread "G1 Conc#0" [stack: 0x000000381f300000,0x000000381f400000] [id=12372]
  0x000001d5bb4c34f0 WorkerThread "G1 Conc#1" [stack: 0x0000003822000000,0x0000003822100000] [id=18928]
  0x000001d5bb4c6430 WorkerThread "G1 Conc#2" [stack: 0x0000003822100000,0x0000003822200000] [id=20264]
  0x000001d59215e7d0 ConcurrentGCThread "G1 Refine#0" [stack: 0x000000381f400000,0x000000381f500000] [id=4888]
  0x000001d5b25b72d0 ConcurrentGCThread "G1 Service" [stack: 0x000000381f500000,0x000000381f600000] [id=7728]

Threads with active compile tasks:
C2 CompilerThread0     4893 6554       4       org.objectweb.asm.Frame::push (59 bytes)
C2 CompilerThread2     4893 6433   !   4       com.google.common.reflect.TypeVisitor::visit (244 bytes)

VM state: not at safepoint (normal execution)

VM Mutex/Monitor currently owned by a thread: None

Heap address: 0x0000000080000000, size: 2048 MB, Compressed Oops mode: 32-bit

CDS archive(s) mapped at: [0x0000000800000000-0x0000000800ba0000-0x0000000800ba0000), size 12189696, SharedBaseAddress: 0x0000000800000000, ArchiveRelocationMode: 0.
Compressed class space mapped at: 0x0000000800c00000-0x0000000840c00000, reserved size: 1073741824
Narrow klass base: 0x0000000800000000, Narrow klass shift: 0, Narrow klass range: 0x100000000

GC Precious Log:
 CardTable entry size: 512
 Card Set container configuration: InlinePtr #cards 5 size 8 Array Of Cards #cards 12 size 40 Howl #buckets 4 coarsen threshold 1843 Howl Bitmap #cards 512 size 80 coarsen threshold 460 Card regions per heap region 1 cards per card region 2048
 CPUs: 12 total, 12 available
 Memory: 15733M
 Large Page Support: Disabled
 NUMA Support: Disabled
 Compressed Oops: Enabled (32-bit)
 Heap Region Size: 1M
 Heap Min Capacity: 8M
 Heap Initial Capacity: 246M
 Heap Max Capacity: 2G
 Pre-touch: Disabled
 Parallel Workers: 10
 Concurrent Workers: 3
 Concurrent Refinement Workers: 10
 Periodic GC: Disabled

Heap:
 garbage-first heap   total 111616K, used 79337K [0x0000000080000000, 0x0000000100000000)
  region size 1024K, 29 young (29696K), 7 survivors (7168K)
 Metaspace       used 49289K, committed 50816K, reserved 1114112K
  class space    used 6687K, committed 7488K, reserved 1048576K

Heap Regions: E=young(eden), S=young(survivor), O=old, HS=humongous(starts), HC=humongous(continues), CS=collection set, F=free, OA=open archive, CA=closed archive, TAMS=top-at-mark-start (previous, next)
|   0|0x0000000080000000, 0x0000000080100000, 0x0000000080100000|100%| O|  |TAMS 0x0000000080100000, 0x0000000080000000| Untracked 
|   1|0x0000000080100000, 0x0000000080200000, 0x0000000080200000|100%| O|  |TAMS 0x0000000080200000, 0x0000000080100000| Untracked 
|   2|0x0000000080200000, 0x0000000080300000, 0x0000000080300000|100%| O|  |TAMS 0x0000000080300000, 0x0000000080200000| Untracked 
|   3|0x0000000080300000, 0x0000000080400000, 0x0000000080400000|100%|HS|  |TAMS 0x0000000080400000, 0x0000000080300000| Complete 
|   4|0x0000000080400000, 0x0000000080500000, 0x0000000080500000|100%|HC|  |TAMS 0x0000000080500000, 0x0000000080400000| Complete 
|   5|0x0000000080500000, 0x0000000080600000, 0x0000000080600000|100%|HC|  |TAMS 0x0000000080600000, 0x0000000080500000| Complete 
|   6|0x0000000080600000, 0x0000000080700000, 0x0000000080700000|100%| O|  |TAMS 0x0000000080700000, 0x0000000080600000| Untracked 
|   7|0x0000000080700000, 0x0000000080800000, 0x0000000080800000|100%| O|  |TAMS 0x0000000080800000, 0x0000000080700000| Untracked 
|   8|0x0000000080800000, 0x0000000080900000, 0x0000000080900000|100%| O|  |TAMS 0x0000000080900000, 0x0000000080800000| Untracked 
|   9|0x0000000080900000, 0x0000000080a00000, 0x0000000080a00000|100%| O|  |TAMS 0x0000000080a00000, 0x0000000080900000| Untracked 
|  10|0x0000000080a00000, 0x0000000080b00000, 0x0000000080b00000|100%| O|  |TAMS 0x0000000080a00000, 0x0000000080a00000| Untracked 
|  11|0x0000000080b00000, 0x0000000080c00000, 0x0000000080c00000|100%| O|  |TAMS 0x0000000080c00000, 0x0000000080b00000| Untracked 
|  12|0x0000000080c00000, 0x0000000080d00000, 0x0000000080d00000|100%| O|  |TAMS 0x0000000080d00000, 0x0000000080c00000| Untracked 
|  13|0x0000000080d00000, 0x0000000080e00000, 0x0000000080e00000|100%| O|  |TAMS 0x0000000080e00000, 0x0000000080d00000| Untracked 
|  14|0x0000000080e00000, 0x0000000080f00000, 0x0000000080f00000|100%| O|  |TAMS 0x0000000080f00000, 0x0000000080e00000| Untracked 
|  15|0x0000000080f00000, 0x0000000081000000, 0x0000000081000000|100%| O|  |TAMS 0x0000000081000000, 0x0000000080f00000| Untracked 
|  16|0x0000000081000000, 0x0000000081100000, 0x0000000081100000|100%| O|  |TAMS 0x0000000081100000, 0x0000000081000000| Untracked 
|  17|0x0000000081100000, 0x0000000081200000, 0x0000000081200000|100%| O|  |TAMS 0x0000000081200000, 0x0000000081100000| Untracked 
|  18|0x0000000081200000, 0x0000000081300000, 0x0000000081300000|100%| O|  |TAMS 0x0000000081300000, 0x0000000081200000| Untracked 
|  19|0x0000000081300000, 0x0000000081400000, 0x0000000081400000|100%| O|  |TAMS 0x0000000081400000, 0x0000000081300000| Untracked 
|  20|0x0000000081400000, 0x0000000081500000, 0x0000000081500000|100%| O|  |TAMS 0x0000000081500000, 0x0000000081400000| Untracked 
|  21|0x0000000081500000, 0x0000000081600000, 0x0000000081600000|100%| O|  |TAMS 0x0000000081600000, 0x0000000081500000| Untracked 
|  22|0x0000000081600000, 0x0000000081700000, 0x0000000081700000|100%| O|  |TAMS 0x0000000081700000, 0x0000000081600000| Untracked 
|  23|0x0000000081700000, 0x0000000081800000, 0x0000000081800000|100%| O|  |TAMS 0x0000000081800000, 0x0000000081700000| Untracked 
|  24|0x0000000081800000, 0x0000000081900000, 0x0000000081900000|100%| O|  |TAMS 0x0000000081900000, 0x0000000081800000| Untracked 
|  25|0x0000000081900000, 0x0000000081a00000, 0x0000000081a00000|100%| O|  |TAMS 0x0000000081900000, 0x0000000081900000| Untracked 
|  26|0x0000000081a00000, 0x0000000081b00000, 0x0000000081b00000|100%| O|  |TAMS 0x0000000081a00000, 0x0000000081a00000| Untracked 
|  27|0x0000000081b00000, 0x0000000081c00000, 0x0000000081c00000|100%| O|  |TAMS 0x0000000081c00000, 0x0000000081b00000| Untracked 
|  28|0x0000000081c00000, 0x0000000081d00000, 0x0000000081d00000|100%| O|  |TAMS 0x0000000081d00000, 0x0000000081c00000| Untracked 
|  29|0x0000000081d00000, 0x0000000081e00000, 0x0000000081e00000|100%| O|  |TAMS 0x0000000081e00000, 0x0000000081d00000| Untracked 
|  30|0x0000000081e00000, 0x0000000081f00000, 0x0000000081f00000|100%| O|  |TAMS 0x0000000081e0f000, 0x0000000081e00000| Untracked 
|  31|0x0000000081f00000, 0x0000000082000000, 0x0000000082000000|100%| O|  |TAMS 0x0000000081f00000, 0x0000000081f00000| Untracked 
|  32|0x0000000082000000, 0x0000000082100000, 0x0000000082100000|100%| O|  |TAMS 0x0000000082000000, 0x0000000082000000| Untracked 
|  33|0x0000000082100000, 0x0000000082200000, 0x0000000082200000|100%| O|  |TAMS 0x0000000082100000, 0x0000000082100000| Untracked 
|  34|0x0000000082200000, 0x0000000082300000, 0x0000000082300000|100%|HS|  |TAMS 0x0000000082200000, 0x0000000082200000| Complete 
|  35|0x0000000082300000, 0x0000000082400000, 0x0000000082400000|100%|HC|  |TAMS 0x0000000082300000, 0x0000000082300000| Complete 
|  36|0x0000000082400000, 0x0000000082500000, 0x0000000082500000|100%|HS|  |TAMS 0x0000000082400000, 0x0000000082400000| Complete 
|  37|0x0000000082500000, 0x0000000082600000, 0x0000000082600000|100%|HS|  |TAMS 0x0000000082500000, 0x0000000082500000| Complete 
|  38|0x0000000082600000, 0x0000000082700000, 0x0000000082700000|100%|HS|  |TAMS 0x0000000082600000, 0x0000000082600000| Complete 
|  39|0x0000000082700000, 0x0000000082800000, 0x0000000082800000|100%|HC|  |TAMS 0x0000000082700000, 0x0000000082700000| Complete 
|  40|0x0000000082800000, 0x0000000082900000, 0x0000000082900000|100%|HC|  |TAMS 0x0000000082800000, 0x0000000082800000| Complete 
|  41|0x0000000082900000, 0x0000000082a00000, 0x0000000082a00000|100%|HC|  |TAMS 0x0000000082900000, 0x0000000082900000| Complete 
|  42|0x0000000082a00000, 0x0000000082a00000, 0x0000000082b00000|  0%| F|  |TAMS 0x0000000082a00000, 0x0000000082a00000| Untracked 
|  43|0x0000000082b00000, 0x0000000082c00000, 0x0000000082c00000|100%| O|  |TAMS 0x0000000082b00000, 0x0000000082b00000| Untracked 
|  44|0x0000000082c00000, 0x0000000082d00000, 0x0000000082d00000|100%| O|  |TAMS 0x0000000082c00000, 0x0000000082c00000| Untracked 
|  45|0x0000000082d00000, 0x0000000082e00000, 0x0000000082e00000|100%| O|  |TAMS 0x0000000082d00000, 0x0000000082d00000| Untracked 
|  46|0x0000000082e00000, 0x0000000082f00000, 0x0000000082f00000|100%| O|  |TAMS 0x0000000082e00000, 0x0000000082e00000| Untracked 
|  47|0x0000000082f00000, 0x0000000082f00000, 0x0000000083000000|  0%| F|  |TAMS 0x0000000082f00000, 0x0000000082f00000| Untracked 
|  48|0x0000000083000000, 0x0000000083000000, 0x0000000083100000|  0%| F|  |TAMS 0x0000000083000000, 0x0000000083000000| Untracked 
|  49|0x0000000083100000, 0x0000000083100000, 0x0000000083200000|  0%| F|  |TAMS 0x0000000083100000, 0x0000000083100000| Untracked 
|  50|0x0000000083200000, 0x0000000083200000, 0x0000000083300000|  0%| F|  |TAMS 0x0000000083200000, 0x0000000083200000| Untracked 
|  51|0x0000000083300000, 0x0000000083400000, 0x0000000083400000|100%| O|  |TAMS 0x0000000083300000, 0x0000000083300000| Untracked 
|  52|0x0000000083400000, 0x0000000083500000, 0x0000000083500000|100%| O|  |TAMS 0x0000000083400000, 0x0000000083400000| Untracked 
|  53|0x0000000083500000, 0x0000000083600000, 0x0000000083600000|100%| O|  |TAMS 0x0000000083500000, 0x0000000083500000| Untracked 
|  54|0x0000000083600000, 0x000000008367a400, 0x0000000083700000| 47%| O|  |TAMS 0x0000000083600000, 0x0000000083600000| Untracked 
|  55|0x0000000083700000, 0x0000000083700000, 0x0000000083800000|  0%| F|  |TAMS 0x0000000083700000, 0x0000000083700000| Untracked 
|  56|0x0000000083800000, 0x0000000083900000, 0x0000000083900000|100%| S|CS|TAMS 0x0000000083800000, 0x0000000083800000| Complete 
|  57|0x0000000083900000, 0x0000000083a00000, 0x0000000083a00000|100%| S|CS|TAMS 0x0000000083900000, 0x0000000083900000| Complete 
|  58|0x0000000083a00000, 0x0000000083b00000, 0x0000000083b00000|100%| S|CS|TAMS 0x0000000083a00000, 0x0000000083a00000| Complete 
|  59|0x0000000083b00000, 0x0000000083c00000, 0x0000000083c00000|100%| S|CS|TAMS 0x0000000083b00000, 0x0000000083b00000| Complete 
|  60|0x0000000083c00000, 0x0000000083d00000, 0x0000000083d00000|100%| S|CS|TAMS 0x0000000083c00000, 0x0000000083c00000| Complete 
|  61|0x0000000083d00000, 0x0000000083e00000, 0x0000000083e00000|100%| S|CS|TAMS 0x0000000083d00000, 0x0000000083d00000| Complete 
|  62|0x0000000083e00000, 0x0000000083f00000, 0x0000000083f00000|100%| S|CS|TAMS 0x0000000083e00000, 0x0000000083e00000| Complete 
|  63|0x0000000083f00000, 0x0000000083f00000, 0x0000000084000000|  0%| F|  |TAMS 0x0000000083f00000, 0x0000000083f00000| Untracked 
|  64|0x0000000084000000, 0x0000000084000000, 0x0000000084100000|  0%| F|  |TAMS 0x0000000084000000, 0x0000000084000000| Untracked 
|  65|0x0000000084100000, 0x0000000084100000, 0x0000000084200000|  0%| F|  |TAMS 0x0000000084100000, 0x0000000084100000| Untracked 
|  66|0x0000000084200000, 0x0000000084200000, 0x0000000084300000|  0%| F|  |TAMS 0x0000000084200000, 0x0000000084200000| Untracked 
|  67|0x0000000084300000, 0x0000000084300000, 0x0000000084400000|  0%| F|  |TAMS 0x0000000084300000, 0x0000000084300000| Untracked 
|  68|0x0000000084400000, 0x0000000084400000, 0x0000000084500000|  0%| F|  |TAMS 0x0000000084400000, 0x0000000084400000| Untracked 
|  69|0x0000000084500000, 0x0000000084500000, 0x0000000084600000|  0%| F|  |TAMS 0x0000000084500000, 0x0000000084500000| Untracked 
|  70|0x0000000084600000, 0x0000000084600000, 0x0000000084700000|  0%| F|  |TAMS 0x0000000084600000, 0x0000000084600000| Untracked 
|  71|0x0000000084700000, 0x0000000084700000, 0x0000000084800000|  0%| F|  |TAMS 0x0000000084700000, 0x0000000084700000| Untracked 
|  72|0x0000000084800000, 0x0000000084800000, 0x0000000084900000|  0%| F|  |TAMS 0x0000000084800000, 0x0000000084800000| Untracked 
|  73|0x0000000084900000, 0x0000000084900000, 0x0000000084a00000|  0%| F|  |TAMS 0x0000000084900000, 0x0000000084900000| Untracked 
|  74|0x0000000084a00000, 0x0000000084a00000, 0x0000000084b00000|  0%| F|  |TAMS 0x0000000084a00000, 0x0000000084a00000| Untracked 
|  75|0x0000000084b00000, 0x0000000084b00000, 0x0000000084c00000|  0%| F|  |TAMS 0x0000000084b00000, 0x0000000084b00000| Untracked 
|  76|0x0000000084c00000, 0x0000000084c00000, 0x0000000084d00000|  0%| F|  |TAMS 0x0000000084c00000, 0x0000000084c00000| Untracked 
|  77|0x0000000084d00000, 0x0000000084d00000, 0x0000000084e00000|  0%| F|  |TAMS 0x0000000084d00000, 0x0000000084d00000| Untracked 
|  78|0x0000000084e00000, 0x0000000084e00000, 0x0000000084f00000|  0%| F|  |TAMS 0x0000000084e00000, 0x0000000084e00000| Untracked 
|  79|0x0000000084f00000, 0x0000000084f00000, 0x0000000085000000|  0%| F|  |TAMS 0x0000000084f00000, 0x0000000084f00000| Untracked 
|  80|0x0000000085000000, 0x0000000085000000, 0x0000000085100000|  0%| F|  |TAMS 0x0000000085000000, 0x0000000085000000| Untracked 
|  81|0x0000000085100000, 0x0000000085100000, 0x0000000085200000|  0%| F|  |TAMS 0x0000000085100000, 0x0000000085100000| Untracked 
|  82|0x0000000085200000, 0x0000000085200000, 0x0000000085300000|  0%| F|  |TAMS 0x0000000085200000, 0x0000000085200000| Untracked 
|  83|0x0000000085300000, 0x0000000085300000, 0x0000000085400000|  0%| F|  |TAMS 0x0000000085300000, 0x0000000085300000| Untracked 
|  84|0x0000000085400000, 0x0000000085400000, 0x0000000085500000|  0%| F|  |TAMS 0x0000000085400000, 0x0000000085400000| Untracked 
|  85|0x0000000085500000, 0x0000000085500000, 0x0000000085600000|  0%| F|  |TAMS 0x0000000085500000, 0x0000000085500000| Untracked 
|  86|0x0000000085600000, 0x0000000085600000, 0x0000000085700000|  0%| F|  |TAMS 0x0000000085600000, 0x0000000085600000| Untracked 
|  87|0x0000000085700000, 0x0000000085800000, 0x0000000085800000|100%| E|  |TAMS 0x0000000085700000, 0x0000000085700000| Complete 
|  88|0x0000000085800000, 0x0000000085900000, 0x0000000085900000|100%| E|CS|TAMS 0x0000000085800000, 0x0000000085800000| Complete 
|  89|0x0000000085900000, 0x0000000085a00000, 0x0000000085a00000|100%| E|CS|TAMS 0x0000000085900000, 0x0000000085900000| Complete 
|  90|0x0000000085a00000, 0x0000000085b00000, 0x0000000085b00000|100%| E|CS|TAMS 0x0000000085a00000, 0x0000000085a00000| Complete 
|  91|0x0000000085b00000, 0x0000000085c00000, 0x0000000085c00000|100%| E|CS|TAMS 0x0000000085b00000, 0x0000000085b00000| Complete 
|  92|0x0000000085c00000, 0x0000000085d00000, 0x0000000085d00000|100%| E|CS|TAMS 0x0000000085c00000, 0x0000000085c00000| Complete 
|  93|0x0000000085d00000, 0x0000000085e00000, 0x0000000085e00000|100%| E|CS|TAMS 0x0000000085d00000, 0x0000000085d00000| Complete 
|  94|0x0000000085e00000, 0x0000000085f00000, 0x0000000085f00000|100%| E|CS|TAMS 0x0000000085e00000, 0x0000000085e00000| Complete 
|  95|0x0000000085f00000, 0x0000000086000000, 0x0000000086000000|100%| E|CS|TAMS 0x0000000085f00000, 0x0000000085f00000| Complete 
| 138|0x0000000088a00000, 0x0000000088b00000, 0x0000000088b00000|100%| E|CS|TAMS 0x0000000088a00000, 0x0000000088a00000| Complete 
| 139|0x0000000088b00000, 0x0000000088c00000, 0x0000000088c00000|100%| E|CS|TAMS 0x0000000088b00000, 0x0000000088b00000| Complete 
| 140|0x0000000088c00000, 0x0000000088d00000, 0x0000000088d00000|100%| E|CS|TAMS 0x0000000088c00000, 0x0000000088c00000| Complete 
| 141|0x0000000088d00000, 0x0000000088e00000, 0x0000000088e00000|100%| E|CS|TAMS 0x0000000088d00000, 0x0000000088d00000| Complete 
| 142|0x0000000088e00000, 0x0000000088f00000, 0x0000000088f00000|100%| E|CS|TAMS 0x0000000088e00000, 0x0000000088e00000| Complete 
| 143|0x0000000088f00000, 0x0000000089000000, 0x0000000089000000|100%| E|CS|TAMS 0x0000000088f00000, 0x0000000088f00000| Complete 
| 144|0x0000000089000000, 0x0000000089100000, 0x0000000089100000|100%| E|CS|TAMS 0x0000000089000000, 0x0000000089000000| Complete 
| 145|0x0000000089100000, 0x0000000089200000, 0x0000000089200000|100%| E|CS|TAMS 0x0000000089100000, 0x0000000089100000| Complete 
| 146|0x0000000089200000, 0x0000000089300000, 0x0000000089300000|100%| E|CS|TAMS 0x0000000089200000, 0x0000000089200000| Complete 
| 147|0x0000000089300000, 0x0000000089400000, 0x0000000089400000|100%| E|CS|TAMS 0x0000000089300000, 0x0000000089300000| Complete 
| 148|0x0000000089400000, 0x0000000089500000, 0x0000000089500000|100%| E|CS|TAMS 0x0000000089400000, 0x0000000089400000| Complete 
| 149|0x0000000089500000, 0x0000000089600000, 0x0000000089600000|100%| E|CS|TAMS 0x0000000089500000, 0x0000000089500000| Complete 
| 245|0x000000008f500000, 0x000000008f600000, 0x000000008f600000|100%| E|CS|TAMS 0x000000008f500000, 0x000000008f500000| Complete 

Card table byte_map: [0x000001d5ab260000,0x000001d5ab660000] _byte_map_base: 0x000001d5aae60000

Marking Bits (Prev, Next): (CMBitMap*) 0x000001d5920f73c0, (CMBitMap*) 0x000001d5920f7400
 Prev Bits: [0x000001d5aba60000, 0x000001d5ada60000)
 Next Bits: [0x000001d5ada60000, 0x000001d5afa60000)

Polling page: 0x000001d592160000

Metaspace:

Usage:
  Non-class:     41.63 MB used.
      Class:      6.54 MB used.
       Both:     48.17 MB used.

Virtual space:
  Non-class space:       64.00 MB reserved,      42.38 MB ( 66%) committed,  1 nodes.
      Class space:        1.00 GB reserved,       7.31 MB ( <1%) committed,  1 nodes.
             Both:        1.06 GB reserved,      49.69 MB (  5%) committed. 

Chunk freelists:
   Non-Class:  1.59 MB
       Class:  736.00 KB
        Both:  2.31 MB

MaxMetaspaceSize: unlimited
CompressedClassSpaceSize: 1.00 GB
Initial GC threshold: 21.00 MB
Current GC threshold: 59.19 MB
CDS: on
MetaspaceReclaimPolicy: balanced
 - commit_granule_bytes: 65536.
 - commit_granule_words: 8192.
 - virtual_space_node_default_size: 8388608.
 - enlarge_chunks_in_place: 1.
 - new_chunks_are_fully_committed: 0.
 - uncommit_free_chunks: 1.
 - use_allocation_guard: 0.


Internal statistics:

num_allocs_failed_limit: 9.
num_arena_births: 2694.
num_arena_deaths: 0.
num_vsnodes_births: 2.
num_vsnodes_deaths: 0.
num_space_committed: 795.
num_space_uncommitted: 0.
num_chunks_returned_to_freelist: 9.
num_chunks_taken_from_freelist: 5027.
num_chunk_merges: 6.
num_chunk_splits: 3253.
num_chunks_enlarged: 1970.
num_inconsistent_stats: 0.

CodeHeap 'non-profiled nmethods': size=120000Kb used=2732Kb max_used=3002Kb free=117267Kb
 bounds [0x000001d5a2ca0000, 0x000001d5a2f90000, 0x000001d5aa1d0000]
CodeHeap 'profiled nmethods': size=120000Kb used=10530Kb max_used=11223Kb free=109469Kb
 bounds [0x000001d59b770000, 0x000001d59c270000, 0x000001d5a2ca0000]
CodeHeap 'non-nmethods': size=5760Kb used=2338Kb max_used=2364Kb free=3421Kb
 bounds [0x000001d59b1d0000, 0x000001d59b440000, 0x000001d59b770000]
 total_blobs=6508 nmethods=5662 adapters=758
 compilation: enabled
              stopped_count=0, restarted_count=0
 full_count=0

Compilation events (20 events):
Event: 4.871 Thread 0x000001d5b2753580 6539       3       org.gradle.internal.instantiation.generator.ManagedObjectFactory::<init> (20 bytes)
Event: 4.871 Thread 0x000001d5b2753580 nmethod 6539 0x000001d59ba44090 code [0x000001d59ba44240, 0x000001d59ba444b8]
Event: 4.871 Thread 0x000001d5b2753580 6540       3       org.gradle.api.internal.provider.ValueSupplier$Value::of (22 bytes)
Event: 4.872 Thread 0x000001d5b2753580 nmethod 6540 0x000001d59ba43990 code [0x000001d59ba43b60, 0x000001d59ba43f08]
Event: 4.872 Thread 0x000001d5b2753580 6548       3       com.google.common.base.Preconditions::checkArgument (17 bytes)
Event: 4.872 Thread 0x000001d5b6b210a0 nmethod 6538 0x000001d5a2d63b10 code [0x000001d5a2d63ca0, 0x000001d5a2d63d98]
Event: 4.872 Thread 0x000001d5b2753580 nmethod 6548 0x000001d59ba43310 code [0x000001d59ba434e0, 0x000001d59ba43858]
Event: 4.872 Thread 0x000001d5b2753580 6543       3       org.gradle.api.internal.provider.ValueSupplier$Value::ofNullable (23 bytes)
Event: 4.872 Thread 0x000001d5b6b210a0 6541       4       com.google.common.reflect.TypeResolver$TypeVariableKey::equalsTypeVariable (48 bytes)
Event: 4.872 Thread 0x000001d5b2753580 nmethod 6543 0x000001d59ba42b10 code [0x000001d59ba42ce0, 0x000001d59ba430d8]
Event: 4.872 Thread 0x000001d5b2753580 6544       3       org.gradle.api.internal.provider.Providers$FixedValueProvider::calculateOwnValue (8 bytes)
Event: 4.872 Thread 0x000001d5b2753580 nmethod 6544 0x000001d59bb2f790 code [0x000001d59bb2f960, 0x000001d59bb2fda8]
Event: 4.872 Thread 0x000001d5b2753580 6545       3       org.gradle.api.internal.provider.AbstractProperty::setSupplier (20 bytes)
Event: 4.873 Thread 0x000001d5b2753580 nmethod 6545 0x000001d59bb2ee10 code [0x000001d59bb2efe0, 0x000001d59bb2f618]
Event: 4.873 Thread 0x000001d5b2753580 6546       3       org.gradle.api.internal.provider.AbstractProperty$NonFinalizedValue::explicitValue (7 bytes)
Event: 4.873 Thread 0x000001d5b2753580 nmethod 6546 0x000001d59bb2ea90 code [0x000001d59bb2ec20, 0x000001d59bb2ed38]
Event: 4.873 Thread 0x000001d5b2753580 6547       3       com.google.common.reflect.Types::access$300 (5 bytes)
Event: 4.873 Thread 0x000001d5b2753580 nmethod 6547 0x000001d59bb2e410 code [0x000001d59bb2e5c0, 0x000001d59bb2e988]
Event: 4.873 Thread 0x000001d5b2753580 6549       3       org.gradle.internal.instantiation.generator.AsmBackedClassGenerator::getFactoryForNext (30 bytes)
Event: 4.873 Thread 0x000001d5b2753580 nmethod 6549 0x000001d59bb2dc10 code [0x000001d59bb2dde0, 0x000001d59bb2e2c8]

GC Heap History (20 events):
Event: 2.237 GC heap before
{Heap before GC invocations=2 (full 0):
 garbage-first heap   total 251904K, used 106586K [0x0000000080000000, 0x0000000100000000)
  region size 1024K, 96 young (98304K), 4 survivors (4096K)
 Metaspace       used 20804K, committed 21504K, reserved 1114112K
  class space    used 3098K, committed 3456K, reserved 1048576K
}
Event: 2.244 GC heap after
{Heap after GC invocations=3 (full 0):
 garbage-first heap   total 251904K, used 21101K [0x0000000080000000, 0x0000000100000000)
  region size 1024K, 12 young (12288K), 12 survivors (12288K)
 Metaspace       used 20804K, committed 21504K, reserved 1114112K
  class space    used 3098K, committed 3456K, reserved 1048576K
}
Event: 2.617 GC heap before
{Heap before GC invocations=4 (full 0):
 garbage-first heap   total 78848K, used 55917K [0x0000000080000000, 0x0000000100000000)
  region size 1024K, 46 young (47104K), 12 survivors (12288K)
 Metaspace       used 25860K, committed 26880K, reserved 1114112K
  class space    used 3931K, committed 4416K, reserved 1048576K
}
Event: 2.624 GC heap after
{Heap after GC invocations=5 (full 0):
 garbage-first heap   total 78848K, used 23654K [0x0000000080000000, 0x0000000100000000)
  region size 1024K, 3 young (3072K), 3 survivors (3072K)
 Metaspace       used 25860K, committed 26880K, reserved 1114112K
  class space    used 3931K, committed 4416K, reserved 1048576K
}
Event: 2.637 GC heap before
{Heap before GC invocations=5 (full 0):
 garbage-first heap   total 78848K, used 24678K [0x0000000080000000, 0x0000000100000000)
  region size 1024K, 4 young (4096K), 3 survivors (3072K)
 Metaspace       used 25975K, committed 27072K, reserved 1114112K
  class space    used 3951K, committed 4544K, reserved 1048576K
}
Event: 2.638 GC heap after
{Heap after GC invocations=6 (full 0):
 garbage-first heap   total 78848K, used 24284K [0x0000000080000000, 0x0000000100000000)
  region size 1024K, 1 young (1024K), 1 survivors (1024K)
 Metaspace       used 25975K, committed 27072K, reserved 1114112K
  class space    used 3951K, committed 4544K, reserved 1048576K
}
Event: 2.899 GC heap before
{Heap before GC invocations=6 (full 0):
 garbage-first heap   total 78848K, used 55004K [0x0000000080000000, 0x0000000100000000)
  region size 1024K, 32 young (32768K), 1 survivors (1024K)
 Metaspace       used 30880K, committed 31936K, reserved 1114112K
  class space    used 4411K, committed 4928K, reserved 1048576K
}
Event: 2.902 GC heap after
{Heap after GC invocations=7 (full 0):
 garbage-first heap   total 78848K, used 28226K [0x0000000080000000, 0x0000000100000000)
  region size 1024K, 4 young (4096K), 4 survivors (4096K)
 Metaspace       used 30880K, committed 31936K, reserved 1114112K
  class space    used 4411K, committed 4928K, reserved 1048576K
}
Event: 3.160 GC heap before
{Heap before GC invocations=7 (full 0):
 garbage-first heap   total 78848K, used 58946K [0x0000000080000000, 0x0000000100000000)
  region size 1024K, 32 young (32768K), 4 survivors (4096K)
 Metaspace       used 33459K, committed 34688K, reserved 1114112K
  class space    used 4688K, committed 5312K, reserved 1048576K
}
Event: 3.163 GC heap after
{Heap after GC invocations=8 (full 0):
 garbage-first heap   total 78848K, used 31174K [0x0000000080000000, 0x0000000100000000)
  region size 1024K, 4 young (4096K), 4 survivors (4096K)
 Metaspace       used 33459K, committed 34688K, reserved 1114112K
  class space    used 4688K, committed 5312K, reserved 1048576K
}
Event: 3.286 GC heap before
{Heap before GC invocations=8 (full 0):
 garbage-first heap   total 78848K, used 41414K [0x0000000080000000, 0x0000000100000000)
  region size 1024K, 15 young (15360K), 4 survivors (4096K)
 Metaspace       used 34739K, committed 35968K, reserved 1114112K
  class space    used 4885K, committed 5504K, reserved 1048576K
}
Event: 3.288 GC heap after
{Heap after GC invocations=9 (full 0):
 garbage-first heap   total 78848K, used 32733K [0x0000000080000000, 0x0000000100000000)
  region size 1024K, 2 young (2048K), 2 survivors (2048K)
 Metaspace       used 34739K, committed 35968K, reserved 1114112K
  class space    used 4885K, committed 5504K, reserved 1048576K
}
Event: 3.582 GC heap before
{Heap before GC invocations=10 (full 0):
 garbage-first heap   total 78848K, used 58333K [0x0000000080000000, 0x0000000100000000)
  region size 1024K, 27 young (27648K), 2 survivors (2048K)
 Metaspace       used 38302K, committed 39744K, reserved 1114112K
  class space    used 5354K, committed 6080K, reserved 1048576K
}
Event: 3.584 GC heap after
{Heap after GC invocations=11 (full 0):
 garbage-first heap   total 78848K, used 34787K [0x0000000080000000, 0x0000000100000000)
  region size 1024K, 4 young (4096K), 4 survivors (4096K)
 Metaspace       used 38302K, committed 39744K, reserved 1114112K
  class space    used 5354K, committed 6080K, reserved 1048576K
}
Event: 3.857 GC heap before
{Heap before GC invocations=11 (full 0):
 garbage-first heap   total 78848K, used 59363K [0x0000000080000000, 0x0000000100000000)
  region size 1024K, 28 young (28672K), 4 survivors (4096K)
 Metaspace       used 41155K, committed 42624K, reserved 1114112K
  class space    used 5775K, committed 6528K, reserved 1048576K
}
Event: 3.861 GC heap after
{Heap after GC invocations=12 (full 0):
 garbage-first heap   total 78848K, used 36460K [0x0000000080000000, 0x0000000100000000)
  region size 1024K, 2 young (2048K), 2 survivors (2048K)
 Metaspace       used 41155K, committed 42624K, reserved 1114112K
  class space    used 5775K, committed 6528K, reserved 1048576K
}
Event: 4.193 GC heap before
{Heap before GC invocations=12 (full 0):
 garbage-first heap   total 78848K, used 61036K [0x0000000080000000, 0x0000000100000000)
  region size 1024K, 26 young (26624K), 2 survivors (2048K)
 Metaspace       used 41978K, committed 43456K, reserved 1114112K
  class space    used 5848K, committed 6592K, reserved 1048576K
}
Event: 4.197 GC heap after
{Heap after GC invocations=13 (full 0):
 garbage-first heap   total 111616K, used 38611K [0x0000000080000000, 0x0000000100000000)
  region size 1024K, 4 young (4096K), 4 survivors (4096K)
 Metaspace       used 41978K, committed 43456K, reserved 1114112K
  class space    used 5848K, committed 6592K, reserved 1048576K
}
Event: 4.660 GC heap before
{Heap before GC invocations=13 (full 0):
 garbage-first heap   total 111616K, used 93907K [0x0000000080000000, 0x0000000100000000)
  region size 1024K, 50 young (51200K), 4 survivors (4096K)
 Metaspace       used 45663K, committed 47232K, reserved 1114112K
  class space    used 6309K, committed 7104K, reserved 1048576K
}
Event: 4.665 GC heap after
{Heap after GC invocations=14 (full 0):
 garbage-first heap   total 111616K, used 57833K [0x0000000080000000, 0x0000000100000000)
  region size 1024K, 7 young (7168K), 7 survivors (7168K)
 Metaspace       used 45663K, committed 47232K, reserved 1114112K
  class space    used 6309K, committed 7104K, reserved 1048576K
}

Deoptimization events (20 events):
Event: 4.665 Thread 0x000001d5b6a07f40 Uncommon trap: trap_request=0xffffffde fr.pc=0x000001d5a2f297a8 relative=0x0000000000000488
Event: 4.665 Thread 0x000001d5b6a07f40 Uncommon trap: reason=class_check action=maybe_recompile pc=0x000001d5a2f297a8 method=jdk.internal.ref.PhantomCleanable.clean()V @ 12 c2
Event: 4.665 Thread 0x000001d5b6a07f40 DEOPT PACKING pc=0x000001d5a2f297a8 sp=0x00000038200ff400
Event: 4.665 Thread 0x000001d5b6a07f40 DEOPT UNPACKING pc=0x000001d59b2223a3 sp=0x00000038200ff3e0 mode 2
Event: 4.671 Thread 0x000001d5b7d25840 Uncommon trap: trap_request=0xffffffc6 fr.pc=0x000001d5a2e44a44 relative=0x00000000000007c4
Event: 4.671 Thread 0x000001d5b7d25840 Uncommon trap: reason=bimorphic_or_optimized_type_check action=maybe_recompile pc=0x000001d5a2e44a44 method=java.io.BufferedInputStream.read([BII)I @ 101 c2
Event: 4.671 Thread 0x000001d5b7d25840 DEOPT PACKING pc=0x000001d5a2e44a44 sp=0x0000003820ff6ee0
Event: 4.671 Thread 0x000001d5b7d25840 DEOPT UNPACKING pc=0x000001d59b2223a3 sp=0x0000003820ff6e98 mode 2
Event: 4.721 Thread 0x000001d5b7d25840 Uncommon trap: trap_request=0xffffff45 fr.pc=0x000001d5a2cf54e0 relative=0x00000000000002a0
Event: 4.721 Thread 0x000001d5b7d25840 Uncommon trap: reason=unstable_if action=reinterpret pc=0x000001d5a2cf54e0 method=org.gradle.internal.instantiation.generator.AbstractClassGenerator$InjectionAnnotationValidator.validateMethod(Ljava/lang/reflect/Method;Lorg/gradle/internal/reflect/Propert
Event: 4.721 Thread 0x000001d5b7d25840 DEOPT PACKING pc=0x000001d5a2cf54e0 sp=0x0000003820ff72a0
Event: 4.721 Thread 0x000001d5b7d25840 DEOPT UNPACKING pc=0x000001d59b2223a3 sp=0x0000003820ff7268 mode 2
Event: 4.721 Thread 0x000001d5b7d25840 Uncommon trap: trap_request=0xffffff45 fr.pc=0x000001d5a2f210ec relative=0x000000000000070c
Event: 4.721 Thread 0x000001d5b7d25840 Uncommon trap: reason=unstable_if action=reinterpret pc=0x000001d5a2f210ec method=org.gradle.internal.instantiation.generator.AbstractClassGenerator$InjectionAnnotationValidator.validateMethod(Ljava/lang/reflect/Method;Lorg/gradle/internal/reflect/Propert
Event: 4.721 Thread 0x000001d5b7d25840 DEOPT PACKING pc=0x000001d5a2f210ec sp=0x0000003820ff71e0
Event: 4.721 Thread 0x000001d5b7d25840 DEOPT UNPACKING pc=0x000001d59b2223a3 sp=0x0000003820ff71d0 mode 2
Event: 4.771 Thread 0x000001d5b7d25840 Uncommon trap: trap_request=0xffffffc6 fr.pc=0x000001d5a2e5e3fc relative=0x000000000000013c
Event: 4.771 Thread 0x000001d5b7d25840 Uncommon trap: reason=bimorphic_or_optimized_type_check action=maybe_recompile pc=0x000001d5a2e5e3fc method=java.util.stream.ReferencePipeline.forEachWithCancel(Ljava/util/Spliterator;Ljava/util/stream/Sink;)Z @ 1 c2
Event: 4.771 Thread 0x000001d5b7d25840 DEOPT PACKING pc=0x000001d5a2e5e3fc sp=0x0000003820ff6ef0
Event: 4.771 Thread 0x000001d5b7d25840 DEOPT UNPACKING pc=0x000001d59b2223a3 sp=0x0000003820ff6e70 mode 2

Classes loaded (20 events):
Event: 4.768 Loading class sun/management/ClassLoadingImpl
Event: 4.768 Loading class sun/management/ClassLoadingImpl done
Event: 4.775 Loading class java/lang/management/ThreadMXBean
Event: 4.775 Loading class java/lang/management/ThreadMXBean done
Event: 4.775 Loading class com/sun/management/internal/HotSpotThreadImpl
Event: 4.775 Loading class com/sun/management/ThreadMXBean
Event: 4.775 Loading class com/sun/management/ThreadMXBean done
Event: 4.775 Loading class sun/management/ThreadImpl
Event: 4.775 Loading class sun/management/ThreadImpl done
Event: 4.775 Loading class com/sun/management/internal/HotSpotThreadImpl done
Event: 4.775 Loading class java/util/Collections$SynchronizedRandomAccessList
Event: 4.775 Loading class java/util/Collections$SynchronizedList
Event: 4.776 Loading class java/util/Collections$SynchronizedList done
Event: 4.776 Loading class java/util/Collections$SynchronizedRandomAccessList done
Event: 4.778 Loading class java/util/concurrent/Executors$DefaultThreadFactory
Event: 4.778 Loading class java/util/concurrent/Executors$DefaultThreadFactory done
Event: 4.837 Loading class java/nio/charset/UnsupportedCharsetException
Event: 4.837 Loading class java/nio/charset/UnsupportedCharsetException done
Event: 4.857 Loading class jdk/internal/access/foreign/MemorySegmentProxy
Event: 4.857 Loading class jdk/internal/access/foreign/MemorySegmentProxy done

Classes unloaded (0 events):
No events

Classes redefined (0 events):
No events

Internal exceptions (20 events):
Event: 4.356 Thread 0x000001d5b84733b0 Exception <a 'java/lang/NoSuchMethodError'{0x0000000085fc3878}: static Lorg/gradle/internal/build/event/types/DefaultOperationFinishedProgressEvent;.<clinit>()V> (0x0000000085fc3878) 
thrown [s\open\src\hotspot\share\prims\jni.cpp, line 1104]
Event: 4.358 Thread 0x000001d5b84733b0 Exception <a 'java/lang/NoSuchMethodError'{0x0000000085fe9348}: static Lorg/gradle/internal/build/event/types/DefaultProjectConfigurationSuccessResult;.<clinit>()V> (0x0000000085fe9348) 
thrown [s\open\src\hotspot\share\prims\jni.cpp, line 1104]
Event: 4.358 Thread 0x000001d5b84733b0 Exception <a 'java/lang/NoSuchMethodError'{0x0000000085fea658}: static Lorg/gradle/internal/build/event/types/AbstractProjectConfigurationResult;.<clinit>()V> (0x0000000085fea658) 
thrown [s\open\src\hotspot\share\prims\jni.cpp, line 1104]
Event: 4.358 Thread 0x000001d5b84733b0 Exception <a 'java/lang/NoSuchMethodError'{0x0000000085febb50}: static Lorg/gradle/internal/build/event/types/AbstractOperationResult;.<clinit>()V> (0x0000000085febb50) 
thrown [s\open\src\hotspot\share\prims\jni.cpp, line 1104]
Event: 4.358 Thread 0x000001d5b84733b0 Exception <a 'java/lang/NoSuchMethodError'{0x0000000085fecd58}: static Lorg/gradle/internal/build/event/types/AbstractResult;.<clinit>()V> (0x0000000085fecd58) 
thrown [s\open\src\hotspot\share\prims\jni.cpp, line 1104]
Event: 4.361 Thread 0x000001d5b84733b0 Exception <a 'java/lang/NoSuchMethodError'{0x0000000085e03838}: static Lorg/gradle/internal/build/event/types/DefaultPluginApplicationResult;.<clinit>()V> (0x0000000085e03838) 
thrown [s\open\src\hotspot\share\prims\jni.cpp, line 1104]
Event: 4.361 Thread 0x000001d5b84733b0 Exception <a 'java/lang/NoSuchMethodError'{0x0000000085e0efc8}: static Lorg/gradle/internal/build/event/types/DefaultBinaryPluginIdentifier;.<clinit>()V> (0x0000000085e0efc8) 
thrown [s\open\src\hotspot\share\prims\jni.cpp, line 1104]
Event: 4.364 Thread 0x000001d5b84733b0 Exception <a 'java/lang/NoSuchMethodError'{0x0000000085e426b0}: static Lorg/gradle/internal/build/event/types/DefaultScriptPluginIdentifier;.<clinit>()V> (0x0000000085e426b0) 
thrown [s\open\src\hotspot\share\prims\jni.cpp, line 1104]
Event: 4.368 Thread 0x000001d5b7d25840 Exception <a 'java/lang/ClassNotFoundException'{0x0000000085ea1528}: build_e1gy6z2hm65c6wz03dbjy14wzBeanInfo> (0x0000000085ea1528) 
thrown [s\open\src\hotspot\share\classfile\systemDictionary.cpp, line 255]
Event: 4.369 Thread 0x000001d5b7d25840 Exception <a 'java/lang/ClassNotFoundException'{0x0000000085ea8c78}: build_e1gy6z2hm65c6wz03dbjy14wzCustomizer> (0x0000000085ea8c78) 
thrown [s\open\src\hotspot\share\classfile\systemDictionary.cpp, line 255]
Event: 4.444 Thread 0x000001d5b7d25840 Exception <a 'java/lang/ClassNotFoundException'{0x000000008530c8f8}: org/gradle/api/internal/plugins/DefaultObjectConfigurationActionBeanInfo> (0x000000008530c8f8) 
thrown [s\open\src\hotspot\share\classfile\systemDictionary.cpp, line 255]
Event: 4.444 Thread 0x000001d5b7d25840 Exception <a 'java/lang/ClassNotFoundException'{0x000000008531c740}: org/gradle/api/internal/plugins/DefaultObjectConfigurationActionCustomizer> (0x000000008531c740) 
thrown [s\open\src\hotspot\share\classfile\systemDictionary.cpp, line 255]
Event: 4.519 Thread 0x000001d5b7d25840 Exception <a 'java/lang/NoSuchMethodError'{0x0000000084ae25b8}: 'java.lang.Object java.lang.invoke.DirectMethodHandle$Holder.newInvokeSpecial(java.lang.Object, java.lang.Object, java.lang.Object, java.lang.Object, int)'> (0x0000000084ae25b8) 
thrown [s\open\src\hotspot\share\interpreter\linkResolver.cpp, line 759]
Event: 4.520 Thread 0x000001d5b7d25840 Exception <a 'java/lang/NoSuchMethodError'{0x0000000084ae7878}: 'java.lang.Object java.lang.invoke.DirectMethodHandle$Holder.invokeSpecial(java.lang.Object, java.lang.Object, java.lang.Object, java.lang.Object, java.lang.Object, int)'> (0x0000000084ae7878) 
thrown [s\open\src\hotspot\share\interpreter\linkResolver.cpp, line 759]
Event: 4.520 Thread 0x000001d5b7d25840 Exception <a 'java/lang/NoSuchMethodError'{0x0000000084aec4e8}: 'java.lang.Object java.lang.invoke.Invokers$Holder.linkToTargetMethod(java.lang.Object, java.lang.Object, java.lang.Object, int, java.lang.Object)'> (0x0000000084aec4e8) 
thrown [s\open\src\hotspot\share\interpreter\linkResolver.cpp, line 759]
Event: 4.528 Thread 0x000001d5b7d25840 Exception <a 'java/lang/NoSuchMethodError'{0x00000000849a8100}: 'java.lang.Object java.lang.invoke.DirectMethodHandle$Holder.newInvokeSpecial(java.lang.Object, java.lang.Object, int, int)'> (0x00000000849a8100) 
thrown [s\open\src\hotspot\share\interpreter\linkResolver.cpp, line 759]
Event: 4.528 Thread 0x000001d5b7d25840 Exception <a 'java/lang/NoSuchMethodError'{0x00000000849ad830}: 'java.lang.Object java.lang.invoke.DirectMethodHandle$Holder.invokeSpecial(java.lang.Object, java.lang.Object, java.lang.Object, int, int)'> (0x00000000849ad830) 
thrown [s\open\src\hotspot\share\interpreter\linkResolver.cpp, line 759]
Event: 4.532 Thread 0x000001d5b7d25840 Exception <a 'java/lang/NoSuchMethodError'{0x0000000084803418}: 'void java.lang.invoke.DirectMethodHandle$Holder.invokeSpecial(java.lang.Object, java.lang.Object, int)'> (0x0000000084803418) 
thrown [s\open\src\hotspot\share\interpreter\linkResolver.cpp, line 759]
Event: 4.532 Thread 0x000001d5b7d25840 Exception <a 'java/lang/NoSuchMethodError'{0x0000000084807e30}: 'void java.lang.invoke.Invokers$Holder.invokeExact_MT(java.lang.Object, int, java.lang.Object)'> (0x0000000084807e30) 
thrown [s\open\src\hotspot\share\interpreter\linkResolver.cpp, line 759]
Event: 4.713 Thread 0x000001d5b7d25840 Exception <a 'java/lang/NoSuchMethodError'{0x0000000089341d20}: 'int java.lang.invoke.DirectMethodHandle$Holder.invokeInterface(java.lang.Object, java.lang.Object, java.lang.Object, java.lang.Object)'> (0x0000000089341d20) 
thrown [s\open\src\hotspot\share\interpreter\linkResolver.cpp, line 759]

VM Operations (20 events):
Event: 4.160 Executing VM operation: HandshakeAllThreads
Event: 4.160 Executing VM operation: HandshakeAllThreads done
Event: 4.168 Executing VM operation: ICBufferFull
Event: 4.168 Executing VM operation: ICBufferFull done
Event: 4.176 Executing VM operation: HandshakeAllThreads
Event: 4.176 Executing VM operation: HandshakeAllThreads done
Event: 4.190 Executing VM operation: HandshakeAllThreads
Event: 4.190 Executing VM operation: HandshakeAllThreads done
Event: 4.193 Executing VM operation: G1CollectForAllocation
Event: 4.197 Executing VM operation: G1CollectForAllocation done
Event: 4.352 Executing VM operation: HandshakeAllThreads
Event: 4.352 Executing VM operation: HandshakeAllThreads done
Event: 4.378 Executing VM operation: ICBufferFull
Event: 4.379 Executing VM operation: ICBufferFull done
Event: 4.660 Executing VM operation: G1CollectForAllocation
Event: 4.665 Executing VM operation: G1CollectForAllocation done
Event: 4.707 Executing VM operation: HandshakeAllThreads
Event: 4.708 Executing VM operation: HandshakeAllThreads done
Event: 4.712 Executing VM operation: HandshakeAllThreads
Event: 4.713 Executing VM operation: HandshakeAllThreads done

Events (20 events):
Event: 4.201 Thread 0x000001d5b2756d00 flushing nmethod 0x000001d59c12f690
Event: 4.201 Thread 0x000001d5b2756d00 flushing nmethod 0x000001d59c145210
Event: 4.201 Thread 0x000001d5b2756d00 flushing nmethod 0x000001d59c14c510
Event: 4.202 Thread 0x000001d5b2756d00 flushing nmethod 0x000001d59c206b90
Event: 4.202 Thread 0x000001d5b2756d00 flushing nmethod 0x000001d59c20fb10
Event: 4.202 Thread 0x000001d5b2756d00 flushing nmethod 0x000001d59c21c090
Event: 4.202 Thread 0x000001d5b2756d00 flushing nmethod 0x000001d59c21c390
Event: 4.202 Thread 0x000001d5b2756d00 flushing nmethod 0x000001d59c223e90
Event: 4.202 Thread 0x000001d5b2756d00 flushing nmethod 0x000001d59c225290
Event: 4.202 Thread 0x000001d5b2756d00 flushing nmethod 0x000001d59c22c110
Event: 4.202 Thread 0x000001d5b2756d00 flushing nmethod 0x000001d59c22c490
Event: 4.202 Thread 0x000001d5b2756d00 flushing nmethod 0x000001d59c232610
Event: 4.250 Thread 0x000001d5bbb8d7f0 Thread added: 0x000001d5bbb8d7f0
Event: 4.251 Thread 0x000001d5bbb8a7d0 Thread added: 0x000001d5bbb8a7d0
Event: 4.251 Thread 0x000001d5bbb8fe70 Thread added: 0x000001d5bbb8fe70
Event: 4.251 Thread 0x000001d5bbb8a300 Thread added: 0x000001d5bbb8a300
Event: 4.251 Thread 0x000001d5bbb8aca0 Thread added: 0x000001d5bbb8aca0
Event: 4.251 Thread 0x000001d5bbb8eb30 Thread added: 0x000001d5bbb8eb30
Event: 4.251 Thread 0x000001d5bbb8f000 Thread added: 0x000001d5bbb8f000
Event: 4.797 Thread 0x000001d5bbb8f4d0 Thread added: 0x000001d5bbb8f4d0


Dynamic libraries:
0x00007ff711170000 - 0x00007ff71117e000 	C:\Users\HP\.jdks\openjdk-18.0.2\bin\java.exe
0x00007ffbd8630000 - 0x00007ffbd8825000 	C:\Windows\SYSTEM32\ntdll.dll
0x00007ffbd84b0000 - 0x00007ffbd856e000 	C:\Windows\System32\KERNEL32.DLL
0x00007ffbd5ea0000 - 0x00007ffbd6168000 	C:\Windows\System32\KERNELBASE.dll
0x00007ffbd6200000 - 0x00007ffbd6300000 	C:\Windows\System32\ucrtbase.dll
0x00007ffbc0a10000 - 0x00007ffbc0a2a000 	C:\Users\HP\.jdks\openjdk-18.0.2\bin\VCRUNTIME140.dll
0x00007ffbd0b60000 - 0x00007ffbd0b77000 	C:\Users\HP\.jdks\openjdk-18.0.2\bin\jli.dll
0x00007ffbd6680000 - 0x00007ffbd6821000 	C:\Windows\System32\USER32.dll
0x00007ffbd5e40000 - 0x00007ffbd5e62000 	C:\Windows\System32\win32u.dll
0x00007ffbc19e0000 - 0x00007ffbc1c7a000 	C:\Windows\WinSxS\amd64_microsoft.windows.common-controls_6595b64144ccf1df_6.0.19041.1110_none_60b5254171f9507e\COMCTL32.dll
0x00007ffbd7ca0000 - 0x00007ffbd7ccb000 	C:\Windows\System32\GDI32.dll
0x00007ffbd80d0000 - 0x00007ffbd816e000 	C:\Windows\System32\msvcrt.dll
0x00007ffbd6510000 - 0x00007ffbd661b000 	C:\Windows\System32\gdi32full.dll
0x00007ffbd5da0000 - 0x00007ffbd5e3d000 	C:\Windows\System32\msvcp_win.dll
0x00007ffbd7c70000 - 0x00007ffbd7ca0000 	C:\Windows\System32\IMM32.DLL
0x00007ffbd0b50000 - 0x00007ffbd0b5c000 	C:\Users\HP\.jdks\openjdk-18.0.2\bin\vcruntime140_1.dll
0x00007ffbac200000 - 0x00007ffbac28d000 	C:\Users\HP\.jdks\openjdk-18.0.2\bin\msvcp140.dll
0x00007ffb854d0000 - 0x00007ffb860e1000 	C:\Users\HP\.jdks\openjdk-18.0.2\bin\server\jvm.dll
0x00007ffbd8400000 - 0x00007ffbd84ac000 	C:\Windows\System32\ADVAPI32.dll
0x00007ffbd8360000 - 0x00007ffbd83fb000 	C:\Windows\System32\sechost.dll
0x00007ffbd7d30000 - 0x00007ffbd7e5a000 	C:\Windows\System32\RPCRT4.dll
0x00007ffbd7c60000 - 0x00007ffbd7c68000 	C:\Windows\System32\PSAPI.DLL
0x00007ffbcb8a0000 - 0x00007ffbcb8c7000 	C:\Windows\SYSTEM32\WINMM.dll
0x00007ffbd34c0000 - 0x00007ffbd34c9000 	C:\Windows\SYSTEM32\WSOCK32.dll
0x00007ffbd33f0000 - 0x00007ffbd33fa000 	C:\Windows\SYSTEM32\VERSION.dll
0x00007ffbd7b40000 - 0x00007ffbd7bab000 	C:\Windows\System32\WS2_32.dll
0x00007ffbd45d0000 - 0x00007ffbd45e2000 	C:\Windows\SYSTEM32\kernel.appcore.dll
0x00007ffbcf0d0000 - 0x00007ffbcf0da000 	C:\Users\HP\.jdks\openjdk-18.0.2\bin\jimage.dll
0x00007ffbc3010000 - 0x00007ffbc31f4000 	C:\Windows\SYSTEM32\DBGHELP.DLL
0x00007ffbbee10000 - 0x00007ffbbee3c000 	C:\Windows\SYSTEM32\dbgcore.DLL
0x00007ffbd6170000 - 0x00007ffbd61f3000 	C:\Windows\System32\bcryptPrimitives.dll
0x00007ffbb72c0000 - 0x00007ffbb72e5000 	C:\Users\HP\.jdks\openjdk-18.0.2\bin\java.dll
0x00007ffbac120000 - 0x00007ffbac1f6000 	C:\Users\HP\.jdks\openjdk-18.0.2\bin\jsvml.dll
0x00007ffbd6e20000 - 0x00007ffbd755f000 	C:\Windows\System32\SHELL32.dll
0x00007ffbd3e30000 - 0x00007ffbd45c0000 	C:\Windows\SYSTEM32\windows.storage.dll
0x00007ffbd6ac0000 - 0x00007ffbd6e15000 	C:\Windows\System32\combase.dll
0x00007ffbd57a0000 - 0x00007ffbd57ce000 	C:\Windows\SYSTEM32\Wldp.dll
0x00007ffbd7e60000 - 0x00007ffbd7f0d000 	C:\Windows\System32\SHCORE.dll
0x00007ffbd7cd0000 - 0x00007ffbd7d25000 	C:\Windows\System32\shlwapi.dll
0x00007ffbd5c90000 - 0x00007ffbd5caf000 	C:\Windows\SYSTEM32\profapi.dll
0x00007ffbc09c0000 - 0x00007ffbc09d3000 	C:\Users\HP\.jdks\openjdk-18.0.2\bin\net.dll
0x00007ffbcbcf0000 - 0x00007ffbcbdfc000 	C:\Windows\SYSTEM32\WINHTTP.dll
0x00007ffbd5500000 - 0x00007ffbd556a000 	C:\Windows\system32\mswsock.dll
0x00007ffbb9950000 - 0x00007ffbb9966000 	C:\Users\HP\.jdks\openjdk-18.0.2\bin\nio.dll
0x00007ffbb92e0000 - 0x00007ffbb92f8000 	C:\Users\HP\.jdks\openjdk-18.0.2\bin\zip.dll
0x00007ffbca3b0000 - 0x00007ffbca3c0000 	C:\Users\HP\.jdks\openjdk-18.0.2\bin\verify.dll
0x00007ffbb9a20000 - 0x00007ffbb9a47000 	C:\Users\HP\.gradle\native\e1d6ef7f7dcc3fd88c89a11ec53ec762bb8ba0a96d01ffa2cd45eb1d1d8dd5c5\windows-amd64\native-platform.dll
0x00007ffbaa120000 - 0x00007ffbaa264000 	C:\Users\HP\.gradle\native\0d407fdbe67a94daf76414ababcb853783967236a71b16ec16e742cd7a986fd3\windows-amd64\native-platform-file-events.dll
0x00007ffbc1010000 - 0x00007ffbc1019000 	C:\Users\HP\.jdks\openjdk-18.0.2\bin\management.dll
0x00007ffbc0f20000 - 0x00007ffbc0f2b000 	C:\Users\HP\.jdks\openjdk-18.0.2\bin\management_ext.dll
0x00007ffbd56f0000 - 0x00007ffbd5708000 	C:\Windows\SYSTEM32\CRYPTSP.dll
0x00007ffbd4e10000 - 0x00007ffbd4e44000 	C:\Windows\system32\rsaenh.dll
0x00007ffbd5e70000 - 0x00007ffbd5e97000 	C:\Windows\System32\bcrypt.dll
0x00007ffbd5c50000 - 0x00007ffbd5c7e000 	C:\Windows\SYSTEM32\USERENV.dll
0x00007ffbd5710000 - 0x00007ffbd571c000 	C:\Windows\SYSTEM32\CRYPTBASE.dll
0x00007ffbd51a0000 - 0x00007ffbd51db000 	C:\Windows\SYSTEM32\IPHLPAPI.DLL
0x00007ffbd7630000 - 0x00007ffbd7638000 	C:\Windows\System32\NSI.dll
0x00007ffbce0d0000 - 0x00007ffbce0e7000 	C:\Windows\SYSTEM32\dhcpcsvc6.DLL
0x00007ffbce0b0000 - 0x00007ffbce0cd000 	C:\Windows\SYSTEM32\dhcpcsvc.DLL
0x00007ffbd51e0000 - 0x00007ffbd52ab000 	C:\Windows\SYSTEM32\DNSAPI.dll

dbghelp: loaded successfully - version: 4.0.5 - missing functions: none
symbol engine: initialized successfully - sym options: 0x614 - pdb path: .;C:\Users\HP\.jdks\openjdk-18.0.2\bin;C:\Windows\SYSTEM32;C:\Windows\WinSxS\amd64_microsoft.windows.common-controls_6595b64144ccf1df_6.0.19041.1110_none_60b5254171f9507e;C:\Users\HP\.jdks\openjdk-18.0.2\bin\server;C:\Users\HP\.gradle\native\e1d6ef7f7dcc3fd88c89a11ec53ec762bb8ba0a96d01ffa2cd45eb1d1d8dd5c5\windows-amd64;C:\Users\HP\.gradle\native\0d407fdbe67a94daf76414ababcb853783967236a71b16ec16e742cd7a986fd3\windows-amd64

VM Arguments:
jvm_args: --add-opens=java.base/java.util=ALL-UNNAMED --add-opens=java.base/java.lang=ALL-UNNAMED --add-opens=java.base/java.lang.invoke=ALL-UNNAMED --add-opens=java.base/java.util=ALL-UNNAMED --add-opens=java.prefs/java.util.prefs=ALL-UNNAMED --add-opens=java.prefs/java.util.prefs=ALL-UNNAMED --add-opens=java.base/java.nio.charset=ALL-UNNAMED --add-opens=java.base/java.net=ALL-UNNAMED --add-opens=java.base/java.util.concurrent.atomic=ALL-UNNAMED -Xmx2048m -Dfile.encoding=UTF-8 -Duser.country=RU -Duser.language=ru -Duser.variant 
java_command: org.gradle.launcher.daemon.bootstrap.GradleDaemon 7.5
java_class_path (initial): C:\Users\HP\.gradle\wrapper\dists\gradle-7.5-bin\f1w0cc9nuo0eivz97x2xlu9sv\gradle-7.5\lib\gradle-launcher-7.5.jar
Launcher Type: SUN_STANDARD

[Global flags]
     intx CICompilerCount                          = 4                                         {product} {ergonomic}
     uint ConcGCThreads                            = 3                                         {product} {ergonomic}
     uint G1ConcRefinementThreads                  = 10                                        {product} {ergonomic}
   size_t G1HeapRegionSize                         = 1048576                                   {product} {ergonomic}
    uintx GCDrainStackTargetSize                   = 64                                        {product} {ergonomic}
   size_t InitialHeapSize                          = 257949696                                 {product} {ergonomic}
   size_t MarkStackSize                            = 4194304                                   {product} {ergonomic}
   size_t MaxHeapSize                              = 2147483648                                {product} {command line}
   size_t MaxNewSize                               = 1287651328                                {product} {ergonomic}
   size_t MinHeapDeltaBytes                        = 1048576                                   {product} {ergonomic}
   size_t MinHeapSize                              = 8388608                                   {product} {ergonomic}
    uintx NonNMethodCodeHeapSize                   = 5839372                                {pd product} {ergonomic}
    uintx NonProfiledCodeHeapSize                  = 122909434                              {pd product} {ergonomic}
    uintx ProfiledCodeHeapSize                     = 122909434                              {pd product} {ergonomic}
    uintx ReservedCodeCacheSize                    = 251658240                              {pd product} {ergonomic}
     bool SegmentedCodeCache                       = true                                      {product} {ergonomic}
   size_t SoftMaxHeapSize                          = 2147483648                             {manageable} {ergonomic}
     bool UseCompressedClassPointers               = true                           {product lp64_product} {ergonomic}
     bool UseCompressedOops                        = true                           {product lp64_product} {ergonomic}
     bool UseG1GC                                  = true                                      {product} {ergonomic}
     bool UseLargePagesIndividualAllocation        = false                                  {pd product} {ergonomic}

Logging:
Log output configuration:
 #0: stdout all=warning uptime,level,tags foldmultilines=false
 #1: stderr all=off uptime,level,tags foldmultilines=false

Environment Variables:
PATH=C:\cygwin64\bin;C:\Program Files (x86)\Common Files\Intel\Shared Libraries\redist\intel64_win\compiler;C:\Program Files (x86)\Common Files\Intel\Shared Libraries\redist\intel64\compiler;C:\Program Files\Microsoft MPI\Bin\;C:\ProgramData\Oracle\Java\javapath;C:\Windows\system32;C:\Windows;C:\Windows\System32\Wbem;C:\Windows\System32\WindowsPowerShell\v1.0\;C:\Windows\System32\OpenSSH\;C:\Program Files\7-Zip;C:\Program Files (x86)\NVIDIA Corporation\PhysX\Common;C:\Program Files\Microsoft SQL Server\150\Tools\Binn\;C:\Program Files\Microsoft SQL Server\Client SDK\ODBC\170\Tools\Binn\;C:\Program Files\Git\cmd;C:\Program Files\dotnet\;C:\Program Files (x86)\Microsoft SQL Server\150\Tools\Binn\;C:\Program Files\Microsoft SQL Server\150\DTS\Binn\;C:\Program Files (x86)\Microsoft SQL Server\150\DTS\Binn\;C:\Program Files\nodejs\;C:\Users\HP\AppData\Local\Microsoft\WindowsApps;C:\Users\HP\AppData\Local\Programs\Microsoft VS Code\bin;C:\Users\HP\AppData\Local\GitHubDesktop\bin;C:\flutter\bin;C:\Users\HP\.dotnet\tools;C:\Program Files\Azure Data Studio\bin;C:\Users\HP\AppData\Roaming\npm
USERNAME=HP
OS=Windows_NT
PROCESSOR_IDENTIFIER=AMD64 Family 23 Model 96 Stepping 1, AuthenticAMD



---------------  S Y S T E M  ---------------

OS:
 Windows 10 , 64 bit Build 19041 (10.0.19041.1348)
OS uptime: 18 days 6:58 hours

CPU: total 12 (initial active 12) (12 cores per cpu, 2 threads per core) family 23 model 96 stepping 1 microcode 0x0, cx8, cmov, fxsr, ht, mmx, 3dnowpref, sse, sse2, sse3, ssse3, sse4a, sse4.1, sse4.2, popcnt, lzcnt, tsc, tscinvbit, avx, avx2, aes, clmul, bmi1, bmi2, adx, sha, fma, vzeroupper, clflush, clflushopt

Memory: 4k page, system-wide physical 15733M (1403M free)
TotalPageFile size 18733M (AvailPageFile size 4M)
current process WorkingSet (physical memory assigned to process): 298M, peak: 298M
current process commit charge ("private bytes"): 350M, peak: 433M

vm_info: OpenJDK 64-Bit Server VM (18.0.2+9-61) for windows-amd64 JRE (18.0.2+9-61), built on Jun  7 2022 13:05:59 by "mach5one" with MS VC++ 16.8 / 16.9 (VS2019)

END.
