#
# There is insufficient memory for the Java Runtime Environment to continue.
# Native memory allocation (malloc) failed to allocate 1054080 bytes for Chunk::new
# Possible reasons:
#   The system is out of physical RAM or swap space
#   The process is running with CompressedOops enabled, and the Java Heap may be blocking the growth of the native heap
# Possible solutions:
#   Reduce memory load on the system
#   Increase physical memory or swap space
#   Check if swap backing store is full
#   Decrease Java heap size (-Xmx/-Xms)
#   Decrease number of Java threads
#   Decrease Java thread stack sizes (-Xss)
#   Set larger code cache with -XX:ReservedCodeCacheSize=
#   JVM is running with Zero Based Compressed Oops mode in which the Java heap is
#     placed in the first 32GB address space. The Java Heap base address is the
#     maximum limit for the native heap growth. Please use -XX:HeapBaseMinAddress
#     to set the Java Heap base and to place the Java Heap above 32GB virtual address.
# This output file may be truncated or incomplete.
#
#  Out of Memory Error (arena.cpp:184), pid=23828, tid=15792
#
# JRE version: OpenJDK Runtime Environment (18.0.2+9) (build 18.0.2+9-61)
# Java VM: OpenJDK 64-Bit Server VM (18.0.2+9-61, mixed mode, sharing, tiered, compressed oops, compressed class ptrs, g1 gc, windows-amd64)
# No core dump will be written. Minidumps are not enabled by default on client versions of Windows
#

---------------  S U M M A R Y ------------

Command Line: org.jetbrains.kotlin.cli.jvm.K2JVMCompiler @C:\Users\HP\AndroidStudioProjects\MusicApp\app\build\20230915_7662234930652906483.compiler.options

Host: AMD Ryzen 5 4600H with Radeon Graphics         , 12 cores, 15G,  Windows 10 , 64 bit Build 19041 (10.0.19041.1348)
Time: Fri Sep 15 01:15:40 2023  Windows 10 , 64 bit Build 19041 (10.0.19041.1348) elapsed time: 22.212594 seconds (0d 0h 0m 22s)

---------------  T H R E A D  ---------------

Current thread (0x00000172b8bf92f0):  JavaThread "C2 CompilerThread0" daemon [_thread_in_native, id=15792, stack(0x0000001f19500000,0x0000001f19600000)]


Current CompileTask:
C2:  22212 18994       4       org.jetbrains.kotlin.resolve.QualifiedExpressionResolver::quickResolveToPackage (338 bytes)

Stack: [0x0000001f19500000,0x0000001f19600000]
Native frames: (J=compiled Java code, j=interpreted, Vv=VM code, C=native code)
V  [jvm.dll+0x6993ca]
V  [jvm.dll+0x7f481d]
V  [jvm.dll+0x7f612e]
V  [jvm.dll+0x7f67e3]
V  [jvm.dll+0x25cdaf]
V  [jvm.dll+0xb8c2f]
V  [jvm.dll+0xb8fa5]
V  [jvm.dll+0x3860cb]
V  [jvm.dll+0x1d2ba8]
V  [jvm.dll+0x2300a9]
V  [jvm.dll+0x22f321]
V  [jvm.dll+0x1ba01c]
V  [jvm.dll+0x23ec9a]
V  [jvm.dll+0x23cf85]
V  [jvm.dll+0x7a6e21]
V  [jvm.dll+0x7a125a]
V  [jvm.dll+0x698275]
C  [ucrtbase.dll+0x21bb2]
C  [KERNEL32.DLL+0x17034]
C  [ntdll.dll+0x52651]


---------------  P R O C E S S  ---------------

Threads class SMR info:
_java_thread_list=0x00000172be06d540, length=14, elements={
0x00000172961206e0, 0x00000172b8bdae80, 0x00000172b8bdb9f0, 0x00000172b8bf3080,
0x00000172b8bf3930, 0x00000172b8bf51f0, 0x00000172b8bf5aa0, 0x00000172b8bf92f0,
0x00000172b8c1a540, 0x00000172b8c1d250, 0x00000172bd1093e0, 0x00000172bd110900,
0x00000172bd1381d0, 0x00000172bdacb2d0
}

Java Threads: ( => current thread )
  0x00000172961206e0 JavaThread "main" [_thread_in_Java, id=24256, stack(0x0000001f18800000,0x0000001f18900000)]
  0x00000172b8bdae80 JavaThread "Reference Handler" daemon [_thread_blocked, id=364, stack(0x0000001f18f00000,0x0000001f19000000)]
  0x00000172b8bdb9f0 JavaThread "Finalizer" daemon [_thread_blocked, id=1704, stack(0x0000001f19000000,0x0000001f19100000)]
  0x00000172b8bf3080 JavaThread "Signal Dispatcher" daemon [_thread_blocked, id=8380, stack(0x0000001f19100000,0x0000001f19200000)]
  0x00000172b8bf3930 JavaThread "Attach Listener" daemon [_thread_blocked, id=19580, stack(0x0000001f19200000,0x0000001f19300000)]
  0x00000172b8bf51f0 JavaThread "Service Thread" daemon [_thread_blocked, id=27156, stack(0x0000001f19300000,0x0000001f19400000)]
  0x00000172b8bf5aa0 JavaThread "Monitor Deflation Thread" daemon [_thread_blocked, id=20212, stack(0x0000001f19400000,0x0000001f19500000)]
=>0x00000172b8bf92f0 JavaThread "C2 CompilerThread0" daemon [_thread_in_native, id=15792, stack(0x0000001f19500000,0x0000001f19600000)]
  0x00000172b8c1a540 JavaThread "C1 CompilerThread0" daemon [_thread_blocked, id=17528, stack(0x0000001f19600000,0x0000001f19700000)]
  0x00000172b8c1d250 JavaThread "Sweeper thread" daemon [_thread_blocked, id=2636, stack(0x0000001f19700000,0x0000001f19800000)]
  0x00000172bd1093e0 JavaThread "Notification Thread" daemon [_thread_blocked, id=21296, stack(0x0000001f19800000,0x0000001f19900000)]
  0x00000172bd110900 JavaThread "Common-Cleaner" daemon [_thread_blocked, id=16876, stack(0x0000001f19a00000,0x0000001f19b00000)]
  0x00000172bd1381d0 JavaThread "C2 CompilerThread1" daemon [_thread_in_native, id=12556, stack(0x0000001f19b00000,0x0000001f19c00000)]
  0x00000172bdacb2d0 JavaThread "C2 CompilerThread2" daemon [_thread_in_native, id=11076, stack(0x0000001f1a300000,0x0000001f1a400000)]

Other Threads:
  0x00000172961c2400 VMThread "VM Thread" [stack: 0x0000001f18e00000,0x0000001f18f00000] [id=27084]
  0x00000172bd10f8c0 WatcherThread "VM Periodic Task Thread" [stack: 0x0000001f19900000,0x0000001f19a00000] [id=23820]
  0x000001729618e170 WorkerThread "GC Thread#0" [stack: 0x0000001f18900000,0x0000001f18a00000] [id=13912]
  0x00000172bd5e4c10 WorkerThread "GC Thread#1" [stack: 0x0000001f19c00000,0x0000001f19d00000] [id=24264]
  0x00000172bd5dba80 WorkerThread "GC Thread#2" [stack: 0x0000001f19d00000,0x0000001f19e00000] [id=24060]
  0x00000172bd5dbd20 WorkerThread "GC Thread#3" [stack: 0x0000001f19e00000,0x0000001f19f00000] [id=25524]
  0x00000172bd63c010 WorkerThread "GC Thread#4" [stack: 0x0000001f19f00000,0x0000001f1a000000] [id=25924]
  0x00000172bd843ed0 WorkerThread "GC Thread#5" [stack: 0x0000001f1a000000,0x0000001f1a100000] [id=20688]
  0x00000172bda86fd0 WorkerThread "GC Thread#6" [stack: 0x0000001f1a100000,0x0000001f1a200000] [id=26536]
  0x00000172bdaec360 WorkerThread "GC Thread#7" [stack: 0x0000001f1a200000,0x0000001f1a300000] [id=25316]
  0x00000172be155580 WorkerThread "GC Thread#8" [stack: 0x0000001f1a400000,0x0000001f1a500000] [id=18520]
  0x00000172be6f6e40 WorkerThread "GC Thread#9" [stack: 0x0000001f1a500000,0x0000001f1a600000] [id=24124]
  0x00000172961a15b0 ConcurrentGCThread "G1 Main Marker" [stack: 0x0000001f18a00000,0x0000001f18b00000] [id=25416]
  0x00000172961a1eb0 WorkerThread "G1 Conc#0" [stack: 0x0000001f18b00000,0x0000001f18c00000] [id=22280]
  0x00000172be6f70e0 WorkerThread "G1 Conc#1" [stack: 0x0000001f1a600000,0x0000001f1a700000] [id=24856]
  0x00000172bdea5a80 WorkerThread "G1 Conc#2" [stack: 0x0000001f1a700000,0x0000001f1a800000] [id=19592]
  0x00000172961ee390 ConcurrentGCThread "G1 Refine#0" [stack: 0x0000001f18c00000,0x0000001f18d00000] [id=24872]
  0x00000172beb4e9c0 ConcurrentGCThread "G1 Refine#1" [stack: 0x0000001f1a800000,0x0000001f1a900000] [id=19408]
  0x00000172beb508b0 ConcurrentGCThread "G1 Refine#2" [stack: 0x0000001f1a900000,0x0000001f1aa00000] [id=1356]
  0x00000172beb50b80 ConcurrentGCThread "G1 Refine#3" [stack: 0x0000001f1aa00000,0x0000001f1ab00000] [id=10796]
  0x00000172beb4de80 ConcurrentGCThread "G1 Refine#4" [stack: 0x0000001f1ab00000,0x0000001f1ac00000] [id=16628]
  0x00000172beb4e150 ConcurrentGCThread "G1 Refine#5" [stack: 0x0000001f1ac00000,0x0000001f1ad00000] [id=1320]
  0x00000172beb4f500 ConcurrentGCThread "G1 Refine#6" [stack: 0x0000001f1ad00000,0x0000001f1ae00000] [id=22180]
  0x00000172961eebb0 ConcurrentGCThread "G1 Service" [stack: 0x0000001f18d00000,0x0000001f18e00000] [id=11492]

Threads with active compile tasks:
C2 CompilerThread0    22222 18994       4       org.jetbrains.kotlin.resolve.QualifiedExpressionResolver::quickResolveToPackage (338 bytes)
C2 CompilerThread1    22222 19020       4       org.jetbrains.kotlin.types.checker.NewCapturedTypeKt::captureArguments (662 bytes)
C2 CompilerThread2    22223 19032       4       org.jetbrains.kotlin.resolve.calls.checkers.ApiVersionCallChecker::check (136 bytes)

VM state: not at safepoint (normal execution)

VM Mutex/Monitor currently owned by a thread: None

Heap address: 0x000000070a200000, size: 3934 MB, Compressed Oops mode: Zero based, Oop shift amount: 3

CDS archive(s) mapped at: [0x0000000800000000-0x0000000800ba0000-0x0000000800ba0000), size 12189696, SharedBaseAddress: 0x0000000800000000, ArchiveRelocationMode: 0.
Compressed class space mapped at: 0x0000000800c00000-0x0000000840c00000, reserved size: 1073741824
Narrow klass base: 0x0000000800000000, Narrow klass shift: 0, Narrow klass range: 0x100000000

GC Precious Log:
 CardTable entry size: 512
 Card Set container configuration: InlinePtr #cards 4 size 8 Array Of Cards #cards 16 size 48 Howl #buckets 8 coarsen threshold 3686 Howl Bitmap #cards 512 size 80 coarsen threshold 460 Card regions per heap region 1 cards per card region 4096
 CPUs: 12 total, 12 available
 Memory: 15733M
 Large Page Support: Disabled
 NUMA Support: Disabled
 Compressed Oops: Enabled (Zero based)
 Heap Region Size: 2M
 Heap Min Capacity: 8M
 Heap Initial Capacity: 246M
 Heap Max Capacity: 3934M
 Pre-touch: Disabled
 Parallel Workers: 10
 Concurrent Workers: 3
 Concurrent Refinement Workers: 10
 Periodic GC: Disabled

Heap:
 garbage-first heap   total 346112K, used 219937K [0x000000070a200000, 0x0000000800000000)
  region size 2048K, 9 young (18432K), 1 survivors (2048K)
 Metaspace       used 66446K, committed 67328K, reserved 1114112K
  class space    used 7330K, committed 7808K, reserved 1048576K

Heap Regions: E=young(eden), S=young(survivor), O=old, HS=humongous(starts), HC=humongous(continues), CS=collection set, F=free, OA=open archive, CA=closed archive, TAMS=top-at-mark-start (previous, next)
|   0|0x000000070a200000, 0x000000070a400000, 0x000000070a400000|100%|HS|  |TAMS 0x000000070a400000, 0x000000070a200000| Complete 
|   1|0x000000070a400000, 0x000000070a600000, 0x000000070a600000|100%|HC|  |TAMS 0x000000070a600000, 0x000000070a400000| Complete 
|   2|0x000000070a600000, 0x000000070a800000, 0x000000070a800000|100%|HS|  |TAMS 0x000000070a800000, 0x000000070a600000| Complete 
|   3|0x000000070a800000, 0x000000070aa00000, 0x000000070aa00000|100%|HC|  |TAMS 0x000000070aa00000, 0x000000070a800000| Complete 
|   4|0x000000070aa00000, 0x000000070ac00000, 0x000000070ac00000|100%| O|  |TAMS 0x000000070ac00000, 0x000000070aa00000| Untracked 
|   5|0x000000070ac00000, 0x000000070ae00000, 0x000000070ae00000|100%| O|  |TAMS 0x000000070ae00000, 0x000000070ac00000| Untracked 
|   6|0x000000070ae00000, 0x000000070b000000, 0x000000070b000000|100%| O|  |TAMS 0x000000070b000000, 0x000000070ae00000| Untracked 
|   7|0x000000070b000000, 0x000000070b200000, 0x000000070b200000|100%| O|  |TAMS 0x000000070b200000, 0x000000070b000000| Untracked 
|   8|0x000000070b200000, 0x000000070b400000, 0x000000070b400000|100%| O|  |TAMS 0x000000070b400000, 0x000000070b200000| Untracked 
|   9|0x000000070b400000, 0x000000070b600000, 0x000000070b600000|100%| O|  |TAMS 0x000000070b600000, 0x000000070b400000| Untracked 
|  10|0x000000070b600000, 0x000000070b800000, 0x000000070b800000|100%| O|  |TAMS 0x000000070b800000, 0x000000070b600000| Untracked 
|  11|0x000000070b800000, 0x000000070ba00000, 0x000000070ba00000|100%| O|  |TAMS 0x000000070ba00000, 0x000000070b800000| Untracked 
|  12|0x000000070ba00000, 0x000000070bc00000, 0x000000070bc00000|100%| O|  |TAMS 0x000000070bc00000, 0x000000070ba00000| Untracked 
|  13|0x000000070bc00000, 0x000000070be00000, 0x000000070be00000|100%| O|  |TAMS 0x000000070be00000, 0x000000070bc00000| Untracked 
|  14|0x000000070be00000, 0x000000070c000000, 0x000000070c000000|100%| O|  |TAMS 0x000000070be00000, 0x000000070be00000| Untracked 
|  15|0x000000070c000000, 0x000000070c200000, 0x000000070c200000|100%| O|  |TAMS 0x000000070c200000, 0x000000070c000000| Untracked 
|  16|0x000000070c200000, 0x000000070c400000, 0x000000070c400000|100%| O|  |TAMS 0x000000070c400000, 0x000000070c200000| Untracked 
|  17|0x000000070c400000, 0x000000070c600000, 0x000000070c600000|100%| O|  |TAMS 0x000000070c600000, 0x000000070c400000| Untracked 
|  18|0x000000070c600000, 0x000000070c800000, 0x000000070c800000|100%| O|  |TAMS 0x000000070c800000, 0x000000070c600000| Untracked 
|  19|0x000000070c800000, 0x000000070ca00000, 0x000000070ca00000|100%| O|  |TAMS 0x000000070ca00000, 0x000000070c800000| Untracked 
|  20|0x000000070ca00000, 0x000000070cc00000, 0x000000070cc00000|100%| O|  |TAMS 0x000000070cc00000, 0x000000070ca00000| Untracked 
|  21|0x000000070cc00000, 0x000000070ce00000, 0x000000070ce00000|100%| O|  |TAMS 0x000000070ce00000, 0x000000070cc00000| Untracked 
|  22|0x000000070ce00000, 0x000000070d000000, 0x000000070d000000|100%|HS|  |TAMS 0x000000070d000000, 0x000000070ce00000| Complete 
|  23|0x000000070d000000, 0x000000070d200000, 0x000000070d200000|100%| O|  |TAMS 0x000000070d200000, 0x000000070d000000| Untracked 
|  24|0x000000070d200000, 0x000000070d400000, 0x000000070d400000|100%| O|  |TAMS 0x000000070d400000, 0x000000070d200000| Untracked 
|  25|0x000000070d400000, 0x000000070d600000, 0x000000070d600000|100%| O|  |TAMS 0x000000070d600000, 0x000000070d400000| Untracked 
|  26|0x000000070d600000, 0x000000070d800000, 0x000000070d800000|100%| O|  |TAMS 0x000000070d800000, 0x000000070d600000| Untracked 
|  27|0x000000070d800000, 0x000000070da00000, 0x000000070da00000|100%| O|  |TAMS 0x000000070da00000, 0x000000070d800000| Untracked 
|  28|0x000000070da00000, 0x000000070dc00000, 0x000000070dc00000|100%| O|  |TAMS 0x000000070dc00000, 0x000000070da00000| Untracked 
|  29|0x000000070dc00000, 0x000000070de00000, 0x000000070de00000|100%| O|  |TAMS 0x000000070de00000, 0x000000070dc00000| Untracked 
|  30|0x000000070de00000, 0x000000070e000000, 0x000000070e000000|100%| O|  |TAMS 0x000000070e000000, 0x000000070de00000| Untracked 
|  31|0x000000070e000000, 0x000000070e200000, 0x000000070e200000|100%| O|  |TAMS 0x000000070e200000, 0x000000070e000000| Untracked 
|  32|0x000000070e200000, 0x000000070e400000, 0x000000070e400000|100%| O|  |TAMS 0x000000070e400000, 0x000000070e200000| Untracked 
|  33|0x000000070e400000, 0x000000070e600000, 0x000000070e600000|100%| O|  |TAMS 0x000000070e600000, 0x000000070e400000| Untracked 
|  34|0x000000070e600000, 0x000000070e800000, 0x000000070e800000|100%| O|  |TAMS 0x000000070e800000, 0x000000070e600000| Untracked 
|  35|0x000000070e800000, 0x000000070ea00000, 0x000000070ea00000|100%| O|  |TAMS 0x000000070ea00000, 0x000000070e800000| Untracked 
|  36|0x000000070ea00000, 0x000000070ec00000, 0x000000070ec00000|100%| O|  |TAMS 0x000000070ec00000, 0x000000070ea00000| Untracked 
|  37|0x000000070ec00000, 0x000000070ee00000, 0x000000070ee00000|100%| O|  |TAMS 0x000000070ee00000, 0x000000070ec00000| Untracked 
|  38|0x000000070ee00000, 0x000000070f000000, 0x000000070f000000|100%| O|  |TAMS 0x000000070f000000, 0x000000070ee00000| Untracked 
|  39|0x000000070f000000, 0x000000070f200000, 0x000000070f200000|100%| O|  |TAMS 0x000000070f200000, 0x000000070f000000| Untracked 
|  40|0x000000070f200000, 0x000000070f400000, 0x000000070f400000|100%| O|  |TAMS 0x000000070f400000, 0x000000070f200000| Untracked 
|  41|0x000000070f400000, 0x000000070f600000, 0x000000070f600000|100%| O|  |TAMS 0x000000070f600000, 0x000000070f400000| Untracked 
|  42|0x000000070f600000, 0x000000070f800000, 0x000000070f800000|100%| O|  |TAMS 0x000000070f800000, 0x000000070f600000| Untracked 
|  43|0x000000070f800000, 0x000000070fa00000, 0x000000070fa00000|100%| O|  |TAMS 0x000000070fa00000, 0x000000070f800000| Untracked 
|  44|0x000000070fa00000, 0x000000070fc00000, 0x000000070fc00000|100%| O|  |TAMS 0x000000070fc00000, 0x000000070fa00000| Untracked 
|  45|0x000000070fc00000, 0x000000070fe00000, 0x000000070fe00000|100%| O|  |TAMS 0x000000070fe00000, 0x000000070fc00000| Untracked 
|  46|0x000000070fe00000, 0x0000000710000000, 0x0000000710000000|100%| O|  |TAMS 0x0000000710000000, 0x000000070fe00000| Untracked 
|  47|0x0000000710000000, 0x0000000710200000, 0x0000000710200000|100%| O|  |TAMS 0x0000000710200000, 0x0000000710000000| Untracked 
|  48|0x0000000710200000, 0x0000000710400000, 0x0000000710400000|100%| O|  |TAMS 0x0000000710400000, 0x0000000710200000| Untracked 
|  49|0x0000000710400000, 0x0000000710600000, 0x0000000710600000|100%| O|  |TAMS 0x0000000710600000, 0x0000000710400000| Untracked 
|  50|0x0000000710600000, 0x0000000710800000, 0x0000000710800000|100%| O|  |TAMS 0x0000000710800000, 0x0000000710600000| Untracked 
|  51|0x0000000710800000, 0x0000000710a00000, 0x0000000710a00000|100%| O|  |TAMS 0x0000000710a00000, 0x0000000710800000| Untracked 
|  52|0x0000000710a00000, 0x0000000710c00000, 0x0000000710c00000|100%| O|  |TAMS 0x0000000710c00000, 0x0000000710a00000| Untracked 
|  53|0x0000000710c00000, 0x0000000710e00000, 0x0000000710e00000|100%| O|  |TAMS 0x0000000710e00000, 0x0000000710c00000| Untracked 
|  54|0x0000000710e00000, 0x0000000711000000, 0x0000000711000000|100%| O|  |TAMS 0x0000000711000000, 0x0000000710e00000| Untracked 
|  55|0x0000000711000000, 0x0000000711200000, 0x0000000711200000|100%| O|  |TAMS 0x0000000711200000, 0x0000000711000000| Untracked 
|  56|0x0000000711200000, 0x0000000711400000, 0x0000000711400000|100%| O|  |TAMS 0x0000000711400000, 0x0000000711200000| Untracked 
|  57|0x0000000711400000, 0x0000000711600000, 0x0000000711600000|100%| O|  |TAMS 0x0000000711600000, 0x0000000711400000| Untracked 
|  58|0x0000000711600000, 0x0000000711800000, 0x0000000711800000|100%| O|  |TAMS 0x0000000711800000, 0x0000000711600000| Untracked 
|  59|0x0000000711800000, 0x0000000711a00000, 0x0000000711a00000|100%| O|  |TAMS 0x0000000711a00000, 0x0000000711800000| Untracked 
|  60|0x0000000711a00000, 0x0000000711c00000, 0x0000000711c00000|100%| O|  |TAMS 0x0000000711c00000, 0x0000000711a00000| Untracked 
|  61|0x0000000711c00000, 0x0000000711e00000, 0x0000000711e00000|100%| O|  |TAMS 0x0000000711e00000, 0x0000000711c00000| Untracked 
|  62|0x0000000711e00000, 0x0000000712000000, 0x0000000712000000|100%| O|  |TAMS 0x0000000712000000, 0x0000000711e00000| Untracked 
|  63|0x0000000712000000, 0x0000000712200000, 0x0000000712200000|100%| O|  |TAMS 0x0000000712200000, 0x0000000712000000| Untracked 
|  64|0x0000000712200000, 0x0000000712400000, 0x0000000712400000|100%| O|  |TAMS 0x0000000712400000, 0x0000000712200000| Untracked 
|  65|0x0000000712400000, 0x0000000712600000, 0x0000000712600000|100%| O|  |TAMS 0x0000000712600000, 0x0000000712400000| Untracked 
|  66|0x0000000712600000, 0x0000000712800000, 0x0000000712800000|100%| O|  |TAMS 0x0000000712800000, 0x0000000712600000| Untracked 
|  67|0x0000000712800000, 0x0000000712800000, 0x0000000712a00000|  0%| F|  |TAMS 0x0000000712800000, 0x0000000712800000| Untracked 
|  68|0x0000000712a00000, 0x0000000712c00000, 0x0000000712c00000|100%| O|  |TAMS 0x0000000712a00000, 0x0000000712a00000| Untracked 
|  69|0x0000000712c00000, 0x0000000712e00000, 0x0000000712e00000|100%| O|  |TAMS 0x0000000712e00000, 0x0000000712c00000| Untracked 
|  70|0x0000000712e00000, 0x0000000713000000, 0x0000000713000000|100%|HS|  |TAMS 0x0000000713000000, 0x0000000712e00000| Complete 
|  71|0x0000000713000000, 0x0000000713200000, 0x0000000713200000|100%|HC|  |TAMS 0x0000000713200000, 0x0000000713000000| Complete 
|  72|0x0000000713200000, 0x0000000713400000, 0x0000000713400000|100%|HC|  |TAMS 0x0000000713400000, 0x0000000713200000| Complete 
|  73|0x0000000713400000, 0x0000000713600000, 0x0000000713600000|100%|HC|  |TAMS 0x0000000713600000, 0x0000000713400000| Complete 
|  74|0x0000000713600000, 0x0000000713800000, 0x0000000713800000|100%|HC|  |TAMS 0x0000000713800000, 0x0000000713600000| Complete 
|  75|0x0000000713800000, 0x0000000713a00000, 0x0000000713a00000|100%| O|  |TAMS 0x0000000713a00000, 0x0000000713800000| Untracked 
|  76|0x0000000713a00000, 0x0000000713c00000, 0x0000000713c00000|100%| O|  |TAMS 0x0000000713c00000, 0x0000000713a00000| Untracked 
|  77|0x0000000713c00000, 0x0000000713e00000, 0x0000000713e00000|100%| O|  |TAMS 0x0000000713e00000, 0x0000000713c00000| Untracked 
|  78|0x0000000713e00000, 0x0000000714000000, 0x0000000714000000|100%| O|  |TAMS 0x0000000714000000, 0x0000000713e00000| Untracked 
|  79|0x0000000714000000, 0x0000000714200000, 0x0000000714200000|100%| O|  |TAMS 0x0000000714200000, 0x0000000714000000| Untracked 
|  80|0x0000000714200000, 0x0000000714400000, 0x0000000714400000|100%| O|  |TAMS 0x0000000714400000, 0x0000000714200000| Untracked 
|  81|0x0000000714400000, 0x0000000714600000, 0x0000000714600000|100%| O|  |TAMS 0x0000000714600000, 0x0000000714400000| Untracked 
|  82|0x0000000714600000, 0x0000000714800000, 0x0000000714800000|100%| O|  |TAMS 0x0000000714800000, 0x0000000714600000| Untracked 
|  83|0x0000000714800000, 0x0000000714a00000, 0x0000000714a00000|100%| O|  |TAMS 0x0000000714a00000, 0x0000000714800000| Untracked 
|  84|0x0000000714a00000, 0x0000000714c00000, 0x0000000714c00000|100%| O|  |TAMS 0x0000000714c00000, 0x0000000714a00000| Untracked 
|  85|0x0000000714c00000, 0x0000000714e00000, 0x0000000714e00000|100%| O|  |TAMS 0x0000000714e00000, 0x0000000714c00000| Untracked 
|  86|0x0000000714e00000, 0x0000000715000000, 0x0000000715000000|100%| O|  |TAMS 0x0000000715000000, 0x0000000714e00000| Untracked 
|  87|0x0000000715000000, 0x0000000715200000, 0x0000000715200000|100%| O|  |TAMS 0x0000000715200000, 0x0000000715000000| Untracked 
|  88|0x0000000715200000, 0x0000000715400000, 0x0000000715400000|100%| O|  |TAMS 0x0000000715400000, 0x0000000715200000| Untracked 
|  89|0x0000000715400000, 0x0000000715400000, 0x0000000715600000|  0%| F|  |TAMS 0x0000000715400000, 0x0000000715400000| Untracked 
|  90|0x0000000715600000, 0x0000000715800000, 0x0000000715800000|100%| O|  |TAMS 0x0000000715800000, 0x0000000715600000| Untracked 
|  91|0x0000000715800000, 0x0000000715a00000, 0x0000000715a00000|100%| O|  |TAMS 0x0000000715a00000, 0x0000000715800000| Untracked 
|  92|0x0000000715a00000, 0x0000000715c00000, 0x0000000715c00000|100%| O|  |TAMS 0x0000000715c00000, 0x0000000715a00000| Untracked 
|  93|0x0000000715c00000, 0x0000000715e00000, 0x0000000715e00000|100%| O|  |TAMS 0x0000000715dff600, 0x0000000715c00000| Untracked 
|  94|0x0000000715e00000, 0x0000000716000000, 0x0000000716000000|100%| O|  |TAMS 0x0000000715e00000, 0x0000000715e00000| Untracked 
|  95|0x0000000716000000, 0x0000000716200000, 0x0000000716200000|100%| O|  |TAMS 0x0000000716000000, 0x0000000716000000| Untracked 
|  96|0x0000000716200000, 0x0000000716400000, 0x0000000716400000|100%| O|  |TAMS 0x0000000716200000, 0x0000000716200000| Untracked 
|  97|0x0000000716400000, 0x0000000716600000, 0x0000000716600000|100%| O|  |TAMS 0x0000000716400000, 0x0000000716400000| Untracked 
|  98|0x0000000716600000, 0x0000000716800000, 0x0000000716800000|100%| O|  |TAMS 0x0000000716600000, 0x0000000716600000| Untracked 
|  99|0x0000000716800000, 0x0000000716a00000, 0x0000000716a00000|100%| O|  |TAMS 0x0000000716800000, 0x0000000716800000| Untracked 
| 100|0x0000000716a00000, 0x0000000716c00000, 0x0000000716c00000|100%| O|  |TAMS 0x0000000716a00000, 0x0000000716a00000| Untracked 
| 101|0x0000000716c00000, 0x0000000716d75a00, 0x0000000716e00000| 72%| O|  |TAMS 0x0000000716c00000, 0x0000000716c00000| Untracked 
| 102|0x0000000716e00000, 0x0000000716e00000, 0x0000000717000000|  0%| F|  |TAMS 0x0000000716e00000, 0x0000000716e00000| Untracked 
| 103|0x0000000717000000, 0x0000000717000000, 0x0000000717200000|  0%| F|  |TAMS 0x0000000717000000, 0x0000000717000000| Untracked 
| 104|0x0000000717200000, 0x0000000717200000, 0x0000000717400000|  0%| F|  |TAMS 0x0000000717200000, 0x0000000717200000| Untracked 
| 105|0x0000000717400000, 0x0000000717400000, 0x0000000717600000|  0%| F|  |TAMS 0x0000000717400000, 0x0000000717400000| Untracked 
| 106|0x0000000717600000, 0x0000000717600000, 0x0000000717800000|  0%| F|  |TAMS 0x0000000717600000, 0x0000000717600000| Untracked 
| 107|0x0000000717800000, 0x0000000717800000, 0x0000000717a00000|  0%| F|  |TAMS 0x0000000717800000, 0x0000000717800000| Untracked 
| 108|0x0000000717a00000, 0x0000000717a00000, 0x0000000717c00000|  0%| F|  |TAMS 0x0000000717a00000, 0x0000000717a00000| Untracked 
| 109|0x0000000717c00000, 0x0000000717c00000, 0x0000000717e00000|  0%| F|  |TAMS 0x0000000717c00000, 0x0000000717c00000| Untracked 
| 110|0x0000000717e00000, 0x0000000717e00000, 0x0000000718000000|  0%| F|  |TAMS 0x0000000717e00000, 0x0000000717e00000| Untracked 
| 111|0x0000000718000000, 0x0000000718000000, 0x0000000718200000|  0%| F|  |TAMS 0x0000000718000000, 0x0000000718000000| Untracked 
| 112|0x0000000718200000, 0x0000000718200000, 0x0000000718400000|  0%| F|  |TAMS 0x0000000718200000, 0x0000000718200000| Untracked 
| 113|0x0000000718400000, 0x0000000718400000, 0x0000000718600000|  0%| F|  |TAMS 0x0000000718400000, 0x0000000718400000| Untracked 
| 114|0x0000000718600000, 0x0000000718600000, 0x0000000718800000|  0%| F|  |TAMS 0x0000000718600000, 0x0000000718600000| Untracked 
| 115|0x0000000718800000, 0x0000000718800000, 0x0000000718a00000|  0%| F|  |TAMS 0x0000000718800000, 0x0000000718800000| Untracked 
| 116|0x0000000718a00000, 0x0000000718a00000, 0x0000000718c00000|  0%| F|  |TAMS 0x0000000718a00000, 0x0000000718a00000| Untracked 
| 117|0x0000000718c00000, 0x0000000718c00000, 0x0000000718e00000|  0%| F|  |TAMS 0x0000000718c00000, 0x0000000718c00000| Untracked 
| 118|0x0000000718e00000, 0x0000000718e00000, 0x0000000719000000|  0%| F|  |TAMS 0x0000000718e00000, 0x0000000718e00000| Untracked 
| 119|0x0000000719000000, 0x0000000719000000, 0x0000000719200000|  0%| F|  |TAMS 0x0000000719000000, 0x0000000719000000| Untracked 
| 120|0x0000000719200000, 0x0000000719200000, 0x0000000719400000|  0%| F|  |TAMS 0x0000000719200000, 0x0000000719200000| Untracked 
| 121|0x0000000719400000, 0x0000000719400000, 0x0000000719600000|  0%| F|  |TAMS 0x0000000719400000, 0x0000000719400000| Untracked 
| 122|0x0000000719600000, 0x0000000719600000, 0x0000000719800000|  0%| F|  |TAMS 0x0000000719600000, 0x0000000719600000| Untracked 
| 123|0x0000000719800000, 0x0000000719800000, 0x0000000719a00000|  0%| F|  |TAMS 0x0000000719800000, 0x0000000719800000| Untracked 
| 124|0x0000000719a00000, 0x0000000719a00000, 0x0000000719c00000|  0%| F|  |TAMS 0x0000000719a00000, 0x0000000719a00000| Untracked 
| 125|0x0000000719c00000, 0x0000000719c00000, 0x0000000719e00000|  0%| F|  |TAMS 0x0000000719c00000, 0x0000000719c00000| Untracked 
| 126|0x0000000719e00000, 0x0000000719e00000, 0x000000071a000000|  0%| F|  |TAMS 0x0000000719e00000, 0x0000000719e00000| Untracked 
| 127|0x000000071a000000, 0x000000071a000000, 0x000000071a200000|  0%| F|  |TAMS 0x000000071a000000, 0x000000071a000000| Untracked 
| 128|0x000000071a200000, 0x000000071a200000, 0x000000071a400000|  0%| F|  |TAMS 0x000000071a200000, 0x000000071a200000| Untracked 
| 129|0x000000071a400000, 0x000000071a400000, 0x000000071a600000|  0%| F|  |TAMS 0x000000071a400000, 0x000000071a400000| Untracked 
| 130|0x000000071a600000, 0x000000071a600000, 0x000000071a800000|  0%| F|  |TAMS 0x000000071a600000, 0x000000071a600000| Untracked 
| 131|0x000000071a800000, 0x000000071a800000, 0x000000071aa00000|  0%| F|  |TAMS 0x000000071a800000, 0x000000071a800000| Untracked 
| 132|0x000000071aa00000, 0x000000071aa00000, 0x000000071ac00000|  0%| F|  |TAMS 0x000000071aa00000, 0x000000071aa00000| Untracked 
| 133|0x000000071ac00000, 0x000000071ac00000, 0x000000071ae00000|  0%| F|  |TAMS 0x000000071ac00000, 0x000000071ac00000| Untracked 
| 134|0x000000071ae00000, 0x000000071ae00000, 0x000000071b000000|  0%| F|  |TAMS 0x000000071ae00000, 0x000000071ae00000| Untracked 
| 135|0x000000071b000000, 0x000000071b000000, 0x000000071b200000|  0%| F|  |TAMS 0x000000071b000000, 0x000000071b000000| Untracked 
| 136|0x000000071b200000, 0x000000071b200000, 0x000000071b400000|  0%| F|  |TAMS 0x000000071b200000, 0x000000071b200000| Untracked 
| 137|0x000000071b400000, 0x000000071b400000, 0x000000071b600000|  0%| F|  |TAMS 0x000000071b400000, 0x000000071b400000| Untracked 
| 138|0x000000071b600000, 0x000000071b600000, 0x000000071b800000|  0%| F|  |TAMS 0x000000071b600000, 0x000000071b600000| Untracked 
| 139|0x000000071b800000, 0x000000071b800000, 0x000000071ba00000|  0%| F|  |TAMS 0x000000071b800000, 0x000000071b800000| Untracked 
| 140|0x000000071ba00000, 0x000000071ba00000, 0x000000071bc00000|  0%| F|  |TAMS 0x000000071ba00000, 0x000000071ba00000| Untracked 
| 141|0x000000071bc00000, 0x000000071bc00000, 0x000000071be00000|  0%| F|  |TAMS 0x000000071bc00000, 0x000000071bc00000| Untracked 
| 142|0x000000071be00000, 0x000000071be00000, 0x000000071c000000|  0%| F|  |TAMS 0x000000071be00000, 0x000000071be00000| Untracked 
| 143|0x000000071c000000, 0x000000071c000000, 0x000000071c200000|  0%| F|  |TAMS 0x000000071c000000, 0x000000071c000000| Untracked 
| 144|0x000000071c200000, 0x000000071c200000, 0x000000071c400000|  0%| F|  |TAMS 0x000000071c200000, 0x000000071c200000| Untracked 
| 145|0x000000071c400000, 0x000000071c400000, 0x000000071c600000|  0%| F|  |TAMS 0x000000071c400000, 0x000000071c400000| Untracked 
| 146|0x000000071c600000, 0x000000071c600000, 0x000000071c800000|  0%| F|  |TAMS 0x000000071c600000, 0x000000071c600000| Untracked 
| 147|0x000000071c800000, 0x000000071c800000, 0x000000071ca00000|  0%| F|  |TAMS 0x000000071c800000, 0x000000071c800000| Untracked 
| 148|0x000000071ca00000, 0x000000071ca00000, 0x000000071cc00000|  0%| F|  |TAMS 0x000000071ca00000, 0x000000071ca00000| Untracked 
| 149|0x000000071cc00000, 0x000000071cc00000, 0x000000071ce00000|  0%| F|  |TAMS 0x000000071cc00000, 0x000000071cc00000| Untracked 
| 150|0x000000071ce00000, 0x000000071ce00000, 0x000000071d000000|  0%| F|  |TAMS 0x000000071ce00000, 0x000000071ce00000| Untracked 
| 151|0x000000071d000000, 0x000000071d000000, 0x000000071d200000|  0%| F|  |TAMS 0x000000071d000000, 0x000000071d000000| Untracked 
| 152|0x000000071d200000, 0x000000071d200000, 0x000000071d400000|  0%| F|  |TAMS 0x000000071d200000, 0x000000071d200000| Untracked 
| 153|0x000000071d400000, 0x000000071d400000, 0x000000071d600000|  0%| F|  |TAMS 0x000000071d400000, 0x000000071d400000| Untracked 
| 154|0x000000071d600000, 0x000000071d600000, 0x000000071d800000|  0%| F|  |TAMS 0x000000071d600000, 0x000000071d600000| Untracked 
| 155|0x000000071d800000, 0x000000071d800000, 0x000000071da00000|  0%| F|  |TAMS 0x000000071d800000, 0x000000071d800000| Untracked 
| 156|0x000000071da00000, 0x000000071da00000, 0x000000071dc00000|  0%| F|  |TAMS 0x000000071da00000, 0x000000071da00000| Untracked 
| 157|0x000000071dc00000, 0x000000071dc00000, 0x000000071de00000|  0%| F|  |TAMS 0x000000071dc00000, 0x000000071dc00000| Untracked 
| 158|0x000000071de00000, 0x000000071de00000, 0x000000071e000000|  0%| F|  |TAMS 0x000000071de00000, 0x000000071de00000| Untracked 
| 159|0x000000071e000000, 0x000000071e000000, 0x000000071e200000|  0%| F|  |TAMS 0x000000071e000000, 0x000000071e000000| Untracked 
| 160|0x000000071e200000, 0x000000071e365f48, 0x000000071e400000| 69%| E|  |TAMS 0x000000071e200000, 0x000000071e200000| Complete 
| 161|0x000000071e400000, 0x000000071e600000, 0x000000071e600000|100%| E|CS|TAMS 0x000000071e400000, 0x000000071e400000| Complete 
| 162|0x000000071e600000, 0x000000071e800000, 0x000000071e800000|100%| E|CS|TAMS 0x000000071e600000, 0x000000071e600000| Complete 
| 163|0x000000071e800000, 0x000000071ea00000, 0x000000071ea00000|100%| E|CS|TAMS 0x000000071e800000, 0x000000071e800000| Complete 
| 164|0x000000071ea00000, 0x000000071eb52ac0, 0x000000071ec00000| 66%| S|CS|TAMS 0x000000071ea00000, 0x000000071ea00000| Complete 
| 165|0x000000071ec00000, 0x000000071ee00000, 0x000000071ee00000|100%| E|CS|TAMS 0x000000071ec00000, 0x000000071ec00000| Complete 
| 166|0x000000071ee00000, 0x000000071f000000, 0x000000071f000000|100%| E|CS|TAMS 0x000000071ee00000, 0x000000071ee00000| Complete 
| 167|0x000000071f000000, 0x000000071f200000, 0x000000071f200000|100%| E|CS|TAMS 0x000000071f000000, 0x000000071f000000| Complete 
| 168|0x000000071f200000, 0x000000071f400000, 0x000000071f400000|100%| E|CS|TAMS 0x000000071f200000, 0x000000071f200000| Complete 

Card table byte_map: [0x00000172ad760000,0x00000172adf10000] _byte_map_base: 0x00000172a9f0f000

Marking Bits (Prev, Next): (CMBitMap*) 0x000001729618f6d0, (CMBitMap*) 0x000001729618f690
 Prev Bits: [0x00000172b2440000, 0x00000172b61b8000)
 Next Bits: [0x00000172ae6c0000, 0x00000172b2438000)

Polling page: 0x0000017294060000

Metaspace:

Usage:
  Non-class:     57.73 MB used.
      Class:      7.16 MB used.
       Both:     64.89 MB used.

Virtual space:
  Non-class space:       64.00 MB reserved,      58.12 MB ( 91%) committed,  1 nodes.
      Class space:        1.00 GB reserved,       7.62 MB ( <1%) committed,  1 nodes.
             Both:        1.06 GB reserved,      65.75 MB (  6%) committed. 

Chunk freelists:
   Non-Class:  1.14 MB
       Class:  431.00 KB
        Both:  1.56 MB

MaxMetaspaceSize: unlimited
CompressedClassSpaceSize: 1.00 GB
Initial GC threshold: 21.00 MB
Current GC threshold: 109.19 MB
CDS: on
MetaspaceReclaimPolicy: balanced
 - commit_granule_bytes: 65536.
 - commit_granule_words: 8192.
 - virtual_space_node_default_size: 8388608.
 - enlarge_chunks_in_place: 1.
 - new_chunks_are_fully_committed: 0.
 - uncommit_free_chunks: 1.
 - use_allocation_guard: 0.


Internal statistics:

num_allocs_failed_limit: 6.
num_arena_births: 1372.
num_arena_deaths: 0.
num_vsnodes_births: 2.
num_vsnodes_deaths: 0.
num_space_committed: 1050.
num_space_uncommitted: 0.
num_chunks_returned_to_freelist: 6.
num_chunks_taken_from_freelist: 4081.
num_chunk_merges: 6.
num_chunk_splits: 2947.
num_chunks_enlarged: 2214.
num_inconsistent_stats: 0.

CodeHeap 'non-profiled nmethods': size=120000Kb used=13588Kb max_used=13588Kb free=106411Kb
 bounds [0x00000172a5530000, 0x00000172a6280000, 0x00000172aca60000]
CodeHeap 'profiled nmethods': size=120000Kb used=36583Kb max_used=37067Kb free=83416Kb
 bounds [0x000001729e000000, 0x00000172a0460000, 0x00000172a5530000]
CodeHeap 'non-nmethods': size=5760Kb used=1337Kb max_used=1452Kb free=4422Kb
 bounds [0x000001729da60000, 0x000001729dcd0000, 0x000001729e000000]
 total_blobs=14916 nmethods=14276 adapters=548
 compilation: enabled
              stopped_count=0, restarted_count=0
 full_count=0

Compilation events (20 events):
Event: 22.166 Thread 0x00000172bdacb2d0 nmethod 18995 0x00000172a6270890 code [0x00000172a6270a20, 0x00000172a6270bd8]
Event: 22.166 Thread 0x00000172bdacb2d0 19023       4       org.jetbrains.kotlin.resolve.jvm.checkers.JavaTypeAccessibilityChecker::checkType (150 bytes)
Event: 22.174 Thread 0x00000172b8c1a540 19024       3       org.jetbrains.kotlin.resolve.calls.inference.model.LambdaArgumentConstraintPositionImpl::<init> (12 bytes)
Event: 22.175 Thread 0x00000172b8c1a540 nmethod 19024 0x000001729ed67710 code [0x000001729ed67940, 0x000001729ed680d8]
Event: 22.175 Thread 0x00000172b8c1a540 19025       3       org.jetbrains.kotlin.resolve.calls.inference.model.LambdaArgumentConstraintPosition::<init> (11 bytes)
Event: 22.175 Thread 0x00000172b8c1a540 nmethod 19025 0x000001729ed67190 code [0x000001729ed67340, 0x000001729ed675d8]
Event: 22.189 Thread 0x00000172bdacb2d0 nmethod 19023 0x00000172a6270c90 code [0x00000172a6270fa0, 0x00000172a6271f60]
Event: 22.190 Thread 0x00000172bdacb2d0 19027       4       org.jetbrains.kotlin.container.StorageComponentContainer::createResolveContext (40 bytes)
Event: 22.191 Thread 0x00000172bdacb2d0 nmethod 19027 0x00000172a6273210 code [0x00000172a62733a0, 0x00000172a62734d8]
Event: 22.191 Thread 0x00000172bdacb2d0 19026       4       org.jetbrains.kotlin.load.java.structure.impl.JavaElementUtil::getAnnotations (52 bytes)
Event: 22.194 Thread 0x00000172b8c1a540 19029       3       org.jetbrains.kotlin.resolve.calls.tower.NewCallableReferenceResolvedCall::getCandidateDescriptor (80 bytes)
Event: 22.195 Thread 0x00000172b8c1a540 nmethod 19029 0x000001729ed65a10 code [0x000001729ed65cc0, 0x000001729ed66d68]
Event: 22.201 Thread 0x00000172b8c1a540 19030       3       org.jetbrains.kotlin.resolve.constants.BooleanValue::getType (9 bytes)
Event: 22.201 Thread 0x00000172b8c1a540 nmethod 19030 0x000001729ed64b10 code [0x000001729ed64d60, 0x000001729ed65698]
Event: 22.201 Thread 0x00000172b8c1a540 19031       3       org.jetbrains.kotlin.resolve.constants.BooleanValue::getType (22 bytes)
Event: 22.201 Thread 0x00000172b8c1a540 nmethod 19031 0x000001729ed63810 code [0x000001729ed63ac0, 0x000001729ed646c8]
Event: 22.206 Thread 0x00000172bdacb2d0 nmethod 19026 0x00000172a6273610 code [0x00000172a6273820, 0x00000172a6274738]
Event: 22.206 Thread 0x00000172bdacb2d0 19032       4       org.jetbrains.kotlin.resolve.calls.checkers.ApiVersionCallChecker::check (136 bytes)
Event: 22.207 Thread 0x00000172b8c1a540 19033       3       org.jetbrains.kotlin.resolve.FunctionDescriptorResolver::removeParameterNameAnnotation (155 bytes)
Event: 22.209 Thread 0x00000172b8c1a540 nmethod 19033 0x000001729f13ce90 code [0x000001729f13d500, 0x000001729f140f48]

GC Heap History (20 events):
Event: 10.404 GC heap before
{Heap before GC invocations=29 (full 0):
 garbage-first heap   total 325632K, used 226897K [0x000000070a200000, 0x0000000800000000)
  region size 2048K, 57 young (116736K), 8 survivors (16384K)
 Metaspace       used 61090K, committed 61952K, reserved 1114112K
  class space    used 6970K, committed 7424K, reserved 1048576K
}
Event: 10.421 GC heap after
{Heap after GC invocations=30 (full 0):
 garbage-first heap   total 325632K, used 140819K [0x000000070a200000, 0x0000000800000000)
  region size 2048K, 7 young (14336K), 7 survivors (14336K)
 Metaspace       used 61090K, committed 61952K, reserved 1114112K
  class space    used 6970K, committed 7424K, reserved 1048576K
}
Event: 11.772 GC heap before
{Heap before GC invocations=30 (full 0):
 garbage-first heap   total 325632K, used 237075K [0x000000070a200000, 0x0000000800000000)
  region size 2048K, 54 young (110592K), 7 survivors (14336K)
 Metaspace       used 62194K, committed 63040K, reserved 1114112K
  class space    used 7026K, committed 7488K, reserved 1048576K
}
Event: 11.782 GC heap after
{Heap after GC invocations=31 (full 0):
 garbage-first heap   total 325632K, used 148722K [0x000000070a200000, 0x0000000800000000)
  region size 2048K, 4 young (8192K), 4 survivors (8192K)
 Metaspace       used 62194K, committed 63040K, reserved 1114112K
  class space    used 7026K, committed 7488K, reserved 1048576K
}
Event: 13.657 GC heap before
{Heap before GC invocations=31 (full 0):
 garbage-first heap   total 325632K, used 234738K [0x000000070a200000, 0x0000000800000000)
  region size 2048K, 47 young (96256K), 4 survivors (8192K)
 Metaspace       used 64068K, committed 64896K, reserved 1114112K
  class space    used 7141K, committed 7616K, reserved 1048576K
}
Event: 13.667 GC heap after
{Heap after GC invocations=32 (full 0):
 garbage-first heap   total 325632K, used 156379K [0x000000070a200000, 0x0000000800000000)
  region size 2048K, 7 young (14336K), 7 survivors (14336K)
 Metaspace       used 64068K, committed 64896K, reserved 1114112K
  class space    used 7141K, committed 7616K, reserved 1048576K
}
Event: 15.814 GC heap before
{Heap before GC invocations=32 (full 0):
 garbage-first heap   total 325632K, used 264923K [0x000000070a200000, 0x0000000800000000)
  region size 2048K, 55 young (112640K), 7 survivors (14336K)
 Metaspace       used 65417K, committed 66304K, reserved 1114112K
  class space    used 7292K, committed 7744K, reserved 1048576K
}
Event: 15.829 GC heap after
{Heap after GC invocations=33 (full 0):
 garbage-first heap   total 325632K, used 178818K [0x000000070a200000, 0x0000000800000000)
  region size 2048K, 6 young (12288K), 6 survivors (12288K)
 Metaspace       used 65417K, committed 66304K, reserved 1114112K
  class space    used 7292K, committed 7744K, reserved 1048576K
}
Event: 18.100 GC heap before
{Heap before GC invocations=33 (full 0):
 garbage-first heap   total 325632K, used 262786K [0x000000070a200000, 0x0000000800000000)
  region size 2048K, 47 young (96256K), 6 survivors (12288K)
 Metaspace       used 65734K, committed 66560K, reserved 1114112K
  class space    used 7307K, committed 7744K, reserved 1048576K
}
Event: 18.113 GC heap after
{Heap after GC invocations=34 (full 0):
 garbage-first heap   total 325632K, used 186268K [0x000000070a200000, 0x0000000800000000)
  region size 2048K, 4 young (8192K), 4 survivors (8192K)
 Metaspace       used 65734K, committed 66560K, reserved 1114112K
  class space    used 7307K, committed 7744K, reserved 1048576K
}
Event: 19.452 GC heap before
{Heap before GC invocations=35 (full 0):
 garbage-first heap   total 325632K, used 264092K [0x000000070a200000, 0x0000000800000000)
  region size 2048K, 43 young (88064K), 4 survivors (8192K)
 Metaspace       used 65878K, committed 66752K, reserved 1114112K
  class space    used 7309K, committed 7744K, reserved 1048576K
}
Event: 19.463 GC heap after
{Heap after GC invocations=36 (full 0):
 garbage-first heap   total 325632K, used 190694K [0x000000070a200000, 0x0000000800000000)
  region size 2048K, 4 young (8192K), 4 survivors (8192K)
 Metaspace       used 65878K, committed 66752K, reserved 1114112K
  class space    used 7309K, committed 7744K, reserved 1048576K
}
Event: 19.557 GC heap before
{Heap before GC invocations=36 (full 0):
 garbage-first heap   total 325632K, used 196838K [0x000000070a200000, 0x0000000800000000)
  region size 2048K, 7 young (14336K), 4 survivors (8192K)
 Metaspace       used 65908K, committed 66752K, reserved 1114112K
  class space    used 7310K, committed 7744K, reserved 1048576K
}
Event: 19.564 GC heap after
{Heap after GC invocations=37 (full 0):
 garbage-first heap   total 325632K, used 189630K [0x000000070a200000, 0x0000000800000000)
  region size 2048K, 1 young (2048K), 1 survivors (2048K)
 Metaspace       used 65908K, committed 66752K, reserved 1114112K
  class space    used 7310K, committed 7744K, reserved 1048576K
}
Event: 20.703 GC heap before
{Heap before GC invocations=37 (full 0):
 garbage-first heap   total 325632K, used 267454K [0x000000070a200000, 0x0000000800000000)
  region size 2048K, 40 young (81920K), 1 survivors (2048K)
 Metaspace       used 66240K, committed 67072K, reserved 1114112K
  class space    used 7325K, committed 7744K, reserved 1048576K
}
Event: 20.714 GC heap after
{Heap after GC invocations=38 (full 0):
 garbage-first heap   total 325632K, used 198402K [0x000000070a200000, 0x0000000800000000)
  region size 2048K, 5 young (10240K), 5 survivors (10240K)
 Metaspace       used 66240K, committed 67072K, reserved 1114112K
  class space    used 7325K, committed 7744K, reserved 1048576K
}
Event: 21.788 GC heap before
{Heap before GC invocations=39 (full 0):
 garbage-first heap   total 346112K, used 270082K [0x000000070a200000, 0x0000000800000000)
  region size 2048K, 40 young (81920K), 5 survivors (10240K)
 Metaspace       used 66410K, committed 67328K, reserved 1114112K
  class space    used 7327K, committed 7808K, reserved 1048576K
}
Event: 21.798 GC heap after
{Heap after GC invocations=40 (full 0):
 garbage-first heap   total 346112K, used 206267K [0x000000070a200000, 0x0000000800000000)
  region size 2048K, 4 young (8192K), 4 survivors (8192K)
 Metaspace       used 66410K, committed 67328K, reserved 1114112K
  class space    used 7327K, committed 7808K, reserved 1048576K
}
Event: 21.925 GC heap before
{Heap before GC invocations=40 (full 0):
 garbage-first heap   total 346112K, used 214459K [0x000000070a200000, 0x0000000800000000)
  region size 2048K, 8 young (16384K), 4 survivors (8192K)
 Metaspace       used 66421K, committed 67328K, reserved 1114112K
  class space    used 7327K, committed 7808K, reserved 1048576K
}
Event: 21.931 GC heap after
{Heap after GC invocations=41 (full 0):
 garbage-first heap   total 346112K, used 205601K [0x000000070a200000, 0x0000000800000000)
  region size 2048K, 1 young (2048K), 1 survivors (2048K)
 Metaspace       used 66421K, committed 67328K, reserved 1114112K
  class space    used 7327K, committed 7808K, reserved 1048576K
}

Deoptimization events (20 events):
Event: 22.194 Thread 0x00000172961206e0 Uncommon trap: trap_request=0xffffffc6 fr.pc=0x00000172a606f7b0 relative=0x0000000000000810
Event: 22.194 Thread 0x00000172961206e0 Uncommon trap: reason=bimorphic_or_optimized_type_check action=maybe_recompile pc=0x00000172a606f7b0 method=org.jetbrains.kotlin.resolve.calls.tower.NewCallArgumentsKt.getPsiExpression(Lorg/jetbrains/kotlin/resolve/calls/model/KotlinCallArgument;)Lorg/jet
Event: 22.194 Thread 0x00000172961206e0 DEOPT PACKING pc=0x00000172a606f7b0 sp=0x0000001f188fc260
Event: 22.194 Thread 0x00000172961206e0 DEOPT UNPACKING pc=0x000001729dab23a3 sp=0x0000001f188fc070 mode 2
Event: 22.194 Thread 0x00000172961206e0 Uncommon trap: trap_request=0xffffffc6 fr.pc=0x00000172a62454f4 relative=0x0000000000000bb4
Event: 22.194 Thread 0x00000172961206e0 Uncommon trap: reason=bimorphic_or_optimized_type_check action=maybe_recompile pc=0x00000172a62454f4 method=org.jetbrains.kotlin.resolve.calls.tower.NewAbstractResolvedCall.substituteReceivers(Lorg/jetbrains/kotlin/resolve/calls/inference/components/NewTy
Event: 22.194 Thread 0x00000172961206e0 DEOPT PACKING pc=0x00000172a62454f4 sp=0x0000001f188fbfc0
Event: 22.194 Thread 0x00000172961206e0 DEOPT UNPACKING pc=0x000001729dab23a3 sp=0x0000001f188fbfa0 mode 2
Event: 22.194 Thread 0x00000172961206e0 Uncommon trap: trap_request=0xffffffc6 fr.pc=0x00000172a608a618 relative=0x00000000000021f8
Event: 22.194 Thread 0x00000172961206e0 Uncommon trap: reason=bimorphic_or_optimized_type_check action=maybe_recompile pc=0x00000172a608a618 method=org.jetbrains.kotlin.resolve.calls.util.ResolvedCallUtilKt.getImplicitReceivers(Lorg/jetbrains/kotlin/resolve/calls/model/ResolvedCall;)Ljava/util/
Event: 22.194 Thread 0x00000172961206e0 DEOPT PACKING pc=0x00000172a608a618 sp=0x0000001f188fc000
Event: 22.194 Thread 0x00000172961206e0 DEOPT UNPACKING pc=0x000001729dab23a3 sp=0x0000001f188fbf48 mode 2
Event: 22.195 Thread 0x00000172961206e0 Uncommon trap: trap_request=0xffffffde fr.pc=0x00000172a5eda408 relative=0x0000000000000b48
Event: 22.195 Thread 0x00000172961206e0 Uncommon trap: reason=class_check action=maybe_recompile pc=0x00000172a5eda408 method=org.jetbrains.kotlin.types.TypeConstructorSubstitution$Companion.create(Lorg/jetbrains/kotlin/types/TypeConstructor;Ljava/util/List;)Lorg/jetbrains/kotlin/types/TypeSubs
Event: 22.195 Thread 0x00000172961206e0 DEOPT PACKING pc=0x00000172a5eda408 sp=0x0000001f188fb8f0
Event: 22.195 Thread 0x00000172961206e0 DEOPT UNPACKING pc=0x000001729dab23a3 sp=0x0000001f188fb848 mode 2
Event: 22.195 Thread 0x00000172961206e0 Uncommon trap: trap_request=0xffffffde fr.pc=0x00000172a5eda408 relative=0x0000000000000b48
Event: 22.195 Thread 0x00000172961206e0 Uncommon trap: reason=class_check action=maybe_recompile pc=0x00000172a5eda408 method=org.jetbrains.kotlin.types.TypeConstructorSubstitution$Companion.create(Lorg/jetbrains/kotlin/types/TypeConstructor;Ljava/util/List;)Lorg/jetbrains/kotlin/types/TypeSubs
Event: 22.196 Thread 0x00000172961206e0 DEOPT PACKING pc=0x00000172a5eda408 sp=0x0000001f188fb9d0
Event: 22.196 Thread 0x00000172961206e0 DEOPT UNPACKING pc=0x000001729dab23a3 sp=0x0000001f188fb928 mode 2

Classes loaded (20 events):
Event: 4.222 Loading class java/util/stream/Nodes$SpinedNodeBuilder
Event: 4.222 Loading class java/util/stream/Node$Builder
Event: 4.222 Loading class java/util/stream/Node$Builder done
Event: 4.223 Loading class java/util/stream/SpinedBuffer
Event: 4.223 Loading class java/util/stream/AbstractSpinedBuffer
Event: 4.223 Loading class java/util/stream/AbstractSpinedBuffer done
Event: 4.223 Loading class java/util/stream/SpinedBuffer done
Event: 4.223 Loading class java/util/stream/Nodes$SpinedNodeBuilder done
Event: 4.697 Loading class java/util/RegularEnumSet$EnumSetIterator
Event: 4.697 Loading class java/util/RegularEnumSet$EnumSetIterator done
Event: 4.764 Loading class java/util/concurrent/locks/AbstractQueuedSynchronizer$Node
Event: 4.776 Loading class java/util/concurrent/locks/AbstractQueuedSynchronizer$Node done
Event: 8.020 Loading class jdk/internal/math/FDBigInteger
Event: 8.020 Loading class jdk/internal/math/FDBigInteger done
Event: 8.722 Loading class java/util/regex/Pattern$Bound
Event: 8.722 Loading class java/util/regex/Pattern$Bound done
Event: 8.722 Loading class java/util/regex/Pattern$NotBehind
Event: 8.722 Loading class java/util/regex/Pattern$NotBehind done
Event: 13.576 Loading class jdk/internal/math/FloatingDecimal$ASCIIToBinaryBuffer
Event: 13.576 Loading class jdk/internal/math/FloatingDecimal$ASCIIToBinaryBuffer done

Classes unloaded (0 events):
No events

Classes redefined (0 events):
No events

Internal exceptions (20 events):
Event: 7.984 Thread 0x00000172961206e0 Exception <a 'java/lang/NoSuchMethodError'{0x0000000712619758}: 'int java.lang.invoke.DirectMethodHandle$Holder.invokeVirtual(java.lang.Object, java.lang.Object, java.lang.Object)'> (0x0000000712619758) 
thrown [s\open\src\hotspot\share\interpreter\linkResolver.cpp, line 759]
Event: 8.012 Thread 0x00000172961206e0 Exception <a 'java/lang/NoSuchMethodError'{0x00000007127e38e0}: 'void java.lang.invoke.DirectMethodHandle$Holder.invokeSpecial(java.lang.Object, java.lang.Object, int, java.lang.Object)'> (0x00000007127e38e0) 
thrown [s\open\src\hotspot\share\interpreter\linkResolver.cpp, line 759]
Event: 8.237 Thread 0x00000172961206e0 Exception <a 'java/lang/IncompatibleClassChangeError'{0x00000007149d1f00}: Found class java.lang.Object, but interface was expected> (0x00000007149d1f00) 
thrown [s\open\src\hotspot\share\interpreter\linkResolver.cpp, line 826]
Event: 8.297 Thread 0x00000172961206e0 Implicit null exception at 0x00000172a554fed2 to 0x00000172a55503dc
Event: 8.314 Thread 0x00000172961206e0 Exception <a 'java/lang/NoSuchMethodError'{0x00000007144873a8}: 'java.lang.Object java.lang.invoke.DirectMethodHandle$Holder.invokeInterface(java.lang.Object, java.lang.Object, java.lang.Object)'> (0x00000007144873a8) 
thrown [s\open\src\hotspot\share\interpreter\linkResolver.cpp, line 759]
Event: 8.315 Thread 0x00000172961206e0 Exception <a 'java/lang/IncompatibleClassChangeError'{0x000000071448afb8}: Found class java.lang.Object, but interface was expected> (0x000000071448afb8) 
thrown [s\open\src\hotspot\share\interpreter\linkResolver.cpp, line 826]
Event: 8.322 Thread 0x00000172961206e0 Implicit null exception at 0x00000172a5551dd2 to 0x00000172a55522d0
Event: 8.662 Thread 0x00000172961206e0 Exception <a 'java/lang/NoSuchMethodError'{0x000000071d38a868}: 'int java.lang.invoke.DirectMethodHandle$Holder.invokeStaticInit(java.lang.Object, int)'> (0x000000071d38a868) 
thrown [s\open\src\hotspot\share\interpreter\linkResolver.cpp, line 759]
Event: 10.334 Thread 0x00000172961206e0 Exception <a 'java/lang/NoSuchMethodError'{0x00000007194df620}: 'java.lang.Object java.lang.invoke.Invokers$Holder.linkToTargetMethod(java.lang.Object, java.lang.Object, java.lang.Object, java.lang.Object, java.lang.Object, java.lang.Object, java.lang.Object)'> (0x00000007194df620) 
thrown [s\open\src\hotspot\share\interpreter\linkResolver.cpp, line 759]
Event: 11.658 Thread 0x00000172961206e0 Implicit null exception at 0x00000172a563e313 to 0x00000172a563f2cc
Event: 12.063 Thread 0x00000172961206e0 Implicit null exception at 0x00000172a5bb684c to 0x00000172a5bb6a2c
Event: 12.107 Thread 0x00000172961206e0 Implicit null exception at 0x00000172a5a53bf7 to 0x00000172a5a564b0
Event: 12.155 Thread 0x00000172961206e0 Implicit null exception at 0x00000172a596b443 to 0x00000172a596db48
Event: 12.205 Thread 0x00000172961206e0 Implicit null exception at 0x00000172a5d81380 to 0x00000172a5d816d8
Event: 14.321 Thread 0x00000172961206e0 Implicit null exception at 0x00000172a591f8dd to 0x00000172a5922c80
Event: 14.704 Thread 0x00000172961206e0 Implicit null exception at 0x00000172a578e1fc to 0x00000172a578e630
Event: 14.717 Thread 0x00000172961206e0 Implicit null exception at 0x00000172a578d6f7 to 0x00000172a578db64
Event: 15.110 Thread 0x00000172961206e0 Exception <a 'java/lang/NoSuchMethodError'{0x000000071a7fea28}: 'void java.lang.invoke.DirectMethodHandle$Holder.invokeStatic(java.lang.Object, java.lang.Object, java.lang.Object)'> (0x000000071a7fea28) 
thrown [s\open\src\hotspot\share\interpreter\linkResolver.cpp, line 759]
Event: 15.723 Thread 0x00000172961206e0 Implicit null exception at 0x00000172a5e3e48f to 0x00000172a5e42a44
Event: 20.118 Thread 0x00000172961206e0 Implicit null exception at 0x00000172a5c0cfbb to 0x00000172a5c0d148

VM Operations (20 events):
Event: 20.516 Executing VM operation: ICBufferFull
Event: 20.517 Executing VM operation: ICBufferFull done
Event: 20.703 Executing VM operation: G1CollectForAllocation
Event: 20.714 Executing VM operation: G1CollectForAllocation done
Event: 20.864 Executing VM operation: G1Concurrent
Event: 20.869 Executing VM operation: G1Concurrent done
Event: 20.926 Executing VM operation: G1Concurrent
Event: 20.926 Executing VM operation: G1Concurrent done
Event: 21.147 Executing VM operation: ICBufferFull
Event: 21.147 Executing VM operation: ICBufferFull done
Event: 21.160 Executing VM operation: HandshakeAllThreads
Event: 21.160 Executing VM operation: HandshakeAllThreads done
Event: 21.540 Executing VM operation: ICBufferFull
Event: 21.541 Executing VM operation: ICBufferFull done
Event: 21.788 Executing VM operation: G1CollectForAllocation
Event: 21.798 Executing VM operation: G1CollectForAllocation done
Event: 21.925 Executing VM operation: G1CollectForAllocation
Event: 21.931 Executing VM operation: G1CollectForAllocation done
Event: 22.195 Executing VM operation: ICBufferFull
Event: 22.195 Executing VM operation: ICBufferFull done

Events (20 events):
Event: 20.350 Thread 0x00000172b8c1d250 flushing nmethod 0x000001729fecfe10
Event: 20.350 Thread 0x00000172b8c1d250 flushing nmethod 0x000001729fed8a10
Event: 20.350 Thread 0x00000172b8c1d250 flushing nmethod 0x000001729fefc710
Event: 20.350 Thread 0x00000172b8c1d250 flushing nmethod 0x000001729ff59e10
Event: 20.352 Thread 0x00000172b8c1d250 flushing nmethod 0x00000172a0273090
Event: 20.353 Thread 0x00000172b8c1d250 flushing nmethod 0x00000172a0421710
Event: 21.162 Thread 0x00000172b8c1d250 flushing nmethod 0x00000172a58ed710
Event: 21.162 Thread 0x00000172b8c1d250 flushing nmethod 0x00000172a598d710
Event: 21.163 Thread 0x00000172b8c1d250 flushing nmethod 0x00000172a5a0c910
Event: 21.163 Thread 0x00000172b8c1d250 flushing nmethod 0x00000172a5b82090
Event: 21.163 Thread 0x00000172b8c1d250 flushing nmethod 0x00000172a5bc3f10
Event: 21.165 Thread 0x00000172b8c1d250 flushing nmethod 0x00000172a5fbb690
Event: 21.166 Thread 0x00000172b8c1d250 flushing nmethod 0x00000172a60a3010
Event: 21.166 Thread 0x00000172b8c1d250 flushing nmethod 0x00000172a60f0090
Event: 21.168 Thread 0x00000172b8c1d250 flushing nmethod 0x000001729e427e90
Event: 21.174 Thread 0x00000172b8c1d250 flushing nmethod 0x000001729ed62910
Event: 21.174 Thread 0x00000172b8c1d250 flushing nmethod 0x000001729ed6c090
Event: 21.176 Thread 0x00000172b8c1d250 flushing nmethod 0x000001729f141210
Event: 21.177 Thread 0x00000172b8c1d250 flushing nmethod 0x000001729f2a9990
Event: 21.182 Thread 0x00000172b8c1d250 flushing nmethod 0x000001729fb8ca90


Dynamic libraries:
0x00007ff60c940000 - 0x00007ff60c94e000 	C:\Users\HP\.jdks\openjdk-18.0.2\bin\java.exe
0x00007ffbd8630000 - 0x00007ffbd8825000 	C:\Windows\SYSTEM32\ntdll.dll
0x00007ffbd84b0000 - 0x00007ffbd856e000 	C:\Windows\System32\KERNEL32.DLL
0x00007ffbd5ea0000 - 0x00007ffbd6168000 	C:\Windows\System32\KERNELBASE.dll
0x00007ffbd6200000 - 0x00007ffbd6300000 	C:\Windows\System32\ucrtbase.dll
0x00007ffbb8710000 - 0x00007ffbb8727000 	C:\Users\HP\.jdks\openjdk-18.0.2\bin\jli.dll
0x00007ffbb80f0000 - 0x00007ffbb810a000 	C:\Users\HP\.jdks\openjdk-18.0.2\bin\VCRUNTIME140.dll
0x00007ffbd6680000 - 0x00007ffbd6821000 	C:\Windows\System32\USER32.dll
0x00007ffbd5e40000 - 0x00007ffbd5e62000 	C:\Windows\System32\win32u.dll
0x00007ffbc19e0000 - 0x00007ffbc1c7a000 	C:\Windows\WinSxS\amd64_microsoft.windows.common-controls_6595b64144ccf1df_6.0.19041.1110_none_60b5254171f9507e\COMCTL32.dll
0x00007ffbd7ca0000 - 0x00007ffbd7ccb000 	C:\Windows\System32\GDI32.dll
0x00007ffbd6510000 - 0x00007ffbd661b000 	C:\Windows\System32\gdi32full.dll
0x00007ffbd5da0000 - 0x00007ffbd5e3d000 	C:\Windows\System32\msvcp_win.dll
0x00007ffbd80d0000 - 0x00007ffbd816e000 	C:\Windows\System32\msvcrt.dll
0x00007ffbd7c70000 - 0x00007ffbd7ca0000 	C:\Windows\System32\IMM32.DLL
0x00007ffbbebf0000 - 0x00007ffbbebfc000 	C:\Users\HP\.jdks\openjdk-18.0.2\bin\vcruntime140_1.dll
0x00007ffba9fd0000 - 0x00007ffbaa05d000 	C:\Users\HP\.jdks\openjdk-18.0.2\bin\msvcp140.dll
0x00007ffb89b90000 - 0x00007ffb8a7a1000 	C:\Users\HP\.jdks\openjdk-18.0.2\bin\server\jvm.dll
0x00007ffbd8400000 - 0x00007ffbd84ac000 	C:\Windows\System32\ADVAPI32.dll
0x00007ffbd8360000 - 0x00007ffbd83fb000 	C:\Windows\System32\sechost.dll
0x00007ffbd7d30000 - 0x00007ffbd7e5a000 	C:\Windows\System32\RPCRT4.dll
0x00007ffbd7c60000 - 0x00007ffbd7c68000 	C:\Windows\System32\PSAPI.DLL
0x00007ffbd33f0000 - 0x00007ffbd33fa000 	C:\Windows\SYSTEM32\VERSION.dll
0x00007ffbcb8a0000 - 0x00007ffbcb8c7000 	C:\Windows\SYSTEM32\WINMM.dll
0x00007ffbd0620000 - 0x00007ffbd0629000 	C:\Windows\SYSTEM32\WSOCK32.dll
0x00007ffbd7b40000 - 0x00007ffbd7bab000 	C:\Windows\System32\WS2_32.dll
0x00007ffbd45d0000 - 0x00007ffbd45e2000 	C:\Windows\SYSTEM32\kernel.appcore.dll
0x00007ffbbe160000 - 0x00007ffbbe16a000 	C:\Users\HP\.jdks\openjdk-18.0.2\bin\jimage.dll
0x00007ffbc3010000 - 0x00007ffbc31f4000 	C:\Windows\SYSTEM32\DBGHELP.DLL
0x00007ffbbee10000 - 0x00007ffbbee3c000 	C:\Windows\SYSTEM32\dbgcore.DLL
0x00007ffbd6170000 - 0x00007ffbd61f3000 	C:\Windows\System32\bcryptPrimitives.dll
0x00007ffbaa390000 - 0x00007ffbaa3b5000 	C:\Users\HP\.jdks\openjdk-18.0.2\bin\java.dll
0x00007ffba83f0000 - 0x00007ffba84c6000 	C:\Users\HP\.jdks\openjdk-18.0.2\bin\jsvml.dll
0x00007ffbd6e20000 - 0x00007ffbd755f000 	C:\Windows\System32\SHELL32.dll
0x00007ffbd3e30000 - 0x00007ffbd45c0000 	C:\Windows\SYSTEM32\windows.storage.dll
0x00007ffbd6ac0000 - 0x00007ffbd6e15000 	C:\Windows\System32\combase.dll
0x00007ffbd57a0000 - 0x00007ffbd57ce000 	C:\Windows\SYSTEM32\Wldp.dll
0x00007ffbd7e60000 - 0x00007ffbd7f0d000 	C:\Windows\System32\SHCORE.dll
0x00007ffbd7cd0000 - 0x00007ffbd7d25000 	C:\Windows\System32\shlwapi.dll
0x00007ffbd5c90000 - 0x00007ffbd5caf000 	C:\Windows\SYSTEM32\profapi.dll
0x00007ffbb6d30000 - 0x00007ffbb6d43000 	C:\Users\HP\.jdks\openjdk-18.0.2\bin\net.dll
0x00007ffbcbcf0000 - 0x00007ffbcbdfc000 	C:\Windows\SYSTEM32\WINHTTP.dll
0x00007ffbd5500000 - 0x00007ffbd556a000 	C:\Windows\system32\mswsock.dll
0x00007ffbb6800000 - 0x00007ffbb6816000 	C:\Users\HP\.jdks\openjdk-18.0.2\bin\nio.dll
0x00007ffbb0cf0000 - 0x00007ffbb0d08000 	C:\Users\HP\.jdks\openjdk-18.0.2\bin\zip.dll
0x00007ffbbd3f0000 - 0x00007ffbbd400000 	C:\Users\HP\.jdks\openjdk-18.0.2\bin\verify.dll

dbghelp: loaded successfully - version: 4.0.5 - missing functions: none
symbol engine: initialized successfully - sym options: 0x614 - pdb path: .;C:\Users\HP\.jdks\openjdk-18.0.2\bin;C:\Windows\SYSTEM32;C:\Windows\WinSxS\amd64_microsoft.windows.common-controls_6595b64144ccf1df_6.0.19041.1110_none_60b5254171f9507e;C:\Users\HP\.jdks\openjdk-18.0.2\bin\server

VM Arguments:
java_command: org.jetbrains.kotlin.cli.jvm.K2JVMCompiler @C:\Users\HP\AndroidStudioProjects\MusicApp\app\build\20230915_7662234930652906483.compiler.options
java_class_path (initial): C:\Users\HP\.gradle\caches\modules-2\files-2.1\org.jetbrains.kotlin\kotlin-compiler-embeddable\1.8.0\eb9118d4bcceaa2a94b2ae2a33a4ddba7c9a947f\kotlin-compiler-embeddable-1.8.0.jar;C:\Users\HP\.gradle\caches\modules-2\files-2.1\org.jetbrains.kotlin\kotlin-stdlib\1.8.0\1796921c7a3e2e2665a83e6c8d33399336cd39bc\kotlin-stdlib-1.8.0.jar;C:\Users\HP\.gradle\caches\modules-2\files-2.1\org.jetbrains.kotlin\kotlin-script-runtime\1.8.0\b2f7e760d283cb339974851c222a4c1d48f2d3d\kotlin-script-runtime-1.8.0.jar;C:\Users\HP\.gradle\caches\modules-2\files-2.1\org.jetbrains.kotlin\kotlin-reflect\1.6.10\1cbe9c92c12a94eea200d23c2bbaedaf3daf5132\kotlin-reflect-1.6.10.jar;C:\Users\HP\.gradle\caches\modules-2\files-2.1\org.jetbrains.kotlin\kotlin-daemon-embeddable\1.8.0\d255216c551685dc3a7e852b53617f5f01aaaa5c\kotlin-daemon-embeddable-1.8.0.jar;C:\Users\HP\.gradle\caches\modules-2\files-2.1\org.jetbrains.intellij.deps\trove4j\1.0.20200330\3afb14d5f9ceb459d724e907a21145e8ff394f02\trove4j-1.0.20200330.jar;C:\Users\HP\.gradle\caches\modules-2\files-2.1\net.java.dev.jna\jna\5.6.0\330f2244e9030119ab3030fc3fededc86713d9cc\jna-5.6.0.jar;C:\Users\HP\.gradle\caches\modules-2\files-2.1\org.jetbrains.kotlin\kotlin-stdlib-common\1.8.0\f7197e7cc76453ac59f8b0f8d5137cc600becd36\kotlin-stdlib-common-1.8.0.jar;C:\Users\HP\.gradle\caches\modules-2\files-2.1\org.jetbrains\annotations\13.0\919f0dfe192fb4e063e7dacadee7f8bb9a2672a9\annotations-13.0.jar
Launcher Type: SUN_STANDARD

[Global flags]
     intx CICompilerCount                          = 4                                         {product} {ergonomic}
     uint ConcGCThreads                            = 3                                         {product} {ergonomic}
     uint G1ConcRefinementThreads                  = 10                                        {product} {ergonomic}
   size_t G1HeapRegionSize                         = 2097152                                   {product} {ergonomic}
    uintx GCDrainStackTargetSize                   = 64                                        {product} {ergonomic}
   size_t InitialHeapSize                          = 257949696                                 {product} {ergonomic}
   size_t MarkStackSize                            = 4194304                                   {product} {ergonomic}
   size_t MaxHeapSize                              = 4125097984                                {product} {ergonomic}
   size_t MaxNewSize                               = 2474639360                                {product} {ergonomic}
   size_t MinHeapDeltaBytes                        = 2097152                                   {product} {ergonomic}
   size_t MinHeapSize                              = 8388608                                   {product} {ergonomic}
    uintx NonNMethodCodeHeapSize                   = 5839372                                {pd product} {ergonomic}
    uintx NonProfiledCodeHeapSize                  = 122909434                              {pd product} {ergonomic}
    uintx ProfiledCodeHeapSize                     = 122909434                              {pd product} {ergonomic}
    uintx ReservedCodeCacheSize                    = 251658240                              {pd product} {ergonomic}
     bool SegmentedCodeCache                       = true                                      {product} {ergonomic}
   size_t SoftMaxHeapSize                          = 4125097984                             {manageable} {ergonomic}
     bool UseCompressedClassPointers               = true                           {product lp64_product} {ergonomic}
     bool UseCompressedOops                        = true                           {product lp64_product} {ergonomic}
     bool UseG1GC                                  = true                                      {product} {ergonomic}
     bool UseLargePagesIndividualAllocation        = false                                  {pd product} {ergonomic}

Logging:
Log output configuration:
 #0: stdout all=warning uptime,level,tags foldmultilines=false
 #1: stderr all=off uptime,level,tags foldmultilines=false

Environment Variables:
JAVA_HOME=C:\Users\HP\.jdks\openjdk-19.0.2
PATH=C:\cygwin64\bin;C:\Program Files (x86)\Common Files\Intel\Shared Libraries\redist\intel64_win\compiler;C:\Program Files (x86)\Common Files\Intel\Shared Libraries\redist\intel64\compiler;C:\Program Files\Microsoft MPI\Bin\;C:\ProgramData\Oracle\Java\javapath;C:\Windows\system32;C:\Windows;C:\Windows\System32\Wbem;C:\Windows\System32\WindowsPowerShell\v1.0\;C:\Windows\System32\OpenSSH\;C:\Program Files\7-Zip;C:\Program Files (x86)\NVIDIA Corporation\PhysX\Common;C:\Program Files\Microsoft SQL Server\150\Tools\Binn\;C:\Program Files\Microsoft SQL Server\Client SDK\ODBC\170\Tools\Binn\;C:\Program Files\Git\cmd;C:\Program Files\dotnet\;C:\Program Files (x86)\Microsoft SQL Server\150\Tools\Binn\;C:\Program Files\Microsoft SQL Server\150\DTS\Binn\;C:\Program Files (x86)\Microsoft SQL Server\150\DTS\Binn\;C:\Program Files\nodejs\;C:\Users\HP\AppData\Local\Microsoft\WindowsApps;C:\Users\HP\AppData\Local\Programs\Microsoft VS Code\bin;C:\Users\HP\AppData\Local\GitHubDesktop\bin;C:\flutter\bin;C:\Users\HP\.dotnet\tools;C:\Program Files\Azure Data Studio\bin;C:\Users\HP\AppData\Roaming\npm;C:\Program Files\JetBrains\IntelliJ IDEA 2023.2.1\bin;;C:\Program Files\JetBrains\IntelliJ IDEA 2023.2.1\plugins\maven\lib\maven3\bin;C:\Users\HP\.jdks\openjdk-19.0.2\bin;
USERNAME=HP
OS=Windows_NT
PROCESSOR_IDENTIFIER=AMD64 Family 23 Model 96 Stepping 1, AuthenticAMD



---------------  S Y S T E M  ---------------

OS:
 Windows 10 , 64 bit Build 19041 (10.0.19041.1348)
OS uptime: 27 days 9:10 hours

CPU: total 12 (initial active 12) (12 cores per cpu, 2 threads per core) family 23 model 96 stepping 1 microcode 0x0, cx8, cmov, fxsr, ht, mmx, 3dnowpref, sse, sse2, sse3, ssse3, sse4a, sse4.1, sse4.2, popcnt, lzcnt, tsc, tscinvbit, avx, avx2, aes, clmul, bmi1, bmi2, adx, sha, fma, vzeroupper, clflush, clflushopt

Memory: 4k page, system-wide physical 15733M (727M free)
TotalPageFile size 18733M (AvailPageFile size 4M)
current process WorkingSet (physical memory assigned to process): 617M, peak: 622M
current process commit charge ("private bytes"): 666M, peak: 672M

vm_info: OpenJDK 64-Bit Server VM (18.0.2+9-61) for windows-amd64 JRE (18.0.2+9-61), built on Jun  7 2022 13:05:59 by "mach5one" with MS VC++ 16.8 / 16.9 (VS2019)

END.
