#
# There is insufficient memory for the Java Runtime Environment to continue.
# Native memory allocation (malloc) failed to allocate 549296 bytes for Chunk::new
# Possible reasons:
#   The system is out of physical RAM or swap space
#   The process is running with CompressedOops enabled, and the Java Heap may be blocking the growth of the native heap
# Possible solutions:
#   Reduce memory load on the system
#   Increase physical memory or swap space
#   Check if swap backing store is full
#   Decrease Java heap size (-Xmx/-Xms)
#   Decrease number of Java threads
#   Decrease Java thread stack sizes (-Xss)
#   Set larger code cache with -XX:ReservedCodeCacheSize=
#   JVM is running with Zero Based Compressed Oops mode in which the Java heap is
#     placed in the first 32GB address space. The Java Heap base address is the
#     maximum limit for the native heap growth. Please use -XX:HeapBaseMinAddress
#     to set the Java Heap base and to place the Java Heap above 32GB virtual address.
# This output file may be truncated or incomplete.
#
#  Out of Memory Error (arena.cpp:184), pid=18556, tid=20312
#
# JRE version: OpenJDK Runtime Environment (18.0.2+9) (build 18.0.2+9-61)
# Java VM: OpenJDK 64-Bit Server VM (18.0.2+9-61, mixed mode, sharing, tiered, compressed oops, compressed class ptrs, g1 gc, windows-amd64)
# No core dump will be written. Minidumps are not enabled by default on client versions of Windows
#

---------------  S U M M A R Y ------------

Command Line: org.jetbrains.kotlin.cli.jvm.K2JVMCompiler @C:\Users\HP\AndroidStudioProjects\MusicApp\app\build\20230701_17169524066432815739.compiler.options

Host: AMD Ryzen 5 4600H with Radeon Graphics         , 12 cores, 15G,  Windows 10 , 64 bit Build 19041 (10.0.19041.1348)
Time: Sat Jul  1 22:59:19 2023  Windows 10 , 64 bit Build 19041 (10.0.19041.1348) elapsed time: 5.902429 seconds (0d 0h 0m 5s)

---------------  T H R E A D  ---------------

Current thread (0x000001a4c35b9dd0):  JavaThread "C2 CompilerThread2" daemon [_thread_in_native, id=20312, stack(0x0000005c1b400000,0x0000005c1b500000)]


Current CompileTask:
C2:   5902 8484       4       org.jetbrains.kotlin.load.java.lazy.descriptors.JvmPackageScope::getContributedVariables (122 bytes)

Stack: [0x0000005c1b400000,0x0000005c1b500000]
Native frames: (J=compiled Java code, j=interpreted, Vv=VM code, C=native code)
V  [jvm.dll+0x6993ca]
V  [jvm.dll+0x7f481d]
V  [jvm.dll+0x7f612e]
V  [jvm.dll+0x7f67e3]
V  [jvm.dll+0x25cdaf]
V  [jvm.dll+0xb8c2f]
V  [jvm.dll+0xb8fa5]
V  [jvm.dll+0x386091]
V  [jvm.dll+0x34fd01]
V  [jvm.dll+0x34f19a]
V  [jvm.dll+0x22ff51]
V  [jvm.dll+0x22f321]
V  [jvm.dll+0x1ba01c]
V  [jvm.dll+0x23ec9a]
V  [jvm.dll+0x23cf85]
V  [jvm.dll+0x7a6e21]
V  [jvm.dll+0x7a125a]
V  [jvm.dll+0x698275]
C  [ucrtbase.dll+0x21bb2]
C  [KERNEL32.DLL+0x17034]
C  [ntdll.dll+0x52651]


---------------  P R O C E S S  ---------------

Threads class SMR info:
_java_thread_list=0x000001a4bab05b50, length=14, elements={
0x000001a4913dfd40, 0x000001a4b4075fb0, 0x000001a4b4076950, 0x000001a4b408d0d0,
0x000001a4b408da70, 0x000001a4b408e410, 0x000001a4b4090dc0, 0x000001a4b4091fa0,
0x000001a4b4094ad0, 0x000001a4b4098af0, 0x000001a4b84aa690, 0x000001a4b84af590,
0x000001a4b8724660, 0x000001a4c35b9dd0
}

Java Threads: ( => current thread )
  0x000001a4913dfd40 JavaThread "main" [_thread_in_Java, id=832, stack(0x0000005c19700000,0x0000005c19800000)]
  0x000001a4b4075fb0 JavaThread "Reference Handler" daemon [_thread_blocked, id=6756, stack(0x0000005c19e00000,0x0000005c19f00000)]
  0x000001a4b4076950 JavaThread "Finalizer" daemon [_thread_blocked, id=15812, stack(0x0000005c19f00000,0x0000005c1a000000)]
  0x000001a4b408d0d0 JavaThread "Signal Dispatcher" daemon [_thread_blocked, id=15788, stack(0x0000005c1a000000,0x0000005c1a100000)]
  0x000001a4b408da70 JavaThread "Attach Listener" daemon [_thread_blocked, id=8860, stack(0x0000005c1a100000,0x0000005c1a200000)]
  0x000001a4b408e410 JavaThread "Service Thread" daemon [_thread_blocked, id=20416, stack(0x0000005c1a200000,0x0000005c1a300000)]
  0x000001a4b4090dc0 JavaThread "Monitor Deflation Thread" daemon [_thread_blocked, id=12056, stack(0x0000005c1a300000,0x0000005c1a400000)]
  0x000001a4b4091fa0 JavaThread "C2 CompilerThread0" daemon [_thread_in_native, id=1672, stack(0x0000005c1a400000,0x0000005c1a500000)]
  0x000001a4b4094ad0 JavaThread "C1 CompilerThread0" daemon [_thread_in_native, id=20996, stack(0x0000005c1a500000,0x0000005c1a600000)]
  0x000001a4b4098af0 JavaThread "Sweeper thread" daemon [_thread_blocked, id=5024, stack(0x0000005c1a600000,0x0000005c1a700000)]
  0x000001a4b84aa690 JavaThread "Notification Thread" daemon [_thread_blocked, id=9572, stack(0x0000005c1a700000,0x0000005c1a800000)]
  0x000001a4b84af590 JavaThread "Common-Cleaner" daemon [_thread_blocked, id=12484, stack(0x0000005c1a900000,0x0000005c1aa00000)]
  0x000001a4b8724660 JavaThread "C2 CompilerThread1" daemon [_thread_in_native, id=19688, stack(0x0000005c1aa00000,0x0000005c1ab00000)]
=>0x000001a4c35b9dd0 JavaThread "C2 CompilerThread2" daemon [_thread_in_native, id=20312, stack(0x0000005c1b400000,0x0000005c1b500000)]

Other Threads:
  0x000001a4914738f0 VMThread "VM Thread" [stack: 0x0000005c19d00000,0x0000005c19e00000] [id=15344]
  0x000001a4b84aed70 WatcherThread "VM Periodic Task Thread" [stack: 0x0000005c1a800000,0x0000005c1a900000] [id=18184]
  0x000001a49144c490 WorkerThread "GC Thread#0" [stack: 0x0000005c19800000,0x0000005c19900000] [id=16844]
  0x000001a4b88bd140 WorkerThread "GC Thread#1" [stack: 0x0000005c1ab00000,0x0000005c1ac00000] [id=18740]
  0x000001a4b88bd3e0 WorkerThread "GC Thread#2" [stack: 0x0000005c1ac00000,0x0000005c1ad00000] [id=11164]
  0x000001a4b88d3030 WorkerThread "GC Thread#3" [stack: 0x0000005c1ad00000,0x0000005c1ae00000] [id=17180]
  0x000001a4b8907490 WorkerThread "GC Thread#4" [stack: 0x0000005c1ae00000,0x0000005c1af00000] [id=8956]
  0x000001a4b92c8cf0 WorkerThread "GC Thread#5" [stack: 0x0000005c1af00000,0x0000005c1b000000] [id=14976]
  0x000001a4b8ffec90 WorkerThread "GC Thread#6" [stack: 0x0000005c1b000000,0x0000005c1b100000] [id=18000]
  0x000001a4b91d7770 WorkerThread "GC Thread#7" [stack: 0x0000005c1b100000,0x0000005c1b200000] [id=9016]
  0x000001a4b91d7a10 WorkerThread "GC Thread#8" [stack: 0x0000005c1b200000,0x0000005c1b300000] [id=18308]
  0x000001a4b8ffbb60 WorkerThread "GC Thread#9" [stack: 0x0000005c1b300000,0x0000005c1b400000] [id=14200]
  0x000001a49145d9a0 ConcurrentGCThread "G1 Main Marker" [stack: 0x0000005c19900000,0x0000005c19a00000] [id=19608]
  0x000001a49145ff40 WorkerThread "G1 Conc#0" [stack: 0x0000005c19a00000,0x0000005c19b00000] [id=21208]
  0x000001a4b95a4470 WorkerThread "G1 Conc#1" [stack: 0x0000005c1b500000,0x0000005c1b600000] [id=3188]
  0x000001a4b9db0fe0 WorkerThread "G1 Conc#2" [stack: 0x0000005c1b600000,0x0000005c1b700000] [id=13560]
  0x000001a4914ae0e0 ConcurrentGCThread "G1 Refine#0" [stack: 0x0000005c19b00000,0x0000005c19c00000] [id=19468]
  0x000001a4b8a36e50 ConcurrentGCThread "G1 Refine#1" [stack: 0x0000005c1b700000,0x0000005c1b800000] [id=20024]
  0x000001a4914ae890 ConcurrentGCThread "G1 Service" [stack: 0x0000005c19c00000,0x0000005c19d00000] [id=17652]

Threads with active compile tasks:
C2 CompilerThread0     5913 8528       4       org.jetbrains.kotlin.com.intellij.extapi.psi.StubBasedPsiElementBase::getStubOrPsiChildren (115 bytes)
C1 CompilerThread0     5914 8557       3       kotlin.collections.EmptyMap::keySet (5 bytes)
C2 CompilerThread1     5914 8009       4       org.jetbrains.kotlin.cli.jvm.index.JvmDependenciesIndexImpl::search (379 bytes)
C2 CompilerThread2     5914 8484       4       org.jetbrains.kotlin.load.java.lazy.descriptors.JvmPackageScope::getContributedVariables (122 bytes)

VM state: not at safepoint (normal execution)

VM Mutex/Monitor currently owned by a thread: None

Heap address: 0x000000070a200000, size: 3934 MB, Compressed Oops mode: Zero based, Oop shift amount: 3

CDS archive(s) mapped at: [0x0000000800000000-0x0000000800ba0000-0x0000000800ba0000), size 12189696, SharedBaseAddress: 0x0000000800000000, ArchiveRelocationMode: 0.
Compressed class space mapped at: 0x0000000800c00000-0x0000000840c00000, reserved size: 1073741824
Narrow klass base: 0x0000000800000000, Narrow klass shift: 0, Narrow klass range: 0x100000000

GC Precious Log:
 CardTable entry size: 512
 Card Set container configuration: InlinePtr #cards 4 size 8 Array Of Cards #cards 16 size 48 Howl #buckets 8 coarsen threshold 3686 Howl Bitmap #cards 512 size 80 coarsen threshold 460 Card regions per heap region 1 cards per card region 4096
 CPUs: 12 total, 12 available
 Memory: 15733M
 Large Page Support: Disabled
 NUMA Support: Disabled
 Compressed Oops: Enabled (Zero based)
 Heap Region Size: 2M
 Heap Min Capacity: 8M
 Heap Initial Capacity: 246M
 Heap Max Capacity: 3934M
 Pre-touch: Disabled
 Parallel Workers: 10
 Concurrent Workers: 3
 Concurrent Refinement Workers: 10
 Periodic GC: Disabled

Heap:
 garbage-first heap   total 141312K, used 91212K [0x000000070a200000, 0x0000000800000000)
  region size 2048K, 14 young (28672K), 3 survivors (6144K)
 Metaspace       used 54673K, committed 55488K, reserved 1114112K
  class space    used 6436K, committed 6848K, reserved 1048576K

Heap Regions: E=young(eden), S=young(survivor), O=old, HS=humongous(starts), HC=humongous(continues), CS=collection set, F=free, OA=open archive, CA=closed archive, TAMS=top-at-mark-start (previous, next)
|   0|0x000000070a200000, 0x000000070a400000, 0x000000070a400000|100%|HS|  |TAMS 0x000000070a400000, 0x000000070a200000| Complete 
|   1|0x000000070a400000, 0x000000070a600000, 0x000000070a600000|100%|HC|  |TAMS 0x000000070a600000, 0x000000070a400000| Complete 
|   2|0x000000070a600000, 0x000000070a800000, 0x000000070a800000|100%|HS|  |TAMS 0x000000070a600000, 0x000000070a600000| Complete 
|   3|0x000000070a800000, 0x000000070aa00000, 0x000000070aa00000|100%|HS|  |TAMS 0x000000070aa00000, 0x000000070a800000| Complete 
|   4|0x000000070aa00000, 0x000000070ac00000, 0x000000070ac00000|100%|HC|  |TAMS 0x000000070ac00000, 0x000000070aa00000| Complete 
|   5|0x000000070ac00000, 0x000000070ae00000, 0x000000070ae00000|100%| O|  |TAMS 0x000000070ac00000, 0x000000070ac00000| Untracked 
|   6|0x000000070ae00000, 0x000000070b000000, 0x000000070b000000|100%| O|  |TAMS 0x000000070b000000, 0x000000070ae00000| Untracked 
|   7|0x000000070b000000, 0x000000070b200000, 0x000000070b200000|100%| O|  |TAMS 0x000000070b200000, 0x000000070b000000| Untracked 
|   8|0x000000070b200000, 0x000000070b400000, 0x000000070b400000|100%| O|  |TAMS 0x000000070b400000, 0x000000070b200000| Untracked 
|   9|0x000000070b400000, 0x000000070b600000, 0x000000070b600000|100%| O|  |TAMS 0x000000070b600000, 0x000000070b400000| Untracked 
|  10|0x000000070b600000, 0x000000070b800000, 0x000000070b800000|100%| O|  |TAMS 0x000000070b800000, 0x000000070b600000| Untracked 
|  11|0x000000070b800000, 0x000000070ba00000, 0x000000070ba00000|100%| O|  |TAMS 0x000000070ba00000, 0x000000070b800000| Untracked 
|  12|0x000000070ba00000, 0x000000070bc00000, 0x000000070bc00000|100%| O|  |TAMS 0x000000070ba00000, 0x000000070ba00000| Untracked 
|  13|0x000000070bc00000, 0x000000070be00000, 0x000000070be00000|100%| O|  |TAMS 0x000000070bc00000, 0x000000070bc00000| Untracked 
|  14|0x000000070be00000, 0x000000070c000000, 0x000000070c000000|100%| O|  |TAMS 0x000000070be00000, 0x000000070be00000| Untracked 
|  15|0x000000070c000000, 0x000000070c200000, 0x000000070c200000|100%| O|  |TAMS 0x000000070c200000, 0x000000070c000000| Untracked 
|  16|0x000000070c200000, 0x000000070c3aa200, 0x000000070c400000| 83%| O|  |TAMS 0x000000070c3aa200, 0x000000070c200000| Untracked 
|  17|0x000000070c400000, 0x000000070c600000, 0x000000070c600000|100%| O|  |TAMS 0x000000070c400000, 0x000000070c400000| Untracked 
|  18|0x000000070c600000, 0x000000070c800000, 0x000000070c800000|100%| O|  |TAMS 0x000000070c600000, 0x000000070c600000| Untracked 
|  19|0x000000070c800000, 0x000000070ca00000, 0x000000070ca00000|100%| O|  |TAMS 0x000000070c800000, 0x000000070c800000| Untracked 
|  20|0x000000070ca00000, 0x000000070cc00000, 0x000000070cc00000|100%| O|  |TAMS 0x000000070ca00000, 0x000000070ca00000| Untracked 
|  21|0x000000070cc00000, 0x000000070ce00000, 0x000000070ce00000|100%| O|  |TAMS 0x000000070cc00000, 0x000000070cc00000| Untracked 
|  22|0x000000070ce00000, 0x000000070d000000, 0x000000070d000000|100%|HS|  |TAMS 0x000000070ce00000, 0x000000070ce00000| Complete 
|  23|0x000000070d000000, 0x000000070d200000, 0x000000070d200000|100%| O|  |TAMS 0x000000070d000000, 0x000000070d000000| Untracked 
|  24|0x000000070d200000, 0x000000070d400000, 0x000000070d400000|100%| O|  |TAMS 0x000000070d200000, 0x000000070d200000| Untracked 
|  25|0x000000070d400000, 0x000000070d600000, 0x000000070d600000|100%| O|  |TAMS 0x000000070d400000, 0x000000070d400000| Untracked 
|  26|0x000000070d600000, 0x000000070d800000, 0x000000070d800000|100%| O|  |TAMS 0x000000070d600000, 0x000000070d600000| Untracked 
|  27|0x000000070d800000, 0x000000070da00000, 0x000000070da00000|100%| O|  |TAMS 0x000000070d800000, 0x000000070d800000| Untracked 
|  28|0x000000070da00000, 0x000000070dc00000, 0x000000070dc00000|100%| O|  |TAMS 0x000000070da00000, 0x000000070da00000| Untracked 
|  29|0x000000070dc00000, 0x000000070de00000, 0x000000070de00000|100%| O|  |TAMS 0x000000070dc00000, 0x000000070dc00000| Untracked 
|  30|0x000000070de00000, 0x000000070e000000, 0x000000070e000000|100%| O|  |TAMS 0x000000070de00000, 0x000000070de00000| Untracked 
|  31|0x000000070e000000, 0x000000070e200000, 0x000000070e200000|100%| O|  |TAMS 0x000000070e000000, 0x000000070e000000| Untracked 
|  32|0x000000070e200000, 0x000000070e2d3e00, 0x000000070e400000| 41%| O|  |TAMS 0x000000070e200000, 0x000000070e200000| Untracked 
|  33|0x000000070e400000, 0x000000070e400000, 0x000000070e600000|  0%| F|  |TAMS 0x000000070e400000, 0x000000070e400000| Untracked 
|  34|0x000000070e600000, 0x000000070e600000, 0x000000070e800000|  0%| F|  |TAMS 0x000000070e600000, 0x000000070e600000| Untracked 
|  35|0x000000070e800000, 0x000000070e800000, 0x000000070ea00000|  0%| F|  |TAMS 0x000000070e800000, 0x000000070e800000| Untracked 
|  36|0x000000070ea00000, 0x000000070ea00000, 0x000000070ec00000|  0%| F|  |TAMS 0x000000070ea00000, 0x000000070ea00000| Untracked 
|  37|0x000000070ec00000, 0x000000070ec00000, 0x000000070ee00000|  0%| F|  |TAMS 0x000000070ec00000, 0x000000070ec00000| Untracked 
|  38|0x000000070ee00000, 0x000000070ee00000, 0x000000070f000000|  0%| F|  |TAMS 0x000000070ee00000, 0x000000070ee00000| Untracked 
|  39|0x000000070f000000, 0x000000070f000000, 0x000000070f200000|  0%| F|  |TAMS 0x000000070f000000, 0x000000070f000000| Untracked 
|  40|0x000000070f200000, 0x000000070f200000, 0x000000070f400000|  0%| F|  |TAMS 0x000000070f200000, 0x000000070f200000| Untracked 
|  41|0x000000070f400000, 0x000000070f400000, 0x000000070f600000|  0%| F|  |TAMS 0x000000070f400000, 0x000000070f400000| Untracked 
|  42|0x000000070f600000, 0x000000070f600000, 0x000000070f800000|  0%| F|  |TAMS 0x000000070f600000, 0x000000070f600000| Untracked 
|  43|0x000000070f800000, 0x000000070f800000, 0x000000070fa00000|  0%| F|  |TAMS 0x000000070f800000, 0x000000070f800000| Untracked 
|  44|0x000000070fa00000, 0x000000070fa00000, 0x000000070fc00000|  0%| F|  |TAMS 0x000000070fa00000, 0x000000070fa00000| Untracked 
|  45|0x000000070fc00000, 0x000000070fc95390, 0x000000070fe00000| 29%| S|CS|TAMS 0x000000070fc00000, 0x000000070fc00000| Complete 
|  46|0x000000070fe00000, 0x000000070fe00000, 0x0000000710000000|  0%| F|  |TAMS 0x000000070fe00000, 0x000000070fe00000| Untracked 
|  47|0x0000000710000000, 0x0000000710000000, 0x0000000710200000|  0%| F|  |TAMS 0x0000000710000000, 0x0000000710000000| Untracked 
|  48|0x0000000710200000, 0x0000000710200000, 0x0000000710400000|  0%| F|  |TAMS 0x0000000710200000, 0x0000000710200000| Untracked 
|  49|0x0000000710400000, 0x0000000710600000, 0x0000000710600000|100%| S|CS|TAMS 0x0000000710400000, 0x0000000710400000| Complete 
|  50|0x0000000710600000, 0x0000000710800000, 0x0000000710800000|100%| S|CS|TAMS 0x0000000710600000, 0x0000000710600000| Complete 
|  51|0x0000000710800000, 0x0000000710800000, 0x0000000710a00000|  0%| F|  |TAMS 0x0000000710800000, 0x0000000710800000| Untracked 
|  52|0x0000000710a00000, 0x0000000710a00000, 0x0000000710c00000|  0%| F|  |TAMS 0x0000000710a00000, 0x0000000710a00000| Untracked 
|  53|0x0000000710c00000, 0x0000000710c00000, 0x0000000710e00000|  0%| F|  |TAMS 0x0000000710c00000, 0x0000000710c00000| Untracked 
|  54|0x0000000710e00000, 0x0000000710e00000, 0x0000000711000000|  0%| F|  |TAMS 0x0000000710e00000, 0x0000000710e00000| Untracked 
|  55|0x0000000711000000, 0x0000000711000000, 0x0000000711200000|  0%| F|  |TAMS 0x0000000711000000, 0x0000000711000000| Untracked 
|  56|0x0000000711200000, 0x0000000711200000, 0x0000000711400000|  0%| F|  |TAMS 0x0000000711200000, 0x0000000711200000| Untracked 
|  57|0x0000000711400000, 0x0000000711400000, 0x0000000711600000|  0%| F|  |TAMS 0x0000000711400000, 0x0000000711400000| Untracked 
|  58|0x0000000711600000, 0x00000007116b8528, 0x0000000711800000| 36%| E|  |TAMS 0x0000000711600000, 0x0000000711600000| Complete 
|  59|0x0000000711800000, 0x0000000711a00000, 0x0000000711a00000|100%| E|CS|TAMS 0x0000000711800000, 0x0000000711800000| Complete 
|  60|0x0000000711a00000, 0x0000000711c00000, 0x0000000711c00000|100%| E|CS|TAMS 0x0000000711a00000, 0x0000000711a00000| Complete 
|  61|0x0000000711c00000, 0x0000000711e00000, 0x0000000711e00000|100%| E|CS|TAMS 0x0000000711c00000, 0x0000000711c00000| Complete 
|  62|0x0000000711e00000, 0x0000000712000000, 0x0000000712000000|100%| E|CS|TAMS 0x0000000711e00000, 0x0000000711e00000| Complete 
|  63|0x0000000712000000, 0x0000000712200000, 0x0000000712200000|100%| E|CS|TAMS 0x0000000712000000, 0x0000000712000000| Complete 
|  64|0x0000000712200000, 0x0000000712400000, 0x0000000712400000|100%| E|CS|TAMS 0x0000000712200000, 0x0000000712200000| Complete 
|  65|0x0000000712400000, 0x0000000712600000, 0x0000000712600000|100%| E|CS|TAMS 0x0000000712400000, 0x0000000712400000| Complete 
|  66|0x0000000712600000, 0x0000000712800000, 0x0000000712800000|100%| E|CS|TAMS 0x0000000712600000, 0x0000000712600000| Complete 
|  67|0x0000000712800000, 0x0000000712a00000, 0x0000000712a00000|100%| E|CS|TAMS 0x0000000712800000, 0x0000000712800000| Complete 
| 122|0x0000000719600000, 0x0000000719800000, 0x0000000719800000|100%| E|CS|TAMS 0x0000000719600000, 0x0000000719600000| Complete 

Card table byte_map: [0x000001a4a8a20000,0x000001a4a91d0000] _byte_map_base: 0x000001a4a51cf000

Marking Bits (Prev, Next): (CMBitMap*) 0x000001a49144ca90, (CMBitMap*) 0x000001a49144cad0
 Prev Bits: [0x000001a4a9980000, 0x000001a4ad6f8000)
 Next Bits: [0x000001a4ad700000, 0x000001a4b1478000)

Polling page: 0x000001a48f090000

Metaspace:

Usage:
  Non-class:     47.11 MB used.
      Class:      6.29 MB used.
       Both:     53.39 MB used.

Virtual space:
  Non-class space:       64.00 MB reserved,      47.50 MB ( 74%) committed,  1 nodes.
      Class space:        1.00 GB reserved,       6.69 MB ( <1%) committed,  1 nodes.
             Both:        1.06 GB reserved,      54.19 MB (  5%) committed. 

Chunk freelists:
   Non-Class:  512.00 KB
       Class:  1.22 MB
        Both:  1.72 MB

MaxMetaspaceSize: unlimited
CompressedClassSpaceSize: 1.00 GB
Initial GC threshold: 21.00 MB
Current GC threshold: 59.00 MB
CDS: on
MetaspaceReclaimPolicy: balanced
 - commit_granule_bytes: 65536.
 - commit_granule_words: 8192.
 - virtual_space_node_default_size: 8388608.
 - enlarge_chunks_in_place: 1.
 - new_chunks_are_fully_committed: 0.
 - uncommit_free_chunks: 1.
 - use_allocation_guard: 0.


Internal statistics:

num_allocs_failed_limit: 6.
num_arena_births: 1310.
num_arena_deaths: 0.
num_vsnodes_births: 2.
num_vsnodes_deaths: 0.
num_space_committed: 865.
num_space_uncommitted: 0.
num_chunks_returned_to_freelist: 6.
num_chunks_taken_from_freelist: 3485.
num_chunk_merges: 6.
num_chunk_splits: 2540.
num_chunks_enlarged: 1858.
num_inconsistent_stats: 0.

CodeHeap 'non-profiled nmethods': size=120000Kb used=4420Kb max_used=4420Kb free=115579Kb
 bounds [0x000001a4a07f0000, 0x000001a4a0c50000, 0x000001a4a7d20000]
CodeHeap 'profiled nmethods': size=120000Kb used=17792Kb max_used=17792Kb free=102207Kb
 bounds [0x000001a4992c0000, 0x000001a49a430000, 0x000001a4a07f0000]
CodeHeap 'non-nmethods': size=5760Kb used=1330Kb max_used=1391Kb free=4429Kb
 bounds [0x000001a498d20000, 0x000001a498f90000, 0x000001a4992c0000]
 total_blobs=8222 nmethods=7583 adapters=550
 compilation: enabled
              stopped_count=0, restarted_count=0
 full_count=0

Compilation events (20 events):
Event: 5.883 Thread 0x000001a4b4094ad0 8506       3       org.jetbrains.kotlin.types.TypeSubstitutor::create (24 bytes)
Event: 5.884 Thread 0x000001a4b4094ad0 nmethod 8506 0x000001a49a3f2f90 code [0x000001a49a3f31a0, 0x000001a49a3f37f8]
Event: 5.884 Thread 0x000001a4b4094ad0 8507       3       org.jetbrains.kotlin.types.TypeConstructorSubstitution::create (9 bytes)
Event: 5.884 Thread 0x000001a4b4094ad0 nmethod 8507 0x000001a49a3f3a10 code [0x000001a49a3f3ba0, 0x000001a49a3f3cc8]
Event: 5.885 Thread 0x000001a4b4094ad0 8508       3       org.jetbrains.kotlin.resolve.calls.smartcasts.DataFlowValueKindUtilsKt::isInvisibleFromOtherModules (49 bytes)
Event: 5.885 Thread 0x000001a4b4094ad0 nmethod 8508 0x000001a49a3f3d90 code [0x000001a49a3f3fa0, 0x000001a49a3f4738]
Event: 5.886 Thread 0x000001a4b4094ad0 8509       3       org.jetbrains.kotlin.resolve.calls.context.BasicCallResolutionContext::create (28 bytes)
Event: 5.886 Thread 0x000001a4b4094ad0 nmethod 8509 0x000001a49a3f4910 code [0x000001a49a3f4ac0, 0x000001a49a3f4c88]
Event: 5.886 Thread 0x000001a4b4094ad0 8510       3       org.jetbrains.kotlin.resolve.calls.context.BasicCallResolutionContext::create (168 bytes)
Event: 5.886 Thread 0x000001a4b4091fa0 8511       4       org.jetbrains.kotlin.types.checker.ClassicTypeSystemContext$DefaultImpls::argumentsCount (80 bytes)
Event: 5.887 Thread 0x000001a4b4094ad0 nmethod 8510 0x000001a49a3f4d90 code [0x000001a49a3f5000, 0x000001a49a3f5828]
Event: 5.887 Thread 0x000001a4b4091fa0 nmethod 8511 0x000001a4a0c3e190 code [0x000001a4a0c3e320, 0x000001a4a0c3e418]
Event: 5.887 Thread 0x000001a4b4094ad0 8512       3       org.jetbrains.kotlin.resolve.calls.components.ArgumentsUtilsKt::getExpectedType (106 bytes)
Event: 5.887 Thread 0x000001a4b4091fa0 8514       4       kotlin.collections.EmptySet::iterator (7 bytes)
Event: 5.888 Thread 0x000001a4b4091fa0 nmethod 8514 0x000001a4a0c3e590 code [0x000001a4a0c3e700, 0x000001a4a0c3e778]
Event: 5.888 Thread 0x000001a4b4091fa0 8515       4       org.jetbrains.kotlin.storage.LockBasedLazyResolveStorageManager$LockProtectedTrace::record (31 bytes)
Event: 5.888 Thread 0x000001a4b4094ad0 nmethod 8512 0x000001a49a3f5a90 code [0x000001a49a3f5e40, 0x000001a49a3f7758]
Event: 5.888 Thread 0x000001a4b4094ad0 8513       3       org.jetbrains.kotlin.resolve.calls.components.ArgumentsUtilsKt::isArrayAssignedAsNamedArgumentInAnnotation (74 bytes)
Event: 5.889 Thread 0x000001a4b4094ad0 nmethod 8513 0x000001a49a3f7e90 code [0x000001a49a3f8140, 0x000001a49a3f8df8]
Event: 5.889 Thread 0x000001a4b4094ad0 8517       3       org.jetbrains.kotlin.resolve.lazy.descriptors.LazyClassMemberScope::definitelyDoesNotContainName (40 bytes)

GC Heap History (20 events):
Event: 1.173 GC heap before
{Heap before GC invocations=2 (full 0):
 garbage-first heap   total 251904K, used 43167K [0x000000070a200000, 0x0000000800000000)
  region size 2048K, 18 young (36864K), 3 survivors (6144K)
 Metaspace       used 21317K, committed 21504K, reserved 1114112K
  class space    used 2530K, committed 2624K, reserved 1048576K
}
Event: 1.177 GC heap after
{Heap after GC invocations=3 (full 0):
 garbage-first heap   total 251904K, used 17071K [0x000000070a200000, 0x0000000800000000)
  region size 2048K, 5 young (10240K), 5 survivors (10240K)
 Metaspace       used 21317K, committed 21504K, reserved 1114112K
  class space    used 2530K, committed 2624K, reserved 1048576K
}
Event: 1.577 GC heap before
{Heap before GC invocations=4 (full 0):
 garbage-first heap   total 75776K, used 53935K [0x000000070a200000, 0x0000000800000000)
  region size 2048K, 22 young (45056K), 5 survivors (10240K)
 Metaspace       used 24167K, committed 24448K, reserved 1114112K
  class space    used 3030K, committed 3200K, reserved 1048576K
}
Event: 1.590 GC heap after
{Heap after GC invocations=5 (full 0):
 garbage-first heap   total 75776K, used 25595K [0x000000070a200000, 0x0000000800000000)
  region size 2048K, 3 young (6144K), 3 survivors (6144K)
 Metaspace       used 24167K, committed 24448K, reserved 1114112K
  class space    used 3030K, committed 3200K, reserved 1048576K
}
Event: 1.598 GC heap before
{Heap before GC invocations=5 (full 0):
 garbage-first heap   total 75776K, used 27643K [0x000000070a200000, 0x0000000800000000)
  region size 2048K, 4 young (8192K), 3 survivors (6144K)
 Metaspace       used 24205K, committed 24576K, reserved 1114112K
  class space    used 3032K, committed 3200K, reserved 1048576K
}
Event: 1.604 GC heap after
{Heap after GC invocations=6 (full 0):
 garbage-first heap   total 75776K, used 27544K [0x000000070a200000, 0x0000000800000000)
  region size 2048K, 1 young (2048K), 1 survivors (2048K)
 Metaspace       used 24205K, committed 24576K, reserved 1114112K
  class space    used 3032K, committed 3200K, reserved 1048576K
}
Event: 1.994 GC heap before
{Heap before GC invocations=6 (full 0):
 garbage-first heap   total 75776K, used 50072K [0x000000070a200000, 0x0000000800000000)
  region size 2048K, 13 young (26624K), 1 survivors (2048K)
 Metaspace       used 29090K, committed 29440K, reserved 1114112K
  class space    used 3754K, committed 3904K, reserved 1048576K
}
Event: 1.998 GC heap after
{Heap after GC invocations=7 (full 0):
 garbage-first heap   total 153600K, used 27406K [0x000000070a200000, 0x0000000800000000)
  region size 2048K, 2 young (4096K), 2 survivors (4096K)
 Metaspace       used 29090K, committed 29440K, reserved 1114112K
  class space    used 3754K, committed 3904K, reserved 1048576K
}
Event: 2.331 GC heap before
{Heap before GC invocations=7 (full 0):
 garbage-first heap   total 153600K, used 60174K [0x000000070a200000, 0x0000000800000000)
  region size 2048K, 19 young (38912K), 2 survivors (4096K)
 Metaspace       used 35632K, committed 36096K, reserved 1114112K
  class space    used 4387K, committed 4608K, reserved 1048576K
}
Event: 2.336 GC heap after
{Heap after GC invocations=8 (full 0):
 garbage-first heap   total 153600K, used 30717K [0x000000070a200000, 0x0000000800000000)
  region size 2048K, 4 young (8192K), 4 survivors (8192K)
 Metaspace       used 35632K, committed 36096K, reserved 1114112K
  class space    used 4387K, committed 4608K, reserved 1048576K
}
Event: 3.130 GC heap before
{Heap before GC invocations=9 (full 0):
 garbage-first heap   total 116736K, used 94205K [0x000000070a200000, 0x0000000800000000)
  region size 2048K, 34 young (69632K), 4 survivors (8192K)
 Metaspace       used 42478K, committed 43264K, reserved 1114112K
  class space    used 5164K, committed 5568K, reserved 1048576K
}
Event: 3.145 GC heap after
{Heap after GC invocations=10 (full 0):
 garbage-first heap   total 116736K, used 42780K [0x000000070a200000, 0x0000000800000000)
  region size 2048K, 5 young (10240K), 5 survivors (10240K)
 Metaspace       used 42478K, committed 43264K, reserved 1114112K
  class space    used 5164K, committed 5568K, reserved 1048576K
}
Event: 3.567 GC heap before
{Heap before GC invocations=10 (full 0):
 garbage-first heap   total 116736K, used 79644K [0x000000070a200000, 0x0000000800000000)
  region size 2048K, 23 young (47104K), 5 survivors (10240K)
 Metaspace       used 46709K, committed 47552K, reserved 1114112K
  class space    used 5662K, committed 6080K, reserved 1048576K
}
Event: 3.584 GC heap after
{Heap after GC invocations=11 (full 0):
 garbage-first heap   total 116736K, used 50550K [0x000000070a200000, 0x0000000800000000)
  region size 2048K, 3 young (6144K), 3 survivors (6144K)
 Metaspace       used 46709K, committed 47552K, reserved 1114112K
  class space    used 5662K, committed 6080K, reserved 1048576K
}
Event: 4.091 GC heap before
{Heap before GC invocations=11 (full 0):
 garbage-first heap   total 116736K, used 85366K [0x000000070a200000, 0x0000000800000000)
  region size 2048K, 20 young (40960K), 3 survivors (6144K)
 Metaspace       used 48306K, committed 49088K, reserved 1114112K
  class space    used 5861K, committed 6272K, reserved 1048576K
}
Event: 4.111 GC heap after
{Heap after GC invocations=12 (full 0):
 garbage-first heap   total 141312K, used 58928K [0x000000070a200000, 0x0000000800000000)
  region size 2048K, 3 young (6144K), 3 survivors (6144K)
 Metaspace       used 48306K, committed 49088K, reserved 1114112K
  class space    used 5861K, committed 6272K, reserved 1048576K
}
Event: 4.535 GC heap before
{Heap before GC invocations=12 (full 0):
 garbage-first heap   total 141312K, used 101936K [0x000000070a200000, 0x0000000800000000)
  region size 2048K, 23 young (47104K), 3 survivors (6144K)
 Metaspace       used 49736K, committed 50560K, reserved 1114112K
  class space    used 5979K, committed 6400K, reserved 1048576K
}
Event: 4.547 GC heap after
{Heap after GC invocations=13 (full 0):
 garbage-first heap   total 141312K, used 66148K [0x000000070a200000, 0x0000000800000000)
  region size 2048K, 3 young (6144K), 3 survivors (6144K)
 Metaspace       used 49736K, committed 50560K, reserved 1114112K
  class space    used 5979K, committed 6400K, reserved 1048576K
}
Event: 5.196 GC heap before
{Heap before GC invocations=13 (full 0):
 garbage-first heap   total 141312K, used 103012K [0x000000070a200000, 0x0000000800000000)
  region size 2048K, 21 young (43008K), 3 survivors (6144K)
 Metaspace       used 53110K, committed 53888K, reserved 1114112K
  class space    used 6326K, committed 6720K, reserved 1048576K
}
Event: 5.206 GC heap after
{Heap after GC invocations=14 (full 0):
 garbage-first heap   total 141312K, used 70732K [0x000000070a200000, 0x0000000800000000)
  region size 2048K, 3 young (6144K), 3 survivors (6144K)
 Metaspace       used 53110K, committed 53888K, reserved 1114112K
  class space    used 6326K, committed 6720K, reserved 1048576K
}

Deoptimization events (20 events):
Event: 5.441 Thread 0x000001a4913dfd40 Uncommon trap: trap_request=0xffffffde fr.pc=0x000001a4a0b7b694 relative=0x00000000000005f4
Event: 5.441 Thread 0x000001a4913dfd40 Uncommon trap: reason=class_check action=maybe_recompile pc=0x000001a4a0b7b694 method=org.jetbrains.kotlin.serialization.deserialization.descriptors.DeserializedMemberScope.getContributedClassifier(Lorg/jetbrains/kotlin/name/Name;Lorg/jetbrains/kotlin/inc
Event: 5.441 Thread 0x000001a4913dfd40 DEOPT PACKING pc=0x000001a4a0b7b694 sp=0x0000005c197faf80
Event: 5.441 Thread 0x000001a4913dfd40 DEOPT UNPACKING pc=0x000001a498d723a3 sp=0x0000005c197faf58 mode 2
Event: 5.866 Thread 0x000001a4913dfd40 Uncommon trap: trap_request=0xffffffd6 fr.pc=0x000001a4a0c39a88 relative=0x0000000000000f88
Event: 5.866 Thread 0x000001a4913dfd40 Uncommon trap: reason=array_check action=maybe_recompile pc=0x000001a4a0c39a88 method=org.jetbrains.kotlin.com.intellij.extapi.psi.StubBasedPsiElementBase.getStubOrPsiChildren(Lorg/jetbrains/kotlin/com/intellij/psi/tree/TokenSet;Lorg/jetbrains/kotlin/com/
Event: 5.866 Thread 0x000001a4913dfd40 DEOPT PACKING pc=0x000001a4a0c39a88 sp=0x0000005c197f9f80
Event: 5.866 Thread 0x000001a4913dfd40 DEOPT UNPACKING pc=0x000001a498d723a3 sp=0x0000005c197f9f48 mode 2
Event: 5.866 Thread 0x000001a4913dfd40 Uncommon trap: trap_request=0xffffffd6 fr.pc=0x000001a4a0c39a88 relative=0x0000000000000f88
Event: 5.866 Thread 0x000001a4913dfd40 Uncommon trap: reason=array_check action=maybe_recompile pc=0x000001a4a0c39a88 method=org.jetbrains.kotlin.com.intellij.extapi.psi.StubBasedPsiElementBase.getStubOrPsiChildren(Lorg/jetbrains/kotlin/com/intellij/psi/tree/TokenSet;Lorg/jetbrains/kotlin/com/
Event: 5.866 Thread 0x000001a4913dfd40 DEOPT PACKING pc=0x000001a4a0c39a88 sp=0x0000005c197f9f80
Event: 5.866 Thread 0x000001a4913dfd40 DEOPT UNPACKING pc=0x000001a498d723a3 sp=0x0000005c197f9f48 mode 2
Event: 5.866 Thread 0x000001a4913dfd40 Uncommon trap: trap_request=0xffffffd6 fr.pc=0x000001a4a0c39a88 relative=0x0000000000000f88
Event: 5.866 Thread 0x000001a4913dfd40 Uncommon trap: reason=array_check action=maybe_recompile pc=0x000001a4a0c39a88 method=org.jetbrains.kotlin.com.intellij.extapi.psi.StubBasedPsiElementBase.getStubOrPsiChildren(Lorg/jetbrains/kotlin/com/intellij/psi/tree/TokenSet;Lorg/jetbrains/kotlin/com/
Event: 5.866 Thread 0x000001a4913dfd40 DEOPT PACKING pc=0x000001a4a0c39a88 sp=0x0000005c197f9f80
Event: 5.866 Thread 0x000001a4913dfd40 DEOPT UNPACKING pc=0x000001a498d723a3 sp=0x0000005c197f9f48 mode 2
Event: 5.866 Thread 0x000001a4913dfd40 Uncommon trap: trap_request=0xffffffd6 fr.pc=0x000001a4a0c39a88 relative=0x0000000000000f88
Event: 5.866 Thread 0x000001a4913dfd40 Uncommon trap: reason=array_check action=maybe_recompile pc=0x000001a4a0c39a88 method=org.jetbrains.kotlin.com.intellij.extapi.psi.StubBasedPsiElementBase.getStubOrPsiChildren(Lorg/jetbrains/kotlin/com/intellij/psi/tree/TokenSet;Lorg/jetbrains/kotlin/com/
Event: 5.866 Thread 0x000001a4913dfd40 DEOPT PACKING pc=0x000001a4a0c39a88 sp=0x0000005c197f9f80
Event: 5.866 Thread 0x000001a4913dfd40 DEOPT UNPACKING pc=0x000001a498d723a3 sp=0x0000005c197f9f48 mode 2

Classes loaded (20 events):
Event: 2.531 Loading class java/util/function/IntUnaryOperator
Event: 2.531 Loading class java/util/function/IntUnaryOperator done
Event: 2.794 Loading class java/util/AbstractList$SubList$1
Event: 2.794 Loading class java/util/AbstractList$SubList$1 done
Event: 2.794 Loading class java/util/AbstractList$ListItr
Event: 2.794 Loading class java/util/AbstractList$ListItr done
Event: 2.835 Loading class java/util/ArrayList$ListItr
Event: 2.835 Loading class java/util/ArrayList$ListItr done
Event: 2.908 Loading class java/text/StringCharacterIterator
Event: 2.908 Loading class java/text/CharacterIterator
Event: 2.908 Loading class java/text/CharacterIterator done
Event: 2.908 Loading class java/text/StringCharacterIterator done
Event: 3.388 Loading class java/util/ComparableTimSort
Event: 3.389 Loading class java/util/ComparableTimSort done
Event: 3.442 Loading class java/util/RegularEnumSet$EnumSetIterator
Event: 3.442 Loading class java/util/RegularEnumSet$EnumSetIterator done
Event: 3.945 Loading class java/util/regex/Pattern$Bound
Event: 3.945 Loading class java/util/regex/Pattern$Bound done
Event: 3.946 Loading class java/util/regex/Pattern$NotBehind
Event: 3.946 Loading class java/util/regex/Pattern$NotBehind done

Classes unloaded (0 events):
No events

Classes redefined (0 events):
No events

Internal exceptions (20 events):
Event: 2.576 Thread 0x000001a4913dfd40 Implicit null exception at 0x000001a4a09e6af7 to 0x000001a4a09e72b0
Event: 2.851 Thread 0x000001a4913dfd40 Exception <a 'java/lang/NoSuchMethodError'{0x000000070e7ef428}: 'java.lang.Object java.lang.invoke.DirectMethodHandle$Holder.newInvokeSpecial(java.lang.Object, java.lang.Object, java.lang.Object, int)'> (0x000000070e7ef428) 
thrown [s\open\src\hotspot\share\interpreter\linkResolver.cpp, line 759]
Event: 2.851 Thread 0x000001a4913dfd40 Exception <a 'java/lang/NoSuchMethodError'{0x000000070e7f37e0}: 'java.lang.Object java.lang.invoke.DirectMethodHandle$Holder.invokeSpecial(java.lang.Object, java.lang.Object, java.lang.Object, java.lang.Object, int)'> (0x000000070e7f37e0) 
thrown [s\open\src\hotspot\share\interpreter\linkResolver.cpp, line 759]
Event: 2.851 Thread 0x000001a4913dfd40 Exception <a 'java/lang/NoSuchMethodError'{0x000000070e7f7190}: 'java.lang.Object java.lang.invoke.Invokers$Holder.linkToTargetMethod(java.lang.Object, java.lang.Object, int, java.lang.Object)'> (0x000000070e7f7190) 
thrown [s\open\src\hotspot\share\interpreter\linkResolver.cpp, line 759]
Event: 3.348 Thread 0x000001a4913dfd40 Implicit null exception at 0x000001a4a09d56d0 to 0x000001a4a09d57a0
Event: 3.829 Thread 0x000001a4913dfd40 Exception <a 'java/lang/NoSuchMethodError'{0x0000000710047c58}: 'java.lang.Object java.lang.invoke.DirectMethodHandle$Holder.newInvokeSpecial(java.lang.Object, java.lang.Object, java.lang.Object, java.lang.Object, int)'> (0x0000000710047c58) 
thrown [s\open\src\hotspot\share\interpreter\linkResolver.cpp, line 759]
Event: 3.829 Thread 0x000001a4913dfd40 Exception <a 'java/lang/NoSuchMethodError'{0x000000071004c4e8}: 'java.lang.Object java.lang.invoke.DirectMethodHandle$Holder.invokeSpecial(java.lang.Object, java.lang.Object, java.lang.Object, java.lang.Object, java.lang.Object, int)'> (0x000000071004c4e8) 
thrown [s\open\src\hotspot\share\interpreter\linkResolver.cpp, line 759]
Event: 3.830 Thread 0x000001a4913dfd40 Exception <a 'java/lang/NoSuchMethodError'{0x0000000710050728}: 'java.lang.Object java.lang.invoke.Invokers$Holder.linkToTargetMethod(java.lang.Object, java.lang.Object, java.lang.Object, int, java.lang.Object)'> (0x0000000710050728) 
thrown [s\open\src\hotspot\share\interpreter\linkResolver.cpp, line 759]
Event: 4.289 Thread 0x000001a4913dfd40 Implicit null exception at 0x000001a4a0aba30f to 0x000001a4a0aba340
Event: 4.702 Thread 0x000001a4913dfd40 Exception <a 'java/lang/NoSuchMethodError'{0x00000007129e0e88}: 'java.lang.Object java.lang.invoke.Invokers$Holder.linkToTargetMethod(java.lang.Object, java.lang.Object, java.lang.Object, java.lang.Object, java.lang.Object, java.lang.Object, java.lang.Object, java.lang.Object)'> (0x00000007129e0e88) 
thrown [s\open\src\hotspot\share\interpreter\linkResolver.cpp, line 759]
Event: 4.717 Thread 0x000001a4913dfd40 Implicit null exception at 0x000001a4a0b134e0 to 0x000001a4a0b14bdc
Event: 4.814 Thread 0x000001a4913dfd40 Implicit null exception at 0x000001a4a0b160b1 to 0x000001a4a0b164a0
Event: 4.849 Thread 0x000001a4913dfd40 Implicit null exception at 0x000001a4a0b4e46d to 0x000001a4a0b4e63c
Event: 4.864 Thread 0x000001a4913dfd40 Implicit null exception at 0x000001a4a09d14cc to 0x000001a4a09d15b4
Event: 4.865 Thread 0x000001a4913dfd40 Implicit null exception at 0x000001a4a0b5bb1b to 0x000001a4a0b5c262
Event: 4.865 Thread 0x000001a4913dfd40 Implicit null exception at 0x000001a4a096358f to 0x000001a4a0963609
Event: 5.165 Thread 0x000001a4913dfd40 Exception <a 'java/lang/NoSuchMethodError'{0x0000000710b2c740}: 'java.lang.Object java.lang.invoke.Invokers$Holder.linkToTargetMethod(java.lang.Object, java.lang.Object, java.lang.Object, java.lang.Object, java.lang.Object, java.lang.Object, java.lang.Object)'> (0x0000000710b2c740) 
thrown [s\open\src\hotspot\share\interpreter\linkResolver.cpp, line 759]
Event: 5.370 Thread 0x000001a4913dfd40 Exception <a 'java/lang/NoSuchMethodError'{0x00000007122af680}: 'java.lang.Object java.lang.invoke.DirectMethodHandle$Holder.invokeStaticInit(java.lang.Object, java.lang.Object, java.lang.Object)'> (0x00000007122af680) 
thrown [s\open\src\hotspot\share\interpreter\linkResolver.cpp, line 759]
Event: 5.711 Thread 0x000001a4913dfd40 Exception <a 'java/lang/NoSuchMethodError'{0x0000000711b33b08}: 'java.lang.Object java.lang.invoke.DirectMethodHandle$Holder.newInvokeSpecial(java.lang.Object, int, java.lang.Object)'> (0x0000000711b33b08) 
thrown [s\open\src\hotspot\share\interpreter\linkResolver.cpp, line 759]
Event: 5.793 Thread 0x000001a4913dfd40 Exception <a 'java/lang/NoSuchMethodError'{0x0000000711898be8}: 'java.lang.Object java.lang.invoke.DirectMethodHandle$Holder.invokeStatic(java.lang.Object, int, java.lang.Object)'> (0x0000000711898be8) 
thrown [s\open\src\hotspot\share\interpreter\linkResolver.cpp, line 759]

VM Operations (20 events):
Event: 5.159 Executing VM operation: HandshakeAllThreads
Event: 5.159 Executing VM operation: HandshakeAllThreads done
Event: 5.196 Executing VM operation: G1CollectForAllocation
Event: 5.206 Executing VM operation: G1CollectForAllocation done
Event: 5.330 Executing VM operation: ICBufferFull
Event: 5.330 Executing VM operation: ICBufferFull done
Event: 5.400 Executing VM operation: ICBufferFull
Event: 5.400 Executing VM operation: ICBufferFull done
Event: 5.509 Executing VM operation: HandshakeAllThreads
Event: 5.510 Executing VM operation: HandshakeAllThreads done
Event: 5.516 Executing VM operation: ICBufferFull
Event: 5.516 Executing VM operation: ICBufferFull done
Event: 5.610 Executing VM operation: ICBufferFull
Event: 5.611 Executing VM operation: ICBufferFull done
Event: 5.715 Executing VM operation: ICBufferFull
Event: 5.716 Executing VM operation: ICBufferFull done
Event: 5.795 Executing VM operation: HandshakeAllThreads
Event: 5.795 Executing VM operation: HandshakeAllThreads done
Event: 5.827 Executing VM operation: ICBufferFull
Event: 5.827 Executing VM operation: ICBufferFull done

Events (20 events):
Event: 3.424 Thread 0x000001a4b4098af0 flushing nmethod 0x000001a499c38590
Event: 3.424 Thread 0x000001a4b4098af0 flushing nmethod 0x000001a499c3be10
Event: 3.424 Thread 0x000001a4b4098af0 flushing nmethod 0x000001a499c40c10
Event: 3.424 Thread 0x000001a4b4098af0 flushing nmethod 0x000001a499c47510
Event: 3.424 Thread 0x000001a4b4098af0 flushing nmethod 0x000001a499c53910
Event: 3.424 Thread 0x000001a4b4098af0 flushing nmethod 0x000001a499c7dc90
Event: 3.424 Thread 0x000001a4b4098af0 flushing nmethod 0x000001a499c92310
Event: 3.424 Thread 0x000001a4b4098af0 flushing nmethod 0x000001a499ce2190
Event: 3.424 Thread 0x000001a4b4098af0 flushing nmethod 0x000001a499cf2790
Event: 3.424 Thread 0x000001a4b4098af0 flushing nmethod 0x000001a499cfe410
Event: 3.424 Thread 0x000001a4b4098af0 flushing nmethod 0x000001a499d06290
Event: 3.424 Thread 0x000001a4b4098af0 flushing nmethod 0x000001a499d31690
Event: 3.424 Thread 0x000001a4b4098af0 flushing nmethod 0x000001a499d3ac10
Event: 3.424 Thread 0x000001a4b4098af0 flushing nmethod 0x000001a499d41390
Event: 3.424 Thread 0x000001a4b4098af0 flushing nmethod 0x000001a499d41810
Event: 3.424 Thread 0x000001a4b4098af0 flushing nmethod 0x000001a499d48590
Event: 3.424 Thread 0x000001a4b4098af0 flushing nmethod 0x000001a499d64a10
Event: 3.424 Thread 0x000001a4b4098af0 flushing nmethod 0x000001a499d92c90
Event: 5.164 Thread 0x000001a4b4098af0 flushing nmethod 0x000001a499530910
Event: 5.169 Thread 0x000001a4b4098af0 flushing nmethod 0x000001a499c06910


Dynamic libraries:
0x00007ff747540000 - 0x00007ff74754e000 	C:\Users\HP\.jdks\openjdk-18.0.2\bin\java.exe
0x00007ffac38f0000 - 0x00007ffac3ae5000 	C:\Windows\SYSTEM32\ntdll.dll
0x00007ffac1940000 - 0x00007ffac19fe000 	C:\Windows\System32\KERNEL32.DLL
0x00007ffac1010000 - 0x00007ffac12d8000 	C:\Windows\System32\KERNELBASE.dll
0x00007ffac1580000 - 0x00007ffac1680000 	C:\Windows\System32\ucrtbase.dll
0x00007ffabaaa0000 - 0x00007ffabaab7000 	C:\Users\HP\.jdks\openjdk-18.0.2\bin\jli.dll
0x00007ffaba9b0000 - 0x00007ffaba9ca000 	C:\Users\HP\.jdks\openjdk-18.0.2\bin\VCRUNTIME140.dll
0x00007ffac2a60000 - 0x00007ffac2c01000 	C:\Windows\System32\USER32.dll
0x00007ffac12e0000 - 0x00007ffac1302000 	C:\Windows\System32\win32u.dll
0x00007ffaad0f0000 - 0x00007ffaad38a000 	C:\Windows\WinSxS\amd64_microsoft.windows.common-controls_6595b64144ccf1df_6.0.19041.1110_none_60b5254171f9507e\COMCTL32.dll
0x00007ffac21c0000 - 0x00007ffac21eb000 	C:\Windows\System32\GDI32.dll
0x00007ffac1a70000 - 0x00007ffac1b0e000 	C:\Windows\System32\msvcrt.dll
0x00007ffac1340000 - 0x00007ffac144b000 	C:\Windows\System32\gdi32full.dll
0x00007ffac1450000 - 0x00007ffac14ed000 	C:\Windows\System32\msvcp_win.dll
0x00007ffac2cc0000 - 0x00007ffac2cf0000 	C:\Windows\System32\IMM32.DLL
0x00007ffabb290000 - 0x00007ffabb29c000 	C:\Users\HP\.jdks\openjdk-18.0.2\bin\vcruntime140_1.dll
0x00007ffaa8a70000 - 0x00007ffaa8afd000 	C:\Users\HP\.jdks\openjdk-18.0.2\bin\msvcp140.dll
0x00007ffa89cd0000 - 0x00007ffa8a8e1000 	C:\Users\HP\.jdks\openjdk-18.0.2\bin\server\jvm.dll
0x00007ffac2850000 - 0x00007ffac28fc000 	C:\Windows\System32\ADVAPI32.dll
0x00007ffac2c20000 - 0x00007ffac2cbb000 	C:\Windows\System32\sechost.dll
0x00007ffac2330000 - 0x00007ffac245a000 	C:\Windows\System32\RPCRT4.dll
0x00007ffac1a00000 - 0x00007ffac1a08000 	C:\Windows\System32\PSAPI.DLL
0x00007ffaba6e0000 - 0x00007ffaba6e9000 	C:\Windows\SYSTEM32\WSOCK32.dll
0x00007ffab7d50000 - 0x00007ffab7d77000 	C:\Windows\SYSTEM32\WINMM.dll
0x00007ffab8410000 - 0x00007ffab841a000 	C:\Windows\SYSTEM32\VERSION.dll
0x00007ffac2510000 - 0x00007ffac257b000 	C:\Windows\System32\WS2_32.dll
0x00007ffabf890000 - 0x00007ffabf8a2000 	C:\Windows\SYSTEM32\kernel.appcore.dll
0x00007ffabac70000 - 0x00007ffabac7a000 	C:\Users\HP\.jdks\openjdk-18.0.2\bin\jimage.dll
0x00007ffaae7f0000 - 0x00007ffaae9d4000 	C:\Windows\SYSTEM32\DBGHELP.DLL
0x00007ffaaa600000 - 0x00007ffaaa62c000 	C:\Windows\SYSTEM32\dbgcore.DLL
0x00007ffac14f0000 - 0x00007ffac1573000 	C:\Windows\System32\bcryptPrimitives.dll
0x00007ffaa4f20000 - 0x00007ffaa4f45000 	C:\Users\HP\.jdks\openjdk-18.0.2\bin\java.dll
0x00007ffaa2630000 - 0x00007ffaa2706000 	C:\Users\HP\.jdks\openjdk-18.0.2\bin\jsvml.dll
0x00007ffac3170000 - 0x00007ffac38af000 	C:\Windows\System32\SHELL32.dll
0x00007ffabef80000 - 0x00007ffabf710000 	C:\Windows\SYSTEM32\windows.storage.dll
0x00007ffac1b10000 - 0x00007ffac1e65000 	C:\Windows\System32\combase.dll
0x00007ffac0a60000 - 0x00007ffac0a8e000 	C:\Windows\SYSTEM32\Wldp.dll
0x00007ffac2460000 - 0x00007ffac250d000 	C:\Windows\System32\SHCORE.dll
0x00007ffac21f0000 - 0x00007ffac2245000 	C:\Windows\System32\shlwapi.dll
0x00007ffac0f50000 - 0x00007ffac0f6f000 	C:\Windows\SYSTEM32\profapi.dll
0x00007ffaa92c0000 - 0x00007ffaa92d3000 	C:\Users\HP\.jdks\openjdk-18.0.2\bin\net.dll
0x00007ffab4d30000 - 0x00007ffab4e3c000 	C:\Windows\SYSTEM32\WINHTTP.dll
0x00007ffac07c0000 - 0x00007ffac082a000 	C:\Windows\system32\mswsock.dll
0x00007ffaa8090000 - 0x00007ffaa80a6000 	C:\Users\HP\.jdks\openjdk-18.0.2\bin\nio.dll
0x00007ffaa4ea0000 - 0x00007ffaa4eb8000 	C:\Users\HP\.jdks\openjdk-18.0.2\bin\zip.dll
0x00007ffababa0000 - 0x00007ffababb0000 	C:\Users\HP\.jdks\openjdk-18.0.2\bin\verify.dll

dbghelp: loaded successfully - version: 4.0.5 - missing functions: none
symbol engine: initialized successfully - sym options: 0x614 - pdb path: .;C:\Users\HP\.jdks\openjdk-18.0.2\bin;C:\Windows\SYSTEM32;C:\Windows\WinSxS\amd64_microsoft.windows.common-controls_6595b64144ccf1df_6.0.19041.1110_none_60b5254171f9507e;C:\Users\HP\.jdks\openjdk-18.0.2\bin\server

VM Arguments:
java_command: org.jetbrains.kotlin.cli.jvm.K2JVMCompiler @C:\Users\HP\AndroidStudioProjects\MusicApp\app\build\20230701_17169524066432815739.compiler.options
java_class_path (initial): C:\Users\HP\.gradle\caches\modules-2\files-2.1\org.jetbrains.kotlin\kotlin-compiler-embeddable\1.8.0\eb9118d4bcceaa2a94b2ae2a33a4ddba7c9a947f\kotlin-compiler-embeddable-1.8.0.jar;C:\Users\HP\.gradle\caches\modules-2\files-2.1\org.jetbrains.kotlin\kotlin-stdlib\1.8.0\1796921c7a3e2e2665a83e6c8d33399336cd39bc\kotlin-stdlib-1.8.0.jar;C:\Users\HP\.gradle\caches\modules-2\files-2.1\org.jetbrains.kotlin\kotlin-script-runtime\1.8.0\b2f7e760d283cb339974851c222a4c1d48f2d3d\kotlin-script-runtime-1.8.0.jar;C:\Users\HP\.gradle\caches\modules-2\files-2.1\org.jetbrains.kotlin\kotlin-reflect\1.6.10\1cbe9c92c12a94eea200d23c2bbaedaf3daf5132\kotlin-reflect-1.6.10.jar;C:\Users\HP\.gradle\caches\modules-2\files-2.1\org.jetbrains.kotlin\kotlin-daemon-embeddable\1.8.0\d255216c551685dc3a7e852b53617f5f01aaaa5c\kotlin-daemon-embeddable-1.8.0.jar;C:\Users\HP\.gradle\caches\modules-2\files-2.1\org.jetbrains.intellij.deps\trove4j\1.0.20200330\3afb14d5f9ceb459d724e907a21145e8ff394f02\trove4j-1.0.20200330.jar;C:\Users\HP\.gradle\caches\modules-2\files-2.1\net.java.dev.jna\jna\5.6.0\330f2244e9030119ab3030fc3fededc86713d9cc\jna-5.6.0.jar;C:\Users\HP\.gradle\caches\modules-2\files-2.1\org.jetbrains.kotlin\kotlin-stdlib-common\1.8.0\f7197e7cc76453ac59f8b0f8d5137cc600becd36\kotlin-stdlib-common-1.8.0.jar;C:\Users\HP\.gradle\caches\modules-2\files-2.1\org.jetbrains\annotations\13.0\919f0dfe192fb4e063e7dacadee7f8bb9a2672a9\annotations-13.0.jar
Launcher Type: SUN_STANDARD

[Global flags]
     intx CICompilerCount                          = 4                                         {product} {ergonomic}
     uint ConcGCThreads                            = 3                                         {product} {ergonomic}
     uint G1ConcRefinementThreads                  = 10                                        {product} {ergonomic}
   size_t G1HeapRegionSize                         = 2097152                                   {product} {ergonomic}
    uintx GCDrainStackTargetSize                   = 64                                        {product} {ergonomic}
   size_t InitialHeapSize                          = 257949696                                 {product} {ergonomic}
   size_t MarkStackSize                            = 4194304                                   {product} {ergonomic}
   size_t MaxHeapSize                              = 4125097984                                {product} {ergonomic}
   size_t MaxNewSize                               = 2474639360                                {product} {ergonomic}
   size_t MinHeapDeltaBytes                        = 2097152                                   {product} {ergonomic}
   size_t MinHeapSize                              = 8388608                                   {product} {ergonomic}
    uintx NonNMethodCodeHeapSize                   = 5839372                                {pd product} {ergonomic}
    uintx NonProfiledCodeHeapSize                  = 122909434                              {pd product} {ergonomic}
    uintx ProfiledCodeHeapSize                     = 122909434                              {pd product} {ergonomic}
    uintx ReservedCodeCacheSize                    = 251658240                              {pd product} {ergonomic}
     bool SegmentedCodeCache                       = true                                      {product} {ergonomic}
   size_t SoftMaxHeapSize                          = 4125097984                             {manageable} {ergonomic}
     bool UseCompressedClassPointers               = true                           {product lp64_product} {ergonomic}
     bool UseCompressedOops                        = true                           {product lp64_product} {ergonomic}
     bool UseG1GC                                  = true                                      {product} {ergonomic}
     bool UseLargePagesIndividualAllocation        = false                                  {pd product} {ergonomic}

Logging:
Log output configuration:
 #0: stdout all=warning uptime,level,tags foldmultilines=false
 #1: stderr all=off uptime,level,tags foldmultilines=false

Environment Variables:
PATH=C:\cygwin64\bin;C:\Program Files (x86)\Common Files\Intel\Shared Libraries\redist\intel64_win\compiler;C:\Program Files (x86)\Common Files\Intel\Shared Libraries\redist\intel64\compiler;C:\Program Files\Microsoft MPI\Bin\;C:\ProgramData\Oracle\Java\javapath;C:\Windows\system32;C:\Windows;C:\Windows\System32\Wbem;C:\Windows\System32\WindowsPowerShell\v1.0\;C:\Windows\System32\OpenSSH\;C:\Program Files\7-Zip;C:\Program Files (x86)\NVIDIA Corporation\PhysX\Common;C:\Program Files\Microsoft SQL Server\150\Tools\Binn\;C:\Program Files\Microsoft SQL Server\Client SDK\ODBC\170\Tools\Binn\;C:\Program Files\Git\cmd;C:\Program Files\dotnet\;C:\Program Files (x86)\Microsoft SQL Server\150\Tools\Binn\;C:\Program Files\Microsoft SQL Server\150\DTS\Binn\;C:\Program Files (x86)\Microsoft SQL Server\150\DTS\Binn\;C:\Program Files\nodejs\;C:\Users\HP\AppData\Local\Microsoft\WindowsApps;C:\Users\HP\AppData\Local\Programs\Microsoft VS Code\bin;C:\Users\HP\AppData\Local\GitHubDesktop\bin;C:\flutter\bin;C:\Users\HP\.dotnet\tools;C:\Program Files\Azure Data Studio\bin;C:\Users\HP\AppData\Roaming\npm
USERNAME=HP
OS=Windows_NT
PROCESSOR_IDENTIFIER=AMD64 Family 23 Model 96 Stepping 1, AuthenticAMD



---------------  S Y S T E M  ---------------

OS:
 Windows 10 , 64 bit Build 19041 (10.0.19041.1348)
OS uptime: 12 days 7:55 hours

CPU: total 12 (initial active 12) (12 cores per cpu, 2 threads per core) family 23 model 96 stepping 1 microcode 0x0, cx8, cmov, fxsr, ht, mmx, 3dnowpref, sse, sse2, sse3, ssse3, sse4a, sse4.1, sse4.2, popcnt, lzcnt, tsc, tscinvbit, avx, avx2, aes, clmul, bmi1, bmi2, adx, sha, fma, vzeroupper, clflush, clflushopt

Memory: 4k page, system-wide physical 15733M (1114M free)
TotalPageFile size 18733M (AvailPageFile size 22M)
current process WorkingSet (physical memory assigned to process): 317M, peak: 322M
current process commit charge ("private bytes"): 363M, peak: 401M

vm_info: OpenJDK 64-Bit Server VM (18.0.2+9-61) for windows-amd64 JRE (18.0.2+9-61), built on Jun  7 2022 13:05:59 by "mach5one" with MS VC++ 16.8 / 16.9 (VS2019)

END.
