#
# There is insufficient memory for the Java Runtime Environment to continue.
# Native memory allocation (malloc) failed to allocate 2176256 bytes for Chunk::new
# Possible reasons:
#   The system is out of physical RAM or swap space
#   The process is running with CompressedOops enabled, and the Java Heap may be blocking the growth of the native heap
# Possible solutions:
#   Reduce memory load on the system
#   Increase physical memory or swap space
#   Check if swap backing store is full
#   Decrease Java heap size (-Xmx/-Xms)
#   Decrease number of Java threads
#   Decrease Java thread stack sizes (-Xss)
#   Set larger code cache with -XX:ReservedCodeCacheSize=
#   JVM is running with Zero Based Compressed Oops mode in which the Java heap is
#     placed in the first 32GB address space. The Java Heap base address is the
#     maximum limit for the native heap growth. Please use -XX:HeapBaseMinAddress
#     to set the Java Heap base and to place the Java Heap above 32GB virtual address.
# This output file may be truncated or incomplete.
#
#  Out of Memory Error (arena.cpp:184), pid=25760, tid=20560
#
# JRE version: OpenJDK Runtime Environment (18.0.2+9) (build 18.0.2+9-61)
# Java VM: OpenJDK 64-Bit Server VM (18.0.2+9-61, mixed mode, sharing, tiered, compressed oops, compressed class ptrs, g1 gc, windows-amd64)
# No core dump will be written. Minidumps are not enabled by default on client versions of Windows
#

---------------  S U M M A R Y ------------

Command Line: org.jetbrains.kotlin.cli.jvm.K2JVMCompiler @C:\Users\HP\AndroidStudioProjects\MusicApp\app\build\20230919_14405154334061058769.compiler.options

Host: AMD Ryzen 5 4600H with Radeon Graphics         , 12 cores, 15G,  Windows 10 , 64 bit Build 19041 (10.0.19041.1348)
Time: Tue Sep 19 13:12:41 2023  Windows 10 , 64 bit Build 19041 (10.0.19041.1348) elapsed time: 14.661858 seconds (0d 0h 0m 14s)

---------------  T H R E A D  ---------------

Current thread (0x0000023a1a3a1ba0):  JavaThread "C2 CompilerThread0" daemon [_thread_in_native, id=20560, stack(0x00000052af200000,0x00000052af300000)]


Current CompileTask:
C2:  14661 16199       4       org.jetbrains.kotlin.resolve.calls.inference.components.ConstraintInjector::addSubTypeConstraintAndIncorporateIt (50 bytes)

Stack: [0x00000052af200000,0x00000052af300000]
Native frames: (J=compiled Java code, j=interpreted, Vv=VM code, C=native code)
V  [jvm.dll+0x6993ca]
V  [jvm.dll+0x7f481d]
V  [jvm.dll+0x7f612e]
V  [jvm.dll+0x7f67e3]
V  [jvm.dll+0x25cdaf]
V  [jvm.dll+0xb8c2f]
V  [jvm.dll+0xb8fa5]
V  [jvm.dll+0x3860cb]
V  [jvm.dll+0x34fd01]
V  [jvm.dll+0x34f19a]
V  [jvm.dll+0x22ff51]
V  [jvm.dll+0x22f321]
V  [jvm.dll+0x1ba01c]
V  [jvm.dll+0x23ec9a]
V  [jvm.dll+0x23cf85]
V  [jvm.dll+0x7a6e21]
V  [jvm.dll+0x7a125a]
V  [jvm.dll+0x698275]
C  [ucrtbase.dll+0x21bb2]
C  [KERNEL32.DLL+0x17034]
C  [ntdll.dll+0x52651]


---------------  P R O C E S S  ---------------

Threads class SMR info:
_java_thread_list=0x0000023a21ce6fd0, length=14, elements={
0x0000023a77db5480, 0x0000023a1a3875a0, 0x0000023a1a388200, 0x0000023a1a39bfc0,
0x0000023a1a39db80, 0x0000023a1a39e520, 0x0000023a1a39eec0, 0x0000023a1a3a1ba0,
0x0000023a1a3a2580, 0x0000023a1a3a4f70, 0x0000023a1edd6860, 0x0000023a1eddae20,
0x0000023a1ee088c0, 0x0000023a1f1a1ed0
}

Java Threads: ( => current thread )
  0x0000023a77db5480 JavaThread "main" [_thread_in_Java, id=23384, stack(0x00000052ae500000,0x00000052ae600000)]
  0x0000023a1a3875a0 JavaThread "Reference Handler" daemon [_thread_blocked, id=21612, stack(0x00000052aec00000,0x00000052aed00000)]
  0x0000023a1a388200 JavaThread "Finalizer" daemon [_thread_blocked, id=22180, stack(0x00000052aed00000,0x00000052aee00000)]
  0x0000023a1a39bfc0 JavaThread "Signal Dispatcher" daemon [_thread_blocked, id=16884, stack(0x00000052aee00000,0x00000052aef00000)]
  0x0000023a1a39db80 JavaThread "Attach Listener" daemon [_thread_blocked, id=17428, stack(0x00000052aef00000,0x00000052af000000)]
  0x0000023a1a39e520 JavaThread "Service Thread" daemon [_thread_blocked, id=18956, stack(0x00000052af000000,0x00000052af100000)]
  0x0000023a1a39eec0 JavaThread "Monitor Deflation Thread" daemon [_thread_blocked, id=15320, stack(0x00000052af100000,0x00000052af200000)]
=>0x0000023a1a3a1ba0 JavaThread "C2 CompilerThread0" daemon [_thread_in_native, id=20560, stack(0x00000052af200000,0x00000052af300000)]
  0x0000023a1a3a2580 JavaThread "C1 CompilerThread0" daemon [_thread_blocked, id=19948, stack(0x00000052af300000,0x00000052af400000)]
  0x0000023a1a3a4f70 JavaThread "Sweeper thread" daemon [_thread_blocked, id=2028, stack(0x00000052af400000,0x00000052af500000)]
  0x0000023a1edd6860 JavaThread "Notification Thread" daemon [_thread_blocked, id=22256, stack(0x00000052af500000,0x00000052af600000)]
  0x0000023a1eddae20 JavaThread "Common-Cleaner" daemon [_thread_blocked, id=21292, stack(0x00000052af700000,0x00000052af800000)]
  0x0000023a1ee088c0 JavaThread "C2 CompilerThread1" daemon [_thread_in_vm, id=2364, stack(0x00000052af800000,0x00000052af900000)]
  0x0000023a1f1a1ed0 JavaThread "C2 CompilerThread2" daemon [_thread_in_native, id=11316, stack(0x00000052b0000000,0x00000052b0100000)]

Other Threads:
  0x0000023a77e417b0 VMThread "VM Thread" [stack: 0x00000052aeb00000,0x00000052aec00000] [id=14144]
  0x0000023a1edd8f40 WatcherThread "VM Periodic Task Thread" [stack: 0x00000052af600000,0x00000052af700000] [id=24548]
  0x0000023a77e22fd0 WorkerThread "GC Thread#0" [stack: 0x00000052ae600000,0x00000052ae700000] [id=25984]
  0x0000023a1f2a0c00 WorkerThread "GC Thread#1" [stack: 0x00000052af900000,0x00000052afa00000] [id=14376]
  0x0000023a1f2a0ea0 WorkerThread "GC Thread#2" [stack: 0x00000052afa00000,0x00000052afb00000] [id=24920]
  0x0000023a1f2d9cb0 WorkerThread "GC Thread#3" [stack: 0x00000052afb00000,0x00000052afc00000] [id=8596]
  0x0000023a1f2d9f50 WorkerThread "GC Thread#4" [stack: 0x00000052afc00000,0x00000052afd00000] [id=19620]
  0x0000023a1f9b77a0 WorkerThread "GC Thread#5" [stack: 0x00000052afd00000,0x00000052afe00000] [id=4892]
  0x0000023a1f9b7a40 WorkerThread "GC Thread#6" [stack: 0x00000052afe00000,0x00000052aff00000] [id=16540]
  0x0000023a1f9b7ce0 WorkerThread "GC Thread#7" [stack: 0x00000052aff00000,0x00000052b0000000] [id=7688]
  0x0000023a1fc43710 WorkerThread "GC Thread#8" [stack: 0x00000052b0100000,0x00000052b0200000] [id=23704]
  0x0000023a21289540 WorkerThread "GC Thread#9" [stack: 0x00000052b0200000,0x00000052b0300000] [id=25628]
  0x0000023a77e354f0 ConcurrentGCThread "G1 Main Marker" [stack: 0x00000052ae700000,0x00000052ae800000] [id=19164]
  0x0000023a77e39200 WorkerThread "G1 Conc#0" [stack: 0x00000052ae800000,0x00000052ae900000] [id=13416]
  0x0000023a20545c70 WorkerThread "G1 Conc#1" [stack: 0x00000052b0300000,0x00000052b0400000] [id=7140]
  0x0000023a203fa430 WorkerThread "G1 Conc#2" [stack: 0x00000052b0400000,0x00000052b0500000] [id=8400]
  0x0000023a77e6d400 ConcurrentGCThread "G1 Refine#0" [stack: 0x00000052ae900000,0x00000052aea00000] [id=1856]
  0x0000023a20759130 ConcurrentGCThread "G1 Refine#1" [stack: 0x00000052b0500000,0x00000052b0600000] [id=2480]
  0x0000023a2075aa80 ConcurrentGCThread "G1 Refine#2" [stack: 0x00000052b0600000,0x00000052b0700000] [id=26900]
  0x0000023a2075b2f0 ConcurrentGCThread "G1 Refine#3" [stack: 0x00000052b0700000,0x00000052b0800000] [id=13724]
  0x0000023a77e6dd10 ConcurrentGCThread "G1 Service" [stack: 0x00000052aea00000,0x00000052aeb00000] [id=23944]

Threads with active compile tasks:
C2 CompilerThread0    14673 16199       4       org.jetbrains.kotlin.resolve.calls.inference.components.ConstraintInjector::addSubTypeConstraintAndIncorporateIt (50 bytes)
C2 CompilerThread1    14673 16202       4       org.jetbrains.kotlin.resolve.calls.inference.components.NewTypeSubstitutor::substituteParametrizedType (444 bytes)
C2 CompilerThread2    14673 16106       4       org.jetbrains.kotlin.resolve.calls.inference.components.ConstraintInjector::processConstraintsIgnoringForksData (303 bytes)

VM state: not at safepoint (normal execution)

VM Mutex/Monitor currently owned by a thread: None

Heap address: 0x000000070a200000, size: 3934 MB, Compressed Oops mode: Zero based, Oop shift amount: 3

CDS archive(s) mapped at: [0x0000000800000000-0x0000000800ba0000-0x0000000800ba0000), size 12189696, SharedBaseAddress: 0x0000000800000000, ArchiveRelocationMode: 0.
Compressed class space mapped at: 0x0000000800c00000-0x0000000840c00000, reserved size: 1073741824
Narrow klass base: 0x0000000800000000, Narrow klass shift: 0, Narrow klass range: 0x100000000

GC Precious Log:
 CardTable entry size: 512
 Card Set container configuration: InlinePtr #cards 4 size 8 Array Of Cards #cards 16 size 48 Howl #buckets 8 coarsen threshold 3686 Howl Bitmap #cards 512 size 80 coarsen threshold 460 Card regions per heap region 1 cards per card region 4096
 CPUs: 12 total, 12 available
 Memory: 15733M
 Large Page Support: Disabled
 NUMA Support: Disabled
 Compressed Oops: Enabled (Zero based)
 Heap Region Size: 2M
 Heap Min Capacity: 8M
 Heap Initial Capacity: 246M
 Heap Max Capacity: 3934M
 Pre-touch: Disabled
 Parallel Workers: 10
 Concurrent Workers: 3
 Concurrent Refinement Workers: 10
 Periodic GC: Disabled

Heap:
 garbage-first heap   total 362496K, used 220288K [0x000000070a200000, 0x0000000800000000)
  region size 2048K, 34 young (69632K), 5 survivors (10240K)
 Metaspace       used 64238K, committed 65088K, reserved 1114112K
  class space    used 7157K, committed 7616K, reserved 1048576K

Heap Regions: E=young(eden), S=young(survivor), O=old, HS=humongous(starts), HC=humongous(continues), CS=collection set, F=free, OA=open archive, CA=closed archive, TAMS=top-at-mark-start (previous, next)
|   0|0x000000070a200000, 0x000000070a400000, 0x000000070a400000|100%|HS|  |TAMS 0x000000070a400000, 0x000000070a200000| Complete 
|   1|0x000000070a400000, 0x000000070a600000, 0x000000070a600000|100%|HC|  |TAMS 0x000000070a600000, 0x000000070a400000| Complete 
|   2|0x000000070a600000, 0x000000070a800000, 0x000000070a800000|100%|HS|  |TAMS 0x000000070a800000, 0x000000070a600000| Complete 
|   3|0x000000070a800000, 0x000000070aa00000, 0x000000070aa00000|100%|HC|  |TAMS 0x000000070aa00000, 0x000000070a800000| Complete 
|   4|0x000000070aa00000, 0x000000070ac00000, 0x000000070ac00000|100%| O|  |TAMS 0x000000070ac00000, 0x000000070aa00000| Untracked 
|   5|0x000000070ac00000, 0x000000070ae00000, 0x000000070ae00000|100%| O|  |TAMS 0x000000070ae00000, 0x000000070ac00000| Untracked 
|   6|0x000000070ae00000, 0x000000070b000000, 0x000000070b000000|100%| O|  |TAMS 0x000000070b000000, 0x000000070ae00000| Untracked 
|   7|0x000000070b000000, 0x000000070b200000, 0x000000070b200000|100%| O|  |TAMS 0x000000070b200000, 0x000000070b000000| Untracked 
|   8|0x000000070b200000, 0x000000070b400000, 0x000000070b400000|100%| O|  |TAMS 0x000000070b400000, 0x000000070b200000| Untracked 
|   9|0x000000070b400000, 0x000000070b600000, 0x000000070b600000|100%| O|  |TAMS 0x000000070b600000, 0x000000070b400000| Untracked 
|  10|0x000000070b600000, 0x000000070b800000, 0x000000070b800000|100%| O|  |TAMS 0x000000070b800000, 0x000000070b600000| Untracked 
|  11|0x000000070b800000, 0x000000070ba00000, 0x000000070ba00000|100%| O|  |TAMS 0x000000070ba00000, 0x000000070b800000| Untracked 
|  12|0x000000070ba00000, 0x000000070bc00000, 0x000000070bc00000|100%| O|  |TAMS 0x000000070bc00000, 0x000000070ba00000| Untracked 
|  13|0x000000070bc00000, 0x000000070be00000, 0x000000070be00000|100%| O|  |TAMS 0x000000070be00000, 0x000000070bc00000| Untracked 
|  14|0x000000070be00000, 0x000000070c000000, 0x000000070c000000|100%| O|  |TAMS 0x000000070c000000, 0x000000070be00000| Untracked 
|  15|0x000000070c000000, 0x000000070c200000, 0x000000070c200000|100%| O|  |TAMS 0x000000070c200000, 0x000000070c000000| Untracked 
|  16|0x000000070c200000, 0x000000070c400000, 0x000000070c400000|100%| O|  |TAMS 0x000000070c400000, 0x000000070c200000| Untracked 
|  17|0x000000070c400000, 0x000000070c600000, 0x000000070c600000|100%| O|  |TAMS 0x000000070c600000, 0x000000070c400000| Untracked 
|  18|0x000000070c600000, 0x000000070c800000, 0x000000070c800000|100%| O|  |TAMS 0x000000070c800000, 0x000000070c600000| Untracked 
|  19|0x000000070c800000, 0x000000070ca00000, 0x000000070ca00000|100%| O|  |TAMS 0x000000070ca00000, 0x000000070c800000| Untracked 
|  20|0x000000070ca00000, 0x000000070cc00000, 0x000000070cc00000|100%| O|  |TAMS 0x000000070cc00000, 0x000000070ca00000| Untracked 
|  21|0x000000070cc00000, 0x000000070ce00000, 0x000000070ce00000|100%|HS|  |TAMS 0x000000070ce00000, 0x000000070cc00000| Complete 
|  22|0x000000070ce00000, 0x000000070d000000, 0x000000070d000000|100%| O|  |TAMS 0x000000070d000000, 0x000000070ce00000| Untracked 
|  23|0x000000070d000000, 0x000000070d200000, 0x000000070d200000|100%| O|  |TAMS 0x000000070d200000, 0x000000070d000000| Untracked 
|  24|0x000000070d200000, 0x000000070d400000, 0x000000070d400000|100%| O|  |TAMS 0x000000070d400000, 0x000000070d200000| Untracked 
|  25|0x000000070d400000, 0x000000070d600000, 0x000000070d600000|100%| O|  |TAMS 0x000000070d600000, 0x000000070d400000| Untracked 
|  26|0x000000070d600000, 0x000000070d800000, 0x000000070d800000|100%| O|  |TAMS 0x000000070d800000, 0x000000070d600000| Untracked 
|  27|0x000000070d800000, 0x000000070da00000, 0x000000070da00000|100%| O|  |TAMS 0x000000070da00000, 0x000000070d800000| Untracked 
|  28|0x000000070da00000, 0x000000070dc00000, 0x000000070dc00000|100%| O|  |TAMS 0x000000070dc00000, 0x000000070da00000| Untracked 
|  29|0x000000070dc00000, 0x000000070de00000, 0x000000070de00000|100%|HS|  |TAMS 0x000000070de00000, 0x000000070dc00000| Complete 
|  30|0x000000070de00000, 0x000000070e000000, 0x000000070e000000|100%| O|  |TAMS 0x000000070e000000, 0x000000070de00000| Untracked 
|  31|0x000000070e000000, 0x000000070e200000, 0x000000070e200000|100%| O|  |TAMS 0x000000070e200000, 0x000000070e000000| Untracked 
|  32|0x000000070e200000, 0x000000070e400000, 0x000000070e400000|100%| O|  |TAMS 0x000000070e400000, 0x000000070e200000| Untracked 
|  33|0x000000070e400000, 0x000000070e600000, 0x000000070e600000|100%| O|  |TAMS 0x000000070e600000, 0x000000070e400000| Untracked 
|  34|0x000000070e600000, 0x000000070e800000, 0x000000070e800000|100%| O|  |TAMS 0x000000070e800000, 0x000000070e600000| Untracked 
|  35|0x000000070e800000, 0x000000070ea00000, 0x000000070ea00000|100%| O|  |TAMS 0x000000070ea00000, 0x000000070e800000| Untracked 
|  36|0x000000070ea00000, 0x000000070ec00000, 0x000000070ec00000|100%| O|  |TAMS 0x000000070ec00000, 0x000000070ea00000| Untracked 
|  37|0x000000070ec00000, 0x000000070ee00000, 0x000000070ee00000|100%| O|  |TAMS 0x000000070ee00000, 0x000000070ec00000| Untracked 
|  38|0x000000070ee00000, 0x000000070f000000, 0x000000070f000000|100%| O|  |TAMS 0x000000070f000000, 0x000000070ee00000| Untracked 
|  39|0x000000070f000000, 0x000000070f200000, 0x000000070f200000|100%| O|  |TAMS 0x000000070f200000, 0x000000070f000000| Untracked 
|  40|0x000000070f200000, 0x000000070f400000, 0x000000070f400000|100%| O|  |TAMS 0x000000070f400000, 0x000000070f200000| Untracked 
|  41|0x000000070f400000, 0x000000070f600000, 0x000000070f600000|100%| O|  |TAMS 0x000000070f600000, 0x000000070f400000| Untracked 
|  42|0x000000070f600000, 0x000000070f800000, 0x000000070f800000|100%| O|  |TAMS 0x000000070f800000, 0x000000070f600000| Untracked 
|  43|0x000000070f800000, 0x000000070f800000, 0x000000070fa00000|  0%| F|  |TAMS 0x000000070f800000, 0x000000070f800000| Untracked 
|  44|0x000000070fa00000, 0x000000070fc00000, 0x000000070fc00000|100%| O|  |TAMS 0x000000070fc00000, 0x000000070fa00000| Untracked 
|  45|0x000000070fc00000, 0x000000070fe00000, 0x000000070fe00000|100%| O|  |TAMS 0x000000070fe00000, 0x000000070fc00000| Untracked 
|  46|0x000000070fe00000, 0x0000000710000000, 0x0000000710000000|100%| O|  |TAMS 0x0000000710000000, 0x000000070fe00000| Untracked 
|  47|0x0000000710000000, 0x0000000710200000, 0x0000000710200000|100%| O|  |TAMS 0x0000000710200000, 0x0000000710000000| Untracked 
|  48|0x0000000710200000, 0x0000000710400000, 0x0000000710400000|100%| O|  |TAMS 0x0000000710400000, 0x0000000710200000| Untracked 
|  49|0x0000000710400000, 0x0000000710600000, 0x0000000710600000|100%| O|  |TAMS 0x0000000710600000, 0x0000000710400000| Untracked 
|  50|0x0000000710600000, 0x0000000710800000, 0x0000000710800000|100%| O|  |TAMS 0x0000000710800000, 0x0000000710600000| Untracked 
|  51|0x0000000710800000, 0x0000000710a00000, 0x0000000710a00000|100%| O|  |TAMS 0x0000000710a00000, 0x0000000710800000| Untracked 
|  52|0x0000000710a00000, 0x0000000710c00000, 0x0000000710c00000|100%| O|  |TAMS 0x0000000710c00000, 0x0000000710a00000| Untracked 
|  53|0x0000000710c00000, 0x0000000710e00000, 0x0000000710e00000|100%| O|  |TAMS 0x0000000710e00000, 0x0000000710c00000| Untracked 
|  54|0x0000000710e00000, 0x0000000711000000, 0x0000000711000000|100%| O|  |TAMS 0x0000000711000000, 0x0000000710e00000| Untracked 
|  55|0x0000000711000000, 0x0000000711200000, 0x0000000711200000|100%| O|  |TAMS 0x0000000711200000, 0x0000000711000000| Untracked 
|  56|0x0000000711200000, 0x0000000711400000, 0x0000000711400000|100%| O|  |TAMS 0x000000071130f400, 0x0000000711200000| Untracked 
|  57|0x0000000711400000, 0x0000000711600000, 0x0000000711600000|100%| O|  |TAMS 0x0000000711400000, 0x0000000711400000| Untracked 
|  58|0x0000000711600000, 0x0000000711800000, 0x0000000711800000|100%| O|  |TAMS 0x0000000711600000, 0x0000000711600000| Untracked 
|  59|0x0000000711800000, 0x0000000711a00000, 0x0000000711a00000|100%| O|  |TAMS 0x0000000711800000, 0x0000000711800000| Untracked 
|  60|0x0000000711a00000, 0x0000000711c00000, 0x0000000711c00000|100%| O|  |TAMS 0x0000000711a00000, 0x0000000711a00000| Untracked 
|  61|0x0000000711c00000, 0x0000000711e00000, 0x0000000711e00000|100%| O|  |TAMS 0x0000000711c00000, 0x0000000711c00000| Untracked 
|  62|0x0000000711e00000, 0x0000000712000000, 0x0000000712000000|100%| O|  |TAMS 0x0000000711e00000, 0x0000000711e00000| Untracked 
|  63|0x0000000712000000, 0x0000000712200000, 0x0000000712200000|100%| O|  |TAMS 0x0000000712000000, 0x0000000712000000| Untracked 
|  64|0x0000000712200000, 0x0000000712400000, 0x0000000712400000|100%| O|  |TAMS 0x0000000712200000, 0x0000000712200000| Untracked 
|  65|0x0000000712400000, 0x0000000712600000, 0x0000000712600000|100%| O|  |TAMS 0x0000000712400000, 0x0000000712400000| Untracked 
|  66|0x0000000712600000, 0x0000000712800000, 0x0000000712800000|100%| O|  |TAMS 0x0000000712600000, 0x0000000712600000| Untracked 
|  67|0x0000000712800000, 0x0000000712a00000, 0x0000000712a00000|100%| O|  |TAMS 0x0000000712800000, 0x0000000712800000| Untracked 
|  68|0x0000000712a00000, 0x0000000712c00000, 0x0000000712c00000|100%| O|  |TAMS 0x0000000712a00000, 0x0000000712a00000| Untracked 
|  69|0x0000000712c00000, 0x0000000712e00000, 0x0000000712e00000|100%| O|  |TAMS 0x0000000712c00000, 0x0000000712c00000| Untracked 
|  70|0x0000000712e00000, 0x0000000712f2c000, 0x0000000713000000| 58%| O|  |TAMS 0x0000000712e00000, 0x0000000712e00000| Untracked 
|  71|0x0000000713000000, 0x0000000713200000, 0x0000000713200000|100%|HS|  |TAMS 0x0000000713000000, 0x0000000713000000| Complete 
|  72|0x0000000713200000, 0x0000000713400000, 0x0000000713400000|100%|HC|  |TAMS 0x0000000713200000, 0x0000000713200000| Complete 
|  73|0x0000000713400000, 0x0000000713600000, 0x0000000713600000|100%|HC|  |TAMS 0x0000000713400000, 0x0000000713400000| Complete 
|  74|0x0000000713600000, 0x0000000713800000, 0x0000000713800000|100%|HC|  |TAMS 0x0000000713600000, 0x0000000713600000| Complete 
|  75|0x0000000713800000, 0x0000000713a00000, 0x0000000713a00000|100%|HC|  |TAMS 0x0000000713800000, 0x0000000713800000| Complete 
|  76|0x0000000713a00000, 0x0000000713a00000, 0x0000000713c00000|  0%| F|  |TAMS 0x0000000713a00000, 0x0000000713a00000| Untracked 
|  77|0x0000000713c00000, 0x0000000713c00000, 0x0000000713e00000|  0%| F|  |TAMS 0x0000000713c00000, 0x0000000713c00000| Untracked 
|  78|0x0000000713e00000, 0x0000000713e00000, 0x0000000714000000|  0%| F|  |TAMS 0x0000000713e00000, 0x0000000713e00000| Untracked 
|  79|0x0000000714000000, 0x0000000714000000, 0x0000000714200000|  0%| F|  |TAMS 0x0000000714000000, 0x0000000714000000| Untracked 
|  80|0x0000000714200000, 0x0000000714200000, 0x0000000714400000|  0%| F|  |TAMS 0x0000000714200000, 0x0000000714200000| Untracked 
|  81|0x0000000714400000, 0x0000000714400000, 0x0000000714600000|  0%| F|  |TAMS 0x0000000714400000, 0x0000000714400000| Untracked 
|  82|0x0000000714600000, 0x0000000714600000, 0x0000000714800000|  0%| F|  |TAMS 0x0000000714600000, 0x0000000714600000| Untracked 
|  83|0x0000000714800000, 0x0000000714800000, 0x0000000714a00000|  0%| F|  |TAMS 0x0000000714800000, 0x0000000714800000| Untracked 
|  84|0x0000000714a00000, 0x0000000714a00000, 0x0000000714c00000|  0%| F|  |TAMS 0x0000000714a00000, 0x0000000714a00000| Untracked 
|  85|0x0000000714c00000, 0x0000000714c00000, 0x0000000714e00000|  0%| F|  |TAMS 0x0000000714c00000, 0x0000000714c00000| Untracked 
|  86|0x0000000714e00000, 0x0000000714e00000, 0x0000000715000000|  0%| F|  |TAMS 0x0000000714e00000, 0x0000000714e00000| Untracked 
|  87|0x0000000715000000, 0x0000000715000000, 0x0000000715200000|  0%| F|  |TAMS 0x0000000715000000, 0x0000000715000000| Untracked 
|  88|0x0000000715200000, 0x0000000715200000, 0x0000000715400000|  0%| F|  |TAMS 0x0000000715200000, 0x0000000715200000| Untracked 
|  89|0x0000000715400000, 0x0000000715400000, 0x0000000715600000|  0%| F|  |TAMS 0x0000000715400000, 0x0000000715400000| Untracked 
|  90|0x0000000715600000, 0x0000000715600000, 0x0000000715800000|  0%| F|  |TAMS 0x0000000715600000, 0x0000000715600000| Untracked 
|  91|0x0000000715800000, 0x0000000715800000, 0x0000000715a00000|  0%| F|  |TAMS 0x0000000715800000, 0x0000000715800000| Untracked 
|  92|0x0000000715a00000, 0x0000000715a00000, 0x0000000715c00000|  0%| F|  |TAMS 0x0000000715a00000, 0x0000000715a00000| Untracked 
|  93|0x0000000715c00000, 0x0000000715c00000, 0x0000000715e00000|  0%| F|  |TAMS 0x0000000715c00000, 0x0000000715c00000| Untracked 
|  94|0x0000000715e00000, 0x0000000715e00000, 0x0000000716000000|  0%| F|  |TAMS 0x0000000715e00000, 0x0000000715e00000| Untracked 
|  95|0x0000000716000000, 0x0000000716000000, 0x0000000716200000|  0%| F|  |TAMS 0x0000000716000000, 0x0000000716000000| Untracked 
|  96|0x0000000716200000, 0x0000000716200000, 0x0000000716400000|  0%| F|  |TAMS 0x0000000716200000, 0x0000000716200000| Untracked 
|  97|0x0000000716400000, 0x0000000716400000, 0x0000000716600000|  0%| F|  |TAMS 0x0000000716400000, 0x0000000716400000| Untracked 
|  98|0x0000000716600000, 0x0000000716600000, 0x0000000716800000|  0%| F|  |TAMS 0x0000000716600000, 0x0000000716600000| Untracked 
|  99|0x0000000716800000, 0x0000000716800000, 0x0000000716a00000|  0%| F|  |TAMS 0x0000000716800000, 0x0000000716800000| Untracked 
| 100|0x0000000716a00000, 0x0000000716a00000, 0x0000000716c00000|  0%| F|  |TAMS 0x0000000716a00000, 0x0000000716a00000| Untracked 
| 101|0x0000000716c00000, 0x0000000716c00000, 0x0000000716e00000|  0%| F|  |TAMS 0x0000000716c00000, 0x0000000716c00000| Untracked 
| 102|0x0000000716e00000, 0x0000000716e00000, 0x0000000717000000|  0%| F|  |TAMS 0x0000000716e00000, 0x0000000716e00000| Untracked 
| 103|0x0000000717000000, 0x0000000717000000, 0x0000000717200000|  0%| F|  |TAMS 0x0000000717000000, 0x0000000717000000| Untracked 
| 104|0x0000000717200000, 0x0000000717200000, 0x0000000717400000|  0%| F|  |TAMS 0x0000000717200000, 0x0000000717200000| Untracked 
| 105|0x0000000717400000, 0x0000000717400000, 0x0000000717600000|  0%| F|  |TAMS 0x0000000717400000, 0x0000000717400000| Untracked 
| 106|0x0000000717600000, 0x0000000717600000, 0x0000000717800000|  0%| F|  |TAMS 0x0000000717600000, 0x0000000717600000| Untracked 
| 107|0x0000000717800000, 0x0000000717800000, 0x0000000717a00000|  0%| F|  |TAMS 0x0000000717800000, 0x0000000717800000| Untracked 
| 108|0x0000000717a00000, 0x0000000717a00000, 0x0000000717c00000|  0%| F|  |TAMS 0x0000000717a00000, 0x0000000717a00000| Untracked 
| 109|0x0000000717c00000, 0x0000000717c00000, 0x0000000717e00000|  0%| F|  |TAMS 0x0000000717c00000, 0x0000000717c00000| Untracked 
| 110|0x0000000717e00000, 0x0000000717ff4388, 0x0000000718000000| 97%| S|CS|TAMS 0x0000000717e00000, 0x0000000717e00000| Complete 
| 111|0x0000000718000000, 0x0000000718200000, 0x0000000718200000|100%| S|CS|TAMS 0x0000000718000000, 0x0000000718000000| Complete 
| 112|0x0000000718200000, 0x0000000718400000, 0x0000000718400000|100%| S|CS|TAMS 0x0000000718200000, 0x0000000718200000| Complete 
| 113|0x0000000718400000, 0x0000000718600000, 0x0000000718600000|100%| S|CS|TAMS 0x0000000718400000, 0x0000000718400000| Complete 
| 114|0x0000000718600000, 0x0000000718800000, 0x0000000718800000|100%| S|CS|TAMS 0x0000000718600000, 0x0000000718600000| Complete 
| 115|0x0000000718800000, 0x0000000718800000, 0x0000000718a00000|  0%| F|  |TAMS 0x0000000718800000, 0x0000000718800000| Untracked 
| 116|0x0000000718a00000, 0x0000000718a00000, 0x0000000718c00000|  0%| F|  |TAMS 0x0000000718a00000, 0x0000000718a00000| Untracked 
| 117|0x0000000718c00000, 0x0000000718c00000, 0x0000000718e00000|  0%| F|  |TAMS 0x0000000718c00000, 0x0000000718c00000| Untracked 
| 118|0x0000000718e00000, 0x0000000718e00000, 0x0000000719000000|  0%| F|  |TAMS 0x0000000718e00000, 0x0000000718e00000| Untracked 
| 119|0x0000000719000000, 0x0000000719000000, 0x0000000719200000|  0%| F|  |TAMS 0x0000000719000000, 0x0000000719000000| Untracked 
| 120|0x0000000719200000, 0x0000000719200000, 0x0000000719400000|  0%| F|  |TAMS 0x0000000719200000, 0x0000000719200000| Untracked 
| 121|0x0000000719400000, 0x0000000719400000, 0x0000000719600000|  0%| F|  |TAMS 0x0000000719400000, 0x0000000719400000| Untracked 
| 122|0x0000000719600000, 0x0000000719600000, 0x0000000719800000|  0%| F|  |TAMS 0x0000000719600000, 0x0000000719600000| Untracked 
| 123|0x0000000719800000, 0x0000000719800000, 0x0000000719a00000|  0%| F|  |TAMS 0x0000000719800000, 0x0000000719800000| Untracked 
| 124|0x0000000719a00000, 0x0000000719a00000, 0x0000000719c00000|  0%| F|  |TAMS 0x0000000719a00000, 0x0000000719a00000| Untracked 
| 125|0x0000000719c00000, 0x0000000719c00000, 0x0000000719e00000|  0%| F|  |TAMS 0x0000000719c00000, 0x0000000719c00000| Untracked 
| 126|0x0000000719e00000, 0x0000000719e00000, 0x000000071a000000|  0%| F|  |TAMS 0x0000000719e00000, 0x0000000719e00000| Untracked 
| 127|0x000000071a000000, 0x000000071a000000, 0x000000071a200000|  0%| F|  |TAMS 0x000000071a000000, 0x000000071a000000| Untracked 
| 128|0x000000071a200000, 0x000000071a200000, 0x000000071a400000|  0%| F|  |TAMS 0x000000071a200000, 0x000000071a200000| Untracked 
| 129|0x000000071a400000, 0x000000071a400000, 0x000000071a600000|  0%| F|  |TAMS 0x000000071a400000, 0x000000071a400000| Untracked 
| 130|0x000000071a600000, 0x000000071a600000, 0x000000071a800000|  0%| F|  |TAMS 0x000000071a600000, 0x000000071a600000| Untracked 
| 131|0x000000071a800000, 0x000000071a800000, 0x000000071aa00000|  0%| F|  |TAMS 0x000000071a800000, 0x000000071a800000| Untracked 
| 132|0x000000071aa00000, 0x000000071aa00000, 0x000000071ac00000|  0%| F|  |TAMS 0x000000071aa00000, 0x000000071aa00000| Untracked 
| 133|0x000000071ac00000, 0x000000071ac00000, 0x000000071ae00000|  0%| F|  |TAMS 0x000000071ac00000, 0x000000071ac00000| Untracked 
| 134|0x000000071ae00000, 0x000000071ae00000, 0x000000071b000000|  0%| F|  |TAMS 0x000000071ae00000, 0x000000071ae00000| Untracked 
| 135|0x000000071b000000, 0x000000071b000000, 0x000000071b200000|  0%| F|  |TAMS 0x000000071b000000, 0x000000071b000000| Untracked 
| 136|0x000000071b200000, 0x000000071b200000, 0x000000071b400000|  0%| F|  |TAMS 0x000000071b200000, 0x000000071b200000| Untracked 
| 137|0x000000071b400000, 0x000000071b400000, 0x000000071b600000|  0%| F|  |TAMS 0x000000071b400000, 0x000000071b400000| Untracked 
| 138|0x000000071b600000, 0x000000071b600000, 0x000000071b800000|  0%| F|  |TAMS 0x000000071b600000, 0x000000071b600000| Untracked 
| 139|0x000000071b800000, 0x000000071b800000, 0x000000071ba00000|  0%| F|  |TAMS 0x000000071b800000, 0x000000071b800000| Untracked 
| 140|0x000000071ba00000, 0x000000071ba00000, 0x000000071bc00000|  0%| F|  |TAMS 0x000000071ba00000, 0x000000071ba00000| Untracked 
| 141|0x000000071bc00000, 0x000000071bc00000, 0x000000071be00000|  0%| F|  |TAMS 0x000000071bc00000, 0x000000071bc00000| Untracked 
| 142|0x000000071be00000, 0x000000071be00000, 0x000000071c000000|  0%| F|  |TAMS 0x000000071be00000, 0x000000071be00000| Untracked 
| 143|0x000000071c000000, 0x000000071c000000, 0x000000071c200000|  0%| F|  |TAMS 0x000000071c000000, 0x000000071c000000| Untracked 
| 144|0x000000071c200000, 0x000000071c200000, 0x000000071c400000|  0%| F|  |TAMS 0x000000071c200000, 0x000000071c200000| Untracked 
| 145|0x000000071c400000, 0x000000071c400000, 0x000000071c600000|  0%| F|  |TAMS 0x000000071c400000, 0x000000071c400000| Untracked 
| 146|0x000000071c600000, 0x000000071c600000, 0x000000071c800000|  0%| F|  |TAMS 0x000000071c600000, 0x000000071c600000| Untracked 
| 147|0x000000071c800000, 0x000000071c800000, 0x000000071ca00000|  0%| F|  |TAMS 0x000000071c800000, 0x000000071c800000| Untracked 
| 148|0x000000071ca00000, 0x000000071cc00000, 0x000000071cc00000|100%| E|  |TAMS 0x000000071ca00000, 0x000000071ca00000| Complete 
| 149|0x000000071cc00000, 0x000000071ce00000, 0x000000071ce00000|100%| E|CS|TAMS 0x000000071cc00000, 0x000000071cc00000| Complete 
| 150|0x000000071ce00000, 0x000000071d000000, 0x000000071d000000|100%| E|CS|TAMS 0x000000071ce00000, 0x000000071ce00000| Complete 
| 151|0x000000071d000000, 0x000000071d200000, 0x000000071d200000|100%| E|CS|TAMS 0x000000071d000000, 0x000000071d000000| Complete 
| 152|0x000000071d200000, 0x000000071d400000, 0x000000071d400000|100%| E|CS|TAMS 0x000000071d200000, 0x000000071d200000| Complete 
| 153|0x000000071d400000, 0x000000071d600000, 0x000000071d600000|100%| E|CS|TAMS 0x000000071d400000, 0x000000071d400000| Complete 
| 154|0x000000071d600000, 0x000000071d800000, 0x000000071d800000|100%| E|CS|TAMS 0x000000071d600000, 0x000000071d600000| Complete 
| 155|0x000000071d800000, 0x000000071da00000, 0x000000071da00000|100%| E|CS|TAMS 0x000000071d800000, 0x000000071d800000| Complete 
| 156|0x000000071da00000, 0x000000071dc00000, 0x000000071dc00000|100%| E|CS|TAMS 0x000000071da00000, 0x000000071da00000| Complete 
| 157|0x000000071dc00000, 0x000000071de00000, 0x000000071de00000|100%| E|CS|TAMS 0x000000071dc00000, 0x000000071dc00000| Complete 
| 158|0x000000071de00000, 0x000000071e000000, 0x000000071e000000|100%| E|CS|TAMS 0x000000071de00000, 0x000000071de00000| Complete 
| 159|0x000000071e000000, 0x000000071e200000, 0x000000071e200000|100%| E|CS|TAMS 0x000000071e000000, 0x000000071e000000| Complete 
| 160|0x000000071e200000, 0x000000071e400000, 0x000000071e400000|100%| E|CS|TAMS 0x000000071e200000, 0x000000071e200000| Complete 
| 161|0x000000071e400000, 0x000000071e600000, 0x000000071e600000|100%| E|CS|TAMS 0x000000071e400000, 0x000000071e400000| Complete 
| 162|0x000000071e600000, 0x000000071e800000, 0x000000071e800000|100%| E|CS|TAMS 0x000000071e600000, 0x000000071e600000| Complete 
| 163|0x000000071e800000, 0x000000071ea00000, 0x000000071ea00000|100%| E|CS|TAMS 0x000000071e800000, 0x000000071e800000| Complete 
| 164|0x000000071ea00000, 0x000000071ec00000, 0x000000071ec00000|100%| E|CS|TAMS 0x000000071ea00000, 0x000000071ea00000| Complete 
| 165|0x000000071ec00000, 0x000000071ee00000, 0x000000071ee00000|100%| E|CS|TAMS 0x000000071ec00000, 0x000000071ec00000| Complete 
| 166|0x000000071ee00000, 0x000000071f000000, 0x000000071f000000|100%| E|CS|TAMS 0x000000071ee00000, 0x000000071ee00000| Complete 
| 167|0x000000071f000000, 0x000000071f200000, 0x000000071f200000|100%| E|CS|TAMS 0x000000071f000000, 0x000000071f000000| Complete 
| 168|0x000000071f200000, 0x000000071f400000, 0x000000071f400000|100%| E|CS|TAMS 0x000000071f200000, 0x000000071f200000| Complete 
| 169|0x000000071f400000, 0x000000071f600000, 0x000000071f600000|100%| E|CS|TAMS 0x000000071f400000, 0x000000071f400000| Complete 
| 170|0x000000071f600000, 0x000000071f800000, 0x000000071f800000|100%| E|CS|TAMS 0x000000071f600000, 0x000000071f600000| Complete 
| 171|0x000000071f800000, 0x000000071fa00000, 0x000000071fa00000|100%| E|CS|TAMS 0x000000071f800000, 0x000000071f800000| Complete 
| 172|0x000000071fa00000, 0x000000071fc00000, 0x000000071fc00000|100%| E|CS|TAMS 0x000000071fa00000, 0x000000071fa00000| Complete 
| 173|0x000000071fc00000, 0x000000071fe00000, 0x000000071fe00000|100%| E|CS|TAMS 0x000000071fc00000, 0x000000071fc00000| Complete 
| 174|0x000000071fe00000, 0x0000000720000000, 0x0000000720000000|100%| E|CS|TAMS 0x000000071fe00000, 0x000000071fe00000| Complete 
| 175|0x0000000720000000, 0x0000000720200000, 0x0000000720200000|100%| E|CS|TAMS 0x0000000720000000, 0x0000000720000000| Complete 
| 176|0x0000000720200000, 0x0000000720400000, 0x0000000720400000|100%| E|CS|TAMS 0x0000000720200000, 0x0000000720200000| Complete 

Card table byte_map: [0x0000023a0f7b0000,0x0000023a0ff60000] _byte_map_base: 0x0000023a0bf5f000

Marking Bits (Prev, Next): (CMBitMap*) 0x0000023a77e235d0, (CMBitMap*) 0x0000023a77e23610
 Prev Bits: [0x0000023a10710000, 0x0000023a14488000)
 Next Bits: [0x0000023a14490000, 0x0000023a18208000)

Polling page: 0x0000023a75d10000

Metaspace:

Usage:
  Non-class:     55.74 MB used.
      Class:      6.99 MB used.
       Both:     62.73 MB used.

Virtual space:
  Non-class space:       64.00 MB reserved,      56.12 MB ( 88%) committed,  1 nodes.
      Class space:        1.00 GB reserved,       7.44 MB ( <1%) committed,  1 nodes.
             Both:        1.06 GB reserved,      63.56 MB (  6%) committed. 

Chunk freelists:
   Non-Class:  3.08 MB
       Class:  622.00 KB
        Both:  3.69 MB

MaxMetaspaceSize: unlimited
CompressedClassSpaceSize: 1.00 GB
Initial GC threshold: 21.00 MB
Current GC threshold: 100.12 MB
CDS: on
MetaspaceReclaimPolicy: balanced
 - commit_granule_bytes: 65536.
 - commit_granule_words: 8192.
 - virtual_space_node_default_size: 8388608.
 - enlarge_chunks_in_place: 1.
 - new_chunks_are_fully_committed: 0.
 - uncommit_free_chunks: 1.
 - use_allocation_guard: 0.


Internal statistics:

num_allocs_failed_limit: 6.
num_arena_births: 1352.
num_arena_deaths: 0.
num_vsnodes_births: 2.
num_vsnodes_deaths: 0.
num_space_committed: 1015.
num_space_uncommitted: 0.
num_chunks_returned_to_freelist: 6.
num_chunks_taken_from_freelist: 3918.
num_chunk_merges: 6.
num_chunk_splits: 2876.
num_chunks_enlarged: 2181.
num_inconsistent_stats: 0.

CodeHeap 'non-profiled nmethods': size=120000Kb used=9808Kb max_used=9808Kb free=110192Kb
 bounds [0x0000023a07ad0000, 0x0000023a08470000, 0x0000023a0f000000]
CodeHeap 'profiled nmethods': size=120000Kb used=36578Kb max_used=36578Kb free=83421Kb
 bounds [0x0000023a005a0000, 0x0000023a02960000, 0x0000023a07ad0000]
CodeHeap 'non-nmethods': size=5760Kb used=1339Kb max_used=1417Kb free=4420Kb
 bounds [0x0000023a00000000, 0x0000023a00270000, 0x0000023a005a0000]
 total_blobs=13520 nmethods=12879 adapters=548
 compilation: enabled
              stopped_count=0, restarted_count=0
 full_count=0

Compilation events (20 events):
Event: 14.601 Thread 0x0000023a1a3a2580 16247       1       org.jetbrains.kotlin.resolve.calls.tower.KotlinResolutionCallbacksImpl$LambdaInfo::getReturnStatements (5 bytes)
Event: 14.601 Thread 0x0000023a1a3a2580 nmethod 16247 0x0000023a0845cb10 code [0x0000023a0845cca0, 0x0000023a0845cd78]
Event: 14.613 Thread 0x0000023a1a3a2580 16248       3       org.jetbrains.kotlin.serialization.deserialization.AnnotationAndConstantLoaderImpl::loadTypeAnnotations (138 bytes)
Event: 14.615 Thread 0x0000023a1a3a2580 nmethod 16248 0x0000023a0294b410 code [0x0000023a0294b8a0, 0x0000023a0294df28]
Event: 14.615 Thread 0x0000023a1a3a2580 16249       3       org.jetbrains.kotlin.builtins.KotlinBuiltIns::isBuiltIn (25 bytes)
Event: 14.615 Thread 0x0000023a1a3a2580 nmethod 16249 0x0000023a0294ec10 code [0x0000023a0294edc0, 0x0000023a0294efb8]
Event: 14.635 Thread 0x0000023a1a3a2580 16250       3       org.jetbrains.kotlin.load.kotlin.KotlinClassFinderKt::findKotlinClass (32 bytes)
Event: 14.636 Thread 0x0000023a1a3a2580 nmethod 16250 0x0000023a0294f090 code [0x0000023a0294f360, 0x0000023a02950248]
Event: 14.654 Thread 0x0000023a1a3a2580 16251       3       org.jetbrains.kotlin.psi.KtPsiUtil::deparenthesizeOnce (68 bytes)
Event: 14.655 Thread 0x0000023a1a3a2580 nmethod 16251 0x0000023a02950710 code [0x0000023a02950b40, 0x0000023a02953428]
Event: 14.655 Thread 0x0000023a1a3a2580 16252       3       kotlin.text.StringsKt__StringsKt::substringAfterLast$default (15 bytes)
Event: 14.656 Thread 0x0000023a1a3a2580 nmethod 16252 0x0000023a02953b90 code [0x0000023a02953d20, 0x0000023a02953e68]
Event: 14.656 Thread 0x0000023a1a3a2580 16253       3       org.jetbrains.kotlin.load.kotlin.JvmPackagePartSource::getSimpleName (31 bytes)
Event: 14.656 Thread 0x0000023a1a3a2580 nmethod 16253 0x0000023a02953f10 code [0x0000023a02954140, 0x0000023a02954758]
Event: 14.657 Thread 0x0000023a1a3a2580 16254       3       org.jetbrains.kotlin.com.google.common.collect.ImmutableMap::isEmpty (13 bytes)
Event: 14.657 Thread 0x0000023a1a3a2580 nmethod 16254 0x0000023a02954990 code [0x0000023a02954b40, 0x0000023a02954d68]
Event: 14.657 Thread 0x0000023a1a3a2580 16255       3       org.jetbrains.kotlin.com.google.common.collect.RegularImmutableBiMap::size (6 bytes)
Event: 14.658 Thread 0x0000023a1a3a2580 nmethod 16255 0x0000023a02954e10 code [0x0000023a02954fa0, 0x0000023a029550b8]
Event: 14.658 Thread 0x0000023a1a3a2580 16256       3       org.jetbrains.kotlin.builtins.KotlinBuiltIns::getLongType (17 bytes)
Event: 14.659 Thread 0x0000023a1a3a2580 nmethod 16256 0x0000023a02955190 code [0x0000023a029553a0, 0x0000023a02955908]

GC Heap History (20 events):
Event: 7.331 GC heap before
{Heap before GC invocations=23 (full 0):
 garbage-first heap   total 153600K, used 95888K [0x000000070a200000, 0x0000000800000000)
  region size 2048K, 3 young (6144K), 2 survivors (4096K)
 Metaspace       used 54767K, committed 55616K, reserved 1114112K
  class space    used 6291K, committed 6720K, reserved 1048576K
}
Event: 7.337 GC heap after
{Heap after GC invocations=24 (full 0):
 garbage-first heap   total 153600K, used 94156K [0x000000070a200000, 0x0000000800000000)
  region size 2048K, 1 young (2048K), 1 survivors (2048K)
 Metaspace       used 54767K, committed 55616K, reserved 1114112K
  class space    used 6291K, committed 6720K, reserved 1048576K
}
Event: 7.952 GC heap before
{Heap before GC invocations=24 (full 0):
 garbage-first heap   total 153600K, used 118732K [0x000000070a200000, 0x0000000800000000)
  region size 2048K, 13 young (26624K), 1 survivors (2048K)
 Metaspace       used 55304K, committed 56128K, reserved 1114112K
  class space    used 6292K, committed 6720K, reserved 1048576K
}
Event: 7.962 GC heap after
{Heap after GC invocations=25 (full 0):
 garbage-first heap   total 153600K, used 98650K [0x000000070a200000, 0x0000000800000000)
  region size 2048K, 2 young (4096K), 2 survivors (4096K)
 Metaspace       used 55304K, committed 56128K, reserved 1114112K
  class space    used 6292K, committed 6720K, reserved 1048576K
}
Event: 8.391 GC heap before
{Heap before GC invocations=26 (full 0):
 garbage-first heap   total 174080K, used 121178K [0x000000070a200000, 0x0000000800000000)
  region size 2048K, 13 young (26624K), 2 survivors (4096K)
 Metaspace       used 56170K, committed 56960K, reserved 1114112K
  class space    used 6370K, committed 6784K, reserved 1048576K
}
Event: 8.400 GC heap after
{Heap after GC invocations=27 (full 0):
 garbage-first heap   total 174080K, used 103530K [0x000000070a200000, 0x0000000800000000)
  region size 2048K, 2 young (4096K), 2 survivors (4096K)
 Metaspace       used 56170K, committed 56960K, reserved 1114112K
  class space    used 6370K, committed 6784K, reserved 1048576K
}
Event: 8.454 GC heap before
{Heap before GC invocations=27 (full 0):
 garbage-first heap   total 174080K, used 107626K [0x000000070a200000, 0x0000000800000000)
  region size 2048K, 4 young (8192K), 2 survivors (4096K)
 Metaspace       used 56842K, committed 57664K, reserved 1114112K
  class space    used 6475K, committed 6912K, reserved 1048576K
}
Event: 8.461 GC heap after
{Heap after GC invocations=28 (full 0):
 garbage-first heap   total 241664K, used 103952K [0x000000070a200000, 0x0000000800000000)
  region size 2048K, 1 young (2048K), 1 survivors (2048K)
 Metaspace       used 56842K, committed 57664K, reserved 1114112K
  class space    used 6475K, committed 6912K, reserved 1048576K
}
Event: 9.410 GC heap before
{Heap before GC invocations=28 (full 0):
 garbage-first heap   total 241664K, used 175632K [0x000000070a200000, 0x0000000800000000)
  region size 2048K, 36 young (73728K), 1 survivors (2048K)
 Metaspace       used 59868K, committed 60672K, reserved 1114112K
  class space    used 6891K, committed 7296K, reserved 1048576K
}
Event: 9.420 GC heap after
{Heap after GC invocations=29 (full 0):
 garbage-first heap   total 241664K, used 115072K [0x000000070a200000, 0x0000000800000000)
  region size 2048K, 5 young (10240K), 5 survivors (10240K)
 Metaspace       used 59868K, committed 60672K, reserved 1114112K
  class space    used 6891K, committed 7296K, reserved 1048576K
}
Event: 10.031 GC heap before
{Heap before GC invocations=29 (full 0):
 garbage-first heap   total 241664K, used 178560K [0x000000070a200000, 0x0000000800000000)
  region size 2048K, 36 young (73728K), 5 survivors (10240K)
 Metaspace       used 60234K, committed 60992K, reserved 1114112K
  class space    used 6896K, committed 7296K, reserved 1048576K
}
Event: 10.046 GC heap after
{Heap after GC invocations=30 (full 0):
 garbage-first heap   total 241664K, used 126013K [0x000000070a200000, 0x0000000800000000)
  region size 2048K, 5 young (10240K), 5 survivors (10240K)
 Metaspace       used 60234K, committed 60992K, reserved 1114112K
  class space    used 6896K, committed 7296K, reserved 1048576K
}
Event: 10.536 GC heap before
{Heap before GC invocations=30 (full 0):
 garbage-first heap   total 241664K, used 185405K [0x000000070a200000, 0x0000000800000000)
  region size 2048K, 34 young (69632K), 5 survivors (10240K)
 Metaspace       used 60588K, committed 61440K, reserved 1114112K
  class space    used 6917K, committed 7360K, reserved 1048576K
}
Event: 10.550 GC heap after
{Heap after GC invocations=31 (full 0):
 garbage-first heap   total 241664K, used 137164K [0x000000070a200000, 0x0000000800000000)
  region size 2048K, 5 young (10240K), 5 survivors (10240K)
 Metaspace       used 60588K, committed 61440K, reserved 1114112K
  class space    used 6917K, committed 7360K, reserved 1048576K
}
Event: 10.979 GC heap before
{Heap before GC invocations=32 (full 0):
 garbage-first heap   total 245760K, used 190412K [0x000000070a200000, 0x0000000800000000)
  region size 2048K, 31 young (63488K), 5 survivors (10240K)
 Metaspace       used 61041K, committed 61888K, reserved 1114112K
  class space    used 6967K, committed 7424K, reserved 1048576K
}
Event: 10.989 GC heap after
{Heap after GC invocations=33 (full 0):
 garbage-first heap   total 245760K, used 143315K [0x000000070a200000, 0x0000000800000000)
  region size 2048K, 3 young (6144K), 3 survivors (6144K)
 Metaspace       used 61041K, committed 61888K, reserved 1114112K
  class space    used 6967K, committed 7424K, reserved 1048576K
}
Event: 11.132 GC heap before
{Heap before GC invocations=33 (full 0):
 garbage-first heap   total 245760K, used 149459K [0x000000070a200000, 0x0000000800000000)
  region size 2048K, 6 young (12288K), 3 survivors (6144K)
 Metaspace       used 61159K, committed 62016K, reserved 1114112K
  class space    used 6969K, committed 7424K, reserved 1048576K
}
Event: 11.139 GC heap after
{Heap after GC invocations=34 (full 0):
 garbage-first heap   total 362496K, used 143901K [0x000000070a200000, 0x0000000800000000)
  region size 2048K, 1 young (2048K), 1 survivors (2048K)
 Metaspace       used 61159K, committed 62016K, reserved 1114112K
  class space    used 6969K, committed 7424K, reserved 1048576K
}
Event: 13.383 GC heap before
{Heap before GC invocations=34 (full 0):
 garbage-first heap   total 362496K, used 266781K [0x000000070a200000, 0x0000000800000000)
  region size 2048K, 62 young (126976K), 1 survivors (2048K)
 Metaspace       used 63529K, committed 64384K, reserved 1114112K
  class space    used 7146K, committed 7616K, reserved 1048576K
}
Event: 13.390 GC heap after
{Heap after GC invocations=35 (full 0):
 garbage-first heap   total 362496K, used 152704K [0x000000070a200000, 0x0000000800000000)
  region size 2048K, 5 young (10240K), 5 survivors (10240K)
 Metaspace       used 63529K, committed 64384K, reserved 1114112K
  class space    used 7146K, committed 7616K, reserved 1048576K
}

Deoptimization events (20 events):
Event: 14.635 Thread 0x0000023a77db5480 Uncommon trap: trap_request=0xffffff45 fr.pc=0x0000023a083a335c relative=0x00000000000000bc
Event: 14.635 Thread 0x0000023a77db5480 Uncommon trap: reason=unstable_if action=reinterpret pc=0x0000023a083a335c method=org.jetbrains.kotlin.util.capitalizeDecapitalize.CapitalizeDecapitalizeKt.isUpperCaseCharAt(Ljava/lang/String;IZ)Z @ 13 c2
Event: 14.635 Thread 0x0000023a77db5480 DEOPT PACKING pc=0x0000023a083a335c sp=0x00000052ae5f4870
Event: 14.635 Thread 0x0000023a77db5480 DEOPT UNPACKING pc=0x0000023a000523a3 sp=0x00000052ae5f47e8 mode 2
Event: 14.646 Thread 0x0000023a77db5480 Uncommon trap: trap_request=0xffffff45 fr.pc=0x0000023a08267bf8 relative=0x00000000000000d8
Event: 14.646 Thread 0x0000023a77db5480 Uncommon trap: reason=unstable_if action=reinterpret pc=0x0000023a08267bf8 method=org.jetbrains.kotlin.psi.KtPsiUtil.deparenthesizeOnce(Lorg/jetbrains/kotlin/psi/KtExpression;Z)Lorg/jetbrains/kotlin/psi/KtExpression; @ 55 c2
Event: 14.646 Thread 0x0000023a77db5480 DEOPT PACKING pc=0x0000023a08267bf8 sp=0x00000052ae5f7790
Event: 14.646 Thread 0x0000023a77db5480 DEOPT UNPACKING pc=0x0000023a000523a3 sp=0x00000052ae5f7720 mode 2
Event: 14.647 Thread 0x0000023a77db5480 Uncommon trap: trap_request=0xffffffde fr.pc=0x0000023a0814bc18 relative=0x0000000000000b18
Event: 14.647 Thread 0x0000023a77db5480 Uncommon trap: reason=class_check action=maybe_recompile pc=0x0000023a0814bc18 method=org.jetbrains.kotlin.resolve.OverridingUtil.determineModalityForFakeOverride(Ljava/util/Collection;Lorg/jetbrains/kotlin/descriptors/ClassDescriptor;)Lorg/jetbrains/kotl
Event: 14.647 Thread 0x0000023a77db5480 DEOPT PACKING pc=0x0000023a0814bc18 sp=0x00000052ae5f55b0
Event: 14.647 Thread 0x0000023a77db5480 DEOPT UNPACKING pc=0x0000023a000523a3 sp=0x00000052ae5f5560 mode 2
Event: 14.649 Thread 0x0000023a77db5480 Uncommon trap: trap_request=0xffffff45 fr.pc=0x0000023a08075118 relative=0x00000000000001d8
Event: 14.649 Thread 0x0000023a77db5480 Uncommon trap: reason=unstable_if action=reinterpret pc=0x0000023a08075118 method=org.jetbrains.kotlin.psi.KtPsiUtil.deparenthesizeOnce(Lorg/jetbrains/kotlin/psi/KtExpression;Z)Lorg/jetbrains/kotlin/psi/KtExpression; @ 55 c2
Event: 14.649 Thread 0x0000023a77db5480 DEOPT PACKING pc=0x0000023a08075118 sp=0x00000052ae5f64c0
Event: 14.649 Thread 0x0000023a77db5480 DEOPT UNPACKING pc=0x0000023a000523a3 sp=0x00000052ae5f6388 mode 2
Event: 14.653 Thread 0x0000023a77db5480 Uncommon trap: trap_request=0xffffffde fr.pc=0x0000023a0814bc18 relative=0x0000000000000b18
Event: 14.653 Thread 0x0000023a77db5480 Uncommon trap: reason=class_check action=maybe_recompile pc=0x0000023a0814bc18 method=org.jetbrains.kotlin.resolve.OverridingUtil.determineModalityForFakeOverride(Ljava/util/Collection;Lorg/jetbrains/kotlin/descriptors/ClassDescriptor;)Lorg/jetbrains/kotl
Event: 14.653 Thread 0x0000023a77db5480 DEOPT PACKING pc=0x0000023a0814bc18 sp=0x00000052ae5f0ab0
Event: 14.653 Thread 0x0000023a77db5480 DEOPT UNPACKING pc=0x0000023a000523a3 sp=0x00000052ae5f0a60 mode 2

Classes loaded (20 events):
Event: 4.333 Loading class java/util/stream/Nodes$SpinedNodeBuilder
Event: 4.333 Loading class java/util/stream/Node$Builder
Event: 4.333 Loading class java/util/stream/Node$Builder done
Event: 4.333 Loading class java/util/stream/SpinedBuffer
Event: 4.334 Loading class java/util/stream/AbstractSpinedBuffer
Event: 4.334 Loading class java/util/stream/AbstractSpinedBuffer done
Event: 4.334 Loading class java/util/stream/SpinedBuffer done
Event: 4.334 Loading class java/util/stream/Nodes$SpinedNodeBuilder done
Event: 4.840 Loading class java/util/RegularEnumSet$EnumSetIterator
Event: 4.840 Loading class java/util/RegularEnumSet$EnumSetIterator done
Event: 4.987 Loading class java/util/concurrent/locks/AbstractQueuedSynchronizer$Node
Event: 4.987 Loading class java/util/concurrent/locks/AbstractQueuedSynchronizer$Node done
Event: 8.498 Loading class jdk/internal/math/FDBigInteger
Event: 8.498 Loading class jdk/internal/math/FDBigInteger done
Event: 9.230 Loading class java/util/regex/Pattern$Bound
Event: 9.230 Loading class java/util/regex/Pattern$Bound done
Event: 9.230 Loading class java/util/regex/Pattern$NotBehind
Event: 9.230 Loading class java/util/regex/Pattern$NotBehind done
Event: 14.641 Loading class jdk/internal/math/FloatingDecimal$ASCIIToBinaryBuffer
Event: 14.641 Loading class jdk/internal/math/FloatingDecimal$ASCIIToBinaryBuffer done

Classes unloaded (0 events):
No events

Classes redefined (0 events):
No events

Internal exceptions (20 events):
Event: 6.558 Thread 0x0000023a77db5480 Implicit null exception at 0x0000023a07e8d3d3 to 0x0000023a07e8d47e
Event: 8.124 Thread 0x0000023a77db5480 Exception <a 'java/lang/NoSuchMethodError'{0x0000000715a0a2c0}: 'java.lang.Object java.lang.invoke.DirectMethodHandle$Holder.invokeSpecial(java.lang.Object, java.lang.Object, int, java.lang.Object, java.lang.Object)'> (0x0000000715a0a2c0) 
thrown [s\open\src\hotspot\share\interpreter\linkResolver.cpp, line 759]
Event: 8.212 Thread 0x0000023a77db5480 Exception <a 'java/lang/NoSuchMethodError'{0x000000071593f5a0}: 'java.lang.Object java.lang.invoke.DirectMethodHandle$Holder.invokeStaticInit(java.lang.Object, java.lang.Object, java.lang.Object)'> (0x000000071593f5a0) 
thrown [s\open\src\hotspot\share\interpreter\linkResolver.cpp, line 759]
Event: 8.216 Thread 0x0000023a77db5480 Exception <a 'java/lang/NoSuchMethodError'{0x000000071596fd60}: 'java.lang.Object java.lang.invoke.DirectMethodHandle$Holder.invokeStatic(java.lang.Object, int, java.lang.Object, java.lang.Object)'> (0x000000071596fd60) 
thrown [s\open\src\hotspot\share\interpreter\linkResolver.cpp, line 759]
Event: 8.217 Thread 0x0000023a77db5480 Exception <a 'java/lang/NoSuchMethodError'{0x0000000715978058}: 'java.lang.Object java.lang.invoke.DirectMethodHandle$Holder.newInvokeSpecial(java.lang.Object, int, java.lang.Object)'> (0x0000000715978058) 
thrown [s\open\src\hotspot\share\interpreter\linkResolver.cpp, line 759]
Event: 8.443 Thread 0x0000023a77db5480 Exception <a 'java/lang/NoSuchMethodError'{0x00000007161790f8}: 'int java.lang.invoke.DirectMethodHandle$Holder.invokeVirtual(java.lang.Object, java.lang.Object, java.lang.Object)'> (0x00000007161790f8) 
thrown [s\open\src\hotspot\share\interpreter\linkResolver.cpp, line 759]
Event: 8.486 Thread 0x0000023a77db5480 Exception <a 'java/lang/NoSuchMethodError'{0x0000000719742e20}: 'void java.lang.invoke.DirectMethodHandle$Holder.invokeSpecial(java.lang.Object, java.lang.Object, int, java.lang.Object)'> (0x0000000719742e20) 
thrown [s\open\src\hotspot\share\interpreter\linkResolver.cpp, line 759]
Event: 8.739 Thread 0x0000023a77db5480 Exception <a 'java/lang/IncompatibleClassChangeError'{0x0000000717b3ae98}: Found class java.lang.Object, but interface was expected> (0x0000000717b3ae98) 
thrown [s\open\src\hotspot\share\interpreter\linkResolver.cpp, line 826]
Event: 8.802 Thread 0x0000023a77db5480 Implicit null exception at 0x0000023a07af02d2 to 0x0000023a07af07dc
Event: 8.808 Thread 0x0000023a77db5480 Implicit null exception at 0x0000023a07ed44dd to 0x0000023a07ed4684
Event: 8.820 Thread 0x0000023a77db5480 Exception <a 'java/lang/NoSuchMethodError'{0x00000007179fa468}: 'java.lang.Object java.lang.invoke.DirectMethodHandle$Holder.invokeInterface(java.lang.Object, java.lang.Object, java.lang.Object)'> (0x00000007179fa468) 
thrown [s\open\src\hotspot\share\interpreter\linkResolver.cpp, line 759]
Event: 8.820 Thread 0x0000023a77db5480 Exception <a 'java/lang/IncompatibleClassChangeError'{0x00000007179fe078}: Found class java.lang.Object, but interface was expected> (0x00000007179fe078) 
thrown [s\open\src\hotspot\share\interpreter\linkResolver.cpp, line 826]
Event: 8.828 Thread 0x0000023a77db5480 Implicit null exception at 0x0000023a07af1ed2 to 0x0000023a07af23d0
Event: 9.162 Thread 0x0000023a77db5480 Exception <a 'java/lang/NoSuchMethodError'{0x0000000715c87580}: 'int java.lang.invoke.DirectMethodHandle$Holder.invokeStaticInit(java.lang.Object, int)'> (0x0000000715c87580) 
thrown [s\open\src\hotspot\share\interpreter\linkResolver.cpp, line 759]
Event: 10.362 Thread 0x0000023a77db5480 Implicit null exception at 0x0000023a07df96f3 to 0x0000023a07df979c
Event: 10.916 Thread 0x0000023a77db5480 Exception <a 'java/lang/NoSuchMethodError'{0x000000071755bc60}: 'java.lang.Object java.lang.invoke.Invokers$Holder.linkToTargetMethod(java.lang.Object, java.lang.Object, java.lang.Object, java.lang.Object, java.lang.Object, java.lang.Object, java.lang.Object)'> (0x000000071755bc60) 
thrown [s\open\src\hotspot\share\interpreter\linkResolver.cpp, line 759]
Event: 12.560 Thread 0x0000023a77db5480 Implicit null exception at 0x0000023a08189ee3 to 0x0000023a0818a9b0
Event: 12.950 Thread 0x0000023a77db5480 Implicit null exception at 0x0000023a07fefccc to 0x0000023a07fefeac
Event: 13.003 Thread 0x0000023a77db5480 Implicit null exception at 0x0000023a08179c85 to 0x0000023a0817c150
Event: 13.116 Thread 0x0000023a77db5480 Implicit null exception at 0x0000023a081d7f84 to 0x0000023a081d8730

VM Operations (20 events):
Event: 13.062 Executing VM operation: ICBufferFull
Event: 13.062 Executing VM operation: ICBufferFull done
Event: 13.279 Executing VM operation: ICBufferFull
Event: 13.279 Executing VM operation: ICBufferFull done
Event: 13.383 Executing VM operation: G1CollectForAllocation
Event: 13.390 Executing VM operation: G1CollectForAllocation done
Event: 13.601 Executing VM operation: ICBufferFull
Event: 13.602 Executing VM operation: ICBufferFull done
Event: 13.798 Executing VM operation: ICBufferFull
Event: 13.798 Executing VM operation: ICBufferFull done
Event: 13.944 Executing VM operation: ICBufferFull
Event: 13.944 Executing VM operation: ICBufferFull done
Event: 14.008 Executing VM operation: HandshakeAllThreads
Event: 14.008 Executing VM operation: HandshakeAllThreads done
Event: 14.078 Executing VM operation: ICBufferFull
Event: 14.078 Executing VM operation: ICBufferFull done
Event: 14.348 Executing VM operation: ICBufferFull
Event: 14.348 Executing VM operation: ICBufferFull done
Event: 14.636 Executing VM operation: ICBufferFull
Event: 14.637 Executing VM operation: ICBufferFull done

Events (20 events):
Event: 13.013 Thread 0x0000023a1a3a4f70 flushing nmethod 0x0000023a021add90
Event: 13.014 Thread 0x0000023a1a3a4f70 flushing nmethod 0x0000023a022d3a90
Event: 13.014 Thread 0x0000023a1a3a4f70 flushing nmethod 0x0000023a022d5390
Event: 13.014 Thread 0x0000023a1a3a4f70 flushing nmethod 0x0000023a022d6290
Event: 13.014 Thread 0x0000023a1a3a4f70 flushing nmethod 0x0000023a022e9990
Event: 13.014 Thread 0x0000023a1a3a4f70 flushing nmethod 0x0000023a0238e590
Event: 13.014 Thread 0x0000023a1a3a4f70 flushing nmethod 0x0000023a023c3a90
Event: 13.015 Thread 0x0000023a1a3a4f70 flushing nmethod 0x0000023a02548790
Event: 13.015 Thread 0x0000023a1a3a4f70 flushing nmethod 0x0000023a02566410
Event: 13.015 Thread 0x0000023a1a3a4f70 flushing nmethod 0x0000023a0266ae90
Event: 13.015 Thread 0x0000023a1a3a4f70 flushing nmethod 0x0000023a0266da90
Event: 13.015 Thread 0x0000023a1a3a4f70 flushing nmethod 0x0000023a0266f690
Event: 13.015 Thread 0x0000023a1a3a4f70 flushing nmethod 0x0000023a02671d90
Event: 14.014 Thread 0x0000023a1a3a4f70 flushing nmethod 0x0000023a00a28f10
Event: 14.017 Thread 0x0000023a1a3a4f70 flushing nmethod 0x0000023a00df0510
Event: 14.018 Thread 0x0000023a1a3a4f70 flushing nmethod 0x0000023a010c8e10
Event: 14.020 Thread 0x0000023a1a3a4f70 flushing nmethod 0x0000023a012b9d90
Event: 14.021 Thread 0x0000023a1a3a4f70 flushing nmethod 0x0000023a016a1610
Event: 14.024 Thread 0x0000023a1a3a4f70 flushing nmethod 0x0000023a01ae2610
Event: 14.026 Thread 0x0000023a1a3a4f70 flushing nmethod 0x0000023a01dc4910


Dynamic libraries:
0x00007ff6bc6b0000 - 0x00007ff6bc6be000 	C:\Users\HP\.jdks\openjdk-18.0.2\bin\java.exe
0x00007ffbd8630000 - 0x00007ffbd8825000 	C:\Windows\SYSTEM32\ntdll.dll
0x00007ffbd84b0000 - 0x00007ffbd856e000 	C:\Windows\System32\KERNEL32.DLL
0x00007ffbd5ea0000 - 0x00007ffbd6168000 	C:\Windows\System32\KERNELBASE.dll
0x00007ffbd6200000 - 0x00007ffbd6300000 	C:\Windows\System32\ucrtbase.dll
0x00007ffbccea0000 - 0x00007ffbcceb7000 	C:\Users\HP\.jdks\openjdk-18.0.2\bin\jli.dll
0x00007ffbc03d0000 - 0x00007ffbc03ea000 	C:\Users\HP\.jdks\openjdk-18.0.2\bin\VCRUNTIME140.dll
0x00007ffbd6680000 - 0x00007ffbd6821000 	C:\Windows\System32\USER32.dll
0x00007ffbd5e40000 - 0x00007ffbd5e62000 	C:\Windows\System32\win32u.dll
0x00007ffbd7ca0000 - 0x00007ffbd7ccb000 	C:\Windows\System32\GDI32.dll
0x00007ffbc19e0000 - 0x00007ffbc1c7a000 	C:\Windows\WinSxS\amd64_microsoft.windows.common-controls_6595b64144ccf1df_6.0.19041.1110_none_60b5254171f9507e\COMCTL32.dll
0x00007ffbd6510000 - 0x00007ffbd661b000 	C:\Windows\System32\gdi32full.dll
0x00007ffbd5da0000 - 0x00007ffbd5e3d000 	C:\Windows\System32\msvcp_win.dll
0x00007ffbd80d0000 - 0x00007ffbd816e000 	C:\Windows\System32\msvcrt.dll
0x00007ffbd7c70000 - 0x00007ffbd7ca0000 	C:\Windows\System32\IMM32.DLL
0x00007ffbc1010000 - 0x00007ffbc101c000 	C:\Users\HP\.jdks\openjdk-18.0.2\bin\vcruntime140_1.dll
0x00007ffba8440000 - 0x00007ffba84cd000 	C:\Users\HP\.jdks\openjdk-18.0.2\bin\msvcp140.dll
0x00007ffb7c8f0000 - 0x00007ffb7d501000 	C:\Users\HP\.jdks\openjdk-18.0.2\bin\server\jvm.dll
0x00007ffbd8400000 - 0x00007ffbd84ac000 	C:\Windows\System32\ADVAPI32.dll
0x00007ffbd8360000 - 0x00007ffbd83fb000 	C:\Windows\System32\sechost.dll
0x00007ffbd7d30000 - 0x00007ffbd7e5a000 	C:\Windows\System32\RPCRT4.dll
0x00007ffbd7c60000 - 0x00007ffbd7c68000 	C:\Windows\System32\PSAPI.DLL
0x00007ffbd1e70000 - 0x00007ffbd1e79000 	C:\Windows\SYSTEM32\WSOCK32.dll
0x00007ffbd7b40000 - 0x00007ffbd7bab000 	C:\Windows\System32\WS2_32.dll
0x00007ffbcb8a0000 - 0x00007ffbcb8c7000 	C:\Windows\SYSTEM32\WINMM.dll
0x00007ffbd33f0000 - 0x00007ffbd33fa000 	C:\Windows\SYSTEM32\VERSION.dll
0x00007ffbd45d0000 - 0x00007ffbd45e2000 	C:\Windows\SYSTEM32\kernel.appcore.dll
0x00007ffbc0fb0000 - 0x00007ffbc0fba000 	C:\Users\HP\.jdks\openjdk-18.0.2\bin\jimage.dll
0x00007ffbc3010000 - 0x00007ffbc31f4000 	C:\Windows\SYSTEM32\DBGHELP.DLL
0x00007ffbbee10000 - 0x00007ffbbee3c000 	C:\Windows\SYSTEM32\dbgcore.DLL
0x00007ffbd6170000 - 0x00007ffbd61f3000 	C:\Windows\System32\bcryptPrimitives.dll
0x00007ffbb8710000 - 0x00007ffbb8735000 	C:\Users\HP\.jdks\openjdk-18.0.2\bin\java.dll
0x00007ffba4b00000 - 0x00007ffba4bd6000 	C:\Users\HP\.jdks\openjdk-18.0.2\bin\jsvml.dll
0x00007ffbd6e20000 - 0x00007ffbd755f000 	C:\Windows\System32\SHELL32.dll
0x00007ffbd3e30000 - 0x00007ffbd45c0000 	C:\Windows\SYSTEM32\windows.storage.dll
0x00007ffbd6ac0000 - 0x00007ffbd6e15000 	C:\Windows\System32\combase.dll
0x00007ffbd57a0000 - 0x00007ffbd57ce000 	C:\Windows\SYSTEM32\Wldp.dll
0x00007ffbd7e60000 - 0x00007ffbd7f0d000 	C:\Windows\System32\SHCORE.dll
0x00007ffbd7cd0000 - 0x00007ffbd7d25000 	C:\Windows\System32\shlwapi.dll
0x00007ffbd5c90000 - 0x00007ffbd5caf000 	C:\Windows\SYSTEM32\profapi.dll
0x00007ffbbdeb0000 - 0x00007ffbbdec3000 	C:\Users\HP\.jdks\openjdk-18.0.2\bin\net.dll
0x00007ffbcbcf0000 - 0x00007ffbcbdfc000 	C:\Windows\SYSTEM32\WINHTTP.dll
0x00007ffbd5500000 - 0x00007ffbd556a000 	C:\Windows\system32\mswsock.dll
0x00007ffbb7090000 - 0x00007ffbb70a6000 	C:\Users\HP\.jdks\openjdk-18.0.2\bin\nio.dll
0x00007ffbbf5d0000 - 0x00007ffbbf5e8000 	C:\Users\HP\.jdks\openjdk-18.0.2\bin\zip.dll
0x00007ffbbe160000 - 0x00007ffbbe170000 	C:\Users\HP\.jdks\openjdk-18.0.2\bin\verify.dll

dbghelp: loaded successfully - version: 4.0.5 - missing functions: none
symbol engine: initialized successfully - sym options: 0x614 - pdb path: .;C:\Users\HP\.jdks\openjdk-18.0.2\bin;C:\Windows\SYSTEM32;C:\Windows\WinSxS\amd64_microsoft.windows.common-controls_6595b64144ccf1df_6.0.19041.1110_none_60b5254171f9507e;C:\Users\HP\.jdks\openjdk-18.0.2\bin\server

VM Arguments:
java_command: org.jetbrains.kotlin.cli.jvm.K2JVMCompiler @C:\Users\HP\AndroidStudioProjects\MusicApp\app\build\20230919_14405154334061058769.compiler.options
java_class_path (initial): C:\Users\HP\.gradle\caches\modules-2\files-2.1\org.jetbrains.kotlin\kotlin-compiler-embeddable\1.8.0\eb9118d4bcceaa2a94b2ae2a33a4ddba7c9a947f\kotlin-compiler-embeddable-1.8.0.jar;C:\Users\HP\.gradle\caches\modules-2\files-2.1\org.jetbrains.kotlin\kotlin-stdlib\1.8.0\1796921c7a3e2e2665a83e6c8d33399336cd39bc\kotlin-stdlib-1.8.0.jar;C:\Users\HP\.gradle\caches\modules-2\files-2.1\org.jetbrains.kotlin\kotlin-script-runtime\1.8.0\b2f7e760d283cb339974851c222a4c1d48f2d3d\kotlin-script-runtime-1.8.0.jar;C:\Users\HP\.gradle\caches\modules-2\files-2.1\org.jetbrains.kotlin\kotlin-reflect\1.6.10\1cbe9c92c12a94eea200d23c2bbaedaf3daf5132\kotlin-reflect-1.6.10.jar;C:\Users\HP\.gradle\caches\modules-2\files-2.1\org.jetbrains.kotlin\kotlin-daemon-embeddable\1.8.0\d255216c551685dc3a7e852b53617f5f01aaaa5c\kotlin-daemon-embeddable-1.8.0.jar;C:\Users\HP\.gradle\caches\modules-2\files-2.1\org.jetbrains.intellij.deps\trove4j\1.0.20200330\3afb14d5f9ceb459d724e907a21145e8ff394f02\trove4j-1.0.20200330.jar;C:\Users\HP\.gradle\caches\modules-2\files-2.1\net.java.dev.jna\jna\5.6.0\330f2244e9030119ab3030fc3fededc86713d9cc\jna-5.6.0.jar;C:\Users\HP\.gradle\caches\modules-2\files-2.1\org.jetbrains.kotlin\kotlin-stdlib-common\1.8.0\f7197e7cc76453ac59f8b0f8d5137cc600becd36\kotlin-stdlib-common-1.8.0.jar;C:\Users\HP\.gradle\caches\modules-2\files-2.1\org.jetbrains\annotations\13.0\919f0dfe192fb4e063e7dacadee7f8bb9a2672a9\annotations-13.0.jar
Launcher Type: SUN_STANDARD

[Global flags]
     intx CICompilerCount                          = 4                                         {product} {ergonomic}
     uint ConcGCThreads                            = 3                                         {product} {ergonomic}
     uint G1ConcRefinementThreads                  = 10                                        {product} {ergonomic}
   size_t G1HeapRegionSize                         = 2097152                                   {product} {ergonomic}
    uintx GCDrainStackTargetSize                   = 64                                        {product} {ergonomic}
   size_t InitialHeapSize                          = 257949696                                 {product} {ergonomic}
   size_t MarkStackSize                            = 4194304                                   {product} {ergonomic}
   size_t MaxHeapSize                              = 4125097984                                {product} {ergonomic}
   size_t MaxNewSize                               = 2474639360                                {product} {ergonomic}
   size_t MinHeapDeltaBytes                        = 2097152                                   {product} {ergonomic}
   size_t MinHeapSize                              = 8388608                                   {product} {ergonomic}
    uintx NonNMethodCodeHeapSize                   = 5839372                                {pd product} {ergonomic}
    uintx NonProfiledCodeHeapSize                  = 122909434                              {pd product} {ergonomic}
    uintx ProfiledCodeHeapSize                     = 122909434                              {pd product} {ergonomic}
    uintx ReservedCodeCacheSize                    = 251658240                              {pd product} {ergonomic}
     bool SegmentedCodeCache                       = true                                      {product} {ergonomic}
   size_t SoftMaxHeapSize                          = 4125097984                             {manageable} {ergonomic}
     bool UseCompressedClassPointers               = true                           {product lp64_product} {ergonomic}
     bool UseCompressedOops                        = true                           {product lp64_product} {ergonomic}
     bool UseG1GC                                  = true                                      {product} {ergonomic}
     bool UseLargePagesIndividualAllocation        = false                                  {pd product} {ergonomic}

Logging:
Log output configuration:
 #0: stdout all=warning uptime,level,tags foldmultilines=false
 #1: stderr all=off uptime,level,tags foldmultilines=false

Environment Variables:
JAVA_HOME=C:\Users\HP\.jdks\openjdk-19.0.2
PATH=C:\cygwin64\bin;C:\Program Files (x86)\Common Files\Intel\Shared Libraries\redist\intel64_win\compiler;C:\Program Files (x86)\Common Files\Intel\Shared Libraries\redist\intel64\compiler;C:\Program Files\Microsoft MPI\Bin\;C:\ProgramData\Oracle\Java\javapath;C:\Windows\system32;C:\Windows;C:\Windows\System32\Wbem;C:\Windows\System32\WindowsPowerShell\v1.0\;C:\Windows\System32\OpenSSH\;C:\Program Files\7-Zip;C:\Program Files (x86)\NVIDIA Corporation\PhysX\Common;C:\Program Files\Microsoft SQL Server\150\Tools\Binn\;C:\Program Files\Microsoft SQL Server\Client SDK\ODBC\170\Tools\Binn\;C:\Program Files\Git\cmd;C:\Program Files\dotnet\;C:\Program Files (x86)\Microsoft SQL Server\150\Tools\Binn\;C:\Program Files\Microsoft SQL Server\150\DTS\Binn\;C:\Program Files (x86)\Microsoft SQL Server\150\DTS\Binn\;C:\Program Files\nodejs\;C:\Users\HP\AppData\Local\Microsoft\WindowsApps;C:\Users\HP\AppData\Local\Programs\Microsoft VS Code\bin;C:\Users\HP\AppData\Local\GitHubDesktop\bin;C:\flutter\bin;C:\Users\HP\.dotnet\tools;C:\Program Files\Azure Data Studio\bin;C:\Users\HP\AppData\Roaming\npm;C:\Program Files\JetBrains\IntelliJ IDEA 2023.2.1\bin;;C:\Program Files\JetBrains\IntelliJ IDEA 2023.2.1\plugins\maven\lib\maven3\bin;C:\Users\HP\.jdks\openjdk-19.0.2\bin;
USERNAME=HP
OS=Windows_NT
PROCESSOR_IDENTIFIER=AMD64 Family 23 Model 96 Stepping 1, AuthenticAMD



---------------  S Y S T E M  ---------------

OS:
 Windows 10 , 64 bit Build 19041 (10.0.19041.1348)
OS uptime: 31 days 21:07 hours

CPU: total 12 (initial active 12) (12 cores per cpu, 2 threads per core) family 23 model 96 stepping 1 microcode 0x0, cx8, cmov, fxsr, ht, mmx, 3dnowpref, sse, sse2, sse3, ssse3, sse4a, sse4.1, sse4.2, popcnt, lzcnt, tsc, tscinvbit, avx, avx2, aes, clmul, bmi1, bmi2, adx, sha, fma, vzeroupper, clflush, clflushopt

Memory: 4k page, system-wide physical 15733M (786M free)
TotalPageFile size 18732M (AvailPageFile size 6M)
current process WorkingSet (physical memory assigned to process): 600M, peak: 600M
current process commit charge ("private bytes"): 656M, peak: 658M

vm_info: OpenJDK 64-Bit Server VM (18.0.2+9-61) for windows-amd64 JRE (18.0.2+9-61), built on Jun  7 2022 13:05:59 by "mach5one" with MS VC++ 16.8 / 16.9 (VS2019)

END.
