#
# There is insufficient memory for the Java Runtime Environment to continue.
# Native memory allocation (malloc) failed to allocate 1623264 bytes for Chunk::new
# Possible reasons:
#   The system is out of physical RAM or swap space
#   The process is running with CompressedOops enabled, and the Java Heap may be blocking the growth of the native heap
# Possible solutions:
#   Reduce memory load on the system
#   Increase physical memory or swap space
#   Check if swap backing store is full
#   Decrease Java heap size (-Xmx/-Xms)
#   Decrease number of Java threads
#   Decrease Java thread stack sizes (-Xss)
#   Set larger code cache with -XX:ReservedCodeCacheSize=
#   JVM is running with Zero Based Compressed Oops mode in which the Java heap is
#     placed in the first 32GB address space. The Java Heap base address is the
#     maximum limit for the native heap growth. Please use -XX:HeapBaseMinAddress
#     to set the Java Heap base and to place the Java Heap above 32GB virtual address.
# This output file may be truncated or incomplete.
#
#  Out of Memory Error (arena.cpp:184), pid=20260, tid=19332
#
# JRE version: OpenJDK Runtime Environment (18.0.2+9) (build 18.0.2+9-61)
# Java VM: OpenJDK 64-Bit Server VM (18.0.2+9-61, mixed mode, sharing, tiered, compressed oops, compressed class ptrs, g1 gc, windows-amd64)
# No core dump will be written. Minidumps are not enabled by default on client versions of Windows
#

---------------  S U M M A R Y ------------

Command Line: org.jetbrains.kotlin.cli.jvm.K2JVMCompiler @C:\Users\HP\AndroidStudioProjects\MusicApp\app\build\20230813_17853869493854407263.compiler.options

Host: AMD Ryzen 5 4600H with Radeon Graphics         , 12 cores, 15G,  Windows 10 , 64 bit Build 19041 (10.0.19041.1348)
Time: Sun Aug 13 14:36:22 2023  Windows 10 , 64 bit Build 19041 (10.0.19041.1348) elapsed time: 13.335357 seconds (0d 0h 0m 13s)

---------------  T H R E A D  ---------------

Current thread (0x000001e8444e4690):  JavaThread "C2 CompilerThread0" daemon [_thread_in_native, id=19332, stack(0x0000003e81e00000,0x0000003e81f00000)]


Current CompileTask:
C2:  13335 16965       4       org.jetbrains.kotlin.metadata.ProtoBuf$Function::writeTo (448 bytes)

Stack: [0x0000003e81e00000,0x0000003e81f00000]
Native frames: (J=compiled Java code, j=interpreted, Vv=VM code, C=native code)
V  [jvm.dll+0x6993ca]
V  [jvm.dll+0x7f481d]
V  [jvm.dll+0x7f612e]
V  [jvm.dll+0x7f67e3]
V  [jvm.dll+0x25cdaf]
V  [jvm.dll+0xb8c2f]
V  [jvm.dll+0xb8fa5]
V  [jvm.dll+0x3860cb]
V  [jvm.dll+0x34fd01]
V  [jvm.dll+0x34f19a]
V  [jvm.dll+0x22ff51]
V  [jvm.dll+0x22f321]
V  [jvm.dll+0x1ba01c]
V  [jvm.dll+0x23ec9a]
V  [jvm.dll+0x23cf85]
V  [jvm.dll+0x7a6e21]
V  [jvm.dll+0x7a125a]
V  [jvm.dll+0x698275]
C  [ucrtbase.dll+0x21bb2]
C  [KERNEL32.DLL+0x17034]
C  [ntdll.dll+0x52651]


---------------  P R O C E S S  ---------------

Threads class SMR info:
_java_thread_list=0x000001e8497fd2a0, length=14, elements={
0x000001e821820290, 0x000001e8444cb620, 0x000001e8444cc280, 0x000001e8444dd460,
0x000001e8444dee10, 0x000001e8444df7b0, 0x000001e8444e1160, 0x000001e8444e4690,
0x000001e8444e5070, 0x000001e8444e7a60, 0x000001e8488aff10, 0x000001e8488b6860,
0x000001e84893f230, 0x000001e84b302d10
}

Java Threads: ( => current thread )
  0x000001e821820290 JavaThread "main" [_thread_in_Java, id=9400, stack(0x0000003e81100000,0x0000003e81200000)]
  0x000001e8444cb620 JavaThread "Reference Handler" daemon [_thread_blocked, id=15280, stack(0x0000003e81800000,0x0000003e81900000)]
  0x000001e8444cc280 JavaThread "Finalizer" daemon [_thread_blocked, id=11676, stack(0x0000003e81900000,0x0000003e81a00000)]
  0x000001e8444dd460 JavaThread "Signal Dispatcher" daemon [_thread_blocked, id=19800, stack(0x0000003e81a00000,0x0000003e81b00000)]
  0x000001e8444dee10 JavaThread "Attach Listener" daemon [_thread_blocked, id=11476, stack(0x0000003e81b00000,0x0000003e81c00000)]
  0x000001e8444df7b0 JavaThread "Service Thread" daemon [_thread_blocked, id=16864, stack(0x0000003e81c00000,0x0000003e81d00000)]
  0x000001e8444e1160 JavaThread "Monitor Deflation Thread" daemon [_thread_blocked, id=10252, stack(0x0000003e81d00000,0x0000003e81e00000)]
=>0x000001e8444e4690 JavaThread "C2 CompilerThread0" daemon [_thread_in_native, id=19332, stack(0x0000003e81e00000,0x0000003e81f00000)]
  0x000001e8444e5070 JavaThread "C1 CompilerThread0" daemon [_thread_in_native, id=1704, stack(0x0000003e81f00000,0x0000003e82000000)]
  0x000001e8444e7a60 JavaThread "Sweeper thread" daemon [_thread_blocked, id=9392, stack(0x0000003e82000000,0x0000003e82100000)]
  0x000001e8488aff10 JavaThread "Notification Thread" daemon [_thread_blocked, id=8544, stack(0x0000003e82100000,0x0000003e82200000)]
  0x000001e8488b6860 JavaThread "Common-Cleaner" daemon [_thread_blocked, id=16624, stack(0x0000003e82300000,0x0000003e82400000)]
  0x000001e84893f230 JavaThread "C2 CompilerThread1" daemon [_thread_in_native, id=7104, stack(0x0000003e82400000,0x0000003e82500000)]
  0x000001e84b302d10 JavaThread "C2 CompilerThread2" daemon [_thread_in_native, id=3692, stack(0x0000003e83000000,0x0000003e83100000)]

Other Threads:
  0x000001e8218aba70 VMThread "VM Thread" [stack: 0x0000003e81700000,0x0000003e81800000] [id=20112]
  0x000001e8488b4e10 WatcherThread "VM Periodic Task Thread" [stack: 0x0000003e82200000,0x0000003e82300000] [id=16368]
  0x000001e82188deb0 WorkerThread "GC Thread#0" [stack: 0x0000003e81200000,0x0000003e81300000] [id=7788]
  0x000001e848d695d0 WorkerThread "GC Thread#1" [stack: 0x0000003e82500000,0x0000003e82600000] [id=1440]
  0x000001e848d00850 WorkerThread "GC Thread#2" [stack: 0x0000003e82600000,0x0000003e82700000] [id=19336]
  0x000001e848d00af0 WorkerThread "GC Thread#3" [stack: 0x0000003e82700000,0x0000003e82800000] [id=3996]
  0x000001e848ded3c0 WorkerThread "GC Thread#4" [stack: 0x0000003e82800000,0x0000003e82900000] [id=16672]
  0x000001e8492474d0 WorkerThread "GC Thread#5" [stack: 0x0000003e82900000,0x0000003e82a00000] [id=5012]
  0x000001e849247770 WorkerThread "GC Thread#6" [stack: 0x0000003e82a00000,0x0000003e82b00000] [id=14340]
  0x000001e8493dd1d0 WorkerThread "GC Thread#7" [stack: 0x0000003e82b00000,0x0000003e82c00000] [id=17164]
  0x000001e8493409b0 WorkerThread "GC Thread#8" [stack: 0x0000003e82c00000,0x0000003e82d00000] [id=14680]
  0x000001e849341190 WorkerThread "GC Thread#9" [stack: 0x0000003e82d00000,0x0000003e82e00000] [id=19732]
  0x000001e82189ffe0 ConcurrentGCThread "G1 Main Marker" [stack: 0x0000003e81300000,0x0000003e81400000] [id=6332]
  0x000001e8218a19e0 WorkerThread "G1 Conc#0" [stack: 0x0000003e81400000,0x0000003e81500000] [id=20184]
  0x000001e84933fc90 WorkerThread "G1 Conc#1" [stack: 0x0000003e82e00000,0x0000003e82f00000] [id=5376]
  0x000001e8493401d0 WorkerThread "G1 Conc#2" [stack: 0x0000003e82f00000,0x0000003e83000000] [id=3572]
  0x000001e84437f4f0 ConcurrentGCThread "G1 Refine#0" [stack: 0x0000003e81500000,0x0000003e81600000] [id=7428]
  0x000001e84b61dbb0 ConcurrentGCThread "G1 Refine#1" [stack: 0x0000003e83100000,0x0000003e83200000] [id=2128]
  0x000001e84b61f7d0 ConcurrentGCThread "G1 Refine#2" [stack: 0x0000003e83200000,0x0000003e83300000] [id=20764]
  0x000001e84b61d070 ConcurrentGCThread "G1 Refine#3" [stack: 0x0000003e83300000,0x0000003e83400000] [id=21356]
  0x000001e84b61d340 ConcurrentGCThread "G1 Refine#4" [stack: 0x0000003e83400000,0x0000003e83500000] [id=20272]
  0x000001e84b61d610 ConcurrentGCThread "G1 Refine#5" [stack: 0x0000003e83500000,0x0000003e83600000] [id=10132]
  0x000001e84b61e9c0 ConcurrentGCThread "G1 Refine#6" [stack: 0x0000003e83600000,0x0000003e83700000] [id=14460]
  0x000001e84b61f500 ConcurrentGCThread "G1 Refine#7" [stack: 0x0000003e83700000,0x0000003e83800000] [id=9240]
  0x000001e8491d8780 ConcurrentGCThread "G1 Refine#8" [stack: 0x0000003e83800000,0x0000003e83900000] [id=100]
  0x000001e8538ad2c0 ConcurrentGCThread "G1 Refine#9" [stack: 0x0000003e83900000,0x0000003e83a00000] [id=21448]
  0x000001e84437fbb0 ConcurrentGCThread "G1 Service" [stack: 0x0000003e81600000,0x0000003e81700000] [id=5184]

Threads with active compile tasks:
C2 CompilerThread0    13347 16965       4       org.jetbrains.kotlin.metadata.ProtoBuf$Function::writeTo (448 bytes)
C1 CompilerThread0    13347 17071       3       org.jetbrains.kotlin.load.java.components.JavaAnnotationTargetMapper::mapJavaRetentionArgument$descriptors_jvm (112 bytes)
C2 CompilerThread1    13347 17035       4       org.jetbrains.kotlin.builtins.FunctionTypesKt$isTypeOrSubtypeOf$2::beforeChildren (9 bytes)
C2 CompilerThread2    13347 16904       4       org.jetbrains.kotlin.codegen.coroutines.CoroutineCodegenUtilKt::createCustomCopy (209 bytes)

VM state: not at safepoint (normal execution)

VM Mutex/Monitor currently owned by a thread: None

Heap address: 0x000000070a200000, size: 3934 MB, Compressed Oops mode: Zero based, Oop shift amount: 3

CDS archive(s) mapped at: [0x0000000800000000-0x0000000800ba0000-0x0000000800ba0000), size 12189696, SharedBaseAddress: 0x0000000800000000, ArchiveRelocationMode: 0.
Compressed class space mapped at: 0x0000000800c00000-0x0000000840c00000, reserved size: 1073741824
Narrow klass base: 0x0000000800000000, Narrow klass shift: 0, Narrow klass range: 0x100000000

GC Precious Log:
 CardTable entry size: 512
 Card Set container configuration: InlinePtr #cards 4 size 8 Array Of Cards #cards 16 size 48 Howl #buckets 8 coarsen threshold 3686 Howl Bitmap #cards 512 size 80 coarsen threshold 460 Card regions per heap region 1 cards per card region 4096
 CPUs: 12 total, 12 available
 Memory: 15733M
 Large Page Support: Disabled
 NUMA Support: Disabled
 Compressed Oops: Enabled (Zero based)
 Heap Region Size: 2M
 Heap Min Capacity: 8M
 Heap Initial Capacity: 246M
 Heap Max Capacity: 3934M
 Pre-touch: Disabled
 Parallel Workers: 10
 Concurrent Workers: 3
 Concurrent Refinement Workers: 10
 Periodic GC: Disabled

Heap:
 garbage-first heap   total 368640K, used 219343K [0x000000070a200000, 0x0000000800000000)
  region size 2048K, 46 young (94208K), 9 survivors (18432K)
 Metaspace       used 69534K, committed 70336K, reserved 1114112K
  class space    used 7591K, committed 8000K, reserved 1048576K

Heap Regions: E=young(eden), S=young(survivor), O=old, HS=humongous(starts), HC=humongous(continues), CS=collection set, F=free, OA=open archive, CA=closed archive, TAMS=top-at-mark-start (previous, next)
|   0|0x000000070a200000, 0x000000070a400000, 0x000000070a400000|100%|HS|  |TAMS 0x000000070a400000, 0x000000070a200000| Complete 
|   1|0x000000070a400000, 0x000000070a600000, 0x000000070a600000|100%|HC|  |TAMS 0x000000070a600000, 0x000000070a400000| Complete 
|   2|0x000000070a600000, 0x000000070a800000, 0x000000070a800000|100%|HS|  |TAMS 0x000000070a800000, 0x000000070a600000| Complete 
|   3|0x000000070a800000, 0x000000070aa00000, 0x000000070aa00000|100%|HC|  |TAMS 0x000000070aa00000, 0x000000070a800000| Complete 
|   4|0x000000070aa00000, 0x000000070ac00000, 0x000000070ac00000|100%| O|  |TAMS 0x000000070ac00000, 0x000000070aa00000| Untracked 
|   5|0x000000070ac00000, 0x000000070ae00000, 0x000000070ae00000|100%| O|  |TAMS 0x000000070ae00000, 0x000000070ac00000| Untracked 
|   6|0x000000070ae00000, 0x000000070b000000, 0x000000070b000000|100%| O|  |TAMS 0x000000070b000000, 0x000000070ae00000| Untracked 
|   7|0x000000070b000000, 0x000000070b200000, 0x000000070b200000|100%| O|  |TAMS 0x000000070b200000, 0x000000070b000000| Untracked 
|   8|0x000000070b200000, 0x000000070b400000, 0x000000070b400000|100%| O|  |TAMS 0x000000070b400000, 0x000000070b200000| Untracked 
|   9|0x000000070b400000, 0x000000070b600000, 0x000000070b600000|100%| O|  |TAMS 0x000000070b600000, 0x000000070b400000| Untracked 
|  10|0x000000070b600000, 0x000000070b800000, 0x000000070b800000|100%| O|  |TAMS 0x000000070b800000, 0x000000070b600000| Untracked 
|  11|0x000000070b800000, 0x000000070ba00000, 0x000000070ba00000|100%| O|  |TAMS 0x000000070ba00000, 0x000000070b800000| Untracked 
|  12|0x000000070ba00000, 0x000000070bc00000, 0x000000070bc00000|100%| O|  |TAMS 0x000000070bc00000, 0x000000070ba00000| Untracked 
|  13|0x000000070bc00000, 0x000000070be00000, 0x000000070be00000|100%| O|  |TAMS 0x000000070be00000, 0x000000070bc00000| Untracked 
|  14|0x000000070be00000, 0x000000070be00000, 0x000000070c000000|  0%| F|  |TAMS 0x000000070be00000, 0x000000070be00000| Untracked 
|  15|0x000000070c000000, 0x000000070c200000, 0x000000070c200000|100%| O|  |TAMS 0x000000070c200000, 0x000000070c000000| Untracked 
|  16|0x000000070c200000, 0x000000070c400000, 0x000000070c400000|100%| O|  |TAMS 0x000000070c400000, 0x000000070c200000| Untracked 
|  17|0x000000070c400000, 0x000000070c600000, 0x000000070c600000|100%| O|  |TAMS 0x000000070c600000, 0x000000070c400000| Untracked 
|  18|0x000000070c600000, 0x000000070c800000, 0x000000070c800000|100%| O|  |TAMS 0x000000070c800000, 0x000000070c600000| Untracked 
|  19|0x000000070c800000, 0x000000070ca00000, 0x000000070ca00000|100%| O|  |TAMS 0x000000070ca00000, 0x000000070c800000| Untracked 
|  20|0x000000070ca00000, 0x000000070cc00000, 0x000000070cc00000|100%|HS|  |TAMS 0x000000070cc00000, 0x000000070ca00000| Complete 
|  21|0x000000070cc00000, 0x000000070ce00000, 0x000000070ce00000|100%| O|  |TAMS 0x000000070ce00000, 0x000000070cc00000| Untracked 
|  22|0x000000070ce00000, 0x000000070d000000, 0x000000070d000000|100%| O|  |TAMS 0x000000070d000000, 0x000000070ce00000| Untracked 
|  23|0x000000070d000000, 0x000000070d200000, 0x000000070d200000|100%| O|  |TAMS 0x000000070d200000, 0x000000070d000000| Untracked 
|  24|0x000000070d200000, 0x000000070d400000, 0x000000070d400000|100%| O|  |TAMS 0x000000070d400000, 0x000000070d200000| Untracked 
|  25|0x000000070d400000, 0x000000070d600000, 0x000000070d600000|100%| O|  |TAMS 0x000000070d600000, 0x000000070d400000| Untracked 
|  26|0x000000070d600000, 0x000000070d800000, 0x000000070d800000|100%| O|  |TAMS 0x000000070d800000, 0x000000070d600000| Untracked 
|  27|0x000000070d800000, 0x000000070da00000, 0x000000070da00000|100%| O|  |TAMS 0x000000070da00000, 0x000000070d800000| Untracked 
|  28|0x000000070da00000, 0x000000070dc00000, 0x000000070dc00000|100%| O|  |TAMS 0x000000070dc00000, 0x000000070da00000| Untracked 
|  29|0x000000070dc00000, 0x000000070de00000, 0x000000070de00000|100%| O|  |TAMS 0x000000070de00000, 0x000000070dc00000| Untracked 
|  30|0x000000070de00000, 0x000000070e000000, 0x000000070e000000|100%| O|  |TAMS 0x000000070e000000, 0x000000070de00000| Untracked 
|  31|0x000000070e000000, 0x000000070e200000, 0x000000070e200000|100%|HS|  |TAMS 0x000000070e200000, 0x000000070e000000| Complete 
|  32|0x000000070e200000, 0x000000070e400000, 0x000000070e400000|100%| O|  |TAMS 0x000000070e400000, 0x000000070e200000| Untracked 
|  33|0x000000070e400000, 0x000000070e600000, 0x000000070e600000|100%| O|  |TAMS 0x000000070e600000, 0x000000070e400000| Untracked 
|  34|0x000000070e600000, 0x000000070e800000, 0x000000070e800000|100%| O|  |TAMS 0x000000070e800000, 0x000000070e600000| Untracked 
|  35|0x000000070e800000, 0x000000070ea00000, 0x000000070ea00000|100%| O|  |TAMS 0x000000070ea00000, 0x000000070e800000| Untracked 
|  36|0x000000070ea00000, 0x000000070ec00000, 0x000000070ec00000|100%| O|  |TAMS 0x000000070ec00000, 0x000000070ea00000| Untracked 
|  37|0x000000070ec00000, 0x000000070ee00000, 0x000000070ee00000|100%| O|  |TAMS 0x000000070ee00000, 0x000000070ec00000| Untracked 
|  38|0x000000070ee00000, 0x000000070f000000, 0x000000070f000000|100%| O|  |TAMS 0x000000070f000000, 0x000000070ee00000| Untracked 
|  39|0x000000070f000000, 0x000000070f200000, 0x000000070f200000|100%| O|  |TAMS 0x000000070f200000, 0x000000070f000000| Untracked 
|  40|0x000000070f200000, 0x000000070f400000, 0x000000070f400000|100%| O|  |TAMS 0x000000070f400000, 0x000000070f200000| Untracked 
|  41|0x000000070f400000, 0x000000070f600000, 0x000000070f600000|100%| O|  |TAMS 0x000000070f600000, 0x000000070f400000| Untracked 
|  42|0x000000070f600000, 0x000000070f800000, 0x000000070f800000|100%| O|  |TAMS 0x000000070f800000, 0x000000070f600000| Untracked 
|  43|0x000000070f800000, 0x000000070fa00000, 0x000000070fa00000|100%| O|  |TAMS 0x000000070f9a1000, 0x000000070f800000| Untracked 
|  44|0x000000070fa00000, 0x000000070fc00000, 0x000000070fc00000|100%| O|  |TAMS 0x000000070fa00000, 0x000000070fa00000| Untracked 
|  45|0x000000070fc00000, 0x000000070fe00000, 0x000000070fe00000|100%| O|  |TAMS 0x000000070fc00000, 0x000000070fc00000| Untracked 
|  46|0x000000070fe00000, 0x0000000710000000, 0x0000000710000000|100%| O|  |TAMS 0x000000070fe00000, 0x000000070fe00000| Untracked 
|  47|0x0000000710000000, 0x0000000710200000, 0x0000000710200000|100%| O|  |TAMS 0x0000000710000000, 0x0000000710000000| Untracked 
|  48|0x0000000710200000, 0x0000000710400000, 0x0000000710400000|100%| O|  |TAMS 0x0000000710200000, 0x0000000710200000| Untracked 
|  49|0x0000000710400000, 0x0000000710600000, 0x0000000710600000|100%| O|  |TAMS 0x0000000710400000, 0x0000000710400000| Untracked 
|  50|0x0000000710600000, 0x0000000710800000, 0x0000000710800000|100%| O|  |TAMS 0x0000000710600000, 0x0000000710600000| Untracked 
|  51|0x0000000710800000, 0x0000000710a00000, 0x0000000710a00000|100%| O|  |TAMS 0x0000000710800000, 0x0000000710800000| Untracked 
|  52|0x0000000710a00000, 0x0000000710c00000, 0x0000000710c00000|100%| O|  |TAMS 0x0000000710a00000, 0x0000000710a00000| Untracked 
|  53|0x0000000710c00000, 0x0000000710e00000, 0x0000000710e00000|100%| O|  |TAMS 0x0000000710c00000, 0x0000000710c00000| Untracked 
|  54|0x0000000710e00000, 0x0000000711000000, 0x0000000711000000|100%| O|  |TAMS 0x0000000710e00000, 0x0000000710e00000| Untracked 
|  55|0x0000000711000000, 0x0000000711200000, 0x0000000711200000|100%| O|  |TAMS 0x0000000711000000, 0x0000000711000000| Untracked 
|  56|0x0000000711200000, 0x0000000711400000, 0x0000000711400000|100%| O|  |TAMS 0x0000000711200000, 0x0000000711200000| Untracked 
|  57|0x0000000711400000, 0x0000000711600000, 0x0000000711600000|100%| O|  |TAMS 0x0000000711400000, 0x0000000711400000| Untracked 
|  58|0x0000000711600000, 0x0000000711800000, 0x0000000711800000|100%| O|  |TAMS 0x0000000711600000, 0x0000000711600000| Untracked 
|  59|0x0000000711800000, 0x0000000711a00000, 0x0000000711a00000|100%| O|  |TAMS 0x0000000711800000, 0x0000000711800000| Untracked 
|  60|0x0000000711a00000, 0x0000000711c00000, 0x0000000711c00000|100%| O|  |TAMS 0x0000000711a00000, 0x0000000711a00000| Untracked 
|  61|0x0000000711c00000, 0x0000000711e00000, 0x0000000711e00000|100%| O|  |TAMS 0x0000000711c00000, 0x0000000711c00000| Untracked 
|  62|0x0000000711e00000, 0x0000000712000000, 0x0000000712000000|100%| O|  |TAMS 0x0000000711e00000, 0x0000000711e00000| Untracked 
|  63|0x0000000712000000, 0x0000000712035000, 0x0000000712200000| 10%| O|  |TAMS 0x0000000712000000, 0x0000000712000000| Untracked 
|  64|0x0000000712200000, 0x0000000712200000, 0x0000000712400000|  0%| F|  |TAMS 0x0000000712200000, 0x0000000712200000| Untracked 
|  65|0x0000000712400000, 0x0000000712400000, 0x0000000712600000|  0%| F|  |TAMS 0x0000000712400000, 0x0000000712400000| Untracked 
|  66|0x0000000712600000, 0x0000000712600000, 0x0000000712800000|  0%| F|  |TAMS 0x0000000712600000, 0x0000000712600000| Untracked 
|  67|0x0000000712800000, 0x0000000712800000, 0x0000000712a00000|  0%| F|  |TAMS 0x0000000712800000, 0x0000000712800000| Untracked 
|  68|0x0000000712a00000, 0x0000000712a00000, 0x0000000712c00000|  0%| F|  |TAMS 0x0000000712a00000, 0x0000000712a00000| Untracked 
|  69|0x0000000712c00000, 0x0000000712c00000, 0x0000000712e00000|  0%| F|  |TAMS 0x0000000712c00000, 0x0000000712c00000| Untracked 
|  70|0x0000000712e00000, 0x0000000712e00000, 0x0000000713000000|  0%| F|  |TAMS 0x0000000712e00000, 0x0000000712e00000| Untracked 
|  71|0x0000000713000000, 0x0000000713000000, 0x0000000713200000|  0%| F|  |TAMS 0x0000000713000000, 0x0000000713000000| Untracked 
|  72|0x0000000713200000, 0x0000000713200000, 0x0000000713400000|  0%| F|  |TAMS 0x0000000713200000, 0x0000000713200000| Untracked 
|  73|0x0000000713400000, 0x0000000713400000, 0x0000000713600000|  0%| F|  |TAMS 0x0000000713400000, 0x0000000713400000| Untracked 
|  74|0x0000000713600000, 0x0000000713600000, 0x0000000713800000|  0%| F|  |TAMS 0x0000000713600000, 0x0000000713600000| Untracked 
|  75|0x0000000713800000, 0x0000000713800000, 0x0000000713a00000|  0%| F|  |TAMS 0x0000000713800000, 0x0000000713800000| Untracked 
|  76|0x0000000713a00000, 0x0000000713a00000, 0x0000000713c00000|  0%| F|  |TAMS 0x0000000713a00000, 0x0000000713a00000| Untracked 
|  77|0x0000000713c00000, 0x0000000713c00000, 0x0000000713e00000|  0%| F|  |TAMS 0x0000000713c00000, 0x0000000713c00000| Untracked 
|  78|0x0000000713e00000, 0x0000000713e00000, 0x0000000714000000|  0%| F|  |TAMS 0x0000000713e00000, 0x0000000713e00000| Untracked 
|  79|0x0000000714000000, 0x0000000714000000, 0x0000000714200000|  0%| F|  |TAMS 0x0000000714000000, 0x0000000714000000| Untracked 
|  80|0x0000000714200000, 0x0000000714200000, 0x0000000714400000|  0%| F|  |TAMS 0x0000000714200000, 0x0000000714200000| Untracked 
|  81|0x0000000714400000, 0x0000000714400000, 0x0000000714600000|  0%| F|  |TAMS 0x0000000714400000, 0x0000000714400000| Untracked 
|  82|0x0000000714600000, 0x0000000714600000, 0x0000000714800000|  0%| F|  |TAMS 0x0000000714600000, 0x0000000714600000| Untracked 
|  83|0x0000000714800000, 0x0000000714800000, 0x0000000714a00000|  0%| F|  |TAMS 0x0000000714800000, 0x0000000714800000| Untracked 
|  84|0x0000000714a00000, 0x0000000714a00000, 0x0000000714c00000|  0%| F|  |TAMS 0x0000000714a00000, 0x0000000714a00000| Untracked 
|  85|0x0000000714c00000, 0x0000000714c00000, 0x0000000714e00000|  0%| F|  |TAMS 0x0000000714c00000, 0x0000000714c00000| Untracked 
|  86|0x0000000714e00000, 0x0000000714e00000, 0x0000000715000000|  0%| F|  |TAMS 0x0000000714e00000, 0x0000000714e00000| Untracked 
|  87|0x0000000715000000, 0x0000000715000000, 0x0000000715200000|  0%| F|  |TAMS 0x0000000715000000, 0x0000000715000000| Untracked 
|  88|0x0000000715200000, 0x0000000715200000, 0x0000000715400000|  0%| F|  |TAMS 0x0000000715200000, 0x0000000715200000| Untracked 
|  89|0x0000000715400000, 0x0000000715400000, 0x0000000715600000|  0%| F|  |TAMS 0x0000000715400000, 0x0000000715400000| Untracked 
|  90|0x0000000715600000, 0x0000000715600000, 0x0000000715800000|  0%| F|  |TAMS 0x0000000715600000, 0x0000000715600000| Untracked 
|  91|0x0000000715800000, 0x0000000715800000, 0x0000000715a00000|  0%| F|  |TAMS 0x0000000715800000, 0x0000000715800000| Untracked 
|  92|0x0000000715a00000, 0x0000000715a00000, 0x0000000715c00000|  0%| F|  |TAMS 0x0000000715a00000, 0x0000000715a00000| Untracked 
|  93|0x0000000715c00000, 0x0000000715c00000, 0x0000000715e00000|  0%| F|  |TAMS 0x0000000715c00000, 0x0000000715c00000| Untracked 
|  94|0x0000000715e00000, 0x0000000715e00000, 0x0000000716000000|  0%| F|  |TAMS 0x0000000715e00000, 0x0000000715e00000| Untracked 
|  95|0x0000000716000000, 0x0000000716000000, 0x0000000716200000|  0%| F|  |TAMS 0x0000000716000000, 0x0000000716000000| Untracked 
|  96|0x0000000716200000, 0x0000000716200000, 0x0000000716400000|  0%| F|  |TAMS 0x0000000716200000, 0x0000000716200000| Untracked 
|  97|0x0000000716400000, 0x0000000716400000, 0x0000000716600000|  0%| F|  |TAMS 0x0000000716400000, 0x0000000716400000| Untracked 
|  98|0x0000000716600000, 0x0000000716600000, 0x0000000716800000|  0%| F|  |TAMS 0x0000000716600000, 0x0000000716600000| Untracked 
|  99|0x0000000716800000, 0x0000000716800000, 0x0000000716a00000|  0%| F|  |TAMS 0x0000000716800000, 0x0000000716800000| Untracked 
| 100|0x0000000716a00000, 0x0000000716a00000, 0x0000000716c00000|  0%| F|  |TAMS 0x0000000716a00000, 0x0000000716a00000| Untracked 
| 101|0x0000000716c00000, 0x0000000716c00000, 0x0000000716e00000|  0%| F|  |TAMS 0x0000000716c00000, 0x0000000716c00000| Untracked 
| 102|0x0000000716e00000, 0x0000000716e00000, 0x0000000717000000|  0%| F|  |TAMS 0x0000000716e00000, 0x0000000716e00000| Untracked 
| 103|0x0000000717000000, 0x0000000717000000, 0x0000000717200000|  0%| F|  |TAMS 0x0000000717000000, 0x0000000717000000| Untracked 
| 104|0x0000000717200000, 0x00000007173fecb0, 0x0000000717400000| 99%| S|CS|TAMS 0x0000000717200000, 0x0000000717200000| Complete 
| 105|0x0000000717400000, 0x0000000717600000, 0x0000000717600000|100%| S|CS|TAMS 0x0000000717400000, 0x0000000717400000| Complete 
| 106|0x0000000717600000, 0x0000000717800000, 0x0000000717800000|100%| S|CS|TAMS 0x0000000717600000, 0x0000000717600000| Complete 
| 107|0x0000000717800000, 0x0000000717a00000, 0x0000000717a00000|100%| S|CS|TAMS 0x0000000717800000, 0x0000000717800000| Complete 
| 108|0x0000000717a00000, 0x0000000717c00000, 0x0000000717c00000|100%| S|CS|TAMS 0x0000000717a00000, 0x0000000717a00000| Complete 
| 109|0x0000000717c00000, 0x0000000717e00000, 0x0000000717e00000|100%| S|CS|TAMS 0x0000000717c00000, 0x0000000717c00000| Complete 
| 110|0x0000000717e00000, 0x0000000718000000, 0x0000000718000000|100%| S|CS|TAMS 0x0000000717e00000, 0x0000000717e00000| Complete 
| 111|0x0000000718000000, 0x0000000718200000, 0x0000000718200000|100%| S|CS|TAMS 0x0000000718000000, 0x0000000718000000| Complete 
| 112|0x0000000718200000, 0x0000000718400000, 0x0000000718400000|100%| S|CS|TAMS 0x0000000718200000, 0x0000000718200000| Complete 
| 113|0x0000000718400000, 0x0000000718400000, 0x0000000718600000|  0%| F|  |TAMS 0x0000000718400000, 0x0000000718400000| Untracked 
| 114|0x0000000718600000, 0x0000000718600000, 0x0000000718800000|  0%| F|  |TAMS 0x0000000718600000, 0x0000000718600000| Untracked 
| 115|0x0000000718800000, 0x0000000718800000, 0x0000000718a00000|  0%| F|  |TAMS 0x0000000718800000, 0x0000000718800000| Untracked 
| 116|0x0000000718a00000, 0x0000000718a00000, 0x0000000718c00000|  0%| F|  |TAMS 0x0000000718a00000, 0x0000000718a00000| Untracked 
| 117|0x0000000718c00000, 0x0000000718c00000, 0x0000000718e00000|  0%| F|  |TAMS 0x0000000718c00000, 0x0000000718c00000| Untracked 
| 118|0x0000000718e00000, 0x0000000718e00000, 0x0000000719000000|  0%| F|  |TAMS 0x0000000718e00000, 0x0000000718e00000| Untracked 
| 119|0x0000000719000000, 0x0000000719000000, 0x0000000719200000|  0%| F|  |TAMS 0x0000000719000000, 0x0000000719000000| Untracked 
| 120|0x0000000719200000, 0x0000000719200000, 0x0000000719400000|  0%| F|  |TAMS 0x0000000719200000, 0x0000000719200000| Untracked 
| 121|0x0000000719400000, 0x0000000719400000, 0x0000000719600000|  0%| F|  |TAMS 0x0000000719400000, 0x0000000719400000| Untracked 
| 122|0x0000000719600000, 0x0000000719600000, 0x0000000719800000|  0%| F|  |TAMS 0x0000000719600000, 0x0000000719600000| Untracked 
| 123|0x0000000719800000, 0x0000000719800000, 0x0000000719a00000|  0%| F|  |TAMS 0x0000000719800000, 0x0000000719800000| Untracked 
| 124|0x0000000719a00000, 0x0000000719a00000, 0x0000000719c00000|  0%| F|  |TAMS 0x0000000719a00000, 0x0000000719a00000| Untracked 
| 125|0x0000000719c00000, 0x0000000719c00000, 0x0000000719e00000|  0%| F|  |TAMS 0x0000000719c00000, 0x0000000719c00000| Untracked 
| 126|0x0000000719e00000, 0x0000000719e00000, 0x000000071a000000|  0%| F|  |TAMS 0x0000000719e00000, 0x0000000719e00000| Untracked 
| 127|0x000000071a000000, 0x000000071a000000, 0x000000071a200000|  0%| F|  |TAMS 0x000000071a000000, 0x000000071a000000| Untracked 
| 128|0x000000071a200000, 0x000000071a200000, 0x000000071a400000|  0%| F|  |TAMS 0x000000071a200000, 0x000000071a200000| Untracked 
| 129|0x000000071a400000, 0x000000071a400000, 0x000000071a600000|  0%| F|  |TAMS 0x000000071a400000, 0x000000071a400000| Untracked 
| 130|0x000000071a600000, 0x000000071a600000, 0x000000071a800000|  0%| F|  |TAMS 0x000000071a600000, 0x000000071a600000| Untracked 
| 131|0x000000071a800000, 0x000000071a800000, 0x000000071aa00000|  0%| F|  |TAMS 0x000000071a800000, 0x000000071a800000| Untracked 
| 132|0x000000071aa00000, 0x000000071aa00000, 0x000000071ac00000|  0%| F|  |TAMS 0x000000071aa00000, 0x000000071aa00000| Untracked 
| 133|0x000000071ac00000, 0x000000071ac00000, 0x000000071ae00000|  0%| F|  |TAMS 0x000000071ac00000, 0x000000071ac00000| Untracked 
| 134|0x000000071ae00000, 0x000000071ae00000, 0x000000071b000000|  0%| F|  |TAMS 0x000000071ae00000, 0x000000071ae00000| Untracked 
| 135|0x000000071b000000, 0x000000071b000000, 0x000000071b200000|  0%| F|  |TAMS 0x000000071b000000, 0x000000071b000000| Untracked 
| 136|0x000000071b200000, 0x000000071b200000, 0x000000071b400000|  0%| F|  |TAMS 0x000000071b200000, 0x000000071b200000| Untracked 
| 137|0x000000071b400000, 0x000000071b400000, 0x000000071b600000|  0%| F|  |TAMS 0x000000071b400000, 0x000000071b400000| Untracked 
| 138|0x000000071b600000, 0x000000071b600000, 0x000000071b800000|  0%| F|  |TAMS 0x000000071b600000, 0x000000071b600000| Untracked 
| 139|0x000000071b800000, 0x000000071b800000, 0x000000071ba00000|  0%| F|  |TAMS 0x000000071b800000, 0x000000071b800000| Untracked 
| 140|0x000000071ba00000, 0x000000071ba00000, 0x000000071bc00000|  0%| F|  |TAMS 0x000000071ba00000, 0x000000071ba00000| Untracked 
| 141|0x000000071bc00000, 0x000000071bc00000, 0x000000071be00000|  0%| F|  |TAMS 0x000000071bc00000, 0x000000071bc00000| Untracked 
| 142|0x000000071be00000, 0x000000071be00000, 0x000000071c000000|  0%| F|  |TAMS 0x000000071be00000, 0x000000071be00000| Untracked 
| 143|0x000000071c000000, 0x000000071c100800, 0x000000071c200000| 50%| E|  |TAMS 0x000000071c000000, 0x000000071c000000| Complete 
| 144|0x000000071c200000, 0x000000071c400000, 0x000000071c400000|100%| E|CS|TAMS 0x000000071c200000, 0x000000071c200000| Complete 
| 145|0x000000071c400000, 0x000000071c600000, 0x000000071c600000|100%| E|CS|TAMS 0x000000071c400000, 0x000000071c400000| Complete 
| 146|0x000000071c600000, 0x000000071c800000, 0x000000071c800000|100%| E|CS|TAMS 0x000000071c600000, 0x000000071c600000| Complete 
| 147|0x000000071c800000, 0x000000071ca00000, 0x000000071ca00000|100%| E|CS|TAMS 0x000000071c800000, 0x000000071c800000| Complete 
| 148|0x000000071ca00000, 0x000000071cc00000, 0x000000071cc00000|100%| E|CS|TAMS 0x000000071ca00000, 0x000000071ca00000| Complete 
| 149|0x000000071cc00000, 0x000000071ce00000, 0x000000071ce00000|100%| E|CS|TAMS 0x000000071cc00000, 0x000000071cc00000| Complete 
| 150|0x000000071ce00000, 0x000000071d000000, 0x000000071d000000|100%| E|CS|TAMS 0x000000071ce00000, 0x000000071ce00000| Complete 
| 151|0x000000071d000000, 0x000000071d200000, 0x000000071d200000|100%| E|CS|TAMS 0x000000071d000000, 0x000000071d000000| Complete 
| 152|0x000000071d200000, 0x000000071d400000, 0x000000071d400000|100%| E|CS|TAMS 0x000000071d200000, 0x000000071d200000| Complete 
| 153|0x000000071d400000, 0x000000071d600000, 0x000000071d600000|100%| E|CS|TAMS 0x000000071d400000, 0x000000071d400000| Complete 
| 154|0x000000071d600000, 0x000000071d800000, 0x000000071d800000|100%| E|CS|TAMS 0x000000071d600000, 0x000000071d600000| Complete 
| 155|0x000000071d800000, 0x000000071da00000, 0x000000071da00000|100%| E|CS|TAMS 0x000000071d800000, 0x000000071d800000| Complete 
| 156|0x000000071da00000, 0x000000071dc00000, 0x000000071dc00000|100%| E|CS|TAMS 0x000000071da00000, 0x000000071da00000| Complete 
| 157|0x000000071dc00000, 0x000000071de00000, 0x000000071de00000|100%| E|CS|TAMS 0x000000071dc00000, 0x000000071dc00000| Complete 
| 158|0x000000071de00000, 0x000000071e000000, 0x000000071e000000|100%| E|CS|TAMS 0x000000071de00000, 0x000000071de00000| Complete 
| 159|0x000000071e000000, 0x000000071e200000, 0x000000071e200000|100%| E|CS|TAMS 0x000000071e000000, 0x000000071e000000| Complete 
| 160|0x000000071e200000, 0x000000071e400000, 0x000000071e400000|100%| E|CS|TAMS 0x000000071e200000, 0x000000071e200000| Complete 
| 161|0x000000071e400000, 0x000000071e600000, 0x000000071e600000|100%| E|CS|TAMS 0x000000071e400000, 0x000000071e400000| Complete 
| 162|0x000000071e600000, 0x000000071e800000, 0x000000071e800000|100%| E|CS|TAMS 0x000000071e600000, 0x000000071e600000| Complete 
| 163|0x000000071e800000, 0x000000071ea00000, 0x000000071ea00000|100%| E|CS|TAMS 0x000000071e800000, 0x000000071e800000| Complete 
| 164|0x000000071ea00000, 0x000000071ec00000, 0x000000071ec00000|100%| E|CS|TAMS 0x000000071ea00000, 0x000000071ea00000| Complete 
| 165|0x000000071ec00000, 0x000000071ee00000, 0x000000071ee00000|100%| E|CS|TAMS 0x000000071ec00000, 0x000000071ec00000| Complete 
| 166|0x000000071ee00000, 0x000000071f000000, 0x000000071f000000|100%| E|CS|TAMS 0x000000071ee00000, 0x000000071ee00000| Complete 
| 167|0x000000071f000000, 0x000000071f200000, 0x000000071f200000|100%| E|CS|TAMS 0x000000071f000000, 0x000000071f000000| Complete 
| 168|0x000000071f200000, 0x000000071f400000, 0x000000071f400000|100%| E|CS|TAMS 0x000000071f200000, 0x000000071f200000| Complete 
| 169|0x000000071f400000, 0x000000071f600000, 0x000000071f600000|100%| E|CS|TAMS 0x000000071f400000, 0x000000071f400000| Complete 
| 170|0x000000071f600000, 0x000000071f800000, 0x000000071f800000|100%| E|CS|TAMS 0x000000071f600000, 0x000000071f600000| Complete 
| 171|0x000000071f800000, 0x000000071fa00000, 0x000000071fa00000|100%| E|CS|TAMS 0x000000071f800000, 0x000000071f800000| Complete 
| 172|0x000000071fa00000, 0x000000071fc00000, 0x000000071fc00000|100%| E|CS|TAMS 0x000000071fa00000, 0x000000071fa00000| Complete 
| 173|0x000000071fc00000, 0x000000071fe00000, 0x000000071fe00000|100%| E|CS|TAMS 0x000000071fc00000, 0x000000071fc00000| Complete 
| 174|0x000000071fe00000, 0x0000000720000000, 0x0000000720000000|100%| E|CS|TAMS 0x000000071fe00000, 0x000000071fe00000| Complete 
| 175|0x0000000720000000, 0x0000000720200000, 0x0000000720200000|100%| E|CS|TAMS 0x0000000720000000, 0x0000000720000000| Complete 
| 176|0x0000000720200000, 0x0000000720400000, 0x0000000720400000|100%| E|CS|TAMS 0x0000000720200000, 0x0000000720200000| Complete 
| 177|0x0000000720400000, 0x0000000720600000, 0x0000000720600000|100%| E|CS|TAMS 0x0000000720400000, 0x0000000720400000| Complete 
| 178|0x0000000720600000, 0x0000000720800000, 0x0000000720800000|100%| E|CS|TAMS 0x0000000720600000, 0x0000000720600000| Complete 
| 179|0x0000000720800000, 0x0000000720a00000, 0x0000000720a00000|100%| E|CS|TAMS 0x0000000720800000, 0x0000000720800000| Complete 

Card table byte_map: [0x000001e838e60000,0x000001e839610000] _byte_map_base: 0x000001e83560f000

Marking Bits (Prev, Next): (CMBitMap*) 0x000001e82188e4b0, (CMBitMap*) 0x000001e82188e4f0
 Prev Bits: [0x000001e839dc0000, 0x000001e83db38000)
 Next Bits: [0x000001e83db40000, 0x000001e8418b8000)

Polling page: 0x000001e81f7d0000

Metaspace:

Usage:
  Non-class:     60.51 MB used.
      Class:      7.41 MB used.
       Both:     67.92 MB used.

Virtual space:
  Non-class space:       64.00 MB reserved,      60.94 MB ( 95%) committed,  1 nodes.
      Class space:        1.00 GB reserved,       7.81 MB ( <1%) committed,  1 nodes.
             Both:        1.06 GB reserved,      68.75 MB (  6%) committed. 

Chunk freelists:
   Non-Class:  2.67 MB
       Class:  80.00 KB
        Both:  2.75 MB

MaxMetaspaceSize: unlimited
CompressedClassSpaceSize: 1.00 GB
Initial GC threshold: 21.00 MB
Current GC threshold: 100.56 MB
CDS: on
MetaspaceReclaimPolicy: balanced
 - commit_granule_bytes: 65536.
 - commit_granule_words: 8192.
 - virtual_space_node_default_size: 8388608.
 - enlarge_chunks_in_place: 1.
 - new_chunks_are_fully_committed: 0.
 - uncommit_free_chunks: 1.
 - use_allocation_guard: 0.


Internal statistics:

num_allocs_failed_limit: 6.
num_arena_births: 1376.
num_arena_deaths: 0.
num_vsnodes_births: 2.
num_vsnodes_deaths: 0.
num_space_committed: 1098.
num_space_uncommitted: 0.
num_chunks_returned_to_freelist: 6.
num_chunks_taken_from_freelist: 4111.
num_chunk_merges: 6.
num_chunk_splits: 3047.
num_chunks_enlarged: 2332.
num_inconsistent_stats: 0.

CodeHeap 'non-profiled nmethods': size=120000Kb used=9564Kb max_used=9891Kb free=110435Kb
 bounds [0x000001e830c30000, 0x000001e8315e0000, 0x000001e838160000]
CodeHeap 'profiled nmethods': size=120000Kb used=37495Kb max_used=38636Kb free=82504Kb
 bounds [0x000001e829700000, 0x000001e82bcc0000, 0x000001e830c30000]
CodeHeap 'non-nmethods': size=5760Kb used=1357Kb max_used=1415Kb free=4403Kb
 bounds [0x000001e829160000, 0x000001e8293d0000, 0x000001e829700000]
 total_blobs=14195 nmethods=13535 adapters=568
 compilation: enabled
              stopped_count=0, restarted_count=0
 full_count=0

Compilation events (20 events):
Event: 13.326 Thread 0x000001e8444e5070 17047       3       org.jetbrains.org.objectweb.asm.tree.FieldNode::<init> (31 bytes)
Event: 13.326 Thread 0x000001e8444e5070 nmethod 17047 0x000001e829b40c10 code [0x000001e829b40de0, 0x000001e829b41338]
Event: 13.326 Thread 0x000001e8444e5070 17048       3       org.jetbrains.org.objectweb.asm.tree.FieldNode::<init> (34 bytes)
Event: 13.326 Thread 0x000001e8444e5070 nmethod 17048 0x000001e829f0d390 code [0x000001e829f0d540, 0x000001e829f0d8c8]
Event: 13.326 Thread 0x000001e8444e5070 17050       3       org.jetbrains.kotlin.metadata.ProtoBuf$Class$Builder::<init> (148 bytes)
Event: 13.327 Thread 0x000001e8444e5070 nmethod 17050 0x000001e829bb1890 code [0x000001e829bb1ba0, 0x000001e829bb2f38]
Event: 13.327 Thread 0x000001e8444e5070 17051       3       org.jetbrains.kotlin.serialization.deserialization.ProtoEnumFlags::classKind (105 bytes)
Event: 13.327 Thread 0x000001e8444e5070 nmethod 17051 0x000001e82a98e410 code [0x000001e82a98e680, 0x000001e82a98f028]
Event: 13.327 Thread 0x000001e8444e5070 17052       3       org.jetbrains.kotlin.metadata.deserialization.Flags::getClassFlags (131 bytes)
Event: 13.328 Thread 0x000001e8444e5070 nmethod 17052 0x000001e82a4a3490 code [0x000001e82a4a37a0, 0x000001e82a4a4908]
Event: 13.329 Thread 0x000001e8444e5070 17053       3       org.jetbrains.kotlin.metadata.ProtoBuf$Class$Builder::ensureVersionRequirementIsMutable (42 bytes)
Event: 13.329 Thread 0x000001e8444e5070 nmethod 17053 0x000001e82ad18b10 code [0x000001e82ad18cc0, 0x000001e82ad18f28]
Event: 13.329 Thread 0x000001e8444e5070 17055       3       org.jetbrains.kotlin.serialization.DescriptorSerializer::hasInlineClassTypesInSignature (258 bytes)
Event: 13.331 Thread 0x000001e8444e5070 nmethod 17055 0x000001e82aac8190 code [0x000001e82aac8760, 0x000001e82aacbd18]
Event: 13.331 Thread 0x000001e8444e5070 17056       3       java.util.ArrayList$SubList::get (27 bytes)
Event: 13.331 Thread 0x000001e8444e5070 nmethod 17056 0x000001e829940710 code [0x000001e8299408e0, 0x000001e829940d48]
Event: 13.331 Thread 0x000001e8444e5070 17054       3       org.jetbrains.kotlin.codegen.serialization.JvmSerializerExtension::serializeClass (225 bytes)
Event: 13.334 Thread 0x000001e8444e5070 nmethod 17054 0x000001e82aa2fe90 code [0x000001e82aa30700, 0x000001e82aa35188]
Event: 13.334 Thread 0x000001e8444e5070 17057       1       org.jetbrains.kotlin.com.intellij.openapi.util.TextRange::getStartOffset (5 bytes)
Event: 13.334 Thread 0x000001e8444e5070 nmethod 17057 0x000001e83102ec10 code [0x000001e83102eda0, 0x000001e83102ee78]

GC Heap History (20 events):
Event: 3.937 GC heap before
{Heap before GC invocations=12 (full 0):
 garbage-first heap   total 110592K, used 83143K [0x000000070a200000, 0x0000000800000000)
  region size 2048K, 15 young (30720K), 3 survivors (6144K)
 Metaspace       used 48498K, committed 49216K, reserved 1114112K
  class space    used 5884K, committed 6272K, reserved 1048576K
}
Event: 3.947 GC heap after
{Heap after GC invocations=13 (full 0):
 garbage-first heap   total 110592K, used 62868K [0x000000070a200000, 0x0000000800000000)
  region size 2048K, 2 young (4096K), 2 survivors (4096K)
 Metaspace       used 48498K, committed 49216K, reserved 1114112K
  class space    used 5884K, committed 6272K, reserved 1048576K
}
Event: 4.084 GC heap before
{Heap before GC invocations=14 (full 0):
 garbage-first heap   total 126976K, used 85396K [0x000000070a200000, 0x0000000800000000)
  region size 2048K, 13 young (26624K), 2 survivors (4096K)
 Metaspace       used 48602K, committed 49344K, reserved 1114112K
  class space    used 5886K, committed 6272K, reserved 1048576K
}
Event: 4.092 GC heap after
{Heap after GC invocations=15 (full 0):
 garbage-first heap   total 126976K, used 65165K [0x000000070a200000, 0x0000000800000000)
  region size 2048K, 1 young (2048K), 1 survivors (2048K)
 Metaspace       used 48602K, committed 49344K, reserved 1114112K
  class space    used 5886K, committed 6272K, reserved 1048576K
}
Event: 4.099 GC heap before
{Heap before GC invocations=15 (full 0):
 garbage-first heap   total 126976K, used 65165K [0x000000070a200000, 0x0000000800000000)
  region size 2048K, 2 young (4096K), 1 survivors (2048K)
 Metaspace       used 48619K, committed 49344K, reserved 1114112K
  class space    used 5886K, committed 6272K, reserved 1048576K
}
Event: 4.103 GC heap after
{Heap after GC invocations=16 (full 0):
 garbage-first heap   total 184320K, used 65165K [0x000000070a200000, 0x0000000800000000)
  region size 2048K, 1 young (2048K), 1 survivors (2048K)
 Metaspace       used 48619K, committed 49344K, reserved 1114112K
  class space    used 5886K, committed 6272K, reserved 1048576K
}
Event: 4.806 GC heap before
{Heap before GC invocations=16 (full 0):
 garbage-first heap   total 184320K, used 136845K [0x000000070a200000, 0x0000000800000000)
  region size 2048K, 35 young (71680K), 1 survivors (2048K)
 Metaspace       used 52593K, committed 53440K, reserved 1114112K
  class space    used 6302K, committed 6720K, reserved 1048576K
}
Event: 4.818 GC heap after
{Heap after GC invocations=17 (full 0):
 garbage-first heap   total 184320K, used 80944K [0x000000070a200000, 0x0000000800000000)
  region size 2048K, 5 young (10240K), 5 survivors (10240K)
 Metaspace       used 52593K, committed 53440K, reserved 1114112K
  class space    used 6302K, committed 6720K, reserved 1048576K
}
Event: 5.724 GC heap before
{Heap before GC invocations=17 (full 0):
 garbage-first heap   total 184320K, used 134192K [0x000000070a200000, 0x0000000800000000)
  region size 2048K, 31 young (63488K), 5 survivors (10240K)
 Metaspace       used 57250K, committed 58048K, reserved 1114112K
  class space    used 6877K, committed 7296K, reserved 1048576K
}
Event: 5.736 GC heap after
{Heap after GC invocations=18 (full 0):
 garbage-first heap   total 184320K, used 89348K [0x000000070a200000, 0x0000000800000000)
  region size 2048K, 4 young (8192K), 4 survivors (8192K)
 Metaspace       used 57250K, committed 58048K, reserved 1114112K
  class space    used 6877K, committed 7296K, reserved 1048576K
}
Event: 6.872 GC heap before
{Heap before GC invocations=18 (full 0):
 garbage-first heap   total 184320K, used 138500K [0x000000070a200000, 0x0000000800000000)
  region size 2048K, 28 young (57344K), 4 survivors (8192K)
 Metaspace       used 60331K, committed 61120K, reserved 1114112K
  class space    used 7036K, committed 7424K, reserved 1048576K
}
Event: 6.883 GC heap after
{Heap after GC invocations=19 (full 0):
 garbage-first heap   total 184320K, used 97033K [0x000000070a200000, 0x0000000800000000)
  region size 2048K, 4 young (8192K), 4 survivors (8192K)
 Metaspace       used 60331K, committed 61120K, reserved 1114112K
  class space    used 7036K, committed 7424K, reserved 1048576K
}
Event: 7.395 GC heap before
{Heap before GC invocations=19 (full 0):
 garbage-first heap   total 184320K, used 144137K [0x000000070a200000, 0x0000000800000000)
  region size 2048K, 27 young (55296K), 4 survivors (8192K)
 Metaspace       used 60914K, committed 61760K, reserved 1114112K
  class space    used 7061K, committed 7488K, reserved 1048576K
}
Event: 7.406 GC heap after
{Heap after GC invocations=20 (full 0):
 garbage-first heap   total 368640K, used 105203K [0x000000070a200000, 0x0000000800000000)
  region size 2048K, 4 young (8192K), 4 survivors (8192K)
 Metaspace       used 60914K, committed 61760K, reserved 1114112K
  class space    used 7061K, committed 7488K, reserved 1048576K
}
Event: 9.998 GC heap before
{Heap before GC invocations=21 (full 0):
 garbage-first heap   total 368640K, used 258803K [0x000000070a200000, 0x0000000800000000)
  region size 2048K, 79 young (161792K), 4 survivors (8192K)
 Metaspace       used 62908K, committed 63680K, reserved 1114112K
  class space    used 7099K, committed 7488K, reserved 1048576K
}
Event: 10.018 GC heap after
{Heap after GC invocations=22 (full 0):
 garbage-first heap   total 368640K, used 127314K [0x000000070a200000, 0x0000000800000000)
  region size 2048K, 10 young (20480K), 10 survivors (20480K)
 Metaspace       used 62908K, committed 63680K, reserved 1114112K
  class space    used 7099K, committed 7488K, reserved 1048576K
}
Event: 10.030 GC heap before
{Heap before GC invocations=22 (full 0):
 garbage-first heap   total 368640K, used 129362K [0x000000070a200000, 0x0000000800000000)
  region size 2048K, 11 young (22528K), 10 survivors (20480K)
 Metaspace       used 62908K, committed 63680K, reserved 1114112K
  class space    used 7099K, committed 7488K, reserved 1048576K
}
Event: 10.040 GC heap after
{Heap after GC invocations=23 (full 0):
 garbage-first heap   total 368640K, used 130511K [0x000000070a200000, 0x0000000800000000)
  region size 2048K, 2 young (4096K), 2 survivors (4096K)
 Metaspace       used 62908K, committed 63680K, reserved 1114112K
  class space    used 7099K, committed 7488K, reserved 1048576K
}
Event: 12.418 GC heap before
{Heap before GC invocations=23 (full 0):
 garbage-first heap   total 368640K, used 263631K [0x000000070a200000, 0x0000000800000000)
  region size 2048K, 67 young (137216K), 2 survivors (4096K)
 Metaspace       used 65754K, committed 66624K, reserved 1114112K
  class space    used 7356K, committed 7808K, reserved 1048576K
}
Event: 12.429 GC heap after
{Heap after GC invocations=24 (full 0):
 garbage-first heap   total 368640K, used 145615K [0x000000070a200000, 0x0000000800000000)
  region size 2048K, 9 young (18432K), 9 survivors (18432K)
 Metaspace       used 65754K, committed 66624K, reserved 1114112K
  class space    used 7356K, committed 7808K, reserved 1048576K
}

Deoptimization events (20 events):
Event: 13.273 Thread 0x000001e821820290 Uncommon trap: trap_request=0xffffffc6 fr.pc=0x000001e831139d0c relative=0x000000000000090c
Event: 13.273 Thread 0x000001e821820290 Uncommon trap: reason=bimorphic_or_optimized_type_check action=maybe_recompile pc=0x000001e831139d0c method=org.jetbrains.kotlin.storage.LockBasedStorageManager$LockBasedLazyValue.invoke()Ljava/lang/Object; @ 24 c2
Event: 13.273 Thread 0x000001e821820290 DEOPT PACKING pc=0x000001e831139d0c sp=0x0000003e811fd410
Event: 13.273 Thread 0x000001e821820290 DEOPT UNPACKING pc=0x000001e8291b23a3 sp=0x0000003e811fd2f8 mode 2
Event: 13.275 Thread 0x000001e821820290 Uncommon trap: trap_request=0xffffffc6 fr.pc=0x000001e83116e148 relative=0x0000000000000128
Event: 13.275 Thread 0x000001e821820290 Uncommon trap: reason=bimorphic_or_optimized_type_check action=maybe_recompile pc=0x000001e83116e148 method=kotlin.collections.CollectionsKt___CollectionsKt.firstOrNull(Ljava/lang/Iterable;)Ljava/lang/Object; @ 17 c2
Event: 13.275 Thread 0x000001e821820290 DEOPT PACKING pc=0x000001e83116e148 sp=0x0000003e811fdc90
Event: 13.275 Thread 0x000001e821820290 DEOPT UNPACKING pc=0x000001e8291b23a3 sp=0x0000003e811fdc28 mode 2
Event: 13.275 Thread 0x000001e821820290 Uncommon trap: trap_request=0xffffffc6 fr.pc=0x000001e8312e4688 relative=0x00000000000007a8
Event: 13.275 Thread 0x000001e821820290 Uncommon trap: reason=bimorphic_or_optimized_type_check action=maybe_recompile pc=0x000001e8312e4688 method=org.jetbrains.kotlin.storage.LockBasedStorageManager$LockBasedLazyValue.invoke()Ljava/lang/Object; @ 24 c2
Event: 13.275 Thread 0x000001e821820290 DEOPT PACKING pc=0x000001e8312e4688 sp=0x0000003e811fdbb0
Event: 13.275 Thread 0x000001e821820290 DEOPT UNPACKING pc=0x000001e8291b23a3 sp=0x0000003e811fda98 mode 2
Event: 13.276 Thread 0x000001e821820290 Uncommon trap: trap_request=0xffffffde fr.pc=0x000001e8315d47f8 relative=0x0000000000003938
Event: 13.276 Thread 0x000001e821820290 Uncommon trap: reason=class_check action=maybe_recompile pc=0x000001e8315d47f8 method=org.jetbrains.kotlin.load.kotlin.DescriptorBasedTypeSignatureMappingKt.mapType(Lorg/jetbrains/kotlin/types/KotlinType;Lorg/jetbrains/kotlin/load/kotlin/JvmTypeFactory;Lo
Event: 13.276 Thread 0x000001e821820290 DEOPT PACKING pc=0x000001e8315d47f8 sp=0x0000003e811fd200
Event: 13.276 Thread 0x000001e821820290 DEOPT UNPACKING pc=0x000001e8291b23a3 sp=0x0000003e811fd1e0 mode 2
Event: 13.277 Thread 0x000001e821820290 Uncommon trap: trap_request=0xffffffc6 fr.pc=0x000001e83116e148 relative=0x0000000000000128
Event: 13.277 Thread 0x000001e821820290 Uncommon trap: reason=bimorphic_or_optimized_type_check action=maybe_recompile pc=0x000001e83116e148 method=kotlin.collections.CollectionsKt___CollectionsKt.firstOrNull(Ljava/lang/Iterable;)Ljava/lang/Object; @ 17 c2
Event: 13.277 Thread 0x000001e821820290 DEOPT PACKING pc=0x000001e83116e148 sp=0x0000003e811fdc80
Event: 13.277 Thread 0x000001e821820290 DEOPT UNPACKING pc=0x000001e8291b23a3 sp=0x0000003e811fdc18 mode 2

Classes loaded (20 events):
Event: 3.823 Loading class java/util/stream/Nodes$EmptyNode$OfDouble
Event: 3.823 Loading class java/util/stream/Node$OfDouble
Event: 3.823 Loading class java/util/stream/Node$OfDouble done
Event: 3.823 Loading class java/util/stream/Nodes$EmptyNode$OfDouble done
Event: 3.823 Loading class java/util/stream/Nodes$SpinedNodeBuilder
Event: 3.823 Loading class java/util/stream/Node$Builder
Event: 3.823 Loading class java/util/stream/Node$Builder done
Event: 3.823 Loading class java/util/stream/Nodes$SpinedNodeBuilder done
Event: 3.901 Loading class java/util/regex/Pattern$Bound
Event: 3.901 Loading class java/util/regex/Pattern$Bound done
Event: 3.902 Loading class java/util/regex/Pattern$NotBehind
Event: 3.902 Loading class java/util/regex/Pattern$NotBehind done
Event: 5.554 Loading class jdk/internal/math/FDBigInteger
Event: 5.554 Loading class jdk/internal/math/FDBigInteger done
Event: 6.508 Loading class java/util/concurrent/locks/AbstractQueuedSynchronizer$Node
Event: 6.508 Loading class java/util/concurrent/locks/AbstractQueuedSynchronizer$Node done
Event: 11.187 Loading class java/util/concurrent/ConcurrentHashMap$TreeNode
Event: 11.187 Loading class java/util/concurrent/ConcurrentHashMap$TreeNode done
Event: 11.187 Loading class java/util/concurrent/ConcurrentHashMap$TreeBin
Event: 11.187 Loading class java/util/concurrent/ConcurrentHashMap$TreeBin done

Classes unloaded (0 events):
No events

Classes redefined (0 events):
No events

Internal exceptions (20 events):
Event: 4.844 Thread 0x000001e821820290 Exception <a 'java/lang/NoSuchMethodError'{0x000000071974dcd8}: 'java.lang.Object java.lang.invoke.Invokers$Holder.linkToTargetMethod(java.lang.Object, java.lang.Object, java.lang.Object, java.lang.Object, java.lang.Object, java.lang.Object, java.lang.Object, java.lang.Object)'> (0x000000071974dcd8) 
thrown [s\open\src\hotspot\share\interpreter\linkResolver.cpp, line 759]
Event: 4.884 Thread 0x000001e821820290 Exception <a 'java/lang/NoSuchMethodError'{0x0000000717599e20}: 'java.lang.Object java.lang.invoke.DirectMethodHandle$Holder.invokeStaticInit(java.lang.Object, java.lang.Object, java.lang.Object)'> (0x0000000717599e20) 
thrown [s\open\src\hotspot\share\interpreter\linkResolver.cpp, line 759]
Event: 4.890 Thread 0x000001e821820290 Exception <a 'java/lang/NoSuchMethodError'{0x00000007175d7650}: 'java.lang.Object java.lang.invoke.DirectMethodHandle$Holder.invokeStatic(java.lang.Object, int, java.lang.Object, java.lang.Object)'> (0x00000007175d7650) 
thrown [s\open\src\hotspot\share\interpreter\linkResolver.cpp, line 759]
Event: 4.892 Thread 0x000001e821820290 Exception <a 'java/lang/NoSuchMethodError'{0x00000007175df9d0}: 'java.lang.Object java.lang.invoke.DirectMethodHandle$Holder.newInvokeSpecial(java.lang.Object, int, java.lang.Object)'> (0x00000007175df9d0) 
thrown [s\open\src\hotspot\share\interpreter\linkResolver.cpp, line 759]
Event: 5.478 Thread 0x000001e821820290 Implicit null exception at 0x000001e8310e4a47 to 0x000001e8310e4f6c
Event: 5.512 Thread 0x000001e821820290 Exception <a 'java/lang/NoSuchMethodError'{0x000000071321f628}: 'int java.lang.invoke.DirectMethodHandle$Holder.invokeVirtual(java.lang.Object, java.lang.Object, java.lang.Object)'> (0x000000071321f628) 
thrown [s\open\src\hotspot\share\interpreter\linkResolver.cpp, line 759]
Event: 5.545 Thread 0x000001e821820290 Exception <a 'java/lang/NoSuchMethodError'{0x00000007133dfe30}: 'void java.lang.invoke.DirectMethodHandle$Holder.invokeSpecial(java.lang.Object, java.lang.Object, int, java.lang.Object)'> (0x00000007133dfe30) 
thrown [s\open\src\hotspot\share\interpreter\linkResolver.cpp, line 759]
Event: 5.741 Thread 0x000001e821820290 Exception <a 'java/lang/IncompatibleClassChangeError'{0x0000000719654ac0}: Found class java.lang.Object, but interface was expected> (0x0000000719654ac0) 
thrown [s\open\src\hotspot\share\interpreter\linkResolver.cpp, line 826]
Event: 5.794 Thread 0x000001e821820290 Implicit null exception at 0x000001e830c4d1d2 to 0x000001e830c4d6dc
Event: 5.807 Thread 0x000001e821820290 Exception <a 'java/lang/NoSuchMethodError'{0x00000007174a8100}: 'java.lang.Object java.lang.invoke.DirectMethodHandle$Holder.invokeInterface(java.lang.Object, java.lang.Object, java.lang.Object)'> (0x00000007174a8100) 
thrown [s\open\src\hotspot\share\interpreter\linkResolver.cpp, line 759]
Event: 5.807 Thread 0x000001e821820290 Exception <a 'java/lang/IncompatibleClassChangeError'{0x00000007174abd10}: Found class java.lang.Object, but interface was expected> (0x00000007174abd10) 
thrown [s\open\src\hotspot\share\interpreter\linkResolver.cpp, line 826]
Event: 5.813 Thread 0x000001e821820290 Implicit null exception at 0x000001e830c4e052 to 0x000001e830c4e550
Event: 5.959 Thread 0x000001e821820290 Exception <a 'java/lang/NoSuchMethodError'{0x0000000716839380}: 'int java.lang.invoke.DirectMethodHandle$Holder.invokeStaticInit(java.lang.Object, int)'> (0x0000000716839380) 
thrown [s\open\src\hotspot\share\interpreter\linkResolver.cpp, line 759]
Event: 6.353 Thread 0x000001e821820290 Exception <a 'java/lang/NoSuchMethodError'{0x0000000713ab8b08}: 'java.lang.Object java.lang.invoke.Invokers$Holder.linkToTargetMethod(java.lang.Object, java.lang.Object, java.lang.Object, java.lang.Object, java.lang.Object, java.lang.Object, java.lang.Object)'> (0x0000000713ab8b08) 
thrown [s\open\src\hotspot\share\interpreter\linkResolver.cpp, line 759]
Event: 6.624 Thread 0x000001e821820290 Implicit null exception at 0x000001e8310461f9 to 0x000001e831046630
Event: 6.645 Thread 0x000001e821820290 Implicit null exception at 0x000001e83103ab77 to 0x000001e83103afec
Event: 8.699 Thread 0x000001e821820290 Exception <a 'java/lang/NoSuchMethodError'{0x000000071d008508}: 'java.lang.Object java.lang.invoke.DirectMethodHandle$Holder.invokeStatic(java.lang.Object, int, java.lang.Object)'> (0x000000071d008508) 
thrown [s\open\src\hotspot\share\interpreter\linkResolver.cpp, line 759]
Event: 10.093 Thread 0x000001e821820290 Implicit null exception at 0x000001e83131a90e to 0x000001e83131b03e
Event: 10.645 Thread 0x000001e821820290 Implicit null exception at 0x000001e830f0ad69 to 0x000001e830f0b69c
Event: 12.336 Thread 0x000001e821820290 Implicit null exception at 0x000001e831255a33 to 0x000001e831255b94

VM Operations (20 events):
Event: 12.731 Executing VM operation: ICBufferFull
Event: 12.732 Executing VM operation: ICBufferFull done
Event: 12.739 Executing VM operation: HandshakeAllThreads
Event: 12.739 Executing VM operation: HandshakeAllThreads done
Event: 12.740 Executing VM operation: HandshakeAllThreads
Event: 12.740 Executing VM operation: HandshakeAllThreads done
Event: 12.792 Executing VM operation: HandshakeAllThreads
Event: 12.792 Executing VM operation: HandshakeAllThreads done
Event: 12.837 Executing VM operation: ICBufferFull
Event: 12.837 Executing VM operation: ICBufferFull done
Event: 12.923 Executing VM operation: ICBufferFull
Event: 12.924 Executing VM operation: ICBufferFull done
Event: 13.101 Executing VM operation: ICBufferFull
Event: 13.101 Executing VM operation: ICBufferFull done
Event: 13.233 Executing VM operation: HandshakeAllThreads
Event: 13.233 Executing VM operation: HandshakeAllThreads done
Event: 13.249 Executing VM operation: ICBufferFull
Event: 13.250 Executing VM operation: ICBufferFull done
Event: 13.266 Executing VM operation: HandshakeAllThreads
Event: 13.267 Executing VM operation: HandshakeAllThreads done

Events (20 events):
Event: 13.288 Thread 0x000001e8444e7a60 flushing nmethod 0x000001e82b133490
Event: 13.288 Thread 0x000001e8444e7a60 flushing nmethod 0x000001e82b141a90
Event: 13.289 Thread 0x000001e8444e7a60 flushing nmethod 0x000001e82b2c0c90
Event: 13.289 Thread 0x000001e8444e7a60 flushing nmethod 0x000001e82b2f7190
Event: 13.289 Thread 0x000001e8444e7a60 flushing nmethod 0x000001e82b317a90
Event: 13.289 Thread 0x000001e8444e7a60 flushing nmethod 0x000001e82b374c90
Event: 13.289 Thread 0x000001e8444e7a60 flushing nmethod 0x000001e82b3afb90
Event: 13.289 Thread 0x000001e8444e7a60 flushing nmethod 0x000001e82b3d3090
Event: 13.289 Thread 0x000001e8444e7a60 flushing nmethod 0x000001e82b3d4d10
Event: 13.290 Thread 0x000001e8444e7a60 flushing nmethod 0x000001e82b424990
Event: 13.290 Thread 0x000001e8444e7a60 flushing nmethod 0x000001e82b424f10
Event: 13.290 Thread 0x000001e8444e7a60 flushing nmethod 0x000001e82b4a9610
Event: 13.290 Thread 0x000001e8444e7a60 flushing nmethod 0x000001e82b4b0d90
Event: 13.291 Thread 0x000001e8444e7a60 flushing nmethod 0x000001e82b797290
Event: 13.291 Thread 0x000001e8444e7a60 flushing nmethod 0x000001e82b7f2f90
Event: 13.291 Thread 0x000001e8444e7a60 flushing nmethod 0x000001e82b847f90
Event: 13.291 Thread 0x000001e8444e7a60 flushing nmethod 0x000001e82b848990
Event: 13.291 Thread 0x000001e8444e7a60 flushing nmethod 0x000001e82b853d90
Event: 13.292 Thread 0x000001e8444e7a60 flushing nmethod 0x000001e82b8e6610
Event: 13.292 Thread 0x000001e8444e7a60 flushing nmethod 0x000001e82b901b10


Dynamic libraries:
0x00007ff6197e0000 - 0x00007ff6197ee000 	C:\Users\HP\.jdks\openjdk-18.0.2\bin\java.exe
0x00007ffd40c30000 - 0x00007ffd40e25000 	C:\Windows\SYSTEM32\ntdll.dll
0x00007ffd3ee90000 - 0x00007ffd3ef4e000 	C:\Windows\System32\KERNEL32.DLL
0x00007ffd3e9b0000 - 0x00007ffd3ec78000 	C:\Windows\System32\KERNELBASE.dll
0x00007ffd3e7b0000 - 0x00007ffd3e8b0000 	C:\Windows\System32\ucrtbase.dll
0x00007ffd37d50000 - 0x00007ffd37d67000 	C:\Users\HP\.jdks\openjdk-18.0.2\bin\jli.dll
0x00007ffd37c50000 - 0x00007ffd37c6a000 	C:\Users\HP\.jdks\openjdk-18.0.2\bin\VCRUNTIME140.dll
0x00007ffd408b0000 - 0x00007ffd40a51000 	C:\Windows\System32\USER32.dll
0x00007ffd3e8b0000 - 0x00007ffd3e8d2000 	C:\Windows\System32\win32u.dll
0x00007ffd3ee60000 - 0x00007ffd3ee8b000 	C:\Windows\System32\GDI32.dll
0x00007ffd2a230000 - 0x00007ffd2a4ca000 	C:\Windows\WinSxS\amd64_microsoft.windows.common-controls_6595b64144ccf1df_6.0.19041.1110_none_60b5254171f9507e\COMCTL32.dll
0x00007ffd3e490000 - 0x00007ffd3e59b000 	C:\Windows\System32\gdi32full.dll
0x00007ffd3e8e0000 - 0x00007ffd3e97d000 	C:\Windows\System32\msvcp_win.dll
0x00007ffd3f950000 - 0x00007ffd3f9ee000 	C:\Windows\System32\msvcrt.dll
0x00007ffd3f760000 - 0x00007ffd3f790000 	C:\Windows\System32\IMM32.DLL
0x00007ffd39520000 - 0x00007ffd3952c000 	C:\Users\HP\.jdks\openjdk-18.0.2\bin\vcruntime140_1.dll
0x00007ffd0e600000 - 0x00007ffd0e68d000 	C:\Users\HP\.jdks\openjdk-18.0.2\bin\msvcp140.dll
0x00007ffcfb410000 - 0x00007ffcfc021000 	C:\Users\HP\.jdks\openjdk-18.0.2\bin\server\jvm.dll
0x00007ffd3fac0000 - 0x00007ffd3fb6c000 	C:\Windows\System32\ADVAPI32.dll
0x00007ffd3fbf0000 - 0x00007ffd3fc8b000 	C:\Windows\System32\sechost.dll
0x00007ffd40a60000 - 0x00007ffd40b8a000 	C:\Windows\System32\RPCRT4.dll
0x00007ffd3f150000 - 0x00007ffd3f158000 	C:\Windows\System32\PSAPI.DLL
0x00007ffd39f20000 - 0x00007ffd39f29000 	C:\Windows\SYSTEM32\WSOCK32.dll
0x00007ffd33a70000 - 0x00007ffd33a97000 	C:\Windows\SYSTEM32\WINMM.dll
0x00007ffd36cd0000 - 0x00007ffd36cda000 	C:\Windows\SYSTEM32\VERSION.dll
0x00007ffd40840000 - 0x00007ffd408ab000 	C:\Windows\System32\WS2_32.dll
0x00007ffd3cbd0000 - 0x00007ffd3cbe2000 	C:\Windows\SYSTEM32\kernel.appcore.dll
0x00007ffd39500000 - 0x00007ffd3950a000 	C:\Users\HP\.jdks\openjdk-18.0.2\bin\jimage.dll
0x00007ffd2c130000 - 0x00007ffd2c314000 	C:\Windows\SYSTEM32\DBGHELP.DLL
0x00007ffd27840000 - 0x00007ffd2786c000 	C:\Windows\SYSTEM32\dbgcore.DLL
0x00007ffd3e400000 - 0x00007ffd3e483000 	C:\Windows\System32\bcryptPrimitives.dll
0x00007ffd26f20000 - 0x00007ffd26f45000 	C:\Users\HP\.jdks\openjdk-18.0.2\bin\java.dll
0x00007ffd0cf80000 - 0x00007ffd0d056000 	C:\Users\HP\.jdks\openjdk-18.0.2\bin\jsvml.dll
0x00007ffd3fcb0000 - 0x00007ffd403ef000 	C:\Windows\System32\SHELL32.dll
0x00007ffd3c430000 - 0x00007ffd3cbc0000 	C:\Windows\SYSTEM32\windows.storage.dll
0x00007ffd403f0000 - 0x00007ffd40745000 	C:\Windows\System32\combase.dll
0x00007ffd3dda0000 - 0x00007ffd3ddce000 	C:\Windows\SYSTEM32\Wldp.dll
0x00007ffd3edb0000 - 0x00007ffd3ee5d000 	C:\Windows\System32\SHCORE.dll
0x00007ffd3f270000 - 0x00007ffd3f2c5000 	C:\Windows\System32\shlwapi.dll
0x00007ffd3e290000 - 0x00007ffd3e2af000 	C:\Windows\SYSTEM32\profapi.dll
0x00007ffd29db0000 - 0x00007ffd29dc3000 	C:\Users\HP\.jdks\openjdk-18.0.2\bin\net.dll
0x00007ffd34370000 - 0x00007ffd3447c000 	C:\Windows\SYSTEM32\WINHTTP.dll
0x00007ffd3db00000 - 0x00007ffd3db6a000 	C:\Windows\system32\mswsock.dll
0x00007ffd29ab0000 - 0x00007ffd29ac6000 	C:\Users\HP\.jdks\openjdk-18.0.2\bin\nio.dll
0x00007ffd26e00000 - 0x00007ffd26e18000 	C:\Users\HP\.jdks\openjdk-18.0.2\bin\zip.dll
0x00007ffd39370000 - 0x00007ffd39380000 	C:\Users\HP\.jdks\openjdk-18.0.2\bin\verify.dll

dbghelp: loaded successfully - version: 4.0.5 - missing functions: none
symbol engine: initialized successfully - sym options: 0x614 - pdb path: .;C:\Users\HP\.jdks\openjdk-18.0.2\bin;C:\Windows\SYSTEM32;C:\Windows\WinSxS\amd64_microsoft.windows.common-controls_6595b64144ccf1df_6.0.19041.1110_none_60b5254171f9507e;C:\Users\HP\.jdks\openjdk-18.0.2\bin\server

VM Arguments:
java_command: org.jetbrains.kotlin.cli.jvm.K2JVMCompiler @C:\Users\HP\AndroidStudioProjects\MusicApp\app\build\20230813_17853869493854407263.compiler.options
java_class_path (initial): C:\Users\HP\.gradle\caches\modules-2\files-2.1\org.jetbrains.kotlin\kotlin-compiler-embeddable\1.8.0\eb9118d4bcceaa2a94b2ae2a33a4ddba7c9a947f\kotlin-compiler-embeddable-1.8.0.jar;C:\Users\HP\.gradle\caches\modules-2\files-2.1\org.jetbrains.kotlin\kotlin-stdlib\1.8.0\1796921c7a3e2e2665a83e6c8d33399336cd39bc\kotlin-stdlib-1.8.0.jar;C:\Users\HP\.gradle\caches\modules-2\files-2.1\org.jetbrains.kotlin\kotlin-script-runtime\1.8.0\b2f7e760d283cb339974851c222a4c1d48f2d3d\kotlin-script-runtime-1.8.0.jar;C:\Users\HP\.gradle\caches\modules-2\files-2.1\org.jetbrains.kotlin\kotlin-reflect\1.6.10\1cbe9c92c12a94eea200d23c2bbaedaf3daf5132\kotlin-reflect-1.6.10.jar;C:\Users\HP\.gradle\caches\modules-2\files-2.1\org.jetbrains.kotlin\kotlin-daemon-embeddable\1.8.0\d255216c551685dc3a7e852b53617f5f01aaaa5c\kotlin-daemon-embeddable-1.8.0.jar;C:\Users\HP\.gradle\caches\modules-2\files-2.1\org.jetbrains.intellij.deps\trove4j\1.0.20200330\3afb14d5f9ceb459d724e907a21145e8ff394f02\trove4j-1.0.20200330.jar;C:\Users\HP\.gradle\caches\modules-2\files-2.1\net.java.dev.jna\jna\5.6.0\330f2244e9030119ab3030fc3fededc86713d9cc\jna-5.6.0.jar;C:\Users\HP\.gradle\caches\modules-2\files-2.1\org.jetbrains.kotlin\kotlin-stdlib-common\1.8.0\f7197e7cc76453ac59f8b0f8d5137cc600becd36\kotlin-stdlib-common-1.8.0.jar;C:\Users\HP\.gradle\caches\modules-2\files-2.1\org.jetbrains\annotations\13.0\919f0dfe192fb4e063e7dacadee7f8bb9a2672a9\annotations-13.0.jar
Launcher Type: SUN_STANDARD

[Global flags]
     intx CICompilerCount                          = 4                                         {product} {ergonomic}
     uint ConcGCThreads                            = 3                                         {product} {ergonomic}
     uint G1ConcRefinementThreads                  = 10                                        {product} {ergonomic}
   size_t G1HeapRegionSize                         = 2097152                                   {product} {ergonomic}
    uintx GCDrainStackTargetSize                   = 64                                        {product} {ergonomic}
   size_t InitialHeapSize                          = 257949696                                 {product} {ergonomic}
   size_t MarkStackSize                            = 4194304                                   {product} {ergonomic}
   size_t MaxHeapSize                              = 4125097984                                {product} {ergonomic}
   size_t MaxNewSize                               = 2474639360                                {product} {ergonomic}
   size_t MinHeapDeltaBytes                        = 2097152                                   {product} {ergonomic}
   size_t MinHeapSize                              = 8388608                                   {product} {ergonomic}
    uintx NonNMethodCodeHeapSize                   = 5839372                                {pd product} {ergonomic}
    uintx NonProfiledCodeHeapSize                  = 122909434                              {pd product} {ergonomic}
    uintx ProfiledCodeHeapSize                     = 122909434                              {pd product} {ergonomic}
    uintx ReservedCodeCacheSize                    = 251658240                              {pd product} {ergonomic}
     bool SegmentedCodeCache                       = true                                      {product} {ergonomic}
   size_t SoftMaxHeapSize                          = 4125097984                             {manageable} {ergonomic}
     bool UseCompressedClassPointers               = true                           {product lp64_product} {ergonomic}
     bool UseCompressedOops                        = true                           {product lp64_product} {ergonomic}
     bool UseG1GC                                  = true                                      {product} {ergonomic}
     bool UseLargePagesIndividualAllocation        = false                                  {pd product} {ergonomic}

Logging:
Log output configuration:
 #0: stdout all=warning uptime,level,tags foldmultilines=false
 #1: stderr all=off uptime,level,tags foldmultilines=false

Environment Variables:
PATH=C:\cygwin64\bin;C:\Program Files (x86)\Common Files\Intel\Shared Libraries\redist\intel64_win\compiler;C:\Program Files (x86)\Common Files\Intel\Shared Libraries\redist\intel64\compiler;C:\Program Files\Microsoft MPI\Bin\;C:\ProgramData\Oracle\Java\javapath;C:\Windows\system32;C:\Windows;C:\Windows\System32\Wbem;C:\Windows\System32\WindowsPowerShell\v1.0\;C:\Windows\System32\OpenSSH\;C:\Program Files\7-Zip;C:\Program Files (x86)\NVIDIA Corporation\PhysX\Common;C:\Program Files\Microsoft SQL Server\150\Tools\Binn\;C:\Program Files\Microsoft SQL Server\Client SDK\ODBC\170\Tools\Binn\;C:\Program Files\Git\cmd;C:\Program Files\dotnet\;C:\Program Files (x86)\Microsoft SQL Server\150\Tools\Binn\;C:\Program Files\Microsoft SQL Server\150\DTS\Binn\;C:\Program Files (x86)\Microsoft SQL Server\150\DTS\Binn\;C:\Program Files\nodejs\;C:\Users\HP\AppData\Local\Microsoft\WindowsApps;C:\Users\HP\AppData\Local\Programs\Microsoft VS Code\bin;C:\Users\HP\AppData\Local\GitHubDesktop\bin;C:\flutter\bin;C:\Users\HP\.dotnet\tools;C:\Program Files\Azure Data Studio\bin;C:\Users\HP\AppData\Roaming\npm
USERNAME=HP
OS=Windows_NT
PROCESSOR_IDENTIFIER=AMD64 Family 23 Model 96 Stepping 1, AuthenticAMD



---------------  S Y S T E M  ---------------

OS:
 Windows 10 , 64 bit Build 19041 (10.0.19041.1348)
OS uptime: 20 days 23:01 hours

CPU: total 12 (initial active 12) (12 cores per cpu, 2 threads per core) family 23 model 96 stepping 1 microcode 0x0, cx8, cmov, fxsr, ht, mmx, 3dnowpref, sse, sse2, sse3, ssse3, sse4a, sse4.1, sse4.2, popcnt, lzcnt, tsc, tscinvbit, avx, avx2, aes, clmul, bmi1, bmi2, adx, sha, fma, vzeroupper, clflush, clflushopt

Memory: 4k page, system-wide physical 15733M (544M free)
TotalPageFile size 18733M (AvailPageFile size 16M)
current process WorkingSet (physical memory assigned to process): 588M, peak: 598M
current process commit charge ("private bytes"): 660M, peak: 671M

vm_info: OpenJDK 64-Bit Server VM (18.0.2+9-61) for windows-amd64 JRE (18.0.2+9-61), built on Jun  7 2022 13:05:59 by "mach5one" with MS VC++ 16.8 / 16.9 (VS2019)

END.
