#
# There is insufficient memory for the Java Runtime Environment to continue.
# Native memory allocation (malloc) failed to allocate 1072208 bytes for Chunk::new
# Possible reasons:
#   The system is out of physical RAM or swap space
#   The process is running with CompressedOops enabled, and the Java Heap may be blocking the growth of the native heap
# Possible solutions:
#   Reduce memory load on the system
#   Increase physical memory or swap space
#   Check if swap backing store is full
#   Decrease Java heap size (-Xmx/-Xms)
#   Decrease number of Java threads
#   Decrease Java thread stack sizes (-Xss)
#   Set larger code cache with -XX:ReservedCodeCacheSize=
#   JVM is running with Zero Based Compressed Oops mode in which the Java heap is
#     placed in the first 32GB address space. The Java Heap base address is the
#     maximum limit for the native heap growth. Please use -XX:HeapBaseMinAddress
#     to set the Java Heap base and to place the Java Heap above 32GB virtual address.
# This output file may be truncated or incomplete.
#
#  Out of Memory Error (arena.cpp:184), pid=9328, tid=10452
#
# JRE version: OpenJDK Runtime Environment (18.0.2+9) (build 18.0.2+9-61)
# Java VM: OpenJDK 64-Bit Server VM (18.0.2+9-61, mixed mode, sharing, tiered, compressed oops, compressed class ptrs, g1 gc, windows-amd64)
# No core dump will be written. Minidumps are not enabled by default on client versions of Windows
#

---------------  S U M M A R Y ------------

Command Line: org.jetbrains.kotlin.cli.jvm.K2JVMCompiler @C:\Users\HP\AndroidStudioProjects\MusicApp\app\build\20230812_409138092187095655.compiler.options

Host: AMD Ryzen 5 4600H with Radeon Graphics         , 12 cores, 15G,  Windows 10 , 64 bit Build 19041 (10.0.19041.1348)
Time: Sat Aug 12 01:01:27 2023  Windows 10 , 64 bit Build 19041 (10.0.19041.1348) elapsed time: 32.281840 seconds (0d 0h 0m 32s)

---------------  T H R E A D  ---------------

Current thread (0x000002017ef11dc0):  JavaThread "C2 CompilerThread0" daemon [_thread_in_native, id=10452, stack(0x000000936bf00000,0x000000936c000000)]


Current CompileTask:
C2:  32281 30117       4       org.jetbrains.kotlin.codegen.optimization.temporaryVals.TemporaryValsAnalyzer::analyze (1271 bytes)

Stack: [0x000000936bf00000,0x000000936c000000]
Native frames: (J=compiled Java code, j=interpreted, Vv=VM code, C=native code)
V  [jvm.dll+0x6993ca]
V  [jvm.dll+0x7f481d]
V  [jvm.dll+0x7f612e]
V  [jvm.dll+0x7f67e3]
V  [jvm.dll+0x25cdaf]
V  [jvm.dll+0xb8c2f]
V  [jvm.dll+0xb8fa5]
V  [jvm.dll+0x3860cb]
V  [jvm.dll+0x1d29c2]
V  [jvm.dll+0x2300a9]
V  [jvm.dll+0x22f321]
V  [jvm.dll+0x1ba01c]
V  [jvm.dll+0x23ec9a]
V  [jvm.dll+0x23cf85]
V  [jvm.dll+0x7a6e21]
V  [jvm.dll+0x7a125a]
V  [jvm.dll+0x698275]
C  [ucrtbase.dll+0x21bb2]
C  [KERNEL32.DLL+0x17034]
C  [ntdll.dll+0x52651]


---------------  P R O C E S S  ---------------

Threads class SMR info:
_java_thread_list=0x00000201151029a0, length=14, elements={
0x0000020169099fd0, 0x000002017eef6720, 0x000002017eef7380, 0x000002017ef0ebf0,
0x000002017ef0f590, 0x000002017ef0ff30, 0x000002017ef110f0, 0x000002017ef11dc0,
0x000002017ef14bc0, 0x000002017ef17fd0, 0x000002017f15f7d0, 0x000002017f1640d0,
0x000002017f19acc0, 0x000002017f19bbf0
}

Java Threads: ( => current thread )
  0x0000020169099fd0 JavaThread "main" [_thread_in_native, id=1472, stack(0x000000936b200000,0x000000936b300000)]
  0x000002017eef6720 JavaThread "Reference Handler" daemon [_thread_blocked, id=8772, stack(0x000000936b900000,0x000000936ba00000)]
  0x000002017eef7380 JavaThread "Finalizer" daemon [_thread_blocked, id=21268, stack(0x000000936ba00000,0x000000936bb00000)]
  0x000002017ef0ebf0 JavaThread "Signal Dispatcher" daemon [_thread_blocked, id=20252, stack(0x000000936bb00000,0x000000936bc00000)]
  0x000002017ef0f590 JavaThread "Attach Listener" daemon [_thread_blocked, id=13272, stack(0x000000936bc00000,0x000000936bd00000)]
  0x000002017ef0ff30 JavaThread "Service Thread" daemon [_thread_blocked, id=4588, stack(0x000000936bd00000,0x000000936be00000)]
  0x000002017ef110f0 JavaThread "Monitor Deflation Thread" daemon [_thread_blocked, id=1704, stack(0x000000936be00000,0x000000936bf00000)]
=>0x000002017ef11dc0 JavaThread "C2 CompilerThread0" daemon [_thread_in_native, id=10452, stack(0x000000936bf00000,0x000000936c000000)]
  0x000002017ef14bc0 JavaThread "C1 CompilerThread0" daemon [_thread_blocked, id=10092, stack(0x000000936c000000,0x000000936c100000)]
  0x000002017ef17fd0 JavaThread "Sweeper thread" daemon [_thread_blocked, id=21116, stack(0x000000936c100000,0x000000936c200000)]
  0x000002017f15f7d0 JavaThread "Notification Thread" daemon [_thread_blocked, id=11476, stack(0x000000936c200000,0x000000936c300000)]
  0x000002017f1640d0 JavaThread "Common-Cleaner" daemon [_thread_blocked, id=12548, stack(0x000000936c400000,0x000000936c500000)]
  0x000002017f19acc0 JavaThread "C2 CompilerThread1" daemon [_thread_in_native, id=8448, stack(0x000000936c500000,0x000000936c600000)]
  0x000002017f19bbf0 JavaThread "C2 CompilerThread2" daemon [_thread_in_native, id=3564, stack(0x000000936cd00000,0x000000936ce00000)]

Other Threads:
  0x000002016b2f7f20 VMThread "VM Thread" [stack: 0x000000936b800000,0x000000936b900000] [id=8540]
  0x000002017f161ca0 WatcherThread "VM Periodic Task Thread" [stack: 0x000000936c300000,0x000000936c400000] [id=21488]
  0x000002016b2c1270 WorkerThread "GC Thread#0" [stack: 0x000000936b300000,0x000000936b400000] [id=104]
  0x000002017f6002c0 WorkerThread "GC Thread#1" [stack: 0x000000936c600000,0x000000936c700000] [id=12768]
  0x000002017f600560 WorkerThread "GC Thread#2" [stack: 0x000000936c700000,0x000000936c800000] [id=18072]
  0x000002017f658060 WorkerThread "GC Thread#3" [stack: 0x000000936c800000,0x000000936c900000] [id=18928]
  0x000002017f658300 WorkerThread "GC Thread#4" [stack: 0x000000936c900000,0x000000936ca00000] [id=2688]
  0x000002017f8ec250 WorkerThread "GC Thread#5" [stack: 0x000000936ca00000,0x000000936cb00000] [id=14876]
  0x00000201131a0b50 WorkerThread "GC Thread#6" [stack: 0x000000936cb00000,0x000000936cc00000] [id=19988]
  0x000002017fca96a0 WorkerThread "GC Thread#7" [stack: 0x000000936cc00000,0x000000936cd00000] [id=8964]
  0x000002011330cb70 WorkerThread "GC Thread#8" [stack: 0x000000936ce00000,0x000000936cf00000] [id=8696]
  0x000002011330ce10 WorkerThread "GC Thread#9" [stack: 0x000000936cf00000,0x000000936d000000] [id=9232]
  0x000002016b2d3790 ConcurrentGCThread "G1 Main Marker" [stack: 0x000000936b400000,0x000000936b500000] [id=20744]
  0x000002016b2d5190 WorkerThread "G1 Conc#0" [stack: 0x000000936b500000,0x000000936b600000] [id=14772]
  0x000002011330d0b0 WorkerThread "G1 Conc#1" [stack: 0x000000936d000000,0x000000936d100000] [id=20920]
  0x000002011330d350 WorkerThread "G1 Conc#2" [stack: 0x000000936d100000,0x000000936d200000] [id=2128]
  0x000002016b31e400 ConcurrentGCThread "G1 Refine#0" [stack: 0x000000936b600000,0x000000936b700000] [id=15816]
  0x0000020114cc9330 ConcurrentGCThread "G1 Refine#1" [stack: 0x000000936d200000,0x000000936d300000] [id=13484]
  0x0000020114cca140 ConcurrentGCThread "G1 Refine#2" [stack: 0x000000936d300000,0x000000936d400000] [id=12812]
  0x0000020114ccaf50 ConcurrentGCThread "G1 Refine#3" [stack: 0x000000936d400000,0x000000936d500000] [id=6820]
  0x000002017f79eec0 ConcurrentGCThread "G1 Refine#4" [stack: 0x000000936d500000,0x000000936d600000] [id=17244]
  0x000002017f79ebf0 ConcurrentGCThread "G1 Refine#5" [stack: 0x000000936d600000,0x000000936d700000] [id=8680]
  0x000002011582a550 ConcurrentGCThread "G1 Refine#6" [stack: 0x000000936d700000,0x000000936d800000] [id=6976]
  0x000002011582a820 ConcurrentGCThread "G1 Refine#7" [stack: 0x000000936d800000,0x000000936d900000] [id=10372]
  0x000002011582b630 ConcurrentGCThread "G1 Refine#8" [stack: 0x000000936d900000,0x000000936da00000] [id=18952]
  0x000002011582b360 ConcurrentGCThread "G1 Refine#9" [stack: 0x000000936da00000,0x000000936db00000] [id=18276]
  0x000002017edb5120 ConcurrentGCThread "G1 Service" [stack: 0x000000936b700000,0x000000936b800000] [id=7304]

Threads with active compile tasks:
C2 CompilerThread0    32294 30117       4       org.jetbrains.kotlin.codegen.optimization.temporaryVals.TemporaryValsAnalyzer::analyze (1271 bytes)
C2 CompilerThread1    32294 30023 % !   4       org.jetbrains.kotlin.codegen.optimization.temporaryVals.FastStoreLoadAnalyzer::analyze @ 63 (564 bytes)
C2 CompilerThread2    32294 30137   !   4       org.jetbrains.kotlin.codegen.optimization.common.FastMethodAnalyzer::analyze (795 bytes)

VM state: not at safepoint (normal execution)

VM Mutex/Monitor currently owned by a thread: None

Heap address: 0x000000070a200000, size: 3934 MB, Compressed Oops mode: Zero based, Oop shift amount: 3

CDS archive(s) mapped at: [0x0000000800000000-0x0000000800ba0000-0x0000000800ba0000), size 12189696, SharedBaseAddress: 0x0000000800000000, ArchiveRelocationMode: 0.
Compressed class space mapped at: 0x0000000800c00000-0x0000000840c00000, reserved size: 1073741824
Narrow klass base: 0x0000000800000000, Narrow klass shift: 0, Narrow klass range: 0x100000000

GC Precious Log:
 CardTable entry size: 512
 Card Set container configuration: InlinePtr #cards 4 size 8 Array Of Cards #cards 16 size 48 Howl #buckets 8 coarsen threshold 3686 Howl Bitmap #cards 512 size 80 coarsen threshold 460 Card regions per heap region 1 cards per card region 4096
 CPUs: 12 total, 12 available
 Memory: 15733M
 Large Page Support: Disabled
 NUMA Support: Disabled
 Compressed Oops: Enabled (Zero based)
 Heap Region Size: 2M
 Heap Min Capacity: 8M
 Heap Initial Capacity: 246M
 Heap Max Capacity: 3934M
 Pre-touch: Disabled
 Parallel Workers: 10
 Concurrent Workers: 3
 Concurrent Refinement Workers: 10
 Periodic GC: Disabled

Heap:
 garbage-first heap   total 479232K, used 328045K [0x000000070a200000, 0x0000000800000000)
  region size 2048K, 29 young (59392K), 6 survivors (12288K)
 Metaspace       used 92999K, committed 93888K, reserved 1179648K
  class space    used 9365K, committed 9792K, reserved 1048576K

Heap Regions: E=young(eden), S=young(survivor), O=old, HS=humongous(starts), HC=humongous(continues), CS=collection set, F=free, OA=open archive, CA=closed archive, TAMS=top-at-mark-start (previous, next)
|   0|0x000000070a200000, 0x000000070a400000, 0x000000070a400000|100%|HS|  |TAMS 0x000000070a400000, 0x000000070a200000| Complete 
|   1|0x000000070a400000, 0x000000070a600000, 0x000000070a600000|100%|HC|  |TAMS 0x000000070a600000, 0x000000070a400000| Complete 
|   2|0x000000070a600000, 0x000000070a800000, 0x000000070a800000|100%|HS|  |TAMS 0x000000070a800000, 0x000000070a600000| Complete 
|   3|0x000000070a800000, 0x000000070aa00000, 0x000000070aa00000|100%|HC|  |TAMS 0x000000070aa00000, 0x000000070a800000| Complete 
|   4|0x000000070aa00000, 0x000000070ac00000, 0x000000070ac00000|100%| O|  |TAMS 0x000000070ac00000, 0x000000070aa00000| Untracked 
|   5|0x000000070ac00000, 0x000000070ae00000, 0x000000070ae00000|100%| O|  |TAMS 0x000000070ae00000, 0x000000070ac00000| Untracked 
|   6|0x000000070ae00000, 0x000000070b000000, 0x000000070b000000|100%| O|  |TAMS 0x000000070b000000, 0x000000070ae00000| Untracked 
|   7|0x000000070b000000, 0x000000070b200000, 0x000000070b200000|100%| O|  |TAMS 0x000000070b200000, 0x000000070b000000| Untracked 
|   8|0x000000070b200000, 0x000000070b400000, 0x000000070b400000|100%| O|  |TAMS 0x000000070b400000, 0x000000070b200000| Untracked 
|   9|0x000000070b400000, 0x000000070b600000, 0x000000070b600000|100%| O|  |TAMS 0x000000070b600000, 0x000000070b400000| Untracked 
|  10|0x000000070b600000, 0x000000070b800000, 0x000000070b800000|100%| O|  |TAMS 0x000000070b800000, 0x000000070b600000| Untracked 
|  11|0x000000070b800000, 0x000000070ba00000, 0x000000070ba00000|100%| O|  |TAMS 0x000000070ba00000, 0x000000070b800000| Untracked 
|  12|0x000000070ba00000, 0x000000070bc00000, 0x000000070bc00000|100%| O|  |TAMS 0x000000070bc00000, 0x000000070ba00000| Untracked 
|  13|0x000000070bc00000, 0x000000070be00000, 0x000000070be00000|100%| O|  |TAMS 0x000000070be00000, 0x000000070bc00000| Untracked 
|  14|0x000000070be00000, 0x000000070c000000, 0x000000070c000000|100%| O|  |TAMS 0x000000070c000000, 0x000000070be00000| Untracked 
|  15|0x000000070c000000, 0x000000070c200000, 0x000000070c200000|100%| O|  |TAMS 0x000000070c200000, 0x000000070c000000| Untracked 
|  16|0x000000070c200000, 0x000000070c400000, 0x000000070c400000|100%| O|  |TAMS 0x000000070c400000, 0x000000070c200000| Untracked 
|  17|0x000000070c400000, 0x000000070c600000, 0x000000070c600000|100%| O|  |TAMS 0x000000070c600000, 0x000000070c400000| Untracked 
|  18|0x000000070c600000, 0x000000070c800000, 0x000000070c800000|100%| O|  |TAMS 0x000000070c800000, 0x000000070c600000| Untracked 
|  19|0x000000070c800000, 0x000000070ca00000, 0x000000070ca00000|100%| O|  |TAMS 0x000000070ca00000, 0x000000070c800000| Untracked 
|  20|0x000000070ca00000, 0x000000070cc00000, 0x000000070cc00000|100%|HS|  |TAMS 0x000000070cc00000, 0x000000070ca00000| Complete 
|  21|0x000000070cc00000, 0x000000070ce00000, 0x000000070ce00000|100%| O|  |TAMS 0x000000070ce00000, 0x000000070cc00000| Untracked 
|  22|0x000000070ce00000, 0x000000070d000000, 0x000000070d000000|100%| O|  |TAMS 0x000000070d000000, 0x000000070ce00000| Untracked 
|  23|0x000000070d000000, 0x000000070d200000, 0x000000070d200000|100%| O|  |TAMS 0x000000070d200000, 0x000000070d000000| Untracked 
|  24|0x000000070d200000, 0x000000070d400000, 0x000000070d400000|100%| O|  |TAMS 0x000000070d400000, 0x000000070d200000| Untracked 
|  25|0x000000070d400000, 0x000000070d600000, 0x000000070d600000|100%| O|  |TAMS 0x000000070d600000, 0x000000070d400000| Untracked 
|  26|0x000000070d600000, 0x000000070d800000, 0x000000070d800000|100%| O|  |TAMS 0x000000070d800000, 0x000000070d600000| Untracked 
|  27|0x000000070d800000, 0x000000070da00000, 0x000000070da00000|100%| O|  |TAMS 0x000000070da00000, 0x000000070d800000| Untracked 
|  28|0x000000070da00000, 0x000000070dc00000, 0x000000070dc00000|100%|HS|  |TAMS 0x000000070dc00000, 0x000000070da00000| Complete 
|  29|0x000000070dc00000, 0x000000070de00000, 0x000000070de00000|100%| O|  |TAMS 0x000000070de00000, 0x000000070dc00000| Untracked 
|  30|0x000000070de00000, 0x000000070e000000, 0x000000070e000000|100%| O|  |TAMS 0x000000070e000000, 0x000000070de00000| Untracked 
|  31|0x000000070e000000, 0x000000070e200000, 0x000000070e200000|100%| O|  |TAMS 0x000000070e200000, 0x000000070e000000| Untracked 
|  32|0x000000070e200000, 0x000000070e400000, 0x000000070e400000|100%| O|  |TAMS 0x000000070e400000, 0x000000070e200000| Untracked 
|  33|0x000000070e400000, 0x000000070e600000, 0x000000070e600000|100%| O|  |TAMS 0x000000070e600000, 0x000000070e400000| Untracked 
|  34|0x000000070e600000, 0x000000070e800000, 0x000000070e800000|100%| O|  |TAMS 0x000000070e800000, 0x000000070e600000| Untracked 
|  35|0x000000070e800000, 0x000000070ea00000, 0x000000070ea00000|100%| O|  |TAMS 0x000000070ea00000, 0x000000070e800000| Untracked 
|  36|0x000000070ea00000, 0x000000070ec00000, 0x000000070ec00000|100%| O|  |TAMS 0x000000070ec00000, 0x000000070ea00000| Untracked 
|  37|0x000000070ec00000, 0x000000070ee00000, 0x000000070ee00000|100%| O|  |TAMS 0x000000070ee00000, 0x000000070ec00000| Untracked 
|  38|0x000000070ee00000, 0x000000070f000000, 0x000000070f000000|100%| O|  |TAMS 0x000000070f000000, 0x000000070ee00000| Untracked 
|  39|0x000000070f000000, 0x000000070f200000, 0x000000070f200000|100%| O|  |TAMS 0x000000070f200000, 0x000000070f000000| Untracked 
|  40|0x000000070f200000, 0x000000070f400000, 0x000000070f400000|100%| O|  |TAMS 0x000000070f400000, 0x000000070f200000| Untracked 
|  41|0x000000070f400000, 0x000000070f600000, 0x000000070f600000|100%| O|  |TAMS 0x000000070f600000, 0x000000070f400000| Untracked 
|  42|0x000000070f600000, 0x000000070f800000, 0x000000070f800000|100%| O|  |TAMS 0x000000070f800000, 0x000000070f600000| Untracked 
|  43|0x000000070f800000, 0x000000070fa00000, 0x000000070fa00000|100%| O|  |TAMS 0x000000070f800000, 0x000000070f800000| Untracked 
|  44|0x000000070fa00000, 0x000000070fc00000, 0x000000070fc00000|100%| O|  |TAMS 0x000000070fc00000, 0x000000070fa00000| Untracked 
|  45|0x000000070fc00000, 0x000000070fe00000, 0x000000070fe00000|100%| O|  |TAMS 0x000000070fe00000, 0x000000070fc00000| Untracked 
|  46|0x000000070fe00000, 0x0000000710000000, 0x0000000710000000|100%| O|  |TAMS 0x0000000710000000, 0x000000070fe00000| Untracked 
|  47|0x0000000710000000, 0x0000000710200000, 0x0000000710200000|100%| O|  |TAMS 0x0000000710200000, 0x0000000710000000| Untracked 
|  48|0x0000000710200000, 0x0000000710400000, 0x0000000710400000|100%| O|  |TAMS 0x0000000710400000, 0x0000000710200000| Untracked 
|  49|0x0000000710400000, 0x0000000710600000, 0x0000000710600000|100%| O|  |TAMS 0x0000000710600000, 0x0000000710400000| Untracked 
|  50|0x0000000710600000, 0x0000000710800000, 0x0000000710800000|100%| O|  |TAMS 0x0000000710800000, 0x0000000710600000| Untracked 
|  51|0x0000000710800000, 0x0000000710a00000, 0x0000000710a00000|100%| O|  |TAMS 0x0000000710a00000, 0x0000000710800000| Untracked 
|  52|0x0000000710a00000, 0x0000000710c00000, 0x0000000710c00000|100%| O|  |TAMS 0x0000000710c00000, 0x0000000710a00000| Untracked 
|  53|0x0000000710c00000, 0x0000000710e00000, 0x0000000710e00000|100%| O|  |TAMS 0x0000000710e00000, 0x0000000710c00000| Untracked 
|  54|0x0000000710e00000, 0x0000000711000000, 0x0000000711000000|100%| O|  |TAMS 0x0000000710e00000, 0x0000000710e00000| Untracked 
|  55|0x0000000711000000, 0x0000000711200000, 0x0000000711200000|100%| O|  |TAMS 0x0000000711200000, 0x0000000711000000| Untracked 
|  56|0x0000000711200000, 0x0000000711400000, 0x0000000711400000|100%| O|  |TAMS 0x0000000711400000, 0x0000000711200000| Untracked 
|  57|0x0000000711400000, 0x0000000711600000, 0x0000000711600000|100%| O|  |TAMS 0x0000000711600000, 0x0000000711400000| Untracked 
|  58|0x0000000711600000, 0x0000000711800000, 0x0000000711800000|100%| O|  |TAMS 0x0000000711800000, 0x0000000711600000| Untracked 
|  59|0x0000000711800000, 0x0000000711a00000, 0x0000000711a00000|100%| O|  |TAMS 0x0000000711a00000, 0x0000000711800000| Untracked 
|  60|0x0000000711a00000, 0x0000000711c00000, 0x0000000711c00000|100%| O|  |TAMS 0x0000000711c00000, 0x0000000711a00000| Untracked 
|  61|0x0000000711c00000, 0x0000000711e00000, 0x0000000711e00000|100%| O|  |TAMS 0x0000000711e00000, 0x0000000711c00000| Untracked 
|  62|0x0000000711e00000, 0x0000000712000000, 0x0000000712000000|100%| O|  |TAMS 0x0000000712000000, 0x0000000711e00000| Untracked 
|  63|0x0000000712000000, 0x0000000712200000, 0x0000000712200000|100%| O|  |TAMS 0x0000000712200000, 0x0000000712000000| Untracked 
|  64|0x0000000712200000, 0x0000000712400000, 0x0000000712400000|100%| O|  |TAMS 0x0000000712400000, 0x0000000712200000| Untracked 
|  65|0x0000000712400000, 0x0000000712600000, 0x0000000712600000|100%| O|  |TAMS 0x0000000712400000, 0x0000000712400000| Untracked 
|  66|0x0000000712600000, 0x0000000712800000, 0x0000000712800000|100%|HS|  |TAMS 0x0000000712600000, 0x0000000712600000| Complete 
|  67|0x0000000712800000, 0x0000000712a00000, 0x0000000712a00000|100%|HC|  |TAMS 0x0000000712800000, 0x0000000712800000| Complete 
|  68|0x0000000712a00000, 0x0000000712c00000, 0x0000000712c00000|100%|HC|  |TAMS 0x0000000712a00000, 0x0000000712a00000| Complete 
|  69|0x0000000712c00000, 0x0000000712e00000, 0x0000000712e00000|100%|HC|  |TAMS 0x0000000712c00000, 0x0000000712c00000| Complete 
|  70|0x0000000712e00000, 0x0000000713000000, 0x0000000713000000|100%|HC|  |TAMS 0x0000000712e00000, 0x0000000712e00000| Complete 
|  71|0x0000000713000000, 0x0000000713200000, 0x0000000713200000|100%| O|  |TAMS 0x0000000713000000, 0x0000000713000000| Untracked 
|  72|0x0000000713200000, 0x0000000713400000, 0x0000000713400000|100%| O|  |TAMS 0x0000000713200000, 0x0000000713200000| Untracked 
|  73|0x0000000713400000, 0x0000000713600000, 0x0000000713600000|100%| O|  |TAMS 0x0000000713400000, 0x0000000713400000| Untracked 
|  74|0x0000000713600000, 0x0000000713800000, 0x0000000713800000|100%| O|  |TAMS 0x0000000713600000, 0x0000000713600000| Untracked 
|  75|0x0000000713800000, 0x0000000713a00000, 0x0000000713a00000|100%| O|  |TAMS 0x0000000713800000, 0x0000000713800000| Untracked 
|  76|0x0000000713a00000, 0x0000000713c00000, 0x0000000713c00000|100%| O|  |TAMS 0x0000000713a00000, 0x0000000713a00000| Untracked 
|  77|0x0000000713c00000, 0x0000000713e00000, 0x0000000713e00000|100%| O|  |TAMS 0x0000000713c00000, 0x0000000713c00000| Untracked 
|  78|0x0000000713e00000, 0x0000000714000000, 0x0000000714000000|100%| O|  |TAMS 0x0000000713e00000, 0x0000000713e00000| Untracked 
|  79|0x0000000714000000, 0x0000000714200000, 0x0000000714200000|100%| O|  |TAMS 0x0000000714000000, 0x0000000714000000| Untracked 
|  80|0x0000000714200000, 0x0000000714400000, 0x0000000714400000|100%| O|  |TAMS 0x0000000714200000, 0x0000000714200000| Untracked 
|  81|0x0000000714400000, 0x0000000714600000, 0x0000000714600000|100%| O|  |TAMS 0x0000000714400000, 0x0000000714400000| Untracked 
|  82|0x0000000714600000, 0x0000000714800000, 0x0000000714800000|100%| O|  |TAMS 0x0000000714600000, 0x0000000714600000| Untracked 
|  83|0x0000000714800000, 0x0000000714a00000, 0x0000000714a00000|100%| O|  |TAMS 0x0000000714800000, 0x0000000714800000| Untracked 
|  84|0x0000000714a00000, 0x0000000714c00000, 0x0000000714c00000|100%| O|  |TAMS 0x0000000714a00000, 0x0000000714a00000| Untracked 
|  85|0x0000000714c00000, 0x0000000714e00000, 0x0000000714e00000|100%| O|  |TAMS 0x0000000714c00000, 0x0000000714c00000| Untracked 
|  86|0x0000000714e00000, 0x0000000715000000, 0x0000000715000000|100%| O|  |TAMS 0x0000000714e00000, 0x0000000714e00000| Untracked 
|  87|0x0000000715000000, 0x0000000715200000, 0x0000000715200000|100%| O|  |TAMS 0x0000000715000000, 0x0000000715000000| Untracked 
|  88|0x0000000715200000, 0x0000000715400000, 0x0000000715400000|100%| O|  |TAMS 0x0000000715200000, 0x0000000715200000| Untracked 
|  89|0x0000000715400000, 0x0000000715600000, 0x0000000715600000|100%| O|  |TAMS 0x0000000715400000, 0x0000000715400000| Untracked 
|  90|0x0000000715600000, 0x0000000715800000, 0x0000000715800000|100%| O|  |TAMS 0x0000000715600000, 0x0000000715600000| Untracked 
|  91|0x0000000715800000, 0x0000000715a00000, 0x0000000715a00000|100%| O|  |TAMS 0x0000000715800000, 0x0000000715800000| Untracked 
|  92|0x0000000715a00000, 0x0000000715c00000, 0x0000000715c00000|100%| O|  |TAMS 0x0000000715a00000, 0x0000000715a00000| Untracked 
|  93|0x0000000715c00000, 0x0000000715e00000, 0x0000000715e00000|100%| O|  |TAMS 0x0000000715c00000, 0x0000000715c00000| Untracked 
|  94|0x0000000715e00000, 0x0000000716000000, 0x0000000716000000|100%| O|  |TAMS 0x0000000715e00000, 0x0000000715e00000| Untracked 
|  95|0x0000000716000000, 0x0000000716200000, 0x0000000716200000|100%| O|  |TAMS 0x0000000716000000, 0x0000000716000000| Untracked 
|  96|0x0000000716200000, 0x0000000716400000, 0x0000000716400000|100%| O|  |TAMS 0x0000000716200000, 0x0000000716200000| Untracked 
|  97|0x0000000716400000, 0x0000000716600000, 0x0000000716600000|100%| O|  |TAMS 0x0000000716400000, 0x0000000716400000| Untracked 
|  98|0x0000000716600000, 0x0000000716800000, 0x0000000716800000|100%| O|  |TAMS 0x0000000716600000, 0x0000000716600000| Untracked 
|  99|0x0000000716800000, 0x0000000716a00000, 0x0000000716a00000|100%| O|  |TAMS 0x0000000716800000, 0x0000000716800000| Untracked 
| 100|0x0000000716a00000, 0x0000000716c00000, 0x0000000716c00000|100%| O|  |TAMS 0x0000000716a00000, 0x0000000716a00000| Untracked 
| 101|0x0000000716c00000, 0x0000000716e00000, 0x0000000716e00000|100%| O|  |TAMS 0x0000000716c00000, 0x0000000716c00000| Untracked 
| 102|0x0000000716e00000, 0x0000000717000000, 0x0000000717000000|100%| O|  |TAMS 0x0000000716e00000, 0x0000000716e00000| Untracked 
| 103|0x0000000717000000, 0x0000000717200000, 0x0000000717200000|100%| O|  |TAMS 0x0000000717000000, 0x0000000717000000| Untracked 
| 104|0x0000000717200000, 0x0000000717400000, 0x0000000717400000|100%| O|  |TAMS 0x0000000717200000, 0x0000000717200000| Untracked 
| 105|0x0000000717400000, 0x0000000717600000, 0x0000000717600000|100%| O|  |TAMS 0x0000000717400000, 0x0000000717400000| Untracked 
| 106|0x0000000717600000, 0x0000000717800000, 0x0000000717800000|100%| O|  |TAMS 0x0000000717600000, 0x0000000717600000| Untracked 
| 107|0x0000000717800000, 0x0000000717a00000, 0x0000000717a00000|100%| O|  |TAMS 0x0000000717800000, 0x0000000717800000| Untracked 
| 108|0x0000000717a00000, 0x0000000717c00000, 0x0000000717c00000|100%| O|  |TAMS 0x0000000717a00000, 0x0000000717a00000| Untracked 
| 109|0x0000000717c00000, 0x0000000717e00000, 0x0000000717e00000|100%| O|  |TAMS 0x0000000717c00000, 0x0000000717c00000| Untracked 
| 110|0x0000000717e00000, 0x0000000718000000, 0x0000000718000000|100%| O|  |TAMS 0x0000000717e00000, 0x0000000717e00000| Untracked 
| 111|0x0000000718000000, 0x0000000718200000, 0x0000000718200000|100%| O|  |TAMS 0x0000000718000000, 0x0000000718000000| Untracked 
| 112|0x0000000718200000, 0x0000000718400000, 0x0000000718400000|100%| O|  |TAMS 0x0000000718200000, 0x0000000718200000| Untracked 
| 113|0x0000000718400000, 0x0000000718600000, 0x0000000718600000|100%| O|  |TAMS 0x0000000718400000, 0x0000000718400000| Untracked 
| 114|0x0000000718600000, 0x0000000718800000, 0x0000000718800000|100%| O|  |TAMS 0x0000000718600000, 0x0000000718600000| Untracked 
| 115|0x0000000718800000, 0x0000000718a00000, 0x0000000718a00000|100%| O|  |TAMS 0x0000000718800000, 0x0000000718800000| Untracked 
| 116|0x0000000718a00000, 0x0000000718c00000, 0x0000000718c00000|100%| O|  |TAMS 0x0000000718a00000, 0x0000000718a00000| Untracked 
| 117|0x0000000718c00000, 0x0000000718e00000, 0x0000000718e00000|100%| O|  |TAMS 0x0000000718c00000, 0x0000000718c00000| Untracked 
| 118|0x0000000718e00000, 0x0000000719000000, 0x0000000719000000|100%| O|  |TAMS 0x0000000718e00000, 0x0000000718e00000| Untracked 
| 119|0x0000000719000000, 0x0000000719200000, 0x0000000719200000|100%| O|  |TAMS 0x0000000719000000, 0x0000000719000000| Untracked 
| 120|0x0000000719200000, 0x0000000719400000, 0x0000000719400000|100%| O|  |TAMS 0x0000000719200000, 0x0000000719200000| Untracked 
| 121|0x0000000719400000, 0x0000000719600000, 0x0000000719600000|100%| O|  |TAMS 0x0000000719400000, 0x0000000719400000| Untracked 
| 122|0x0000000719600000, 0x0000000719800000, 0x0000000719800000|100%| O|  |TAMS 0x0000000719600000, 0x0000000719600000| Untracked 
| 123|0x0000000719800000, 0x0000000719a00000, 0x0000000719a00000|100%| O|  |TAMS 0x0000000719800000, 0x0000000719800000| Untracked 
| 124|0x0000000719a00000, 0x0000000719c00000, 0x0000000719c00000|100%| O|  |TAMS 0x0000000719a00000, 0x0000000719a00000| Untracked 
| 125|0x0000000719c00000, 0x0000000719e00000, 0x0000000719e00000|100%| O|  |TAMS 0x0000000719c00000, 0x0000000719c00000| Untracked 
| 126|0x0000000719e00000, 0x000000071a000000, 0x000000071a000000|100%| O|  |TAMS 0x0000000719e00000, 0x0000000719e00000| Untracked 
| 127|0x000000071a000000, 0x000000071a200000, 0x000000071a200000|100%| O|  |TAMS 0x000000071a000000, 0x000000071a000000| Untracked 
| 128|0x000000071a200000, 0x000000071a400000, 0x000000071a400000|100%| O|  |TAMS 0x000000071a200000, 0x000000071a200000| Untracked 
| 129|0x000000071a400000, 0x000000071a600000, 0x000000071a600000|100%| O|  |TAMS 0x000000071a400000, 0x000000071a400000| Untracked 
| 130|0x000000071a600000, 0x000000071a800000, 0x000000071a800000|100%| O|  |TAMS 0x000000071a600000, 0x000000071a600000| Untracked 
| 131|0x000000071a800000, 0x000000071aa00000, 0x000000071aa00000|100%| O|  |TAMS 0x000000071a800000, 0x000000071a800000| Untracked 
| 132|0x000000071aa00000, 0x000000071abfa600, 0x000000071ac00000| 98%| O|  |TAMS 0x000000071aa00000, 0x000000071aa00000| Untracked 
| 133|0x000000071ac00000, 0x000000071ac00000, 0x000000071ae00000|  0%| F|  |TAMS 0x000000071ac00000, 0x000000071ac00000| Untracked 
| 134|0x000000071ae00000, 0x000000071ae00000, 0x000000071b000000|  0%| F|  |TAMS 0x000000071ae00000, 0x000000071ae00000| Untracked 
| 135|0x000000071b000000, 0x000000071b000000, 0x000000071b200000|  0%| F|  |TAMS 0x000000071b000000, 0x000000071b000000| Untracked 
| 136|0x000000071b200000, 0x000000071b200000, 0x000000071b400000|  0%| F|  |TAMS 0x000000071b200000, 0x000000071b200000| Untracked 
| 137|0x000000071b400000, 0x000000071b400000, 0x000000071b600000|  0%| F|  |TAMS 0x000000071b400000, 0x000000071b400000| Untracked 
| 138|0x000000071b600000, 0x000000071b600000, 0x000000071b800000|  0%| F|  |TAMS 0x000000071b600000, 0x000000071b600000| Untracked 
| 139|0x000000071b800000, 0x000000071b800000, 0x000000071ba00000|  0%| F|  |TAMS 0x000000071b800000, 0x000000071b800000| Untracked 
| 140|0x000000071ba00000, 0x000000071ba00000, 0x000000071bc00000|  0%| F|  |TAMS 0x000000071ba00000, 0x000000071ba00000| Untracked 
| 141|0x000000071bc00000, 0x000000071bc00000, 0x000000071be00000|  0%| F|  |TAMS 0x000000071bc00000, 0x000000071bc00000| Untracked 
| 142|0x000000071be00000, 0x000000071be00000, 0x000000071c000000|  0%| F|  |TAMS 0x000000071be00000, 0x000000071be00000| Untracked 
| 143|0x000000071c000000, 0x000000071c000000, 0x000000071c200000|  0%| F|  |TAMS 0x000000071c000000, 0x000000071c000000| Untracked 
| 144|0x000000071c200000, 0x000000071c200000, 0x000000071c400000|  0%| F|  |TAMS 0x000000071c200000, 0x000000071c200000| Untracked 
| 145|0x000000071c400000, 0x000000071c400000, 0x000000071c600000|  0%| F|  |TAMS 0x000000071c400000, 0x000000071c400000| Untracked 
| 146|0x000000071c600000, 0x000000071c600000, 0x000000071c800000|  0%| F|  |TAMS 0x000000071c600000, 0x000000071c600000| Untracked 
| 147|0x000000071c800000, 0x000000071c800000, 0x000000071ca00000|  0%| F|  |TAMS 0x000000071c800000, 0x000000071c800000| Untracked 
| 148|0x000000071ca00000, 0x000000071ca00000, 0x000000071cc00000|  0%| F|  |TAMS 0x000000071ca00000, 0x000000071ca00000| Untracked 
| 149|0x000000071cc00000, 0x000000071cc00000, 0x000000071ce00000|  0%| F|  |TAMS 0x000000071cc00000, 0x000000071cc00000| Untracked 
| 150|0x000000071ce00000, 0x000000071ce00000, 0x000000071d000000|  0%| F|  |TAMS 0x000000071ce00000, 0x000000071ce00000| Untracked 
| 151|0x000000071d000000, 0x000000071d000000, 0x000000071d200000|  0%| F|  |TAMS 0x000000071d000000, 0x000000071d000000| Untracked 
| 152|0x000000071d200000, 0x000000071d200000, 0x000000071d400000|  0%| F|  |TAMS 0x000000071d200000, 0x000000071d200000| Untracked 
| 153|0x000000071d400000, 0x000000071d400000, 0x000000071d600000|  0%| F|  |TAMS 0x000000071d400000, 0x000000071d400000| Untracked 
| 154|0x000000071d600000, 0x000000071d600000, 0x000000071d800000|  0%| F|  |TAMS 0x000000071d600000, 0x000000071d600000| Untracked 
| 155|0x000000071d800000, 0x000000071d800000, 0x000000071da00000|  0%| F|  |TAMS 0x000000071d800000, 0x000000071d800000| Untracked 
| 156|0x000000071da00000, 0x000000071da00000, 0x000000071dc00000|  0%| F|  |TAMS 0x000000071da00000, 0x000000071da00000| Untracked 
| 157|0x000000071dc00000, 0x000000071dc00000, 0x000000071de00000|  0%| F|  |TAMS 0x000000071dc00000, 0x000000071dc00000| Untracked 
| 158|0x000000071de00000, 0x000000071de00000, 0x000000071e000000|  0%| F|  |TAMS 0x000000071de00000, 0x000000071de00000| Untracked 
| 159|0x000000071e000000, 0x000000071e000000, 0x000000071e200000|  0%| F|  |TAMS 0x000000071e000000, 0x000000071e000000| Untracked 
| 160|0x000000071e200000, 0x000000071e200000, 0x000000071e400000|  0%| F|  |TAMS 0x000000071e200000, 0x000000071e200000| Untracked 
| 161|0x000000071e400000, 0x000000071e400000, 0x000000071e600000|  0%| F|  |TAMS 0x000000071e400000, 0x000000071e400000| Untracked 
| 162|0x000000071e600000, 0x000000071e660fc0, 0x000000071e800000| 18%| S|CS|TAMS 0x000000071e600000, 0x000000071e600000| Complete 
| 163|0x000000071e800000, 0x000000071ea00000, 0x000000071ea00000|100%| S|CS|TAMS 0x000000071e800000, 0x000000071e800000| Complete 
| 164|0x000000071ea00000, 0x000000071ec00000, 0x000000071ec00000|100%| S|CS|TAMS 0x000000071ea00000, 0x000000071ea00000| Complete 
| 165|0x000000071ec00000, 0x000000071ec00000, 0x000000071ee00000|  0%| F|  |TAMS 0x000000071ec00000, 0x000000071ec00000| Untracked 
| 166|0x000000071ee00000, 0x000000071ee00000, 0x000000071f000000|  0%| F|  |TAMS 0x000000071ee00000, 0x000000071ee00000| Untracked 
| 167|0x000000071f000000, 0x000000071f000000, 0x000000071f200000|  0%| F|  |TAMS 0x000000071f000000, 0x000000071f000000| Untracked 
| 168|0x000000071f200000, 0x000000071f400000, 0x000000071f400000|100%| S|CS|TAMS 0x000000071f200000, 0x000000071f200000| Complete 
| 169|0x000000071f400000, 0x000000071f600000, 0x000000071f600000|100%| S|CS|TAMS 0x000000071f400000, 0x000000071f400000| Complete 
| 170|0x000000071f600000, 0x000000071f800000, 0x000000071f800000|100%| S|CS|TAMS 0x000000071f600000, 0x000000071f600000| Complete 
| 171|0x000000071f800000, 0x000000071f800000, 0x000000071fa00000|  0%| F|  |TAMS 0x000000071f800000, 0x000000071f800000| Untracked 
| 172|0x000000071fa00000, 0x000000071fa00000, 0x000000071fc00000|  0%| F|  |TAMS 0x000000071fa00000, 0x000000071fa00000| Untracked 
| 173|0x000000071fc00000, 0x000000071fc00000, 0x000000071fe00000|  0%| F|  |TAMS 0x000000071fc00000, 0x000000071fc00000| Untracked 
| 174|0x000000071fe00000, 0x000000071fe00000, 0x0000000720000000|  0%| F|  |TAMS 0x000000071fe00000, 0x000000071fe00000| Untracked 
| 175|0x0000000720000000, 0x0000000720000000, 0x0000000720200000|  0%| F|  |TAMS 0x0000000720000000, 0x0000000720000000| Untracked 
| 176|0x0000000720200000, 0x0000000720200000, 0x0000000720400000|  0%| F|  |TAMS 0x0000000720200000, 0x0000000720200000| Untracked 
| 177|0x0000000720400000, 0x0000000720400000, 0x0000000720600000|  0%| F|  |TAMS 0x0000000720400000, 0x0000000720400000| Untracked 
| 178|0x0000000720600000, 0x0000000720600000, 0x0000000720800000|  0%| F|  |TAMS 0x0000000720600000, 0x0000000720600000| Untracked 
| 179|0x0000000720800000, 0x0000000720800000, 0x0000000720a00000|  0%| F|  |TAMS 0x0000000720800000, 0x0000000720800000| Untracked 
| 180|0x0000000720a00000, 0x0000000720a00000, 0x0000000720c00000|  0%| F|  |TAMS 0x0000000720a00000, 0x0000000720a00000| Untracked 
| 181|0x0000000720c00000, 0x0000000720c00000, 0x0000000720e00000|  0%| F|  |TAMS 0x0000000720c00000, 0x0000000720c00000| Untracked 
| 182|0x0000000720e00000, 0x0000000720e00000, 0x0000000721000000|  0%| F|  |TAMS 0x0000000720e00000, 0x0000000720e00000| Untracked 
| 183|0x0000000721000000, 0x0000000721000000, 0x0000000721200000|  0%| F|  |TAMS 0x0000000721000000, 0x0000000721000000| Untracked 
| 184|0x0000000721200000, 0x0000000721200000, 0x0000000721400000|  0%| F|  |TAMS 0x0000000721200000, 0x0000000721200000| Untracked 
| 185|0x0000000721400000, 0x0000000721400000, 0x0000000721600000|  0%| F|  |TAMS 0x0000000721400000, 0x0000000721400000| Untracked 
| 186|0x0000000721600000, 0x0000000721600000, 0x0000000721800000|  0%| F|  |TAMS 0x0000000721600000, 0x0000000721600000| Untracked 
| 187|0x0000000721800000, 0x0000000721800000, 0x0000000721a00000|  0%| F|  |TAMS 0x0000000721800000, 0x0000000721800000| Untracked 
| 188|0x0000000721a00000, 0x0000000721a00000, 0x0000000721c00000|  0%| F|  |TAMS 0x0000000721a00000, 0x0000000721a00000| Untracked 
| 189|0x0000000721c00000, 0x0000000721c00000, 0x0000000721e00000|  0%| F|  |TAMS 0x0000000721c00000, 0x0000000721c00000| Untracked 
| 190|0x0000000721e00000, 0x0000000721e00000, 0x0000000722000000|  0%| F|  |TAMS 0x0000000721e00000, 0x0000000721e00000| Untracked 
| 191|0x0000000722000000, 0x0000000722000000, 0x0000000722200000|  0%| F|  |TAMS 0x0000000722000000, 0x0000000722000000| Untracked 
| 192|0x0000000722200000, 0x0000000722200000, 0x0000000722400000|  0%| F|  |TAMS 0x0000000722200000, 0x0000000722200000| Untracked 
| 193|0x0000000722400000, 0x0000000722400000, 0x0000000722600000|  0%| F|  |TAMS 0x0000000722400000, 0x0000000722400000| Untracked 
| 194|0x0000000722600000, 0x0000000722600000, 0x0000000722800000|  0%| F|  |TAMS 0x0000000722600000, 0x0000000722600000| Untracked 
| 195|0x0000000722800000, 0x0000000722800000, 0x0000000722a00000|  0%| F|  |TAMS 0x0000000722800000, 0x0000000722800000| Untracked 
| 196|0x0000000722a00000, 0x0000000722a00000, 0x0000000722c00000|  0%| F|  |TAMS 0x0000000722a00000, 0x0000000722a00000| Untracked 
| 197|0x0000000722c00000, 0x0000000722c00000, 0x0000000722e00000|  0%| F|  |TAMS 0x0000000722c00000, 0x0000000722c00000| Untracked 
| 198|0x0000000722e00000, 0x0000000722e00000, 0x0000000723000000|  0%| F|  |TAMS 0x0000000722e00000, 0x0000000722e00000| Untracked 
| 199|0x0000000723000000, 0x0000000723000000, 0x0000000723200000|  0%| F|  |TAMS 0x0000000723000000, 0x0000000723000000| Untracked 
| 200|0x0000000723200000, 0x0000000723200000, 0x0000000723400000|  0%| F|  |TAMS 0x0000000723200000, 0x0000000723200000| Untracked 
| 201|0x0000000723400000, 0x0000000723400000, 0x0000000723600000|  0%| F|  |TAMS 0x0000000723400000, 0x0000000723400000| Untracked 
| 202|0x0000000723600000, 0x0000000723600000, 0x0000000723800000|  0%| F|  |TAMS 0x0000000723600000, 0x0000000723600000| Untracked 
| 203|0x0000000723800000, 0x0000000723800000, 0x0000000723a00000|  0%| F|  |TAMS 0x0000000723800000, 0x0000000723800000| Untracked 
| 204|0x0000000723a00000, 0x0000000723a00000, 0x0000000723c00000|  0%| F|  |TAMS 0x0000000723a00000, 0x0000000723a00000| Untracked 
| 205|0x0000000723c00000, 0x0000000723c00000, 0x0000000723e00000|  0%| F|  |TAMS 0x0000000723c00000, 0x0000000723c00000| Untracked 
| 206|0x0000000723e00000, 0x0000000723e00000, 0x0000000724000000|  0%| F|  |TAMS 0x0000000723e00000, 0x0000000723e00000| Untracked 
| 207|0x0000000724000000, 0x0000000724000000, 0x0000000724200000|  0%| F|  |TAMS 0x0000000724000000, 0x0000000724000000| Untracked 
| 208|0x0000000724200000, 0x0000000724200000, 0x0000000724400000|  0%| F|  |TAMS 0x0000000724200000, 0x0000000724200000| Untracked 
| 209|0x0000000724400000, 0x0000000724400000, 0x0000000724600000|  0%| F|  |TAMS 0x0000000724400000, 0x0000000724400000| Untracked 
| 210|0x0000000724600000, 0x0000000724600000, 0x0000000724800000|  0%| F|  |TAMS 0x0000000724600000, 0x0000000724600000| Untracked 
| 211|0x0000000724800000, 0x0000000724900800, 0x0000000724a00000| 50%| E|  |TAMS 0x0000000724800000, 0x0000000724800000| Complete 
| 212|0x0000000724a00000, 0x0000000724c00000, 0x0000000724c00000|100%| E|CS|TAMS 0x0000000724a00000, 0x0000000724a00000| Complete 
| 213|0x0000000724c00000, 0x0000000724e00000, 0x0000000724e00000|100%| E|CS|TAMS 0x0000000724c00000, 0x0000000724c00000| Complete 
| 214|0x0000000724e00000, 0x0000000725000000, 0x0000000725000000|100%| E|CS|TAMS 0x0000000724e00000, 0x0000000724e00000| Complete 
| 215|0x0000000725000000, 0x0000000725200000, 0x0000000725200000|100%| E|CS|TAMS 0x0000000725000000, 0x0000000725000000| Complete 
| 216|0x0000000725200000, 0x0000000725400000, 0x0000000725400000|100%| E|CS|TAMS 0x0000000725200000, 0x0000000725200000| Complete 
| 217|0x0000000725400000, 0x0000000725600000, 0x0000000725600000|100%| E|CS|TAMS 0x0000000725400000, 0x0000000725400000| Complete 
| 218|0x0000000725600000, 0x0000000725800000, 0x0000000725800000|100%| E|CS|TAMS 0x0000000725600000, 0x0000000725600000| Complete 
| 219|0x0000000725800000, 0x0000000725a00000, 0x0000000725a00000|100%| E|CS|TAMS 0x0000000725800000, 0x0000000725800000| Complete 
| 220|0x0000000725a00000, 0x0000000725c00000, 0x0000000725c00000|100%| E|CS|TAMS 0x0000000725a00000, 0x0000000725a00000| Complete 
| 221|0x0000000725c00000, 0x0000000725e00000, 0x0000000725e00000|100%| E|CS|TAMS 0x0000000725c00000, 0x0000000725c00000| Complete 
| 222|0x0000000725e00000, 0x0000000726000000, 0x0000000726000000|100%| E|CS|TAMS 0x0000000725e00000, 0x0000000725e00000| Complete 
| 223|0x0000000726000000, 0x0000000726200000, 0x0000000726200000|100%| E|CS|TAMS 0x0000000726000000, 0x0000000726000000| Complete 
| 224|0x0000000726200000, 0x0000000726400000, 0x0000000726400000|100%| E|CS|TAMS 0x0000000726200000, 0x0000000726200000| Complete 
| 225|0x0000000726400000, 0x0000000726600000, 0x0000000726600000|100%| E|CS|TAMS 0x0000000726400000, 0x0000000726400000| Complete 
| 226|0x0000000726600000, 0x0000000726800000, 0x0000000726800000|100%| E|CS|TAMS 0x0000000726600000, 0x0000000726600000| Complete 
| 227|0x0000000726800000, 0x0000000726a00000, 0x0000000726a00000|100%| E|CS|TAMS 0x0000000726800000, 0x0000000726800000| Complete 
| 228|0x0000000726a00000, 0x0000000726c00000, 0x0000000726c00000|100%| E|CS|TAMS 0x0000000726a00000, 0x0000000726a00000| Complete 
| 229|0x0000000726c00000, 0x0000000726e00000, 0x0000000726e00000|100%| E|CS|TAMS 0x0000000726c00000, 0x0000000726c00000| Complete 
| 230|0x0000000726e00000, 0x0000000727000000, 0x0000000727000000|100%| E|CS|TAMS 0x0000000726e00000, 0x0000000726e00000| Complete 
| 231|0x0000000727000000, 0x0000000727200000, 0x0000000727200000|100%| E|CS|TAMS 0x0000000727000000, 0x0000000727000000| Complete 
| 277|0x000000072cc00000, 0x000000072ce00000, 0x000000072ce00000|100%| E|CS|TAMS 0x000000072cc00000, 0x000000072cc00000| Complete 
| 278|0x000000072ce00000, 0x000000072d000000, 0x000000072d000000|100%| E|CS|TAMS 0x000000072ce00000, 0x000000072ce00000| Complete 

Card table byte_map: [0x0000020173890000,0x0000020174040000] _byte_map_base: 0x000002017003f000

Marking Bits (Prev, Next): (CMBitMap*) 0x000002016b2c1870, (CMBitMap*) 0x000002016b2c18b0
 Prev Bits: [0x00000201747f0000, 0x0000020178568000)
 Next Bits: [0x0000020178570000, 0x000002017c2e8000)

Polling page: 0x0000020169180000

Metaspace:

Usage:
  Non-class:     81.67 MB used.
      Class:      9.15 MB used.
       Both:     90.82 MB used.

Virtual space:
  Non-class space:      128.00 MB reserved,      82.12 MB ( 64%) committed,  2 nodes.
      Class space:        1.00 GB reserved,       9.56 MB ( <1%) committed,  1 nodes.
             Both:        1.12 GB reserved,      91.69 MB (  8%) committed. 

Chunk freelists:
   Non-Class:  1.80 MB
       Class:  2.45 MB
        Both:  4.25 MB

MaxMetaspaceSize: unlimited
CompressedClassSpaceSize: 1.00 GB
Initial GC threshold: 21.00 MB
Current GC threshold: 105.00 MB
CDS: on
MetaspaceReclaimPolicy: balanced
 - commit_granule_bytes: 65536.
 - commit_granule_words: 8192.
 - virtual_space_node_default_size: 8388608.
 - enlarge_chunks_in_place: 1.
 - new_chunks_are_fully_committed: 0.
 - uncommit_free_chunks: 1.
 - use_allocation_guard: 0.


Internal statistics:

num_allocs_failed_limit: 6.
num_arena_births: 1434.
num_arena_deaths: 0.
num_vsnodes_births: 3.
num_vsnodes_deaths: 0.
num_space_committed: 1465.
num_space_uncommitted: 0.
num_chunks_returned_to_freelist: 6.
num_chunks_taken_from_freelist: 5003.
num_chunk_merges: 6.
num_chunk_splits: 3817.
num_chunks_enlarged: 3038.
num_inconsistent_stats: 0.

CodeHeap 'non-profiled nmethods': size=120000Kb used=20487Kb max_used=20487Kb free=99512Kb
 bounds [0x0000020107ad0000, 0x0000020108ee0000, 0x000002010f000000]
CodeHeap 'profiled nmethods': size=120000Kb used=68447Kb max_used=68447Kb free=51552Kb
 bounds [0x00000201005a0000, 0x0000020104890000, 0x0000020107ad0000]
CodeHeap 'non-nmethods': size=5760Kb used=1442Kb max_used=1514Kb free=4318Kb
 bounds [0x0000020100000000, 0x0000020100270000, 0x00000201005a0000]
 total_blobs=23591 nmethods=22829 adapters=668
 compilation: enabled
              stopped_count=0, restarted_count=0
 full_count=0

Compilation events (20 events):
Event: 32.246 Thread 0x000002017ef14bc0 nmethod 30161 0x0000020104878990 code [0x0000020104878ba0, 0x0000020104878fd8]
Event: 32.247 Thread 0x000002017f19acc0 nmethod 30119 0x0000020108ec9f10 code [0x0000020108eca860, 0x0000020108ece0e0]
Event: 32.247 Thread 0x000002017ef14bc0 30162       3       org.jetbrains.org.objectweb.asm.Handler::getExceptionTableSize (10 bytes)
Event: 32.248 Thread 0x000002017f19acc0 30023 % !   4       org.jetbrains.kotlin.codegen.optimization.temporaryVals.FastStoreLoadAnalyzer::analyze @ 63 (564 bytes)
Event: 32.248 Thread 0x000002017ef14bc0 nmethod 30162 0x0000020104879290 code [0x0000020104879440, 0x0000020104879638]
Event: 32.252 Thread 0x000002017ef14bc0 30163       3       org.jetbrains.org.objectweb.asm.Attribute::computeAttributesSize (62 bytes)
Event: 32.252 Thread 0x000002017ef14bc0 nmethod 30163 0x0000020104879790 code [0x0000020104879960, 0x0000020104879c88]
Event: 32.252 Thread 0x000002017ef14bc0 30164       3       org.jetbrains.org.objectweb.asm.AnnotationWriter::computeAnnotationsSize (66 bytes)
Event: 32.252 Thread 0x000002017ef14bc0 nmethod 30164 0x0000020104879e10 code [0x0000020104879fe0, 0x000002010487a318]
Event: 32.252 Thread 0x000002017ef14bc0 30165       3       org.jetbrains.org.objectweb.asm.Attribute::putAttributes (78 bytes)
Event: 32.253 Thread 0x000002017ef14bc0 nmethod 30165 0x000002010487a510 code [0x000002010487a760, 0x000002010487ac98]
Event: 32.267 Thread 0x000002017ef14bc0 30166       3       org.jetbrains.org.objectweb.asm.MethodWriter::computeMethodInfoSize (571 bytes)
Event: 32.268 Thread 0x000002017ef14bc0 nmethod 30166 0x000002010487af90 code [0x000002010487b2c0, 0x000002010487c328]
Event: 32.268 Thread 0x000002017ef14bc0 30167       3       org.jetbrains.org.objectweb.asm.MethodWriter::hasFrames (13 bytes)
Event: 32.268 Thread 0x000002017ef14bc0 nmethod 30167 0x0000020101c19990 code [0x0000020101c19b20, 0x0000020101c19c98]
Event: 32.268 Thread 0x000002017ef14bc0 30168       3       org.jetbrains.org.objectweb.asm.MethodWriter::putMethodInfo (1274 bytes)
Event: 32.271 Thread 0x000002017ef14bc0 nmethod 30168 0x000002010487ca10 code [0x000002010487d0e0, 0x000002010487fa48]
Event: 32.272 Thread 0x000002017ef14bc0 30169       1       org.jetbrains.kotlin.codegen.ClassFileFactory::access$300 (5 bytes)
Event: 32.272 Thread 0x000002017ef14bc0 nmethod 30169 0x0000020108ed1990 code [0x0000020108ed1b20, 0x0000020108ed1bd8]
Event: 32.280 Thread 0x000002017ef14bc0 30170       3       org.jetbrains.org.objectweb.asm.AnnotationWriter::putAnnotations (110 bytes)

GC Heap History (20 events):
Event: 18.781 GC heap before
{Heap before GC invocations=39 (full 0):
 garbage-first heap   total 479232K, used 178021K [0x000000070a200000, 0x0000000800000000)
  region size 2048K, 18 young (36864K), 17 survivors (34816K)
 Metaspace       used 65395K, committed 66240K, reserved 1114112K
  class space    used 7244K, committed 7680K, reserved 1048576K
}
Event: 18.796 GC heap after
{Heap after GC invocations=40 (full 0):
 garbage-first heap   total 479232K, used 179215K [0x000000070a200000, 0x0000000800000000)
  region size 2048K, 2 young (4096K), 2 survivors (4096K)
 Metaspace       used 65395K, committed 66240K, reserved 1114112K
  class space    used 7244K, committed 7680K, reserved 1048576K
}
Event: 21.414 GC heap before
{Heap before GC invocations=40 (full 0):
 garbage-first heap   total 479232K, used 359439K [0x000000070a200000, 0x0000000800000000)
  region size 2048K, 90 young (184320K), 2 survivors (4096K)
 Metaspace       used 66520K, committed 67328K, reserved 1114112K
  class space    used 7321K, committed 7744K, reserved 1048576K
}
Event: 21.423 GC heap after
{Heap after GC invocations=41 (full 0):
 garbage-first heap   total 479232K, used 187407K [0x000000070a200000, 0x0000000800000000)
  region size 2048K, 6 young (12288K), 6 survivors (12288K)
 Metaspace       used 66520K, committed 67328K, reserved 1114112K
  class space    used 7321K, committed 7744K, reserved 1048576K
}
Event: 23.227 GC heap before
{Heap before GC invocations=41 (full 0):
 garbage-first heap   total 479232K, used 369679K [0x000000070a200000, 0x0000000800000000)
  region size 2048K, 95 young (194560K), 6 survivors (12288K)
 Metaspace       used 73279K, committed 74112K, reserved 1179648K
  class space    used 7890K, committed 8320K, reserved 1048576K
}
Event: 23.239 GC heap after
{Heap after GC invocations=42 (full 0):
 garbage-first heap   total 479232K, used 198672K [0x000000070a200000, 0x0000000800000000)
  region size 2048K, 12 young (24576K), 12 survivors (24576K)
 Metaspace       used 73279K, committed 74112K, reserved 1179648K
  class space    used 7890K, committed 8320K, reserved 1048576K
}
Event: 25.467 GC heap before
{Heap before GC invocations=42 (full 0):
 garbage-first heap   total 479232K, used 380944K [0x000000070a200000, 0x0000000800000000)
  region size 2048K, 101 young (206848K), 12 survivors (24576K)
 Metaspace       used 83964K, committed 84800K, reserved 1179648K
  class space    used 8914K, committed 9344K, reserved 1048576K
}
Event: 25.491 GC heap after
{Heap after GC invocations=43 (full 0):
 garbage-first heap   total 479232K, used 223169K [0x000000070a200000, 0x0000000800000000)
  region size 2048K, 13 young (26624K), 13 survivors (26624K)
 Metaspace       used 83964K, committed 84800K, reserved 1179648K
  class space    used 8914K, committed 9344K, reserved 1048576K
}
Event: 26.534 GC heap before
{Heap before GC invocations=43 (full 0):
 garbage-first heap   total 479232K, used 380865K [0x000000070a200000, 0x0000000800000000)
  region size 2048K, 90 young (184320K), 13 survivors (26624K)
 Metaspace       used 85341K, committed 86144K, reserved 1179648K
  class space    used 8929K, committed 9344K, reserved 1048576K
}
Event: 26.549 GC heap after
{Heap after GC invocations=44 (full 0):
 garbage-first heap   total 479232K, used 236039K [0x000000070a200000, 0x0000000800000000)
  region size 2048K, 6 young (12288K), 6 survivors (12288K)
 Metaspace       used 85341K, committed 86144K, reserved 1179648K
  class space    used 8929K, committed 9344K, reserved 1048576K
}
Event: 27.358 GC heap before
{Heap before GC invocations=44 (full 0):
 garbage-first heap   total 479232K, used 385543K [0x000000070a200000, 0x0000000800000000)
  region size 2048K, 79 young (161792K), 6 survivors (12288K)
 Metaspace       used 85755K, committed 86528K, reserved 1179648K
  class space    used 8932K, committed 9344K, reserved 1048576K
}
Event: 27.367 GC heap after
{Heap after GC invocations=45 (full 0):
 garbage-first heap   total 479232K, used 242120K [0x000000070a200000, 0x0000000800000000)
  region size 2048K, 9 young (18432K), 9 survivors (18432K)
 Metaspace       used 85755K, committed 86528K, reserved 1179648K
  class space    used 8932K, committed 9344K, reserved 1048576K
}
Event: 29.057 GC heap before
{Heap before GC invocations=45 (full 0):
 garbage-first heap   total 479232K, used 389576K [0x000000070a200000, 0x0000000800000000)
  region size 2048K, 81 young (165888K), 9 survivors (18432K)
 Metaspace       used 91945K, committed 92864K, reserved 1179648K
  class space    used 9339K, committed 9792K, reserved 1048576K
}
Event: 29.069 GC heap after
{Heap after GC invocations=46 (full 0):
 garbage-first heap   total 479232K, used 251744K [0x000000070a200000, 0x0000000800000000)
  region size 2048K, 9 young (18432K), 9 survivors (18432K)
 Metaspace       used 91945K, committed 92864K, reserved 1179648K
  class space    used 9339K, committed 9792K, reserved 1048576K
}
Event: 30.063 GC heap before
{Heap before GC invocations=46 (full 0):
 garbage-first heap   total 479232K, used 393056K [0x000000070a200000, 0x0000000800000000)
  region size 2048K, 78 young (159744K), 9 survivors (18432K)
 Metaspace       used 92430K, committed 93312K, reserved 1179648K
  class space    used 9339K, committed 9792K, reserved 1048576K
}
Event: 30.074 GC heap after
{Heap after GC invocations=47 (full 0):
 garbage-first heap   total 479232K, used 261532K [0x000000070a200000, 0x0000000800000000)
  region size 2048K, 10 young (20480K), 10 survivors (20480K)
 Metaspace       used 92430K, committed 93312K, reserved 1179648K
  class space    used 9339K, committed 9792K, reserved 1048576K
}
Event: 30.992 GC heap before
{Heap before GC invocations=47 (full 0):
 garbage-first heap   total 479232K, used 396700K [0x000000070a200000, 0x0000000800000000)
  region size 2048K, 76 young (155648K), 10 survivors (20480K)
 Metaspace       used 92762K, committed 93632K, reserved 1179648K
  class space    used 9358K, committed 9792K, reserved 1048576K
}
Event: 31.002 GC heap after
{Heap after GC invocations=48 (full 0):
 garbage-first heap   total 479232K, used 272151K [0x000000070a200000, 0x0000000800000000)
  region size 2048K, 10 young (20480K), 10 survivors (20480K)
 Metaspace       used 92762K, committed 93632K, reserved 1179648K
  class space    used 9358K, committed 9792K, reserved 1048576K
}
Event: 31.903 GC heap before
{Heap before GC invocations=48 (full 0):
 garbage-first heap   total 479232K, used 401175K [0x000000070a200000, 0x0000000800000000)
  region size 2048K, 73 young (149504K), 10 survivors (20480K)
 Metaspace       used 92929K, committed 93824K, reserved 1179648K
  class space    used 9361K, committed 9792K, reserved 1048576K
}
Event: 31.914 GC heap after
{Heap after GC invocations=49 (full 0):
 garbage-first heap   total 479232K, used 282989K [0x000000070a200000, 0x0000000800000000)
  region size 2048K, 6 young (12288K), 6 survivors (12288K)
 Metaspace       used 92929K, committed 93824K, reserved 1179648K
  class space    used 9361K, committed 9792K, reserved 1048576K
}

Deoptimization events (20 events):
Event: 32.094 Thread 0x0000020169099fd0 DEOPT PACKING pc=0x000002010339cbee sp=0x000000936b2fd9f0
Event: 32.094 Thread 0x0000020169099fd0 DEOPT UNPACKING pc=0x0000020100052b43 sp=0x000000936b2fcf80 mode 0
Event: 32.102 Thread 0x0000020169099fd0 Uncommon trap: trap_request=0xffffffde fr.pc=0x0000020108bd4e28 relative=0x0000000000000508
Event: 32.102 Thread 0x0000020169099fd0 Uncommon trap: reason=class_check action=maybe_recompile pc=0x0000020108bd4e28 method=org.jetbrains.kotlin.backend.jvm.mapping.IrTypeMapper.writeGenericType(Lorg/jetbrains/kotlin/codegen/signature/JvmSignatureWriter;Lorg/jetbrains/kotlin/types/model/Kotli
Event: 32.102 Thread 0x0000020169099fd0 DEOPT PACKING pc=0x0000020108bd4e28 sp=0x000000936b2fd580
Event: 32.102 Thread 0x0000020169099fd0 DEOPT UNPACKING pc=0x00000201000523a3 sp=0x000000936b2fd478 mode 2
Event: 32.117 Thread 0x0000020169099fd0 DEOPT PACKING pc=0x00000201045cb14f sp=0x000000936b2fd560
Event: 32.117 Thread 0x0000020169099fd0 DEOPT UNPACKING pc=0x0000020100052b43 sp=0x000000936b2fcb08 mode 0
Event: 32.176 Thread 0x0000020169099fd0 DEOPT PACKING pc=0x000002010474c706 sp=0x000000936b2fd850
Event: 32.176 Thread 0x0000020169099fd0 DEOPT UNPACKING pc=0x0000020100052b43 sp=0x000000936b2fce90 mode 0
Event: 32.191 Thread 0x0000020169099fd0 DEOPT PACKING pc=0x000002010339cbee sp=0x000000936b2fc1f0
Event: 32.191 Thread 0x0000020169099fd0 DEOPT UNPACKING pc=0x0000020100052b43 sp=0x000000936b2fb788 mode 0
Event: 32.196 Thread 0x0000020169099fd0 Uncommon trap: trap_request=0xffffffc6 fr.pc=0x0000020108bb98f0 relative=0x00000000000019b0
Event: 32.196 Thread 0x0000020169099fd0 Uncommon trap: reason=bimorphic_or_optimized_type_check action=maybe_recompile pc=0x0000020108bb98f0 method=org.jetbrains.kotlin.backend.common.phaser.NamedCompilerPhase.runAfter(Lorg/jetbrains/kotlin/backend/common/phaser/PhaseConfig;Lorg/jetbrains/kotli
Event: 32.196 Thread 0x0000020169099fd0 DEOPT PACKING pc=0x0000020108bb98f0 sp=0x000000936b2fe6a0
Event: 32.196 Thread 0x0000020169099fd0 DEOPT UNPACKING pc=0x00000201000523a3 sp=0x000000936b2fe6b8 mode 2
Event: 32.199 Thread 0x0000020169099fd0 Uncommon trap: trap_request=0xffffff45 fr.pc=0x0000020108365afc relative=0x000000000000133c
Event: 32.199 Thread 0x0000020169099fd0 Uncommon trap: reason=unstable_if action=reinterpret pc=0x0000020108365afc method=java.io.WinNTFileSystem.normalize(Ljava/lang/String;II)Ljava/lang/String; @ 8 c2
Event: 32.199 Thread 0x0000020169099fd0 DEOPT PACKING pc=0x0000020108365afc sp=0x000000936b2fe2e0
Event: 32.199 Thread 0x0000020169099fd0 DEOPT UNPACKING pc=0x00000201000523a3 sp=0x000000936b2fe2a0 mode 2

Classes loaded (20 events):
Event: 8.417 Loading class java/util/regex/Pattern$Bound
Event: 8.417 Loading class java/util/regex/Pattern$Bound done
Event: 8.417 Loading class java/util/regex/Pattern$NotBehind
Event: 8.417 Loading class java/util/regex/Pattern$NotBehind done
Event: 12.643 Loading class jdk/internal/math/FloatingDecimal$ASCIIToBinaryBuffer
Event: 12.643 Loading class jdk/internal/math/FloatingDecimal$ASCIIToBinaryBuffer done
Event: 22.507 Loading class java/text/MessageFormat
Event: 22.508 Loading class java/text/MessageFormat done
Event: 22.514 Loading class jdk/internal/reflect/MethodHandleBooleanFieldAccessorImpl
Event: 22.514 Loading class jdk/internal/reflect/MethodHandleBooleanFieldAccessorImpl done
Event: 22.536 Loading class java/text/ChoiceFormat
Event: 22.536 Loading class java/text/ChoiceFormat done
Event: 22.541 Loading class java/lang/invoke/DirectMethodHandle$1
Event: 22.542 Loading class java/lang/invoke/DirectMethodHandle$1 done
Event: 22.546 Loading class java/text/MessageFormat$Field
Event: 22.546 Loading class java/text/MessageFormat$Field done
Event: 27.655 Loading class java/util/Vector$Itr
Event: 27.656 Loading class java/util/Vector$Itr done
Event: 32.202 Loading class java/io/FileOutputStream$1
Event: 32.202 Loading class java/io/FileOutputStream$1 done

Classes unloaded (0 events):
No events

Classes redefined (0 events):
No events

Internal exceptions (20 events):
Event: 22.514 Thread 0x0000020169099fd0 Exception <a 'java/lang/NoSuchMethodError'{0x000000071f4d56e0}: 'int java.lang.invoke.Invokers$Holder.invokeExact_MT(java.lang.Object, java.lang.Object, java.lang.Object)'> (0x000000071f4d56e0) 
thrown [s\open\src\hotspot\share\interpreter\linkResolver.cpp, line 759]
Event: 22.515 Thread 0x0000020169099fd0 Exception <a 'java/lang/NoSuchMethodError'{0x000000071f4da1a8}: 'void java.lang.invoke.Invokers$Holder.invokeExact_MT(java.lang.Object, java.lang.Object, java.lang.Object, java.lang.Object)'> (0x000000071f4da1a8) 
thrown [s\open\src\hotspot\share\interpreter\linkResolver.cpp, line 759]
Event: 22.532 Thread 0x0000020169099fd0 Exception <a 'java/lang/NoSuchMethodError'{0x000000071f5f3538}: 'java.lang.Object java.lang.invoke.DirectMethodHandle$Holder.invokeStaticInit(java.lang.Object, java.lang.Object, java.lang.Object, java.lang.Object)'> (0x000000071f5f3538) 
thrown [s\open\src\hotspot\share\interpreter\linkResolver.cpp, line 759]
Event: 22.643 Thread 0x0000020169099fd0 Implicit null exception at 0x0000020107f69b13 to 0x0000020107f69c5c
Event: 22.792 Thread 0x0000020169099fd0 Exception <a 'java/lang/NoSuchMethodError'{0x000000071e327858}: 'java.lang.Object java.lang.invoke.DirectMethodHandle$Holder.invokeSpecial(java.lang.Object, java.lang.Object, int, int, java.lang.Object, java.lang.Object, java.lang.Object, java.lang.Object, java.lang.Object)'> (0x000000071e327858) 
thrown [s\open\src\hotspot\share\interpreter\linkResolver.cpp, line 759]
Event: 22.802 Thread 0x0000020169099fd0 Implicit null exception at 0x0000020107b42b79 to 0x0000020107b42dac
Event: 22.814 Thread 0x0000020169099fd0 Exception <a 'java/lang/NoSuchMethodError'{0x000000071e02c4b0}: 'java.lang.Object java.lang.invoke.DirectMethodHandle$Holder.newInvokeSpecial(java.lang.Object, java.lang.Object, java.lang.Object, int, int)'> (0x000000071e02c4b0) 
thrown [s\open\src\hotspot\share\interpreter\linkResolver.cpp, line 759]
Event: 22.815 Thread 0x0000020169099fd0 Exception <a 'java/lang/NoSuchMethodError'{0x000000071e0302f8}: 'java.lang.Object java.lang.invoke.DirectMethodHandle$Holder.invokeSpecial(java.lang.Object, java.lang.Object, java.lang.Object, java.lang.Object, int, int)'> (0x000000071e0302f8) 
thrown [s\open\src\hotspot\share\interpreter\linkResolver.cpp, line 759]
Event: 24.770 Thread 0x0000020169099fd0 Implicit null exception at 0x00000201089c8435 to 0x00000201089c863e
Event: 26.402 Thread 0x0000020169099fd0 Implicit null exception at 0x0000020108abf0dc to 0x0000020108abf81c
Event: 27.255 Thread 0x0000020169099fd0 Implicit null exception at 0x0000020108388208 to 0x0000020108388f10
Event: 27.639 Thread 0x0000020169099fd0 Implicit null exception at 0x00000201081b94d0 to 0x00000201081b977c
Event: 28.818 Thread 0x0000020169099fd0 Implicit null exception at 0x00000201081611b0 to 0x0000020108161bc8
Event: 28.818 Thread 0x0000020169099fd0 Implicit null exception at 0x00000201082743b0 to 0x0000020108274794
Event: 28.820 Thread 0x0000020169099fd0 Implicit null exception at 0x0000020108239ef0 to 0x000002010823a104
Event: 28.893 Thread 0x0000020169099fd0 Implicit null exception at 0x0000020108be61fe to 0x0000020108be635c
Event: 29.113 Thread 0x0000020169099fd0 Implicit null exception at 0x0000020108c9a6b0 to 0x0000020108c9f1c4
Event: 30.355 Thread 0x0000020169099fd0 Implicit null exception at 0x0000020108cd079c to 0x0000020108cd278c
Event: 30.362 Thread 0x0000020169099fd0 Implicit null exception at 0x0000020108cefe04 to 0x0000020108cf0db0
Event: 30.693 Thread 0x0000020169099fd0 Implicit null exception at 0x0000020108db5fc4 to 0x0000020108db60b4

VM Operations (20 events):
Event: 30.292 Executing VM operation: ICBufferFull
Event: 30.292 Executing VM operation: ICBufferFull done
Event: 30.303 Executing VM operation: HandshakeAllThreads
Event: 30.303 Executing VM operation: HandshakeAllThreads done
Event: 30.567 Executing VM operation: ICBufferFull
Event: 30.567 Executing VM operation: ICBufferFull done
Event: 30.650 Executing VM operation: HandshakeAllThreads
Event: 30.650 Executing VM operation: HandshakeAllThreads done
Event: 30.931 Executing VM operation: ICBufferFull
Event: 30.931 Executing VM operation: ICBufferFull done
Event: 30.992 Executing VM operation: G1CollectForAllocation
Event: 31.002 Executing VM operation: G1CollectForAllocation done
Event: 31.485 Executing VM operation: HandshakeAllThreads
Event: 31.485 Executing VM operation: HandshakeAllThreads done
Event: 31.516 Executing VM operation: ICBufferFull
Event: 31.516 Executing VM operation: ICBufferFull done
Event: 31.903 Executing VM operation: G1CollectForAllocation
Event: 31.914 Executing VM operation: G1CollectForAllocation done
Event: 32.117 Executing VM operation: HandshakeAllThreads
Event: 32.117 Executing VM operation: HandshakeAllThreads done

Events (20 events):
Event: 30.688 Thread 0x000002017ef17fd0 flushing nmethod 0x00000201034a8d10
Event: 30.689 Thread 0x000002017ef17fd0 flushing nmethod 0x00000201035bcb10
Event: 30.689 Thread 0x000002017ef17fd0 flushing nmethod 0x00000201035d9d90
Event: 30.693 Thread 0x000002017ef17fd0 flushing nmethod 0x0000020103f8fa90
Event: 30.693 Thread 0x000002017ef17fd0 flushing nmethod 0x0000020103f94f10
Event: 30.693 Thread 0x000002017ef17fd0 flushing nmethod 0x0000020103fa4510
Event: 30.693 Thread 0x000002017ef17fd0 flushing nmethod 0x0000020103ff1610
Event: 30.693 Thread 0x000002017ef17fd0 flushing nmethod 0x0000020103fffb10
Event: 30.693 Thread 0x000002017ef17fd0 flushing nmethod 0x000002010401a210
Event: 30.694 Thread 0x000002017ef17fd0 flushing nmethod 0x0000020104068c90
Event: 30.694 Thread 0x000002017ef17fd0 flushing nmethod 0x000002010409ea10
Event: 30.695 Thread 0x000002017ef17fd0 flushing nmethod 0x0000020104387390
Event: 30.696 Thread 0x000002017ef17fd0 flushing nmethod 0x000002010453ef90
Event: 30.697 Thread 0x000002017ef17fd0 flushing nmethod 0x0000020104646e90
Event: 30.697 Thread 0x000002017ef17fd0 flushing nmethod 0x0000020104651710
Event: 32.119 Thread 0x000002017ef17fd0 flushing nmethod 0x0000020107f37b10
Event: 32.149 Thread 0x000002017ef17fd0 flushing nmethod 0x0000020101c19990
Event: 32.162 Thread 0x000002017ef17fd0 flushing nmethod 0x0000020102f44990
Event: 32.164 Thread 0x000002017ef17fd0 flushing nmethod 0x0000020103309010
Event: 32.165 Thread 0x000002017ef17fd0 flushing nmethod 0x000002010344a510


Dynamic libraries:
0x00007ff6197e0000 - 0x00007ff6197ee000 	C:\Users\HP\.jdks\openjdk-18.0.2\bin\java.exe
0x00007ffd40c30000 - 0x00007ffd40e25000 	C:\Windows\SYSTEM32\ntdll.dll
0x00007ffd3ee90000 - 0x00007ffd3ef4e000 	C:\Windows\System32\KERNEL32.DLL
0x00007ffd3e9b0000 - 0x00007ffd3ec78000 	C:\Windows\System32\KERNELBASE.dll
0x00007ffd3e7b0000 - 0x00007ffd3e8b0000 	C:\Windows\System32\ucrtbase.dll
0x00007ffd26f80000 - 0x00007ffd26f97000 	C:\Users\HP\.jdks\openjdk-18.0.2\bin\jli.dll
0x00007ffd39010000 - 0x00007ffd3902a000 	C:\Users\HP\.jdks\openjdk-18.0.2\bin\VCRUNTIME140.dll
0x00007ffd408b0000 - 0x00007ffd40a51000 	C:\Windows\System32\USER32.dll
0x00007ffd3e8b0000 - 0x00007ffd3e8d2000 	C:\Windows\System32\win32u.dll
0x00007ffd2a230000 - 0x00007ffd2a4ca000 	C:\Windows\WinSxS\amd64_microsoft.windows.common-controls_6595b64144ccf1df_6.0.19041.1110_none_60b5254171f9507e\COMCTL32.dll
0x00007ffd3ee60000 - 0x00007ffd3ee8b000 	C:\Windows\System32\GDI32.dll
0x00007ffd3f950000 - 0x00007ffd3f9ee000 	C:\Windows\System32\msvcrt.dll
0x00007ffd3e490000 - 0x00007ffd3e59b000 	C:\Windows\System32\gdi32full.dll
0x00007ffd3e8e0000 - 0x00007ffd3e97d000 	C:\Windows\System32\msvcp_win.dll
0x00007ffd3f760000 - 0x00007ffd3f790000 	C:\Windows\System32\IMM32.DLL
0x00007ffd39cf0000 - 0x00007ffd39cfc000 	C:\Users\HP\.jdks\openjdk-18.0.2\bin\vcruntime140_1.dll
0x00007ffd22420000 - 0x00007ffd224ad000 	C:\Users\HP\.jdks\openjdk-18.0.2\bin\msvcp140.dll
0x00007ffcf7870000 - 0x00007ffcf8481000 	C:\Users\HP\.jdks\openjdk-18.0.2\bin\server\jvm.dll
0x00007ffd3fac0000 - 0x00007ffd3fb6c000 	C:\Windows\System32\ADVAPI32.dll
0x00007ffd3fbf0000 - 0x00007ffd3fc8b000 	C:\Windows\System32\sechost.dll
0x00007ffd40a60000 - 0x00007ffd40b8a000 	C:\Windows\System32\RPCRT4.dll
0x00007ffd3f150000 - 0x00007ffd3f158000 	C:\Windows\System32\PSAPI.DLL
0x00007ffd33a70000 - 0x00007ffd33a97000 	C:\Windows\SYSTEM32\WINMM.dll
0x00007ffd39f20000 - 0x00007ffd39f29000 	C:\Windows\SYSTEM32\WSOCK32.dll
0x00007ffd36cd0000 - 0x00007ffd36cda000 	C:\Windows\SYSTEM32\VERSION.dll
0x00007ffd40840000 - 0x00007ffd408ab000 	C:\Windows\System32\WS2_32.dll
0x00007ffd3cbd0000 - 0x00007ffd3cbe2000 	C:\Windows\SYSTEM32\kernel.appcore.dll
0x00007ffd39520000 - 0x00007ffd3952a000 	C:\Users\HP\.jdks\openjdk-18.0.2\bin\jimage.dll
0x00007ffd2c130000 - 0x00007ffd2c314000 	C:\Windows\SYSTEM32\DBGHELP.DLL
0x00007ffd27840000 - 0x00007ffd2786c000 	C:\Windows\SYSTEM32\dbgcore.DLL
0x00007ffd3e400000 - 0x00007ffd3e483000 	C:\Windows\System32\bcryptPrimitives.dll
0x00007ffd26f50000 - 0x00007ffd26f75000 	C:\Users\HP\.jdks\openjdk-18.0.2\bin\java.dll
0x00007ffd10c80000 - 0x00007ffd10d56000 	C:\Users\HP\.jdks\openjdk-18.0.2\bin\jsvml.dll
0x00007ffd3fcb0000 - 0x00007ffd403ef000 	C:\Windows\System32\SHELL32.dll
0x00007ffd3c430000 - 0x00007ffd3cbc0000 	C:\Windows\SYSTEM32\windows.storage.dll
0x00007ffd403f0000 - 0x00007ffd40745000 	C:\Windows\System32\combase.dll
0x00007ffd3dda0000 - 0x00007ffd3ddce000 	C:\Windows\SYSTEM32\Wldp.dll
0x00007ffd3edb0000 - 0x00007ffd3ee5d000 	C:\Windows\System32\SHCORE.dll
0x00007ffd3f270000 - 0x00007ffd3f2c5000 	C:\Windows\System32\shlwapi.dll
0x00007ffd3e290000 - 0x00007ffd3e2af000 	C:\Windows\SYSTEM32\profapi.dll
0x00007ffd26e80000 - 0x00007ffd26e93000 	C:\Users\HP\.jdks\openjdk-18.0.2\bin\net.dll
0x00007ffd34370000 - 0x00007ffd3447c000 	C:\Windows\SYSTEM32\WINHTTP.dll
0x00007ffd3db00000 - 0x00007ffd3db6a000 	C:\Windows\system32\mswsock.dll
0x00007ffd26e20000 - 0x00007ffd26e36000 	C:\Users\HP\.jdks\openjdk-18.0.2\bin\nio.dll
0x00007ffd26e00000 - 0x00007ffd26e18000 	C:\Users\HP\.jdks\openjdk-18.0.2\bin\zip.dll
0x00007ffd39500000 - 0x00007ffd39510000 	C:\Users\HP\.jdks\openjdk-18.0.2\bin\verify.dll

dbghelp: loaded successfully - version: 4.0.5 - missing functions: none
symbol engine: initialized successfully - sym options: 0x614 - pdb path: .;C:\Users\HP\.jdks\openjdk-18.0.2\bin;C:\Windows\SYSTEM32;C:\Windows\WinSxS\amd64_microsoft.windows.common-controls_6595b64144ccf1df_6.0.19041.1110_none_60b5254171f9507e;C:\Users\HP\.jdks\openjdk-18.0.2\bin\server

VM Arguments:
java_command: org.jetbrains.kotlin.cli.jvm.K2JVMCompiler @C:\Users\HP\AndroidStudioProjects\MusicApp\app\build\20230812_409138092187095655.compiler.options
java_class_path (initial): C:\Users\HP\.gradle\caches\modules-2\files-2.1\org.jetbrains.kotlin\kotlin-compiler-embeddable\1.8.0\eb9118d4bcceaa2a94b2ae2a33a4ddba7c9a947f\kotlin-compiler-embeddable-1.8.0.jar;C:\Users\HP\.gradle\caches\modules-2\files-2.1\org.jetbrains.kotlin\kotlin-stdlib\1.8.0\1796921c7a3e2e2665a83e6c8d33399336cd39bc\kotlin-stdlib-1.8.0.jar;C:\Users\HP\.gradle\caches\modules-2\files-2.1\org.jetbrains.kotlin\kotlin-script-runtime\1.8.0\b2f7e760d283cb339974851c222a4c1d48f2d3d\kotlin-script-runtime-1.8.0.jar;C:\Users\HP\.gradle\caches\modules-2\files-2.1\org.jetbrains.kotlin\kotlin-reflect\1.6.10\1cbe9c92c12a94eea200d23c2bbaedaf3daf5132\kotlin-reflect-1.6.10.jar;C:\Users\HP\.gradle\caches\modules-2\files-2.1\org.jetbrains.kotlin\kotlin-daemon-embeddable\1.8.0\d255216c551685dc3a7e852b53617f5f01aaaa5c\kotlin-daemon-embeddable-1.8.0.jar;C:\Users\HP\.gradle\caches\modules-2\files-2.1\org.jetbrains.intellij.deps\trove4j\1.0.20200330\3afb14d5f9ceb459d724e907a21145e8ff394f02\trove4j-1.0.20200330.jar;C:\Users\HP\.gradle\caches\modules-2\files-2.1\net.java.dev.jna\jna\5.6.0\330f2244e9030119ab3030fc3fededc86713d9cc\jna-5.6.0.jar;C:\Users\HP\.gradle\caches\modules-2\files-2.1\org.jetbrains.kotlin\kotlin-stdlib-common\1.8.0\f7197e7cc76453ac59f8b0f8d5137cc600becd36\kotlin-stdlib-common-1.8.0.jar;C:\Users\HP\.gradle\caches\modules-2\files-2.1\org.jetbrains\annotations\13.0\919f0dfe192fb4e063e7dacadee7f8bb9a2672a9\annotations-13.0.jar
Launcher Type: SUN_STANDARD

[Global flags]
     intx CICompilerCount                          = 4                                         {product} {ergonomic}
     uint ConcGCThreads                            = 3                                         {product} {ergonomic}
     uint G1ConcRefinementThreads                  = 10                                        {product} {ergonomic}
   size_t G1HeapRegionSize                         = 2097152                                   {product} {ergonomic}
    uintx GCDrainStackTargetSize                   = 64                                        {product} {ergonomic}
   size_t InitialHeapSize                          = 257949696                                 {product} {ergonomic}
   size_t MarkStackSize                            = 4194304                                   {product} {ergonomic}
   size_t MaxHeapSize                              = 4125097984                                {product} {ergonomic}
   size_t MaxNewSize                               = 2474639360                                {product} {ergonomic}
   size_t MinHeapDeltaBytes                        = 2097152                                   {product} {ergonomic}
   size_t MinHeapSize                              = 8388608                                   {product} {ergonomic}
    uintx NonNMethodCodeHeapSize                   = 5839372                                {pd product} {ergonomic}
    uintx NonProfiledCodeHeapSize                  = 122909434                              {pd product} {ergonomic}
    uintx ProfiledCodeHeapSize                     = 122909434                              {pd product} {ergonomic}
    uintx ReservedCodeCacheSize                    = 251658240                              {pd product} {ergonomic}
     bool SegmentedCodeCache                       = true                                      {product} {ergonomic}
   size_t SoftMaxHeapSize                          = 4125097984                             {manageable} {ergonomic}
     bool UseCompressedClassPointers               = true                           {product lp64_product} {ergonomic}
     bool UseCompressedOops                        = true                           {product lp64_product} {ergonomic}
     bool UseG1GC                                  = true                                      {product} {ergonomic}
     bool UseLargePagesIndividualAllocation        = false                                  {pd product} {ergonomic}

Logging:
Log output configuration:
 #0: stdout all=warning uptime,level,tags foldmultilines=false
 #1: stderr all=off uptime,level,tags foldmultilines=false

Environment Variables:
PATH=C:\cygwin64\bin;C:\Program Files (x86)\Common Files\Intel\Shared Libraries\redist\intel64_win\compiler;C:\Program Files (x86)\Common Files\Intel\Shared Libraries\redist\intel64\compiler;C:\Program Files\Microsoft MPI\Bin\;C:\ProgramData\Oracle\Java\javapath;C:\Windows\system32;C:\Windows;C:\Windows\System32\Wbem;C:\Windows\System32\WindowsPowerShell\v1.0\;C:\Windows\System32\OpenSSH\;C:\Program Files\7-Zip;C:\Program Files (x86)\NVIDIA Corporation\PhysX\Common;C:\Program Files\Microsoft SQL Server\150\Tools\Binn\;C:\Program Files\Microsoft SQL Server\Client SDK\ODBC\170\Tools\Binn\;C:\Program Files\Git\cmd;C:\Program Files\dotnet\;C:\Program Files (x86)\Microsoft SQL Server\150\Tools\Binn\;C:\Program Files\Microsoft SQL Server\150\DTS\Binn\;C:\Program Files (x86)\Microsoft SQL Server\150\DTS\Binn\;C:\Program Files\nodejs\;C:\Users\HP\AppData\Local\Microsoft\WindowsApps;C:\Users\HP\AppData\Local\Programs\Microsoft VS Code\bin;C:\Users\HP\AppData\Local\GitHubDesktop\bin;C:\flutter\bin;C:\Users\HP\.dotnet\tools;C:\Program Files\Azure Data Studio\bin;C:\Users\HP\AppData\Roaming\npm
USERNAME=HP
OS=Windows_NT
PROCESSOR_IDENTIFIER=AMD64 Family 23 Model 96 Stepping 1, AuthenticAMD



---------------  S Y S T E M  ---------------

OS:
 Windows 10 , 64 bit Build 19041 (10.0.19041.1348)
OS uptime: 19 days 9:26 hours

CPU: total 12 (initial active 12) (12 cores per cpu, 2 threads per core) family 23 model 96 stepping 1 microcode 0x0, cx8, cmov, fxsr, ht, mmx, 3dnowpref, sse, sse2, sse3, ssse3, sse4a, sse4.1, sse4.2, popcnt, lzcnt, tsc, tscinvbit, avx, avx2, aes, clmul, bmi1, bmi2, adx, sha, fma, vzeroupper, clflush, clflushopt

Memory: 4k page, system-wide physical 15733M (834M free)
TotalPageFile size 18732M (AvailPageFile size 5M)
current process WorkingSet (physical memory assigned to process): 814M, peak: 821M
current process commit charge ("private bytes"): 864M, peak: 873M

vm_info: OpenJDK 64-Bit Server VM (18.0.2+9-61) for windows-amd64 JRE (18.0.2+9-61), built on Jun  7 2022 13:05:59 by "mach5one" with MS VC++ 16.8 / 16.9 (VS2019)

END.
