#
# There is insufficient memory for the Java Runtime Environment to continue.
# Native memory allocation (malloc) failed to allocate 1111456 bytes for Chunk::new
# Possible reasons:
#   The system is out of physical RAM or swap space
#   The process is running with CompressedOops enabled, and the Java Heap may be blocking the growth of the native heap
# Possible solutions:
#   Reduce memory load on the system
#   Increase physical memory or swap space
#   Check if swap backing store is full
#   Decrease Java heap size (-Xmx/-Xms)
#   Decrease number of Java threads
#   Decrease Java thread stack sizes (-Xss)
#   Set larger code cache with -XX:ReservedCodeCacheSize=
#   JVM is running with Zero Based Compressed Oops mode in which the Java heap is
#     placed in the first 32GB address space. The Java Heap base address is the
#     maximum limit for the native heap growth. Please use -XX:HeapBaseMinAddress
#     to set the Java Heap base and to place the Java Heap above 32GB virtual address.
# This output file may be truncated or incomplete.
#
#  Out of Memory Error (arena.cpp:184), pid=832, tid=2028
#
# JRE version: OpenJDK Runtime Environment (18.0.2+9) (build 18.0.2+9-61)
# Java VM: OpenJDK 64-Bit Server VM (18.0.2+9-61, mixed mode, sharing, tiered, compressed oops, compressed class ptrs, g1 gc, windows-amd64)
# No core dump will be written. Minidumps are not enabled by default on client versions of Windows
#

---------------  S U M M A R Y ------------

Command Line: org.jetbrains.kotlin.cli.jvm.K2JVMCompiler @C:\Users\HP\AndroidStudioProjects\MusicApp\app\build\20230619_16158684654341369142.compiler.options

Host: AMD Ryzen 5 4600H with Radeon Graphics         , 12 cores, 15G,  Windows 10 , 64 bit Build 19041 (10.0.19041.1348)
Time: Mon Jun 19 23:29:15 2023  Windows 10 , 64 bit Build 19041 (10.0.19041.1348) elapsed time: 16.578309 seconds (0d 0h 0m 16s)

---------------  T H R E A D  ---------------

Current thread (0x0000023e6c383140):  JavaThread "C2 CompilerThread1" daemon [_thread_in_native, id=2028, stack(0x0000009d97d00000,0x0000009d97e00000)]


Current CompileTask:
C2:  16578 21320       4       org.jetbrains.kotlin.backend.common.phaser.NamedCompilerPhase::invoke (373 bytes)

Stack: [0x0000009d97d00000,0x0000009d97e00000]
Native frames: (J=compiled Java code, j=interpreted, Vv=VM code, C=native code)
V  [jvm.dll+0x6993ca]
V  [jvm.dll+0x7f481d]
V  [jvm.dll+0x7f612e]
V  [jvm.dll+0x7f67e3]
V  [jvm.dll+0x25cdaf]
V  [jvm.dll+0xb8c2f]
V  [jvm.dll+0xb8fa5]
V  [jvm.dll+0x3860cb]
V  [jvm.dll+0x1d2ba8]
V  [jvm.dll+0x2300a9]
V  [jvm.dll+0x22f321]
V  [jvm.dll+0x1ba01c]
V  [jvm.dll+0x23ec9a]
V  [jvm.dll+0x23cf85]
V  [jvm.dll+0x7a6e21]
V  [jvm.dll+0x7a125a]
V  [jvm.dll+0x698275]
C  [ucrtbase.dll+0x21bb2]
C  [KERNEL32.DLL+0x17034]
C  [ntdll.dll+0x52651]


---------------  P R O C E S S  ---------------

Threads class SMR info:
_java_thread_list=0x0000023e6d925550, length=13, elements={
0x0000023e3ff51fa0, 0x0000023e64bb7de0, 0x0000023e64bb8a40, 0x0000023e64bcc450,
0x0000023e64bccdf0, 0x0000023e64bcd790, 0x0000023e64bd1150, 0x0000023e64bd1e20,
0x0000023e64bd9030, 0x0000023e64bdab70, 0x0000023e690ad010, 0x0000023e690b1570,
0x0000023e6c383140
}

Java Threads: ( => current thread )
  0x0000023e3ff51fa0 JavaThread "main" [_thread_in_Java, id=8952, stack(0x0000009d96a00000,0x0000009d96b00000)]
  0x0000023e64bb7de0 JavaThread "Reference Handler" daemon [_thread_blocked, id=6748, stack(0x0000009d97100000,0x0000009d97200000)]
  0x0000023e64bb8a40 JavaThread "Finalizer" daemon [_thread_blocked, id=12192, stack(0x0000009d97200000,0x0000009d97300000)]
  0x0000023e64bcc450 JavaThread "Signal Dispatcher" daemon [_thread_blocked, id=7792, stack(0x0000009d97300000,0x0000009d97400000)]
  0x0000023e64bccdf0 JavaThread "Attach Listener" daemon [_thread_blocked, id=13712, stack(0x0000009d97400000,0x0000009d97500000)]
  0x0000023e64bcd790 JavaThread "Service Thread" daemon [_thread_blocked, id=13108, stack(0x0000009d97500000,0x0000009d97600000)]
  0x0000023e64bd1150 JavaThread "Monitor Deflation Thread" daemon [_thread_blocked, id=13912, stack(0x0000009d97600000,0x0000009d97700000)]
  0x0000023e64bd1e20 JavaThread "C2 CompilerThread0" daemon [_thread_in_native, id=9944, stack(0x0000009d97700000,0x0000009d97800000)]
  0x0000023e64bd9030 JavaThread "C1 CompilerThread0" daemon [_thread_in_native, id=4016, stack(0x0000009d97800000,0x0000009d97900000)]
  0x0000023e64bdab70 JavaThread "Sweeper thread" daemon [_thread_blocked, id=5484, stack(0x0000009d97900000,0x0000009d97a00000)]
  0x0000023e690ad010 JavaThread "Notification Thread" daemon [_thread_blocked, id=5728, stack(0x0000009d97a00000,0x0000009d97b00000)]
  0x0000023e690b1570 JavaThread "Common-Cleaner" daemon [_thread_blocked, id=6644, stack(0x0000009d97c00000,0x0000009d97d00000)]
=>0x0000023e6c383140 JavaThread "C2 CompilerThread1" daemon [_thread_in_native, id=2028, stack(0x0000009d97d00000,0x0000009d97e00000)]

Other Threads:
  0x0000023e3ffdae50 VMThread "VM Thread" [stack: 0x0000009d97000000,0x0000009d97100000] [id=6624]
  0x0000023e690af6f0 WatcherThread "VM Periodic Task Thread" [stack: 0x0000009d97b00000,0x0000009d97c00000] [id=1536]
  0x0000023e3ffbe3f0 WorkerThread "GC Thread#0" [stack: 0x0000009d96b00000,0x0000009d96c00000] [id=8604]
  0x0000023e694d5c10 WorkerThread "GC Thread#1" [stack: 0x0000009d97e00000,0x0000009d97f00000] [id=14432]
  0x0000023e695437a0 WorkerThread "GC Thread#2" [stack: 0x0000009d97f00000,0x0000009d98000000] [id=2308]
  0x0000023e69543a40 WorkerThread "GC Thread#3" [stack: 0x0000009d98000000,0x0000009d98100000] [id=11148]
  0x0000023e69540070 WorkerThread "GC Thread#4" [stack: 0x0000009d98100000,0x0000009d98200000] [id=9256]
  0x0000023e69fd52a0 WorkerThread "GC Thread#5" [stack: 0x0000009d98200000,0x0000009d98300000] [id=14108]
  0x0000023e69f386f0 WorkerThread "GC Thread#6" [stack: 0x0000009d98300000,0x0000009d98400000] [id=6136]
  0x0000023e69f38990 WorkerThread "GC Thread#7" [stack: 0x0000009d98400000,0x0000009d98500000] [id=11596]
  0x0000023e69f38c30 WorkerThread "GC Thread#8" [stack: 0x0000009d98500000,0x0000009d98600000] [id=12208]
  0x0000023e69c89e30 WorkerThread "GC Thread#9" [stack: 0x0000009d98700000,0x0000009d98800000] [id=13660]
  0x0000023e3ffcfc00 ConcurrentGCThread "G1 Main Marker" [stack: 0x0000009d96c00000,0x0000009d96d00000] [id=2448]
  0x0000023e3ffd1500 WorkerThread "G1 Conc#0" [stack: 0x0000009d96d00000,0x0000009d96e00000] [id=14144]
  0x0000023e69f57950 WorkerThread "G1 Conc#1" [stack: 0x0000009d98800000,0x0000009d98900000] [id=1132]
  0x0000023e6a5951a0 WorkerThread "G1 Conc#2" [stack: 0x0000009d98900000,0x0000009d98a00000] [id=10520]
  0x0000023e4001ec00 ConcurrentGCThread "G1 Refine#0" [stack: 0x0000009d96e00000,0x0000009d96f00000] [id=4912]
  0x0000023e6bc67a60 ConcurrentGCThread "G1 Refine#1" [stack: 0x0000009d98a00000,0x0000009d98b00000] [id=15096]
  0x0000023e6bc67790 ConcurrentGCThread "G1 Refine#2" [stack: 0x0000009d98b00000,0x0000009d98c00000] [id=10368]
  0x0000023e6bc693b0 ConcurrentGCThread "G1 Refine#3" [stack: 0x0000009d98c00000,0x0000009d98d00000] [id=13616]
  0x0000023e6bc685a0 ConcurrentGCThread "G1 Refine#4" [stack: 0x0000009d98d00000,0x0000009d98e00000] [id=7676]
  0x0000023e64a6c630 ConcurrentGCThread "G1 Service" [stack: 0x0000009d96f00000,0x0000009d97000000] [id=14512]

Threads with active compile tasks:
C2 CompilerThread0    16588 21538       4       org.jetbrains.kotlin.backend.common.lower.InlineConstTransformer::visitCall (101 bytes)
C1 CompilerThread0    16588 21563       3       org.jetbrains.kotlin.backend.common.DeclarationTransformer$Visitor::visitSetField (6 bytes)
C2 CompilerThread1    16588 21320       4       org.jetbrains.kotlin.backend.common.phaser.NamedCompilerPhase::invoke (373 bytes)

VM state: not at safepoint (normal execution)

VM Mutex/Monitor currently owned by a thread: None

Heap address: 0x000000070a200000, size: 3934 MB, Compressed Oops mode: Zero based, Oop shift amount: 3

CDS archive(s) mapped at: [0x0000000800000000-0x0000000800ba0000-0x0000000800ba0000), size 12189696, SharedBaseAddress: 0x0000000800000000, ArchiveRelocationMode: 0.
Compressed class space mapped at: 0x0000000800c00000-0x0000000840c00000, reserved size: 1073741824
Narrow klass base: 0x0000000800000000, Narrow klass shift: 0, Narrow klass range: 0x100000000

GC Precious Log:
 CardTable entry size: 512
 Card Set container configuration: InlinePtr #cards 4 size 8 Array Of Cards #cards 16 size 48 Howl #buckets 8 coarsen threshold 3686 Howl Bitmap #cards 512 size 80 coarsen threshold 460 Card regions per heap region 1 cards per card region 4096
 CPUs: 12 total, 12 available
 Memory: 15733M
 Large Page Support: Disabled
 NUMA Support: Disabled
 Compressed Oops: Enabled (Zero based)
 Heap Region Size: 2M
 Heap Min Capacity: 8M
 Heap Initial Capacity: 246M
 Heap Max Capacity: 3934M
 Pre-touch: Disabled
 Parallel Workers: 10
 Concurrent Workers: 3
 Concurrent Refinement Workers: 10
 Periodic GC: Disabled

Heap:
 garbage-first heap   total 421888K, used 255800K [0x000000070a200000, 0x0000000800000000)
  region size 2048K, 64 young (131072K), 4 survivors (8192K)
 Metaspace       used 82575K, committed 83520K, reserved 1179648K
  class space    used 8867K, committed 9344K, reserved 1048576K

Heap Regions: E=young(eden), S=young(survivor), O=old, HS=humongous(starts), HC=humongous(continues), CS=collection set, F=free, OA=open archive, CA=closed archive, TAMS=top-at-mark-start (previous, next)
|   0|0x000000070a200000, 0x000000070a400000, 0x000000070a400000|100%|HS|  |TAMS 0x000000070a400000, 0x000000070a200000| Complete 
|   1|0x000000070a400000, 0x000000070a600000, 0x000000070a600000|100%|HC|  |TAMS 0x000000070a600000, 0x000000070a400000| Complete 
|   2|0x000000070a600000, 0x000000070a800000, 0x000000070a800000|100%|HS|  |TAMS 0x000000070a800000, 0x000000070a600000| Complete 
|   3|0x000000070a800000, 0x000000070aa00000, 0x000000070aa00000|100%|HC|  |TAMS 0x000000070aa00000, 0x000000070a800000| Complete 
|   4|0x000000070aa00000, 0x000000070ac00000, 0x000000070ac00000|100%| O|  |TAMS 0x000000070ac00000, 0x000000070aa00000| Untracked 
|   5|0x000000070ac00000, 0x000000070ae00000, 0x000000070ae00000|100%| O|  |TAMS 0x000000070ae00000, 0x000000070ac00000| Untracked 
|   6|0x000000070ae00000, 0x000000070b000000, 0x000000070b000000|100%| O|  |TAMS 0x000000070b000000, 0x000000070ae00000| Untracked 
|   7|0x000000070b000000, 0x000000070b200000, 0x000000070b200000|100%| O|  |TAMS 0x000000070b200000, 0x000000070b000000| Untracked 
|   8|0x000000070b200000, 0x000000070b400000, 0x000000070b400000|100%| O|  |TAMS 0x000000070b400000, 0x000000070b200000| Untracked 
|   9|0x000000070b400000, 0x000000070b600000, 0x000000070b600000|100%| O|  |TAMS 0x000000070b600000, 0x000000070b400000| Untracked 
|  10|0x000000070b600000, 0x000000070b800000, 0x000000070b800000|100%| O|  |TAMS 0x000000070b800000, 0x000000070b600000| Untracked 
|  11|0x000000070b800000, 0x000000070ba00000, 0x000000070ba00000|100%| O|  |TAMS 0x000000070ba00000, 0x000000070b800000| Untracked 
|  12|0x000000070ba00000, 0x000000070bc00000, 0x000000070bc00000|100%| O|  |TAMS 0x000000070bc00000, 0x000000070ba00000| Untracked 
|  13|0x000000070bc00000, 0x000000070be00000, 0x000000070be00000|100%| O|  |TAMS 0x000000070be00000, 0x000000070bc00000| Untracked 
|  14|0x000000070be00000, 0x000000070c000000, 0x000000070c000000|100%| O|  |TAMS 0x000000070c000000, 0x000000070be00000| Untracked 
|  15|0x000000070c000000, 0x000000070c200000, 0x000000070c200000|100%| O|  |TAMS 0x000000070c200000, 0x000000070c000000| Untracked 
|  16|0x000000070c200000, 0x000000070c400000, 0x000000070c400000|100%|HS|  |TAMS 0x000000070c400000, 0x000000070c200000| Complete 
|  17|0x000000070c400000, 0x000000070c600000, 0x000000070c600000|100%| O|  |TAMS 0x000000070c600000, 0x000000070c400000| Untracked 
|  18|0x000000070c600000, 0x000000070c800000, 0x000000070c800000|100%| O|  |TAMS 0x000000070c800000, 0x000000070c600000| Untracked 
|  19|0x000000070c800000, 0x000000070ca00000, 0x000000070ca00000|100%| O|  |TAMS 0x000000070ca00000, 0x000000070c800000| Untracked 
|  20|0x000000070ca00000, 0x000000070cc00000, 0x000000070cc00000|100%| O|  |TAMS 0x000000070cc00000, 0x000000070ca00000| Untracked 
|  21|0x000000070cc00000, 0x000000070ce00000, 0x000000070ce00000|100%| O|  |TAMS 0x000000070ce00000, 0x000000070cc00000| Untracked 
|  22|0x000000070ce00000, 0x000000070d000000, 0x000000070d000000|100%|HS|  |TAMS 0x000000070d000000, 0x000000070ce00000| Complete 
|  23|0x000000070d000000, 0x000000070d200000, 0x000000070d200000|100%| O|  |TAMS 0x000000070d200000, 0x000000070d000000| Untracked 
|  24|0x000000070d200000, 0x000000070d400000, 0x000000070d400000|100%| O|  |TAMS 0x000000070d400000, 0x000000070d200000| Untracked 
|  25|0x000000070d400000, 0x000000070d600000, 0x000000070d600000|100%| O|  |TAMS 0x000000070d600000, 0x000000070d400000| Untracked 
|  26|0x000000070d600000, 0x000000070d800000, 0x000000070d800000|100%| O|  |TAMS 0x000000070d800000, 0x000000070d600000| Untracked 
|  27|0x000000070d800000, 0x000000070da00000, 0x000000070da00000|100%| O|  |TAMS 0x000000070da00000, 0x000000070d800000| Untracked 
|  28|0x000000070da00000, 0x000000070dc00000, 0x000000070dc00000|100%| O|  |TAMS 0x000000070dc00000, 0x000000070da00000| Untracked 
|  29|0x000000070dc00000, 0x000000070de00000, 0x000000070de00000|100%| O|  |TAMS 0x000000070de00000, 0x000000070dc00000| Untracked 
|  30|0x000000070de00000, 0x000000070e000000, 0x000000070e000000|100%| O|  |TAMS 0x000000070e000000, 0x000000070de00000| Untracked 
|  31|0x000000070e000000, 0x000000070e200000, 0x000000070e200000|100%| O|  |TAMS 0x000000070e200000, 0x000000070e000000| Untracked 
|  32|0x000000070e200000, 0x000000070e400000, 0x000000070e400000|100%| O|  |TAMS 0x000000070e400000, 0x000000070e200000| Untracked 
|  33|0x000000070e400000, 0x000000070e600000, 0x000000070e600000|100%| O|  |TAMS 0x000000070e600000, 0x000000070e400000| Untracked 
|  34|0x000000070e600000, 0x000000070e800000, 0x000000070e800000|100%| O|  |TAMS 0x000000070e800000, 0x000000070e600000| Untracked 
|  35|0x000000070e800000, 0x000000070ea00000, 0x000000070ea00000|100%| O|  |TAMS 0x000000070ea00000, 0x000000070e800000| Untracked 
|  36|0x000000070ea00000, 0x000000070ec00000, 0x000000070ec00000|100%| O|  |TAMS 0x000000070ec00000, 0x000000070ea00000| Untracked 
|  37|0x000000070ec00000, 0x000000070ee00000, 0x000000070ee00000|100%| O|  |TAMS 0x000000070ee00000, 0x000000070ec00000| Untracked 
|  38|0x000000070ee00000, 0x000000070f000000, 0x000000070f000000|100%| O|  |TAMS 0x000000070f000000, 0x000000070ee00000| Untracked 
|  39|0x000000070f000000, 0x000000070f200000, 0x000000070f200000|100%| O|  |TAMS 0x000000070f200000, 0x000000070f000000| Untracked 
|  40|0x000000070f200000, 0x000000070f400000, 0x000000070f400000|100%| O|  |TAMS 0x000000070f400000, 0x000000070f200000| Untracked 
|  41|0x000000070f400000, 0x000000070f600000, 0x000000070f600000|100%| O|  |TAMS 0x000000070f600000, 0x000000070f400000| Untracked 
|  42|0x000000070f600000, 0x000000070f800000, 0x000000070f800000|100%| O|  |TAMS 0x000000070f800000, 0x000000070f600000| Untracked 
|  43|0x000000070f800000, 0x000000070fa00000, 0x000000070fa00000|100%| O|  |TAMS 0x000000070fa00000, 0x000000070f800000| Untracked 
|  44|0x000000070fa00000, 0x000000070fc00000, 0x000000070fc00000|100%| O|  |TAMS 0x000000070fc00000, 0x000000070fa00000| Untracked 
|  45|0x000000070fc00000, 0x000000070fe00000, 0x000000070fe00000|100%| O|  |TAMS 0x000000070fe00000, 0x000000070fc00000| Untracked 
|  46|0x000000070fe00000, 0x0000000710000000, 0x0000000710000000|100%| O|  |TAMS 0x0000000710000000, 0x000000070fe00000| Untracked 
|  47|0x0000000710000000, 0x0000000710200000, 0x0000000710200000|100%| O|  |TAMS 0x0000000710200000, 0x0000000710000000| Untracked 
|  48|0x0000000710200000, 0x0000000710400000, 0x0000000710400000|100%| O|  |TAMS 0x0000000710400000, 0x0000000710200000| Untracked 
|  49|0x0000000710400000, 0x0000000710600000, 0x0000000710600000|100%| O|  |TAMS 0x0000000710600000, 0x0000000710400000| Untracked 
|  50|0x0000000710600000, 0x0000000710800000, 0x0000000710800000|100%| O|  |TAMS 0x0000000710800000, 0x0000000710600000| Untracked 
|  51|0x0000000710800000, 0x0000000710a00000, 0x0000000710a00000|100%| O|  |TAMS 0x0000000710800000, 0x0000000710800000| Untracked 
|  52|0x0000000710a00000, 0x0000000710c00000, 0x0000000710c00000|100%| O|  |TAMS 0x0000000710c00000, 0x0000000710a00000| Untracked 
|  53|0x0000000710c00000, 0x0000000710e00000, 0x0000000710e00000|100%| O|  |TAMS 0x0000000710e00000, 0x0000000710c00000| Untracked 
|  54|0x0000000710e00000, 0x0000000711000000, 0x0000000711000000|100%| O|  |TAMS 0x0000000711000000, 0x0000000710e00000| Untracked 
|  55|0x0000000711000000, 0x0000000711200000, 0x0000000711200000|100%| O|  |TAMS 0x0000000711200000, 0x0000000711000000| Untracked 
|  56|0x0000000711200000, 0x00000007113ce200, 0x0000000711400000| 90%| O|  |TAMS 0x0000000711200000, 0x0000000711200000| Untracked 
|  57|0x0000000711400000, 0x0000000711600000, 0x0000000711600000|100%| O|  |TAMS 0x0000000711600000, 0x0000000711400000| Untracked 
|  58|0x0000000711600000, 0x0000000711800000, 0x0000000711800000|100%| O|  |TAMS 0x0000000711800000, 0x0000000711600000| Untracked 
|  59|0x0000000711800000, 0x0000000711a00000, 0x0000000711a00000|100%| O|  |TAMS 0x0000000711983400, 0x0000000711800000| Untracked 
|  60|0x0000000711a00000, 0x0000000711c00000, 0x0000000711c00000|100%| O|  |TAMS 0x0000000711a00000, 0x0000000711a00000| Untracked 
|  61|0x0000000711c00000, 0x0000000711e00000, 0x0000000711e00000|100%| O|  |TAMS 0x0000000711c00000, 0x0000000711c00000| Untracked 
|  62|0x0000000711e00000, 0x0000000711e00000, 0x0000000712000000|  0%| F|  |TAMS 0x0000000711e00000, 0x0000000711e00000| Untracked 
|  63|0x0000000712000000, 0x0000000712000000, 0x0000000712200000|  0%| F|  |TAMS 0x0000000712000000, 0x0000000712000000| Untracked 
|  64|0x0000000712200000, 0x0000000712200000, 0x0000000712400000|  0%| F|  |TAMS 0x0000000712200000, 0x0000000712200000| Untracked 
|  65|0x0000000712400000, 0x0000000712400000, 0x0000000712600000|  0%| F|  |TAMS 0x0000000712400000, 0x0000000712400000| Untracked 
|  66|0x0000000712600000, 0x0000000712600000, 0x0000000712800000|  0%| F|  |TAMS 0x0000000712600000, 0x0000000712600000| Untracked 
|  67|0x0000000712800000, 0x0000000712800000, 0x0000000712a00000|  0%| F|  |TAMS 0x0000000712800000, 0x0000000712800000| Untracked 
|  68|0x0000000712a00000, 0x0000000712a00000, 0x0000000712c00000|  0%| F|  |TAMS 0x0000000712a00000, 0x0000000712a00000| Untracked 
|  69|0x0000000712c00000, 0x0000000712c00000, 0x0000000712e00000|  0%| F|  |TAMS 0x0000000712c00000, 0x0000000712c00000| Untracked 
|  70|0x0000000712e00000, 0x0000000712e00000, 0x0000000713000000|  0%| F|  |TAMS 0x0000000712e00000, 0x0000000712e00000| Untracked 
|  71|0x0000000713000000, 0x0000000713000000, 0x0000000713200000|  0%| F|  |TAMS 0x0000000713000000, 0x0000000713000000| Untracked 
|  72|0x0000000713200000, 0x0000000713200000, 0x0000000713400000|  0%| F|  |TAMS 0x0000000713200000, 0x0000000713200000| Untracked 
|  73|0x0000000713400000, 0x0000000713400000, 0x0000000713600000|  0%| F|  |TAMS 0x0000000713400000, 0x0000000713400000| Untracked 
|  74|0x0000000713600000, 0x0000000713600000, 0x0000000713800000|  0%| F|  |TAMS 0x0000000713600000, 0x0000000713600000| Untracked 
|  75|0x0000000713800000, 0x0000000713a00000, 0x0000000713a00000|100%| S|CS|TAMS 0x0000000713800000, 0x0000000713800000| Complete 
|  76|0x0000000713a00000, 0x0000000713c00000, 0x0000000713c00000|100%| S|CS|TAMS 0x0000000713a00000, 0x0000000713a00000| Complete 
|  77|0x0000000713c00000, 0x0000000713e00000, 0x0000000713e00000|100%| S|CS|TAMS 0x0000000713c00000, 0x0000000713c00000| Complete 
|  78|0x0000000713e00000, 0x0000000714000000, 0x0000000714000000|100%| S|CS|TAMS 0x0000000713e00000, 0x0000000713e00000| Complete 
|  79|0x0000000714000000, 0x0000000714000000, 0x0000000714200000|  0%| F|  |TAMS 0x0000000714000000, 0x0000000714000000| Untracked 
|  80|0x0000000714200000, 0x0000000714200000, 0x0000000714400000|  0%| F|  |TAMS 0x0000000714200000, 0x0000000714200000| Untracked 
|  81|0x0000000714400000, 0x0000000714400000, 0x0000000714600000|  0%| F|  |TAMS 0x0000000714400000, 0x0000000714400000| Untracked 
|  82|0x0000000714600000, 0x0000000714600000, 0x0000000714800000|  0%| F|  |TAMS 0x0000000714600000, 0x0000000714600000| Untracked 
|  83|0x0000000714800000, 0x0000000714800000, 0x0000000714a00000|  0%| F|  |TAMS 0x0000000714800000, 0x0000000714800000| Untracked 
|  84|0x0000000714a00000, 0x0000000714a00000, 0x0000000714c00000|  0%| F|  |TAMS 0x0000000714a00000, 0x0000000714a00000| Untracked 
|  85|0x0000000714c00000, 0x0000000714c00000, 0x0000000714e00000|  0%| F|  |TAMS 0x0000000714c00000, 0x0000000714c00000| Untracked 
|  86|0x0000000714e00000, 0x0000000714e00000, 0x0000000715000000|  0%| F|  |TAMS 0x0000000714e00000, 0x0000000714e00000| Untracked 
|  87|0x0000000715000000, 0x0000000715000000, 0x0000000715200000|  0%| F|  |TAMS 0x0000000715000000, 0x0000000715000000| Untracked 
|  88|0x0000000715200000, 0x0000000715200000, 0x0000000715400000|  0%| F|  |TAMS 0x0000000715200000, 0x0000000715200000| Untracked 
|  89|0x0000000715400000, 0x0000000715400000, 0x0000000715600000|  0%| F|  |TAMS 0x0000000715400000, 0x0000000715400000| Untracked 
|  90|0x0000000715600000, 0x0000000715600000, 0x0000000715800000|  0%| F|  |TAMS 0x0000000715600000, 0x0000000715600000| Untracked 
|  91|0x0000000715800000, 0x0000000715800000, 0x0000000715a00000|  0%| F|  |TAMS 0x0000000715800000, 0x0000000715800000| Untracked 
|  92|0x0000000715a00000, 0x0000000715a00000, 0x0000000715c00000|  0%| F|  |TAMS 0x0000000715a00000, 0x0000000715a00000| Untracked 
|  93|0x0000000715c00000, 0x0000000715c00000, 0x0000000715e00000|  0%| F|  |TAMS 0x0000000715c00000, 0x0000000715c00000| Untracked 
|  94|0x0000000715e00000, 0x0000000715e00000, 0x0000000716000000|  0%| F|  |TAMS 0x0000000715e00000, 0x0000000715e00000| Untracked 
|  95|0x0000000716000000, 0x0000000716000000, 0x0000000716200000|  0%| F|  |TAMS 0x0000000716000000, 0x0000000716000000| Untracked 
|  96|0x0000000716200000, 0x0000000716200000, 0x0000000716400000|  0%| F|  |TAMS 0x0000000716200000, 0x0000000716200000| Untracked 
|  97|0x0000000716400000, 0x0000000716400000, 0x0000000716600000|  0%| F|  |TAMS 0x0000000716400000, 0x0000000716400000| Untracked 
|  98|0x0000000716600000, 0x0000000716600000, 0x0000000716800000|  0%| F|  |TAMS 0x0000000716600000, 0x0000000716600000| Untracked 
|  99|0x0000000716800000, 0x0000000716800000, 0x0000000716a00000|  0%| F|  |TAMS 0x0000000716800000, 0x0000000716800000| Untracked 
| 100|0x0000000716a00000, 0x0000000716a00000, 0x0000000716c00000|  0%| F|  |TAMS 0x0000000716a00000, 0x0000000716a00000| Untracked 
| 101|0x0000000716c00000, 0x0000000716c00000, 0x0000000716e00000|  0%| F|  |TAMS 0x0000000716c00000, 0x0000000716c00000| Untracked 
| 102|0x0000000716e00000, 0x0000000716e00000, 0x0000000717000000|  0%| F|  |TAMS 0x0000000716e00000, 0x0000000716e00000| Untracked 
| 103|0x0000000717000000, 0x0000000717000000, 0x0000000717200000|  0%| F|  |TAMS 0x0000000717000000, 0x0000000717000000| Untracked 
| 104|0x0000000717200000, 0x0000000717200000, 0x0000000717400000|  0%| F|  |TAMS 0x0000000717200000, 0x0000000717200000| Untracked 
| 105|0x0000000717400000, 0x0000000717400000, 0x0000000717600000|  0%| F|  |TAMS 0x0000000717400000, 0x0000000717400000| Untracked 
| 106|0x0000000717600000, 0x0000000717600000, 0x0000000717800000|  0%| F|  |TAMS 0x0000000717600000, 0x0000000717600000| Untracked 
| 107|0x0000000717800000, 0x0000000717800000, 0x0000000717a00000|  0%| F|  |TAMS 0x0000000717800000, 0x0000000717800000| Untracked 
| 108|0x0000000717a00000, 0x0000000717a00000, 0x0000000717c00000|  0%| F|  |TAMS 0x0000000717a00000, 0x0000000717a00000| Untracked 
| 109|0x0000000717c00000, 0x0000000717c00000, 0x0000000717e00000|  0%| F|  |TAMS 0x0000000717c00000, 0x0000000717c00000| Untracked 
| 110|0x0000000717e00000, 0x0000000717e00000, 0x0000000718000000|  0%| F|  |TAMS 0x0000000717e00000, 0x0000000717e00000| Untracked 
| 111|0x0000000718000000, 0x0000000718000000, 0x0000000718200000|  0%| F|  |TAMS 0x0000000718000000, 0x0000000718000000| Untracked 
| 112|0x0000000718200000, 0x0000000718200000, 0x0000000718400000|  0%| F|  |TAMS 0x0000000718200000, 0x0000000718200000| Untracked 
| 113|0x0000000718400000, 0x0000000718400000, 0x0000000718600000|  0%| F|  |TAMS 0x0000000718400000, 0x0000000718400000| Untracked 
| 114|0x0000000718600000, 0x0000000718600000, 0x0000000718800000|  0%| F|  |TAMS 0x0000000718600000, 0x0000000718600000| Untracked 
| 115|0x0000000718800000, 0x0000000718800000, 0x0000000718a00000|  0%| F|  |TAMS 0x0000000718800000, 0x0000000718800000| Untracked 
| 116|0x0000000718a00000, 0x0000000718a00000, 0x0000000718c00000|  0%| F|  |TAMS 0x0000000718a00000, 0x0000000718a00000| Untracked 
| 117|0x0000000718c00000, 0x0000000718c00000, 0x0000000718e00000|  0%| F|  |TAMS 0x0000000718c00000, 0x0000000718c00000| Untracked 
| 118|0x0000000718e00000, 0x0000000718e00000, 0x0000000719000000|  0%| F|  |TAMS 0x0000000718e00000, 0x0000000718e00000| Untracked 
| 119|0x0000000719000000, 0x0000000719000000, 0x0000000719200000|  0%| F|  |TAMS 0x0000000719000000, 0x0000000719000000| Untracked 
| 120|0x0000000719200000, 0x0000000719200000, 0x0000000719400000|  0%| F|  |TAMS 0x0000000719200000, 0x0000000719200000| Untracked 
| 121|0x0000000719400000, 0x0000000719400000, 0x0000000719600000|  0%| F|  |TAMS 0x0000000719400000, 0x0000000719400000| Untracked 
| 122|0x0000000719600000, 0x0000000719600000, 0x0000000719800000|  0%| F|  |TAMS 0x0000000719600000, 0x0000000719600000| Untracked 
| 123|0x0000000719800000, 0x0000000719800000, 0x0000000719a00000|  0%| F|  |TAMS 0x0000000719800000, 0x0000000719800000| Untracked 
| 124|0x0000000719a00000, 0x0000000719a00000, 0x0000000719c00000|  0%| F|  |TAMS 0x0000000719a00000, 0x0000000719a00000| Untracked 
| 125|0x0000000719c00000, 0x0000000719c00000, 0x0000000719e00000|  0%| F|  |TAMS 0x0000000719c00000, 0x0000000719c00000| Untracked 
| 126|0x0000000719e00000, 0x0000000719e00000, 0x000000071a000000|  0%| F|  |TAMS 0x0000000719e00000, 0x0000000719e00000| Untracked 
| 127|0x000000071a000000, 0x000000071a000000, 0x000000071a200000|  0%| F|  |TAMS 0x000000071a000000, 0x000000071a000000| Untracked 
| 128|0x000000071a200000, 0x000000071a200000, 0x000000071a400000|  0%| F|  |TAMS 0x000000071a200000, 0x000000071a200000| Untracked 
| 129|0x000000071a400000, 0x000000071a400000, 0x000000071a600000|  0%| F|  |TAMS 0x000000071a400000, 0x000000071a400000| Untracked 
| 130|0x000000071a600000, 0x000000071a600000, 0x000000071a800000|  0%| F|  |TAMS 0x000000071a600000, 0x000000071a600000| Untracked 
| 131|0x000000071a800000, 0x000000071a800000, 0x000000071aa00000|  0%| F|  |TAMS 0x000000071a800000, 0x000000071a800000| Untracked 
| 132|0x000000071aa00000, 0x000000071aa00000, 0x000000071ac00000|  0%| F|  |TAMS 0x000000071aa00000, 0x000000071aa00000| Untracked 
| 133|0x000000071ac00000, 0x000000071ac00000, 0x000000071ae00000|  0%| F|  |TAMS 0x000000071ac00000, 0x000000071ac00000| Untracked 
| 134|0x000000071ae00000, 0x000000071ae00000, 0x000000071b000000|  0%| F|  |TAMS 0x000000071ae00000, 0x000000071ae00000| Untracked 
| 135|0x000000071b000000, 0x000000071b000000, 0x000000071b200000|  0%| F|  |TAMS 0x000000071b000000, 0x000000071b000000| Untracked 
| 136|0x000000071b200000, 0x000000071b200000, 0x000000071b400000|  0%| F|  |TAMS 0x000000071b200000, 0x000000071b200000| Untracked 
| 137|0x000000071b400000, 0x000000071b400000, 0x000000071b600000|  0%| F|  |TAMS 0x000000071b400000, 0x000000071b400000| Untracked 
| 138|0x000000071b600000, 0x000000071b600000, 0x000000071b800000|  0%| F|  |TAMS 0x000000071b600000, 0x000000071b600000| Untracked 
| 139|0x000000071b800000, 0x000000071b800000, 0x000000071ba00000|  0%| F|  |TAMS 0x000000071b800000, 0x000000071b800000| Untracked 
| 140|0x000000071ba00000, 0x000000071ba00000, 0x000000071bc00000|  0%| F|  |TAMS 0x000000071ba00000, 0x000000071ba00000| Untracked 
| 141|0x000000071bc00000, 0x000000071bc00000, 0x000000071be00000|  0%| F|  |TAMS 0x000000071bc00000, 0x000000071bc00000| Untracked 
| 142|0x000000071be00000, 0x000000071be00000, 0x000000071c000000|  0%| F|  |TAMS 0x000000071be00000, 0x000000071be00000| Untracked 
| 143|0x000000071c000000, 0x000000071c000000, 0x000000071c200000|  0%| F|  |TAMS 0x000000071c000000, 0x000000071c000000| Untracked 
| 144|0x000000071c200000, 0x000000071c200000, 0x000000071c400000|  0%| F|  |TAMS 0x000000071c200000, 0x000000071c200000| Untracked 
| 145|0x000000071c400000, 0x000000071c400000, 0x000000071c600000|  0%| F|  |TAMS 0x000000071c400000, 0x000000071c400000| Untracked 
| 146|0x000000071c600000, 0x000000071c6d5330, 0x000000071c800000| 41%| E|  |TAMS 0x000000071c600000, 0x000000071c600000| Complete 
| 147|0x000000071c800000, 0x000000071ca00000, 0x000000071ca00000|100%| E|CS|TAMS 0x000000071c800000, 0x000000071c800000| Complete 
| 148|0x000000071ca00000, 0x000000071cc00000, 0x000000071cc00000|100%| E|CS|TAMS 0x000000071ca00000, 0x000000071ca00000| Complete 
| 149|0x000000071cc00000, 0x000000071ce00000, 0x000000071ce00000|100%| E|CS|TAMS 0x000000071cc00000, 0x000000071cc00000| Complete 
| 150|0x000000071ce00000, 0x000000071d000000, 0x000000071d000000|100%| E|CS|TAMS 0x000000071ce00000, 0x000000071ce00000| Complete 
| 151|0x000000071d000000, 0x000000071d200000, 0x000000071d200000|100%| E|CS|TAMS 0x000000071d000000, 0x000000071d000000| Complete 
| 152|0x000000071d200000, 0x000000071d400000, 0x000000071d400000|100%| E|CS|TAMS 0x000000071d200000, 0x000000071d200000| Complete 
| 153|0x000000071d400000, 0x000000071d600000, 0x000000071d600000|100%| E|CS|TAMS 0x000000071d400000, 0x000000071d400000| Complete 
| 154|0x000000071d600000, 0x000000071d800000, 0x000000071d800000|100%| E|CS|TAMS 0x000000071d600000, 0x000000071d600000| Complete 
| 155|0x000000071d800000, 0x000000071da00000, 0x000000071da00000|100%| E|CS|TAMS 0x000000071d800000, 0x000000071d800000| Complete 
| 156|0x000000071da00000, 0x000000071dc00000, 0x000000071dc00000|100%| E|CS|TAMS 0x000000071da00000, 0x000000071da00000| Complete 
| 157|0x000000071dc00000, 0x000000071de00000, 0x000000071de00000|100%| E|CS|TAMS 0x000000071dc00000, 0x000000071dc00000| Complete 
| 158|0x000000071de00000, 0x000000071e000000, 0x000000071e000000|100%| E|CS|TAMS 0x000000071de00000, 0x000000071de00000| Complete 
| 159|0x000000071e000000, 0x000000071e200000, 0x000000071e200000|100%| E|CS|TAMS 0x000000071e000000, 0x000000071e000000| Complete 
| 160|0x000000071e200000, 0x000000071e400000, 0x000000071e400000|100%| E|CS|TAMS 0x000000071e200000, 0x000000071e200000| Complete 
| 161|0x000000071e400000, 0x000000071e600000, 0x000000071e600000|100%| E|CS|TAMS 0x000000071e400000, 0x000000071e400000| Complete 
| 162|0x000000071e600000, 0x000000071e800000, 0x000000071e800000|100%| E|CS|TAMS 0x000000071e600000, 0x000000071e600000| Complete 
| 163|0x000000071e800000, 0x000000071ea00000, 0x000000071ea00000|100%| E|CS|TAMS 0x000000071e800000, 0x000000071e800000| Complete 
| 164|0x000000071ea00000, 0x000000071ec00000, 0x000000071ec00000|100%| E|CS|TAMS 0x000000071ea00000, 0x000000071ea00000| Complete 
| 165|0x000000071ec00000, 0x000000071ee00000, 0x000000071ee00000|100%| E|CS|TAMS 0x000000071ec00000, 0x000000071ec00000| Complete 
| 166|0x000000071ee00000, 0x000000071f000000, 0x000000071f000000|100%| E|CS|TAMS 0x000000071ee00000, 0x000000071ee00000| Complete 
| 167|0x000000071f000000, 0x000000071f200000, 0x000000071f200000|100%| E|CS|TAMS 0x000000071f000000, 0x000000071f000000| Complete 
| 168|0x000000071f200000, 0x000000071f400000, 0x000000071f400000|100%| E|CS|TAMS 0x000000071f200000, 0x000000071f200000| Complete 
| 169|0x000000071f400000, 0x000000071f600000, 0x000000071f600000|100%| E|CS|TAMS 0x000000071f400000, 0x000000071f400000| Complete 
| 170|0x000000071f600000, 0x000000071f800000, 0x000000071f800000|100%| E|CS|TAMS 0x000000071f600000, 0x000000071f600000| Complete 
| 171|0x000000071f800000, 0x000000071fa00000, 0x000000071fa00000|100%| E|CS|TAMS 0x000000071f800000, 0x000000071f800000| Complete 
| 172|0x000000071fa00000, 0x000000071fc00000, 0x000000071fc00000|100%| E|CS|TAMS 0x000000071fa00000, 0x000000071fa00000| Complete 
| 173|0x000000071fc00000, 0x000000071fe00000, 0x000000071fe00000|100%| E|CS|TAMS 0x000000071fc00000, 0x000000071fc00000| Complete 
| 174|0x000000071fe00000, 0x0000000720000000, 0x0000000720000000|100%| E|CS|TAMS 0x000000071fe00000, 0x000000071fe00000| Complete 
| 175|0x0000000720000000, 0x0000000720200000, 0x0000000720200000|100%| E|CS|TAMS 0x0000000720000000, 0x0000000720000000| Complete 
| 176|0x0000000720200000, 0x0000000720400000, 0x0000000720400000|100%| E|CS|TAMS 0x0000000720200000, 0x0000000720200000| Complete 
| 177|0x0000000720400000, 0x0000000720600000, 0x0000000720600000|100%| E|CS|TAMS 0x0000000720400000, 0x0000000720400000| Complete 
| 178|0x0000000720600000, 0x0000000720800000, 0x0000000720800000|100%| E|CS|TAMS 0x0000000720600000, 0x0000000720600000| Complete 
| 179|0x0000000720800000, 0x0000000720a00000, 0x0000000720a00000|100%| E|CS|TAMS 0x0000000720800000, 0x0000000720800000| Complete 
| 180|0x0000000720a00000, 0x0000000720c00000, 0x0000000720c00000|100%| E|CS|TAMS 0x0000000720a00000, 0x0000000720a00000| Complete 
| 181|0x0000000720c00000, 0x0000000720e00000, 0x0000000720e00000|100%| E|CS|TAMS 0x0000000720c00000, 0x0000000720c00000| Complete 
| 182|0x0000000720e00000, 0x0000000721000000, 0x0000000721000000|100%| E|CS|TAMS 0x0000000720e00000, 0x0000000720e00000| Complete 
| 183|0x0000000721000000, 0x0000000721200000, 0x0000000721200000|100%| E|CS|TAMS 0x0000000721000000, 0x0000000721000000| Complete 
| 184|0x0000000721200000, 0x0000000721400000, 0x0000000721400000|100%| E|CS|TAMS 0x0000000721200000, 0x0000000721200000| Complete 
| 185|0x0000000721400000, 0x0000000721600000, 0x0000000721600000|100%| E|CS|TAMS 0x0000000721400000, 0x0000000721400000| Complete 
| 186|0x0000000721600000, 0x0000000721800000, 0x0000000721800000|100%| E|CS|TAMS 0x0000000721600000, 0x0000000721600000| Complete 
| 187|0x0000000721800000, 0x0000000721a00000, 0x0000000721a00000|100%| E|CS|TAMS 0x0000000721800000, 0x0000000721800000| Complete 
| 188|0x0000000721a00000, 0x0000000721c00000, 0x0000000721c00000|100%| E|CS|TAMS 0x0000000721a00000, 0x0000000721a00000| Complete 
| 189|0x0000000721c00000, 0x0000000721e00000, 0x0000000721e00000|100%| E|CS|TAMS 0x0000000721c00000, 0x0000000721c00000| Complete 
| 190|0x0000000721e00000, 0x0000000722000000, 0x0000000722000000|100%| E|CS|TAMS 0x0000000721e00000, 0x0000000721e00000| Complete 
| 191|0x0000000722000000, 0x0000000722200000, 0x0000000722200000|100%| E|CS|TAMS 0x0000000722000000, 0x0000000722000000| Complete 
| 192|0x0000000722200000, 0x0000000722400000, 0x0000000722400000|100%| E|CS|TAMS 0x0000000722200000, 0x0000000722200000| Complete 
| 193|0x0000000722400000, 0x0000000722600000, 0x0000000722600000|100%| E|CS|TAMS 0x0000000722400000, 0x0000000722400000| Complete 
| 194|0x0000000722600000, 0x0000000722800000, 0x0000000722800000|100%| E|CS|TAMS 0x0000000722600000, 0x0000000722600000| Complete 
| 195|0x0000000722800000, 0x0000000722a00000, 0x0000000722a00000|100%| E|CS|TAMS 0x0000000722800000, 0x0000000722800000| Complete 
| 196|0x0000000722a00000, 0x0000000722c00000, 0x0000000722c00000|100%| E|CS|TAMS 0x0000000722a00000, 0x0000000722a00000| Complete 
| 197|0x0000000722c00000, 0x0000000722e00000, 0x0000000722e00000|100%| E|CS|TAMS 0x0000000722c00000, 0x0000000722c00000| Complete 
| 198|0x0000000722e00000, 0x0000000723000000, 0x0000000723000000|100%| E|CS|TAMS 0x0000000722e00000, 0x0000000722e00000| Complete 
| 199|0x0000000723000000, 0x0000000723200000, 0x0000000723200000|100%| E|CS|TAMS 0x0000000723000000, 0x0000000723000000| Complete 
| 200|0x0000000723200000, 0x0000000723400000, 0x0000000723400000|100%| E|CS|TAMS 0x0000000723200000, 0x0000000723200000| Complete 
| 201|0x0000000723400000, 0x0000000723600000, 0x0000000723600000|100%| E|CS|TAMS 0x0000000723400000, 0x0000000723400000| Complete 
| 202|0x0000000723600000, 0x0000000723800000, 0x0000000723800000|100%| E|CS|TAMS 0x0000000723600000, 0x0000000723600000| Complete 
| 203|0x0000000723800000, 0x0000000723a00000, 0x0000000723a00000|100%| E|CS|TAMS 0x0000000723800000, 0x0000000723800000| Complete 
| 204|0x0000000723a00000, 0x0000000723c00000, 0x0000000723c00000|100%| E|CS|TAMS 0x0000000723a00000, 0x0000000723a00000| Complete 
| 205|0x0000000723c00000, 0x0000000723e00000, 0x0000000723e00000|100%| E|CS|TAMS 0x0000000723c00000, 0x0000000723c00000| Complete 

Card table byte_map: [0x0000023e594e0000,0x0000023e59c90000] _byte_map_base: 0x0000023e55c8f000

Marking Bits (Prev, Next): (CMBitMap*) 0x0000023e3ffbe8f0, (CMBitMap*) 0x0000023e3ffbe930
 Prev Bits: [0x0000023e5a440000, 0x0000023e5e1b8000)
 Next Bits: [0x0000023e5e1c0000, 0x0000023e61f38000)

Polling page: 0x0000023e40020000

Metaspace:

Usage:
  Non-class:     71.98 MB used.
      Class:      8.66 MB used.
       Both:     80.64 MB used.

Virtual space:
  Non-class space:      128.00 MB reserved,      72.44 MB ( 57%) committed,  2 nodes.
      Class space:        1.00 GB reserved,       9.12 MB ( <1%) committed,  1 nodes.
             Both:        1.12 GB reserved,      81.56 MB (  7%) committed. 

Chunk freelists:
   Non-Class:  2.92 MB
       Class:  2.73 MB
        Both:  5.66 MB

MaxMetaspaceSize: unlimited
CompressedClassSpaceSize: 1.00 GB
Initial GC threshold: 21.00 MB
Current GC threshold: 108.12 MB
CDS: on
MetaspaceReclaimPolicy: balanced
 - commit_granule_bytes: 65536.
 - commit_granule_words: 8192.
 - virtual_space_node_default_size: 8388608.
 - enlarge_chunks_in_place: 1.
 - new_chunks_are_fully_committed: 0.
 - uncommit_free_chunks: 1.
 - use_allocation_guard: 0.


Internal statistics:

num_allocs_failed_limit: 6.
num_arena_births: 1398.
num_arena_deaths: 0.
num_vsnodes_births: 3.
num_vsnodes_deaths: 0.
num_space_committed: 1303.
num_space_uncommitted: 0.
num_chunks_returned_to_freelist: 6.
num_chunks_taken_from_freelist: 4594.
num_chunk_merges: 6.
num_chunk_splits: 3477.
num_chunks_enlarged: 2730.
num_inconsistent_stats: 0.

CodeHeap 'non-profiled nmethods': size=120000Kb used=11309Kb max_used=11309Kb free=108691Kb
 bounds [0x0000023e50b70000, 0x0000023e51680000, 0x0000023e580a0000]
CodeHeap 'profiled nmethods': size=120000Kb used=49517Kb max_used=49517Kb free=70482Kb
 bounds [0x0000023e49640000, 0x0000023e4c6a0000, 0x0000023e50b70000]
CodeHeap 'non-nmethods': size=5760Kb used=1425Kb max_used=1471Kb free=4334Kb
 bounds [0x0000023e490a0000, 0x0000023e49310000, 0x0000023e49640000]
 total_blobs=17733 nmethods=16989 adapters=651
 compilation: enabled
              stopped_count=0, restarted_count=0
 full_count=0

Compilation events (20 events):
Event: 16.575 Thread 0x0000023e64bd9030 21529       3       org.jetbrains.kotlin.builtins.PrimitiveType$Companion::getByShortName (234 bytes)
Event: 16.575 Thread 0x0000023e64bd9030 nmethod 21529 0x0000023e4c66cf10 code [0x0000023e4c66d220, 0x0000023e4c66dfe8]
Event: 16.575 Thread 0x0000023e64bd9030 21524       3       org.jetbrains.kotlin.ir.declarations.lazy.IrLazyValueParameter::createLazyAnnotations (5 bytes)
Event: 16.576 Thread 0x0000023e64bd9030 nmethod 21524 0x0000023e4c66e310 code [0x0000023e4c66e600, 0x0000023e4c66f598]
Event: 16.576 Thread 0x0000023e64bd9030 21525       3       org.jetbrains.kotlin.ir.declarations.lazy.IrLazyValueParameter$type$2::<init> (16 bytes)
Event: 16.576 Thread 0x0000023e64bd9030 nmethod 21525 0x0000023e4c66fb10 code [0x0000023e4c66fcc0, 0x0000023e4c66ff58]
Event: 16.576 Thread 0x0000023e64bd9030 21526       3       org.jetbrains.kotlin.ir.declarations.lazy.IrLazyValueParameter$varargElementType$2::<init> (16 bytes)
Event: 16.576 Thread 0x0000023e64bd9030 nmethod 21526 0x0000023e4c670090 code [0x0000023e4c670240, 0x0000023e4c6704d8]
Event: 16.576 Thread 0x0000023e64bd9030 21527       3       org.jetbrains.kotlin.ir.declarations.lazy.IrLazyValueParameter::setParent (12 bytes)
Event: 16.576 Thread 0x0000023e64bd9030 nmethod 21527 0x0000023e4c670610 code [0x0000023e4c670820, 0x0000023e4c670e38]
Event: 16.576 Thread 0x0000023e64bd9030 21531       3       org.jetbrains.kotlin.resolve.jvm.jvmSignature.JvmMethodParameterSignature::<init> (31 bytes)
Event: 16.576 Thread 0x0000023e64bd9030 nmethod 21531 0x0000023e4c671090 code [0x0000023e4c671260, 0x0000023e4c671598]
Event: 16.576 Thread 0x0000023e64bd9030 21532       3       org.jetbrains.org.objectweb.asm.Type::getSize (86 bytes)
Event: 16.577 Thread 0x0000023e64bd9030 nmethod 21532 0x0000023e4c671690 code [0x0000023e4c671840, 0x0000023e4c671c08]
Event: 16.577 Thread 0x0000023e64bd9030 21536       3       org.jetbrains.kotlin.ir.builders.ExpressionHelpersKt::irGetField (43 bytes)
Event: 16.577 Thread 0x0000023e64bd9030 nmethod 21536 0x0000023e4c671d10 code [0x0000023e4c671fc0, 0x0000023e4c672ce8]
Event: 16.577 Thread 0x0000023e64bd9030 21533       3       org.jetbrains.kotlin.resolve.jvm.jvmSignature.JvmMethodParameterSignature::getAsmType (13 bytes)
Event: 16.577 Thread 0x0000023e64bd9030 nmethod 21533 0x0000023e4c673190 code [0x0000023e4c673340, 0x0000023e4c6734c8]
Event: 16.577 Thread 0x0000023e64bd9030 21528       3       org.jetbrains.kotlin.ir.types.IrTypePredicatesKt::isUnit (14 bytes)
Event: 16.577 Thread 0x0000023e64bd1e20 21538       4       org.jetbrains.kotlin.backend.common.lower.InlineConstTransformer::visitCall (101 bytes)

GC Heap History (20 events):
Event: 10.720 GC heap before
{Heap before GC invocations=28 (full 0):
 garbage-first heap   total 190464K, used 151547K [0x000000070a200000, 0x0000000800000000)
  region size 2048K, 24 young (49152K), 1 survivors (2048K)
 Metaspace       used 63486K, committed 64320K, reserved 1114112K
  class space    used 7177K, committed 7616K, reserved 1048576K
}
Event: 10.726 GC heap after
{Heap after GC invocations=29 (full 0):
 garbage-first heap   total 190464K, used 110592K [0x000000070a200000, 0x0000000800000000)
  region size 2048K, 3 young (6144K), 3 survivors (6144K)
 Metaspace       used 63486K, committed 64320K, reserved 1114112K
  class space    used 7177K, committed 7616K, reserved 1048576K
}
Event: 11.600 GC heap before
{Heap before GC invocations=30 (full 0):
 garbage-first heap   total 192512K, used 153600K [0x000000070a200000, 0x0000000800000000)
  region size 2048K, 24 young (49152K), 3 survivors (6144K)
 Metaspace       used 63774K, committed 64640K, reserved 1114112K
  class space    used 7185K, committed 7616K, reserved 1048576K
}
Event: 11.608 GC heap after
{Heap after GC invocations=31 (full 0):
 garbage-first heap   total 192512K, used 115365K [0x000000070a200000, 0x0000000800000000)
  region size 2048K, 3 young (6144K), 3 survivors (6144K)
 Metaspace       used 63774K, committed 64640K, reserved 1114112K
  class space    used 7185K, committed 7616K, reserved 1048576K
}
Event: 11.646 GC heap before
{Heap before GC invocations=31 (full 0):
 garbage-first heap   total 192512K, used 117413K [0x000000070a200000, 0x0000000800000000)
  region size 2048K, 4 young (8192K), 3 survivors (6144K)
 Metaspace       used 63792K, committed 64640K, reserved 1114112K
  class space    used 7185K, committed 7616K, reserved 1048576K
}
Event: 11.651 GC heap after
{Heap after GC invocations=32 (full 0):
 garbage-first heap   total 192512K, used 115506K [0x000000070a200000, 0x0000000800000000)
  region size 2048K, 1 young (2048K), 1 survivors (2048K)
 Metaspace       used 63792K, committed 64640K, reserved 1114112K
  class space    used 7185K, committed 7616K, reserved 1048576K
}
Event: 12.469 GC heap before
{Heap before GC invocations=32 (full 0):
 garbage-first heap   total 192512K, used 156466K [0x000000070a200000, 0x0000000800000000)
  region size 2048K, 21 young (43008K), 1 survivors (2048K)
 Metaspace       used 64104K, committed 64960K, reserved 1114112K
  class space    used 7207K, committed 7680K, reserved 1048576K
}
Event: 12.474 GC heap after
{Heap after GC invocations=33 (full 0):
 garbage-first heap   total 192512K, used 118195K [0x000000070a200000, 0x0000000800000000)
  region size 2048K, 2 young (4096K), 2 survivors (4096K)
 Metaspace       used 64104K, committed 64960K, reserved 1114112K
  class space    used 7207K, committed 7680K, reserved 1048576K
}
Event: 13.312 GC heap before
{Heap before GC invocations=34 (full 0):
 garbage-first heap   total 204800K, used 157107K [0x000000070a200000, 0x0000000800000000)
  region size 2048K, 21 young (43008K), 2 survivors (4096K)
 Metaspace       used 64536K, committed 65408K, reserved 1114112K
  class space    used 7241K, committed 7680K, reserved 1048576K
}
Event: 13.319 GC heap after
{Heap after GC invocations=35 (full 0):
 garbage-first heap   total 204800K, used 121660K [0x000000070a200000, 0x0000000800000000)
  region size 2048K, 2 young (4096K), 2 survivors (4096K)
 Metaspace       used 64536K, committed 65408K, reserved 1114112K
  class space    used 7241K, committed 7680K, reserved 1048576K
}
Event: 13.404 GC heap before
{Heap before GC invocations=35 (full 0):
 garbage-first heap   total 204800K, used 127804K [0x000000070a200000, 0x0000000800000000)
  region size 2048K, 5 young (10240K), 2 survivors (4096K)
 Metaspace       used 64844K, committed 65728K, reserved 1114112K
  class space    used 7273K, committed 7744K, reserved 1048576K
}
Event: 13.408 GC heap after
{Heap after GC invocations=36 (full 0):
 garbage-first heap   total 204800K, used 120967K [0x000000070a200000, 0x0000000800000000)
  region size 2048K, 1 young (2048K), 1 survivors (2048K)
 Metaspace       used 64844K, committed 65728K, reserved 1114112K
  class space    used 7273K, committed 7744K, reserved 1048576K
}
Event: 13.787 GC heap before
{Heap before GC invocations=36 (full 0):
 garbage-first heap   total 204800K, used 168071K [0x000000070a200000, 0x0000000800000000)
  region size 2048K, 24 young (49152K), 1 survivors (2048K)
 Metaspace       used 65434K, committed 66304K, reserved 1114112K
  class space    used 7301K, committed 7744K, reserved 1048576K
}
Event: 13.789 GC heap after
{Heap after GC invocations=37 (full 0):
 garbage-first heap   total 204800K, used 121398K [0x000000070a200000, 0x0000000800000000)
  region size 2048K, 1 young (2048K), 1 survivors (2048K)
 Metaspace       used 65434K, committed 66304K, reserved 1114112K
  class space    used 7301K, committed 7744K, reserved 1048576K
}
Event: 14.381 GC heap before
{Heap before GC invocations=38 (full 0):
 garbage-first heap   total 212992K, used 168502K [0x000000070a200000, 0x0000000800000000)
  region size 2048K, 25 young (51200K), 1 survivors (2048K)
 Metaspace       used 70408K, committed 71232K, reserved 1114112K
  class space    used 7734K, committed 8192K, reserved 1048576K
}
Event: 14.385 GC heap after
{Heap after GC invocations=39 (full 0):
 garbage-first heap   total 212992K, used 125336K [0x000000070a200000, 0x0000000800000000)
  region size 2048K, 3 young (6144K), 3 survivors (6144K)
 Metaspace       used 70408K, committed 71232K, reserved 1114112K
  class space    used 7734K, committed 8192K, reserved 1048576K
}
Event: 14.480 GC heap before
{Heap before GC invocations=39 (full 0):
 garbage-first heap   total 212992K, used 129432K [0x000000070a200000, 0x0000000800000000)
  region size 2048K, 5 young (10240K), 3 survivors (6144K)
 Metaspace       used 70800K, committed 71616K, reserved 1114112K
  class space    used 7766K, committed 8192K, reserved 1048576K
}
Event: 14.485 GC heap after
{Heap after GC invocations=40 (full 0):
 garbage-first heap   total 212992K, used 126120K [0x000000070a200000, 0x0000000800000000)
  region size 2048K, 1 young (2048K), 1 survivors (2048K)
 Metaspace       used 70800K, committed 71616K, reserved 1114112K
  class space    used 7766K, committed 8192K, reserved 1048576K
}
Event: 15.127 GC heap before
{Heap before GC invocations=40 (full 0):
 garbage-first heap   total 212992K, used 175272K [0x000000070a200000, 0x0000000800000000)
  region size 2048K, 25 young (51200K), 1 survivors (2048K)
 Metaspace       used 71978K, committed 72832K, reserved 1114112K
  class space    used 7855K, committed 8320K, reserved 1048576K
}
Event: 15.135 GC heap after
{Heap after GC invocations=41 (full 0):
 garbage-first heap   total 421888K, used 134968K [0x000000070a200000, 0x0000000800000000)
  region size 2048K, 4 young (8192K), 4 survivors (8192K)
 Metaspace       used 71978K, committed 72832K, reserved 1114112K
  class space    used 7855K, committed 8320K, reserved 1048576K
}

Deoptimization events (20 events):
Event: 16.559 Thread 0x0000023e3ff51fa0 Uncommon trap: trap_request=0xffffffde fr.pc=0x0000023e515ffb84 relative=0x00000000000000e4
Event: 16.559 Thread 0x0000023e3ff51fa0 Uncommon trap: reason=class_check action=maybe_recompile pc=0x0000023e515ffb84 method=org.jetbrains.kotlin.ir.expressions.IrSetField.acceptChildren(Lorg/jetbrains/kotlin/ir/visitors/IrElementVisitor;Ljava/lang/Object;)V @ 16 c2
Event: 16.559 Thread 0x0000023e3ff51fa0 DEOPT PACKING pc=0x0000023e515ffb84 sp=0x0000009d96afd360
Event: 16.559 Thread 0x0000023e3ff51fa0 DEOPT UNPACKING pc=0x0000023e490f23a3 sp=0x0000009d96afd2f8 mode 2
Event: 16.559 Thread 0x0000023e3ff51fa0 Uncommon trap: trap_request=0xffffffde fr.pc=0x0000023e515ffb84 relative=0x00000000000000e4
Event: 16.559 Thread 0x0000023e3ff51fa0 Uncommon trap: reason=class_check action=maybe_recompile pc=0x0000023e515ffb84 method=org.jetbrains.kotlin.ir.expressions.IrSetField.acceptChildren(Lorg/jetbrains/kotlin/ir/visitors/IrElementVisitor;Ljava/lang/Object;)V @ 16 c2
Event: 16.559 Thread 0x0000023e3ff51fa0 DEOPT PACKING pc=0x0000023e515ffb84 sp=0x0000009d96afd140
Event: 16.559 Thread 0x0000023e3ff51fa0 DEOPT UNPACKING pc=0x0000023e490f23a3 sp=0x0000009d96afd0d8 mode 2
Event: 16.559 Thread 0x0000023e3ff51fa0 Uncommon trap: trap_request=0xffffffde fr.pc=0x0000023e515ffb84 relative=0x00000000000000e4
Event: 16.559 Thread 0x0000023e3ff51fa0 Uncommon trap: reason=class_check action=maybe_recompile pc=0x0000023e515ffb84 method=org.jetbrains.kotlin.ir.expressions.IrSetField.acceptChildren(Lorg/jetbrains/kotlin/ir/visitors/IrElementVisitor;Ljava/lang/Object;)V @ 16 c2
Event: 16.560 Thread 0x0000023e3ff51fa0 DEOPT PACKING pc=0x0000023e515ffb84 sp=0x0000009d96afc5e0
Event: 16.560 Thread 0x0000023e3ff51fa0 DEOPT UNPACKING pc=0x0000023e490f23a3 sp=0x0000009d96afc578 mode 2
Event: 16.562 Thread 0x0000023e3ff51fa0 Uncommon trap: trap_request=0xffffffc6 fr.pc=0x0000023e5161a91c relative=0x000000000000045c
Event: 16.562 Thread 0x0000023e3ff51fa0 Uncommon trap: reason=bimorphic_or_optimized_type_check action=maybe_recompile pc=0x0000023e5161a91c method=org.jetbrains.kotlin.ir.util.IrUtilsKt.getDefaultType(Lorg/jetbrains/kotlin/ir/declarations/IrClass;)Lorg/jetbrains/kotlin/ir/types/IrSimpleType; @
Event: 16.562 Thread 0x0000023e3ff51fa0 DEOPT PACKING pc=0x0000023e5161a91c sp=0x0000009d96afc300
Event: 16.562 Thread 0x0000023e3ff51fa0 DEOPT UNPACKING pc=0x0000023e490f23a3 sp=0x0000009d96afc2e0 mode 2
Event: 16.563 Thread 0x0000023e3ff51fa0 Uncommon trap: trap_request=0xffffffde fr.pc=0x0000023e5161b4d4 relative=0x00000000000000b4
Event: 16.563 Thread 0x0000023e3ff51fa0 Uncommon trap: reason=class_check action=maybe_recompile pc=0x0000023e5161b4d4 method=org.jetbrains.kotlin.backend.common.DeclarationTransformer.transformFlatRestricted(Lorg/jetbrains/kotlin/ir/declarations/IrDeclaration;)Ljava/util/List; @ 27 c2
Event: 16.563 Thread 0x0000023e3ff51fa0 DEOPT PACKING pc=0x0000023e5161b4d4 sp=0x0000009d96afdf50
Event: 16.563 Thread 0x0000023e3ff51fa0 DEOPT UNPACKING pc=0x0000023e490f23a3 sp=0x0000009d96afdee0 mode 2

Classes loaded (20 events):
Event: 6.587 Loading class java/util/stream/Node$Builder done
Event: 6.587 Loading class java/util/stream/SpinedBuffer
Event: 6.587 Loading class java/util/stream/AbstractSpinedBuffer
Event: 6.587 Loading class java/util/stream/AbstractSpinedBuffer done
Event: 6.587 Loading class java/util/stream/SpinedBuffer done
Event: 6.587 Loading class java/util/stream/Nodes$SpinedNodeBuilder done
Event: 7.902 Loading class jdk/internal/math/FDBigInteger
Event: 7.903 Loading class jdk/internal/math/FDBigInteger done
Event: 14.170 Loading class java/text/MessageFormat
Event: 14.171 Loading class java/text/MessageFormat done
Event: 14.175 Loading class jdk/internal/reflect/MethodHandleBooleanFieldAccessorImpl
Event: 14.175 Loading class jdk/internal/reflect/MethodHandleBooleanFieldAccessorImpl done
Event: 14.189 Loading class java/text/ChoiceFormat
Event: 14.189 Loading class java/text/ChoiceFormat done
Event: 14.189 Loading class jdk/internal/math/FloatingDecimal$ASCIIToBinaryBuffer
Event: 14.189 Loading class jdk/internal/math/FloatingDecimal$ASCIIToBinaryBuffer done
Event: 14.194 Loading class java/lang/invoke/DirectMethodHandle$1
Event: 14.194 Loading class java/lang/invoke/DirectMethodHandle$1 done
Event: 14.197 Loading class java/text/MessageFormat$Field
Event: 14.197 Loading class java/text/MessageFormat$Field done

Classes unloaded (0 events):
No events

Classes redefined (0 events):
No events

Internal exceptions (20 events):
Event: 7.845 Thread 0x0000023e3ff51fa0 Implicit null exception at 0x0000023e50eb5c74 to 0x0000023e50eb7320
Event: 7.845 Thread 0x0000023e3ff51fa0 Implicit null exception at 0x0000023e50eb22cc to 0x0000023e50eb3890
Event: 7.845 Thread 0x0000023e3ff51fa0 Implicit null exception at 0x0000023e50e7c030 to 0x0000023e50e7db24
Event: 7.846 Thread 0x0000023e3ff51fa0 Implicit null exception at 0x0000023e50b8d7d2 to 0x0000023e50b8dcdc
Event: 7.863 Thread 0x0000023e3ff51fa0 Implicit null exception at 0x0000023e50b8e652 to 0x0000023e50b8eb50
Event: 8.999 Thread 0x0000023e3ff51fa0 Exception <a 'java/lang/NoSuchMethodError'{0x0000000714d55d58}: 'void java.lang.invoke.DirectMethodHandle$Holder.invokeStatic(java.lang.Object, java.lang.Object, java.lang.Object)'> (0x0000000714d55d58) 
thrown [s\open\src\hotspot\share\interpreter\linkResolver.cpp, line 759]
Event: 9.100 Thread 0x0000023e3ff51fa0 Implicit null exception at 0x0000023e511f22f3 to 0x0000023e511f2ca0
Event: 10.006 Thread 0x0000023e3ff51fa0 Implicit null exception at 0x0000023e511efca7 to 0x0000023e511efe34
Event: 10.094 Thread 0x0000023e3ff51fa0 Implicit null exception at 0x0000023e512d86ca to 0x0000023e512d8934
Event: 10.593 Thread 0x0000023e3ff51fa0 Implicit null exception at 0x0000023e50c395f9 to 0x0000023e50c39a7c
Event: 13.717 Thread 0x0000023e3ff51fa0 Implicit null exception at 0x0000023e50c3a174 to 0x0000023e50c3a62c
Event: 14.175 Thread 0x0000023e3ff51fa0 Exception <a 'java/lang/NoSuchMethodError'{0x0000000715280f30}: 'int java.lang.invoke.Invokers$Holder.invokeExact_MT(java.lang.Object, java.lang.Object, java.lang.Object)'> (0x0000000715280f30) 
thrown [s\open\src\hotspot\share\interpreter\linkResolver.cpp, line 759]
Event: 14.175 Thread 0x0000023e3ff51fa0 Exception <a 'java/lang/NoSuchMethodError'{0x00000007152859f8}: 'void java.lang.invoke.Invokers$Holder.invokeExact_MT(java.lang.Object, java.lang.Object, java.lang.Object, java.lang.Object)'> (0x00000007152859f8) 
thrown [s\open\src\hotspot\share\interpreter\linkResolver.cpp, line 759]
Event: 14.186 Thread 0x0000023e3ff51fa0 Exception <a 'java/lang/NoSuchMethodError'{0x000000071539f108}: 'java.lang.Object java.lang.invoke.DirectMethodHandle$Holder.invokeStaticInit(java.lang.Object, java.lang.Object, java.lang.Object, java.lang.Object)'> (0x000000071539f108) 
thrown [s\open\src\hotspot\share\interpreter\linkResolver.cpp, line 759]
Event: 14.491 Thread 0x0000023e3ff51fa0 Exception <a 'java/lang/NoSuchMethodError'{0x00000007196534a8}: 'java.lang.Object java.lang.invoke.DirectMethodHandle$Holder.invokeSpecial(java.lang.Object, java.lang.Object, int, int, java.lang.Object, java.lang.Object, java.lang.Object, java.lang.Object, java.lang.Object)'> (0x00000007196534a8) 
thrown [s\open\src\hotspot\share\interpreter\linkResolver.cpp, line 759]
Event: 14.507 Thread 0x0000023e3ff51fa0 Implicit null exception at 0x0000023e50bde974 to 0x0000023e50bdeba8
Event: 14.531 Thread 0x0000023e3ff51fa0 Exception <a 'java/lang/NoSuchMethodError'{0x000000071767beb0}: 'java.lang.Object java.lang.invoke.DirectMethodHandle$Holder.newInvokeSpecial(java.lang.Object, java.lang.Object, java.lang.Object, int, int)'> (0x000000071767beb0) 
thrown [s\open\src\hotspot\share\interpreter\linkResolver.cpp, line 759]
Event: 14.532 Thread 0x0000023e3ff51fa0 Exception <a 'java/lang/NoSuchMethodError'{0x000000071767fcf8}: 'java.lang.Object java.lang.invoke.DirectMethodHandle$Holder.invokeSpecial(java.lang.Object, java.lang.Object, java.lang.Object, java.lang.Object, int, int)'> (0x000000071767fcf8) 
thrown [s\open\src\hotspot\share\interpreter\linkResolver.cpp, line 759]
Event: 14.664 Thread 0x0000023e3ff51fa0 Exception <a 'java/lang/NoSuchMethodError'{0x00000007168c7ae8}: 'java.lang.Object java.lang.invoke.DirectMethodHandle$Holder.newInvokeSpecial(java.lang.Object, java.lang.Object, int, int, java.lang.Object, java.lang.Object, java.lang.Object)'> (0x00000007168c7ae8) 
thrown [s\open\src\hotspot\share\interpreter\linkResolver.cpp, line 759]
Event: 14.665 Thread 0x0000023e3ff51fa0 Exception <a 'java/lang/NoSuchMethodError'{0x00000007168cc330}: 'java.lang.Object java.lang.invoke.DirectMethodHandle$Holder.invokeSpecial(java.lang.Object, java.lang.Object, java.lang.Object, int, int, java.lang.Object, java.lang.Object, java.lang.Object)'> (0x00000007168cc330) 
thrown [s\open\src\hotspot\share\interpreter\linkResolver.cpp, line 759]

VM Operations (20 events):
Event: 16.290 Executing VM operation: HandshakeAllThreads
Event: 16.290 Executing VM operation: HandshakeAllThreads done
Event: 16.292 Executing VM operation: HandshakeAllThreads
Event: 16.292 Executing VM operation: HandshakeAllThreads done
Event: 16.295 Executing VM operation: HandshakeAllThreads
Event: 16.295 Executing VM operation: HandshakeAllThreads done
Event: 16.320 Executing VM operation: HandshakeAllThreads
Event: 16.320 Executing VM operation: HandshakeAllThreads done
Event: 16.322 Executing VM operation: HandshakeAllThreads
Event: 16.322 Executing VM operation: HandshakeAllThreads done
Event: 16.324 Executing VM operation: HandshakeAllThreads
Event: 16.324 Executing VM operation: HandshakeAllThreads done
Event: 16.340 Executing VM operation: ICBufferFull
Event: 16.341 Executing VM operation: ICBufferFull done
Event: 16.448 Executing VM operation: HandshakeAllThreads
Event: 16.448 Executing VM operation: HandshakeAllThreads done
Event: 16.461 Executing VM operation: ICBufferFull
Event: 16.462 Executing VM operation: ICBufferFull done
Event: 16.540 Executing VM operation: ICBufferFull
Event: 16.540 Executing VM operation: ICBufferFull done

Events (20 events):
Event: 15.951 Thread 0x0000023e64bdab70 flushing nmethod 0x0000023e4c06dc10
Event: 15.951 Thread 0x0000023e64bdab70 flushing nmethod 0x0000023e4c06f590
Event: 15.951 Thread 0x0000023e64bdab70 flushing nmethod 0x0000023e4c070d10
Event: 15.951 Thread 0x0000023e64bdab70 flushing nmethod 0x0000023e4c077d10
Event: 16.453 Thread 0x0000023e64bdab70 flushing nmethod 0x0000023e515ff610
Event: 16.457 Thread 0x0000023e64bdab70 flushing nmethod 0x0000023e49b2de90
Event: 16.465 Thread 0x0000023e64bdab70 flushing nmethod 0x0000023e4a7ce490
Event: 16.466 Thread 0x0000023e64bdab70 flushing nmethod 0x0000023e4a984a90
Event: 16.467 Thread 0x0000023e64bdab70 flushing nmethod 0x0000023e4aaf6090
Event: 16.472 Thread 0x0000023e64bdab70 flushing nmethod 0x0000023e4b38ca10
Event: 16.475 Thread 0x0000023e64bdab70 flushing nmethod 0x0000023e4b89ea10
Event: 16.476 Thread 0x0000023e64bdab70 flushing nmethod 0x0000023e4bae4c90
Event: 16.478 Thread 0x0000023e64bdab70 flushing nmethod 0x0000023e4bd5d510
Event: 16.478 Thread 0x0000023e64bdab70 flushing nmethod 0x0000023e4bd5e990
Event: 16.479 Thread 0x0000023e64bdab70 flushing nmethod 0x0000023e4bf1e290
Event: 16.479 Thread 0x0000023e64bdab70 flushing nmethod 0x0000023e4bf1f610
Event: 16.479 Thread 0x0000023e64bdab70 flushing nmethod 0x0000023e4bfae090
Event: 16.479 Thread 0x0000023e64bdab70 flushing nmethod 0x0000023e4bfaf510
Event: 16.479 Thread 0x0000023e64bdab70 flushing nmethod 0x0000023e4bfb8d90
Event: 16.479 Thread 0x0000023e64bdab70 flushing nmethod 0x0000023e4bfba910


Dynamic libraries:
0x00007ff785a50000 - 0x00007ff785a5e000 	C:\Users\HP\.jdks\openjdk-18.0.2\bin\java.exe
0x00007ffac38f0000 - 0x00007ffac3ae5000 	C:\Windows\SYSTEM32\ntdll.dll
0x00007ffac1940000 - 0x00007ffac19fe000 	C:\Windows\System32\KERNEL32.DLL
0x00007ffac1010000 - 0x00007ffac12d8000 	C:\Windows\System32\KERNELBASE.dll
0x00007ffac1580000 - 0x00007ffac1680000 	C:\Windows\System32\ucrtbase.dll
0x00007ffaa4bd0000 - 0x00007ffaa4be7000 	C:\Users\HP\.jdks\openjdk-18.0.2\bin\jli.dll
0x00007ffaa8090000 - 0x00007ffaa80aa000 	C:\Users\HP\.jdks\openjdk-18.0.2\bin\VCRUNTIME140.dll
0x00007ffac2a60000 - 0x00007ffac2c01000 	C:\Windows\System32\USER32.dll
0x00007ffac12e0000 - 0x00007ffac1302000 	C:\Windows\System32\win32u.dll
0x00007ffac21c0000 - 0x00007ffac21eb000 	C:\Windows\System32\GDI32.dll
0x00007ffaad0f0000 - 0x00007ffaad38a000 	C:\Windows\WinSxS\amd64_microsoft.windows.common-controls_6595b64144ccf1df_6.0.19041.1110_none_60b5254171f9507e\COMCTL32.dll
0x00007ffac1340000 - 0x00007ffac144b000 	C:\Windows\System32\gdi32full.dll
0x00007ffac1450000 - 0x00007ffac14ed000 	C:\Windows\System32\msvcp_win.dll
0x00007ffac1a70000 - 0x00007ffac1b0e000 	C:\Windows\System32\msvcrt.dll
0x00007ffac2cc0000 - 0x00007ffac2cf0000 	C:\Windows\System32\IMM32.DLL
0x00007ffabc8c0000 - 0x00007ffabc8cc000 	C:\Users\HP\.jdks\openjdk-18.0.2\bin\vcruntime140_1.dll
0x00007ffaa3710000 - 0x00007ffaa379d000 	C:\Users\HP\.jdks\openjdk-18.0.2\bin\msvcp140.dll
0x00007ffa655a0000 - 0x00007ffa661b1000 	C:\Users\HP\.jdks\openjdk-18.0.2\bin\server\jvm.dll
0x00007ffac2850000 - 0x00007ffac28fc000 	C:\Windows\System32\ADVAPI32.dll
0x00007ffac2c20000 - 0x00007ffac2cbb000 	C:\Windows\System32\sechost.dll
0x00007ffac2330000 - 0x00007ffac245a000 	C:\Windows\System32\RPCRT4.dll
0x00007ffac1a00000 - 0x00007ffac1a08000 	C:\Windows\System32\PSAPI.DLL
0x00007ffabc820000 - 0x00007ffabc829000 	C:\Windows\SYSTEM32\WSOCK32.dll
0x00007ffab7d50000 - 0x00007ffab7d77000 	C:\Windows\SYSTEM32\WINMM.dll
0x00007ffac2510000 - 0x00007ffac257b000 	C:\Windows\System32\WS2_32.dll
0x00007ffab8410000 - 0x00007ffab841a000 	C:\Windows\SYSTEM32\VERSION.dll
0x00007ffabf890000 - 0x00007ffabf8a2000 	C:\Windows\SYSTEM32\kernel.appcore.dll
0x00007ffaac810000 - 0x00007ffaac81a000 	C:\Users\HP\.jdks\openjdk-18.0.2\bin\jimage.dll
0x00007ffaae7f0000 - 0x00007ffaae9d4000 	C:\Windows\SYSTEM32\DBGHELP.DLL
0x00007ffaaa600000 - 0x00007ffaaa62c000 	C:\Windows\SYSTEM32\dbgcore.DLL
0x00007ffac14f0000 - 0x00007ffac1573000 	C:\Windows\System32\bcryptPrimitives.dll
0x00007ffaa3fd0000 - 0x00007ffaa3ff5000 	C:\Users\HP\.jdks\openjdk-18.0.2\bin\java.dll
0x00007ffa83310000 - 0x00007ffa833e6000 	C:\Users\HP\.jdks\openjdk-18.0.2\bin\jsvml.dll
0x00007ffac3170000 - 0x00007ffac38af000 	C:\Windows\System32\SHELL32.dll
0x00007ffabef80000 - 0x00007ffabf710000 	C:\Windows\SYSTEM32\windows.storage.dll
0x00007ffac1b10000 - 0x00007ffac1e65000 	C:\Windows\System32\combase.dll
0x00007ffac0a60000 - 0x00007ffac0a8e000 	C:\Windows\SYSTEM32\Wldp.dll
0x00007ffac2460000 - 0x00007ffac250d000 	C:\Windows\System32\SHCORE.dll
0x00007ffac21f0000 - 0x00007ffac2245000 	C:\Windows\System32\shlwapi.dll
0x00007ffac0f50000 - 0x00007ffac0f6f000 	C:\Windows\SYSTEM32\profapi.dll
0x00007ffaa3fb0000 - 0x00007ffaa3fc3000 	C:\Users\HP\.jdks\openjdk-18.0.2\bin\net.dll
0x00007ffab4d30000 - 0x00007ffab4e3c000 	C:\Windows\SYSTEM32\WINHTTP.dll
0x00007ffac07c0000 - 0x00007ffac082a000 	C:\Windows\system32\mswsock.dll
0x00007ffaa37c0000 - 0x00007ffaa37d6000 	C:\Users\HP\.jdks\openjdk-18.0.2\bin\nio.dll
0x00007ffaa36f0000 - 0x00007ffaa3708000 	C:\Users\HP\.jdks\openjdk-18.0.2\bin\zip.dll
0x00007ffaa5fa0000 - 0x00007ffaa5fb0000 	C:\Users\HP\.jdks\openjdk-18.0.2\bin\verify.dll

dbghelp: loaded successfully - version: 4.0.5 - missing functions: none
symbol engine: initialized successfully - sym options: 0x614 - pdb path: .;C:\Users\HP\.jdks\openjdk-18.0.2\bin;C:\Windows\SYSTEM32;C:\Windows\WinSxS\amd64_microsoft.windows.common-controls_6595b64144ccf1df_6.0.19041.1110_none_60b5254171f9507e;C:\Users\HP\.jdks\openjdk-18.0.2\bin\server

VM Arguments:
java_command: org.jetbrains.kotlin.cli.jvm.K2JVMCompiler @C:\Users\HP\AndroidStudioProjects\MusicApp\app\build\20230619_16158684654341369142.compiler.options
java_class_path (initial): C:\Users\HP\.gradle\caches\modules-2\files-2.1\org.jetbrains.kotlin\kotlin-compiler-embeddable\1.8.0\eb9118d4bcceaa2a94b2ae2a33a4ddba7c9a947f\kotlin-compiler-embeddable-1.8.0.jar;C:\Users\HP\.gradle\caches\modules-2\files-2.1\org.jetbrains.kotlin\kotlin-stdlib\1.8.0\1796921c7a3e2e2665a83e6c8d33399336cd39bc\kotlin-stdlib-1.8.0.jar;C:\Users\HP\.gradle\caches\modules-2\files-2.1\org.jetbrains.kotlin\kotlin-script-runtime\1.8.0\b2f7e760d283cb339974851c222a4c1d48f2d3d\kotlin-script-runtime-1.8.0.jar;C:\Users\HP\.gradle\caches\modules-2\files-2.1\org.jetbrains.kotlin\kotlin-reflect\1.6.10\1cbe9c92c12a94eea200d23c2bbaedaf3daf5132\kotlin-reflect-1.6.10.jar;C:\Users\HP\.gradle\caches\modules-2\files-2.1\org.jetbrains.kotlin\kotlin-daemon-embeddable\1.8.0\d255216c551685dc3a7e852b53617f5f01aaaa5c\kotlin-daemon-embeddable-1.8.0.jar;C:\Users\HP\.gradle\caches\modules-2\files-2.1\org.jetbrains.intellij.deps\trove4j\1.0.20200330\3afb14d5f9ceb459d724e907a21145e8ff394f02\trove4j-1.0.20200330.jar;C:\Users\HP\.gradle\caches\modules-2\files-2.1\net.java.dev.jna\jna\5.6.0\330f2244e9030119ab3030fc3fededc86713d9cc\jna-5.6.0.jar;C:\Users\HP\.gradle\caches\modules-2\files-2.1\org.jetbrains.kotlin\kotlin-stdlib-common\1.8.0\f7197e7cc76453ac59f8b0f8d5137cc600becd36\kotlin-stdlib-common-1.8.0.jar;C:\Users\HP\.gradle\caches\modules-2\files-2.1\org.jetbrains\annotations\13.0\919f0dfe192fb4e063e7dacadee7f8bb9a2672a9\annotations-13.0.jar
Launcher Type: SUN_STANDARD

[Global flags]
     intx CICompilerCount                          = 4                                         {product} {ergonomic}
     uint ConcGCThreads                            = 3                                         {product} {ergonomic}
     uint G1ConcRefinementThreads                  = 10                                        {product} {ergonomic}
   size_t G1HeapRegionSize                         = 2097152                                   {product} {ergonomic}
    uintx GCDrainStackTargetSize                   = 64                                        {product} {ergonomic}
   size_t InitialHeapSize                          = 257949696                                 {product} {ergonomic}
   size_t MarkStackSize                            = 4194304                                   {product} {ergonomic}
   size_t MaxHeapSize                              = 4125097984                                {product} {ergonomic}
   size_t MaxNewSize                               = 2474639360                                {product} {ergonomic}
   size_t MinHeapDeltaBytes                        = 2097152                                   {product} {ergonomic}
   size_t MinHeapSize                              = 8388608                                   {product} {ergonomic}
    uintx NonNMethodCodeHeapSize                   = 5839372                                {pd product} {ergonomic}
    uintx NonProfiledCodeHeapSize                  = 122909434                              {pd product} {ergonomic}
    uintx ProfiledCodeHeapSize                     = 122909434                              {pd product} {ergonomic}
    uintx ReservedCodeCacheSize                    = 251658240                              {pd product} {ergonomic}
     bool SegmentedCodeCache                       = true                                      {product} {ergonomic}
   size_t SoftMaxHeapSize                          = 4125097984                             {manageable} {ergonomic}
     bool UseCompressedClassPointers               = true                           {product lp64_product} {ergonomic}
     bool UseCompressedOops                        = true                           {product lp64_product} {ergonomic}
     bool UseG1GC                                  = true                                      {product} {ergonomic}
     bool UseLargePagesIndividualAllocation        = false                                  {pd product} {ergonomic}

Logging:
Log output configuration:
 #0: stdout all=warning uptime,level,tags foldmultilines=false
 #1: stderr all=off uptime,level,tags foldmultilines=false

Environment Variables:
PATH=C:\cygwin64\bin;C:\Program Files (x86)\Common Files\Intel\Shared Libraries\redist\intel64_win\compiler;C:\Program Files (x86)\Common Files\Intel\Shared Libraries\redist\intel64\compiler;C:\Program Files\Microsoft MPI\Bin\;C:\ProgramData\Oracle\Java\javapath;C:\Windows\system32;C:\Windows;C:\Windows\System32\Wbem;C:\Windows\System32\WindowsPowerShell\v1.0\;C:\Windows\System32\OpenSSH\;C:\Program Files\7-Zip;C:\Program Files (x86)\NVIDIA Corporation\PhysX\Common;C:\Program Files\Microsoft SQL Server\150\Tools\Binn\;C:\Program Files\Microsoft SQL Server\Client SDK\ODBC\170\Tools\Binn\;C:\Program Files\Git\cmd;C:\Program Files\dotnet\;C:\Program Files (x86)\Microsoft SQL Server\150\Tools\Binn\;C:\Program Files\Microsoft SQL Server\150\DTS\Binn\;C:\Program Files (x86)\Microsoft SQL Server\150\DTS\Binn\;C:\Program Files\nodejs\;C:\Users\HP\AppData\Local\Microsoft\WindowsApps;C:\Users\HP\AppData\Local\Programs\Microsoft VS Code\bin;C:\Users\HP\AppData\Local\GitHubDesktop\bin;C:\flutter\bin;C:\Users\HP\.dotnet\tools;C:\Program Files\Azure Data Studio\bin;C:\Users\HP\AppData\Roaming\npm
USERNAME=HP
OS=Windows_NT
PROCESSOR_IDENTIFIER=AMD64 Family 23 Model 96 Stepping 1, AuthenticAMD



---------------  S Y S T E M  ---------------

OS:
 Windows 10 , 64 bit Build 19041 (10.0.19041.1348)
OS uptime: 0 days 8:25 hours

CPU: total 12 (initial active 12) (12 cores per cpu, 2 threads per core) family 23 model 96 stepping 1 microcode 0x0, cx8, cmov, fxsr, ht, mmx, 3dnowpref, sse, sse2, sse3, ssse3, sse4a, sse4.1, sse4.2, popcnt, lzcnt, tsc, tscinvbit, avx, avx2, aes, clmul, bmi1, bmi2, adx, sha, fma, vzeroupper, clflush, clflushopt

Memory: 4k page, system-wide physical 15733M (251M free)
TotalPageFile size 18733M (AvailPageFile size 5M)
current process WorkingSet (physical memory assigned to process): 588M, peak: 588M
current process commit charge ("private bytes"): 726M, peak: 727M

vm_info: OpenJDK 64-Bit Server VM (18.0.2+9-61) for windows-amd64 JRE (18.0.2+9-61), built on Jun  7 2022 13:05:59 by "mach5one" with MS VC++ 16.8 / 16.9 (VS2019)

END.
