#
# There is insufficient memory for the Java Runtime Environment to continue.
# Native memory allocation (mmap) failed to map 257949696 bytes for G1 virtual space
# Possible reasons:
#   The system is out of physical RAM or swap space
#   The process is running with CompressedOops enabled, and the Java Heap may be blocking the growth of the native heap
# Possible solutions:
#   Reduce memory load on the system
#   Increase physical memory or swap space
#   Check if swap backing store is full
#   Decrease Java heap size (-Xmx/-Xms)
#   Decrease number of Java threads
#   Decrease Java thread stack sizes (-Xss)
#   Set larger code cache with -XX:ReservedCodeCacheSize=
#   JVM is running with Zero Based Compressed Oops mode in which the Java heap is
#     placed in the first 32GB address space. The Java Heap base address is the
#     maximum limit for the native heap growth. Please use -XX:HeapBaseMinAddress
#     to set the Java Heap base and to place the Java Heap above 32GB virtual address.
# This output file may be truncated or incomplete.
#
#  Out of Memory Error (os_windows.cpp:3530), pid=14320, tid=8212
#
# JRE version:  (18.0.2+9) (build )
# Java VM: OpenJDK 64-Bit Server VM (18.0.2+9-61, mixed mode, sharing, tiered, compressed oops, compressed class ptrs, g1 gc, windows-amd64)
# No core dump will be written. Minidumps are not enabled by default on client versions of Windows
#

---------------  S U M M A R Y ------------

Command Line: -Djava.awt.headless=true -Djava.util.logging.config.file=C:\Users\HP\.android\utp\logging6696647948344878274properties -Dfile.encoding=UTF-8 -Duser.country=RU -Duser.language=ru -Duser.variant com.google.testing.platform.launcher.Launcher C:\Users\HP\.gradle\caches\modules-2\files-2.1\com.google.testing.platform\core\0.0.8-alpha08\762b033d6dcf24e44af8ccc5428ceb3eef540e37\core-0.0.8-alpha08.jar --proto_config=C:\Users\HP\.android\utp\runnerConfig10484284154863120263.pb --proto_server_config=C:\Users\HP\.android\utp\serverConfig373717050959912903.pb

Host: AMD Ryzen 5 4600H with Radeon Graphics         , 12 cores, 15G,  Windows 10 , 64 bit Build 19041 (10.0.19041.1348)
Time: Fri Apr 28 21:51:18 2023  Windows 10 , 64 bit Build 19041 (10.0.19041.1348) elapsed time: 0.012287 seconds (0d 0h 0m 0s)

---------------  T H R E A D  ---------------

Current thread (0x000002351d951160):  JavaThread "Unknown thread" [_thread_in_vm, id=8212, stack(0x000000504be00000,0x000000504bf00000)]

Stack: [0x000000504be00000,0x000000504bf00000]
Native frames: (J=compiled Java code, j=interpreted, Vv=VM code, C=native code)
V  [jvm.dll+0x6993ca]
V  [jvm.dll+0x7f481d]
V  [jvm.dll+0x7f612e]
V  [jvm.dll+0x7f67e3]
V  [jvm.dll+0x25cdaf]
V  [jvm.dll+0x696319]
V  [jvm.dll+0x68ae4a]
V  [jvm.dll+0x3223eb]
V  [jvm.dll+0x329dc6]
V  [jvm.dll+0x37eade]
V  [jvm.dll+0x37ed0f]
V  [jvm.dll+0x2fa16a]
V  [jvm.dll+0x2fb1cd]
V  [jvm.dll+0x7c3450]
V  [jvm.dll+0x38be61]
V  [jvm.dll+0x7a2073]
V  [jvm.dll+0x40dc3f]
V  [jvm.dll+0x40f611]
C  [jli.dll+0x526b]
C  [ucrtbase.dll+0x21bb2]
C  [KERNEL32.DLL+0x17034]
C  [ntdll.dll+0x52651]


---------------  P R O C E S S  ---------------

Threads class SMR info:
_java_thread_list=0x00007fffa8e3e550, length=0, elements={
}

Java Threads: ( => current thread )

Other Threads:
  0x000002351d9bf530 WorkerThread "GC Thread#0" [stack: 0x000000504bf00000,0x000000504c000000] [id=14848]
  0x000002351d9d08e0 ConcurrentGCThread "G1 Main Marker" [stack: 0x000000504c000000,0x000000504c100000] [id=4132]
  0x000002351d9d1170 WorkerThread "G1 Conc#0" [stack: 0x000000504c100000,0x000000504c200000] [id=16184]

[error occurred during error reporting (printing all threads), id 0xc0000005, EXCEPTION_ACCESS_VIOLATION (0xc0000005) at pc=0x00007fffa866a707]

VM state: not at safepoint (not fully initialized)

VM Mutex/Monitor currently owned by a thread:  ([mutex/lock_event])
[0x000002351d94d1f0] Heap_lock - owner thread: 0x000002351d951160

Heap address: 0x000000070a200000, size: 3934 MB, Compressed Oops mode: Zero based, Oop shift amount: 3

CDS archive(s) mapped at: [0x0000000000000000-0x0000000000000000-0x0000000000000000), size 0, SharedBaseAddress: 0x0000000800000000, ArchiveRelocationMode: 0.
Narrow klass base: 0x0000000000000000, Narrow klass shift: 0, Narrow klass range: 0x0

GC Precious Log:
 CardTable entry size: 512
 Card Set container configuration: InlinePtr #cards 4 size 8 Array Of Cards #cards 16 size 48 Howl #buckets 8 coarsen threshold 3686 Howl Bitmap #cards 512 size 80 coarsen threshold 460 Card regions per heap region 1 cards per card region 4096

Heap:
 garbage-first heap   total 0K, used 0K [0x000000070a200000, 0x0000000800000000)
  region size 2048K, 0 young (0K), 0 survivors (0K)

[error occurred during error reporting (printing heap information), id 0xc0000005, EXCEPTION_ACCESS_VIOLATION (0xc0000005) at pc=0x00007fffa8a51859]

GC Heap History (0 events):
No events

Deoptimization events (0 events):
No events

Classes loaded (0 events):
No events

Classes unloaded (0 events):
No events

Classes redefined (0 events):
No events

Internal exceptions (0 events):
No events

VM Operations (0 events):
No events

Events (1 events):
Event: 0.007 Loaded shared library C:\Users\HP\.jdks\openjdk-18.0.2\bin\java.dll


Dynamic libraries:
0x00007ff6d6c30000 - 0x00007ff6d6c3e000 	C:\Users\HP\.jdks\openjdk-18.0.2\bin\java.exe
0x00007fffead10000 - 0x00007fffeaf05000 	C:\Windows\SYSTEM32\ntdll.dll
0x00007fffe8d60000 - 0x00007fffe8e1e000 	C:\Windows\System32\KERNEL32.DLL
0x00007fffe84e0000 - 0x00007fffe87a8000 	C:\Windows\System32\KERNELBASE.dll
0x00007fffe8b20000 - 0x00007fffe8c20000 	C:\Windows\System32\ucrtbase.dll
0x00007fffe3050000 - 0x00007fffe306a000 	C:\Users\HP\.jdks\openjdk-18.0.2\bin\VCRUNTIME140.dll
0x00007fffe45c0000 - 0x00007fffe45d7000 	C:\Users\HP\.jdks\openjdk-18.0.2\bin\jli.dll
0x00007fffeaa50000 - 0x00007fffeabf1000 	C:\Windows\System32\USER32.dll
0x00007fffe8c20000 - 0x00007fffe8c42000 	C:\Windows\System32\win32u.dll
0x00007fffe9350000 - 0x00007fffe937b000 	C:\Windows\System32\GDI32.dll
0x00007fffe8c50000 - 0x00007fffe8d5b000 	C:\Windows\System32\gdi32full.dll
0x00007fffd4660000 - 0x00007fffd48fa000 	C:\Windows\WinSxS\amd64_microsoft.windows.common-controls_6595b64144ccf1df_6.0.19041.1110_none_60b5254171f9507e\COMCTL32.dll
0x00007fffe8830000 - 0x00007fffe88cd000 	C:\Windows\System32\msvcp_win.dll
0x00007fffea1f0000 - 0x00007fffea28e000 	C:\Windows\System32\msvcrt.dll
0x00007fffe94c0000 - 0x00007fffe94f0000 	C:\Windows\System32\IMM32.DLL
0x00007fffe45a0000 - 0x00007fffe45ac000 	C:\Users\HP\.jdks\openjdk-18.0.2\bin\vcruntime140_1.dll
0x00007fffcc0a0000 - 0x00007fffcc12d000 	C:\Users\HP\.jdks\openjdk-18.0.2\bin\msvcp140.dll
0x00007fffa8360000 - 0x00007fffa8f71000 	C:\Users\HP\.jdks\openjdk-18.0.2\bin\server\jvm.dll
0x00007fffe9d50000 - 0x00007fffe9dfc000 	C:\Windows\System32\ADVAPI32.dll
0x00007fffe96a0000 - 0x00007fffe973b000 	C:\Windows\System32\sechost.dll
0x00007fffe9c20000 - 0x00007fffe9d4a000 	C:\Windows\System32\RPCRT4.dll
0x00007fffe97b0000 - 0x00007fffe97b8000 	C:\Windows\System32\PSAPI.DLL
0x00007fffe45e0000 - 0x00007fffe45e9000 	C:\Windows\SYSTEM32\WSOCK32.dll
0x00007fffe0970000 - 0x00007fffe097a000 	C:\Windows\SYSTEM32\VERSION.dll
0x00007fffe0000000 - 0x00007fffe0027000 	C:\Windows\SYSTEM32\WINMM.dll
0x00007fffe9740000 - 0x00007fffe97ab000 	C:\Windows\System32\WS2_32.dll
0x00007fffe6cb0000 - 0x00007fffe6cc2000 	C:\Windows\SYSTEM32\kernel.appcore.dll
0x00007fffe3630000 - 0x00007fffe363a000 	C:\Users\HP\.jdks\openjdk-18.0.2\bin\jimage.dll
0x00007fffd5be0000 - 0x00007fffd5dc4000 	C:\Windows\SYSTEM32\DBGHELP.DLL
0x00007fffd1d30000 - 0x00007fffd1d5c000 	C:\Windows\SYSTEM32\dbgcore.DLL
0x00007fffe88d0000 - 0x00007fffe8953000 	C:\Windows\System32\bcryptPrimitives.dll
0x00007fffe2bf0000 - 0x00007fffe2c15000 	C:\Users\HP\.jdks\openjdk-18.0.2\bin\java.dll

dbghelp: loaded successfully - version: 4.0.5 - missing functions: none
symbol engine: initialized successfully - sym options: 0x614 - pdb path: .;C:\Users\HP\.jdks\openjdk-18.0.2\bin;C:\Windows\SYSTEM32;C:\Windows\WinSxS\amd64_microsoft.windows.common-controls_6595b64144ccf1df_6.0.19041.1110_none_60b5254171f9507e;C:\Users\HP\.jdks\openjdk-18.0.2\bin\server

VM Arguments:
jvm_args: -Djava.awt.headless=true -Djava.util.logging.config.file=C:\Users\HP\.android\utp\logging6696647948344878274properties -Dfile.encoding=UTF-8 -Duser.country=RU -Duser.language=ru -Duser.variant 
java_command: com.google.testing.platform.launcher.Launcher C:\Users\HP\.gradle\caches\modules-2\files-2.1\com.google.testing.platform\core\0.0.8-alpha08\762b033d6dcf24e44af8ccc5428ceb3eef540e37\core-0.0.8-alpha08.jar --proto_config=C:\Users\HP\.android\utp\runnerConfig10484284154863120263.pb --proto_server_config=C:\Users\HP\.android\utp\serverConfig373717050959912903.pb
java_class_path (initial): C:\Users\HP\.gradle\caches\modules-2\files-2.1\com.google.testing.platform\launcher\0.0.8-alpha08\de8664b74f9b70fea224c610fd41b802805c72ab\launcher-0.0.8-alpha08.jar
Launcher Type: SUN_STANDARD

[Global flags]
     intx CICompilerCount                          = 4                                         {product} {ergonomic}
     uint ConcGCThreads                            = 3                                         {product} {ergonomic}
     uint G1ConcRefinementThreads                  = 10                                        {product} {ergonomic}
   size_t G1HeapRegionSize                         = 2097152                                   {product} {ergonomic}
    uintx GCDrainStackTargetSize                   = 64                                        {product} {ergonomic}
   size_t InitialHeapSize                          = 257949696                                 {product} {ergonomic}
   size_t MarkStackSize                            = 4194304                                   {product} {ergonomic}
   size_t MaxHeapSize                              = 4125097984                                {product} {ergonomic}
   size_t MinHeapDeltaBytes                        = 2097152                                   {product} {ergonomic}
   size_t MinHeapSize                              = 8388608                                   {product} {ergonomic}
    uintx NonNMethodCodeHeapSize                   = 5839372                                {pd product} {ergonomic}
    uintx NonProfiledCodeHeapSize                  = 122909434                              {pd product} {ergonomic}
    uintx ProfiledCodeHeapSize                     = 122909434                              {pd product} {ergonomic}
    uintx ReservedCodeCacheSize                    = 251658240                              {pd product} {ergonomic}
     bool SegmentedCodeCache                       = true                                      {product} {ergonomic}
   size_t SoftMaxHeapSize                          = 4125097984                             {manageable} {ergonomic}
     bool UseCompressedClassPointers               = true                           {product lp64_product} {ergonomic}
     bool UseCompressedOops                        = true                           {product lp64_product} {ergonomic}
     bool UseG1GC                                  = true                                      {product} {ergonomic}
     bool UseLargePagesIndividualAllocation        = false                                  {pd product} {ergonomic}

Logging:
Log output configuration:
 #0: stdout all=warning uptime,level,tags foldmultilines=false
 #1: stderr all=off uptime,level,tags foldmultilines=false

Environment Variables:
PATH=C:\cygwin64\bin;C:\Program Files (x86)\Common Files\Intel\Shared Libraries\redist\intel64_win\compiler;C:\Program Files (x86)\Common Files\Intel\Shared Libraries\redist\intel64\compiler;C:\Program Files\Microsoft MPI\Bin\;C:\ProgramData\Oracle\Java\javapath;C:\Windows\system32;C:\Windows;C:\Windows\System32\Wbem;C:\Windows\System32\WindowsPowerShell\v1.0\;C:\Windows\System32\OpenSSH\;C:\Program Files\7-Zip;C:\Program Files (x86)\NVIDIA Corporation\PhysX\Common;C:\Program Files\Microsoft SQL Server\150\Tools\Binn\;C:\Program Files\Microsoft SQL Server\Client SDK\ODBC\170\Tools\Binn\;C:\Program Files\Git\cmd;C:\Program Files\dotnet\;C:\Program Files (x86)\Microsoft SQL Server\150\Tools\Binn\;C:\Program Files\Microsoft SQL Server\150\DTS\Binn\;C:\Program Files (x86)\Microsoft SQL Server\150\DTS\Binn\;C:\Program Files\nodejs\;C:\Users\HP\AppData\Local\Microsoft\WindowsApps;C:\Users\HP\AppData\Local\Programs\Microsoft VS Code\bin;C:\Users\HP\AppData\Local\GitHubDesktop\bin;C:\flutter\bin;C:\Users\HP\.dotnet\tools;C:\Program Files\Azure Data Studio\bin;C:\Users\HP\AppData\Roaming\npm
USERNAME=HP
OS=Windows_NT
PROCESSOR_IDENTIFIER=AMD64 Family 23 Model 96 Stepping 1, AuthenticAMD



---------------  S Y S T E M  ---------------

OS:
 Windows 10 , 64 bit Build 19041 (10.0.19041.1348)
OS uptime: 7 days 3:22 hours

CPU: total 12 (initial active 12) (12 cores per cpu, 2 threads per core) family 23 model 96 stepping 1 microcode 0x0, cx8, cmov, fxsr, ht, mmx, 3dnowpref, sse, sse2, sse3, ssse3, sse4a, sse4.1, sse4.2, popcnt, lzcnt, tsc, tscinvbit, avx, avx2, aes, clmul, bmi1, bmi2, adx, sha, fma, vzeroupper, clflush, clflushopt

Memory: 4k page, system-wide physical 15733M (419M free)
TotalPageFile size 18703M (AvailPageFile size 144M)
current process WorkingSet (physical memory assigned to process): 10M, peak: 10M
current process commit charge ("private bytes"): 64M, peak: 310M

vm_info: OpenJDK 64-Bit Server VM (18.0.2+9-61) for windows-amd64 JRE (18.0.2+9-61), built on Jun  7 2022 13:05:59 by "mach5one" with MS VC++ 16.8 / 16.9 (VS2019)

END.
