#
# There is insufficient memory for the Java Runtime Environment to continue.
# Native memory allocation (mmap) failed to map 257949696 bytes for G1 virtual space
# Possible reasons:
#   The system is out of physical RAM or swap space
#   The process is running with CompressedOops enabled, and the Java Heap may be blocking the growth of the native heap
# Possible solutions:
#   Reduce memory load on the system
#   Increase physical memory or swap space
#   Check if swap backing store is full
#   Decrease Java heap size (-Xmx/-Xms)
#   Decrease number of Java threads
#   Decrease Java thread stack sizes (-Xss)
#   Set larger code cache with -XX:ReservedCodeCacheSize=
#   JVM is running with Unscaled Compressed Oops mode in which the Java heap is
#     placed in the first 4GB address space. The Java Heap base address is the
#     maximum limit for the native heap growth. Please use -XX:HeapBaseMinAddress
#     to set the Java Heap base and to place the Java Heap above 4GB virtual address.
# This output file may be truncated or incomplete.
#
#  Out of Memory Error (os_windows.cpp:3530), pid=19140, tid=9336
#
# JRE version:  (18.0.2+9) (build )
# Java VM: OpenJDK 64-Bit Server VM (18.0.2+9-61, mixed mode, sharing, tiered, compressed oops, compressed class ptrs, g1 gc, windows-amd64)
# No core dump will be written. Minidumps are not enabled by default on client versions of Windows
#

---------------  S U M M A R Y ------------

Command Line: -Djava.awt.headless=true -Dorg.gradle.internal.worker.tmpdir=C:\Users\HP\AndroidStudioProjects\MusicApp\app\build\tmp\testDebugUnitTest\work -Dorg.gradle.native=false -Xmx512m -Dfile.encoding=UTF-8 -Duser.country=RU -Duser.language=ru -Duser.variant -ea worker.org.gradle.process.internal.worker.GradleWorkerMain 'Gradle Test Executor 4'

Host: AMD Ryzen 5 4600H with Radeon Graphics         , 12 cores, 15G,  Windows 10 , 64 bit Build 19041 (10.0.19041.1348)
Time: Mon Jul 10 18:44:40 2023  Windows 10 , 64 bit Build 19041 (10.0.19041.1348) elapsed time: 0.007229 seconds (0d 0h 0m 0s)

---------------  T H R E A D  ---------------

Current thread (0x000001361031f8a0):  JavaThread "Unknown thread" [_thread_in_vm, id=9336, stack(0x0000003158000000,0x0000003158100000)]

Stack: [0x0000003158000000,0x0000003158100000]
Native frames: (J=compiled Java code, j=interpreted, Vv=VM code, C=native code)
V  [jvm.dll+0x6993ca]
V  [jvm.dll+0x7f481d]
V  [jvm.dll+0x7f612e]
V  [jvm.dll+0x7f67e3]
V  [jvm.dll+0x25cdaf]
V  [jvm.dll+0x696319]
V  [jvm.dll+0x68ae4a]
V  [jvm.dll+0x3223eb]
V  [jvm.dll+0x329dc6]
V  [jvm.dll+0x37eade]
V  [jvm.dll+0x37ed0f]
V  [jvm.dll+0x2fa16a]
V  [jvm.dll+0x2fb1cd]
V  [jvm.dll+0x7c3450]
V  [jvm.dll+0x38be61]
V  [jvm.dll+0x7a2073]
V  [jvm.dll+0x40dc3f]
V  [jvm.dll+0x40f611]
C  [jli.dll+0x526b]
C  [ucrtbase.dll+0x21bb2]
C  [KERNEL32.DLL+0x17034]
C  [ntdll.dll+0x52651]


---------------  P R O C E S S  ---------------

Threads class SMR info:
_java_thread_list=0x00007ffc56ffe550, length=0, elements={
}

Java Threads: ( => current thread )

Other Threads:
  0x00000136103547d0 WorkerThread "GC Thread#0" [stack: 0x0000003158100000,0x0000003158200000] [id=1584]
  0x0000013610359700 ConcurrentGCThread "G1 Main Marker" [stack: 0x0000003158200000,0x0000003158300000] [id=14164]
  0x000001361035a0f0 WorkerThread "G1 Conc#0" [stack: 0x0000003158300000,0x0000003158400000] [id=12076]

[error occurred during error reporting (printing all threads), id 0xc0000005, EXCEPTION_ACCESS_VIOLATION (0xc0000005) at pc=0x00007ffc5682a707]

VM state: not at safepoint (not fully initialized)

VM Mutex/Monitor currently owned by a thread:  ([mutex/lock_event])
[0x000001361031b830] Heap_lock - owner thread: 0x000001361031f8a0

Heap address: 0x00000000e0000000, size: 512 MB, Compressed Oops mode: 32-bit

CDS archive(s) mapped at: [0x0000000000000000-0x0000000000000000-0x0000000000000000), size 0, SharedBaseAddress: 0x0000000800000000, ArchiveRelocationMode: 0.
Narrow klass base: 0x0000000000000000, Narrow klass shift: 0, Narrow klass range: 0x0

GC Precious Log:
 CardTable entry size: 512
 Card Set container configuration: InlinePtr #cards 5 size 8 Array Of Cards #cards 12 size 40 Howl #buckets 4 coarsen threshold 1843 Howl Bitmap #cards 512 size 80 coarsen threshold 460 Card regions per heap region 1 cards per card region 2048

Heap:
 garbage-first heap   total 0K, used 0K [0x00000000e0000000, 0x0000000100000000)
  region size 1024K, 0 young (0K), 0 survivors (0K)

[error occurred during error reporting (printing heap information), id 0xc0000005, EXCEPTION_ACCESS_VIOLATION (0xc0000005) at pc=0x00007ffc56c11859]

GC Heap History (0 events):
No events

Deoptimization events (0 events):
No events

Classes loaded (0 events):
No events

Classes unloaded (0 events):
No events

Classes redefined (0 events):
No events

Internal exceptions (0 events):
No events

VM Operations (0 events):
No events

Events (1 events):
Event: 0.004 Loaded shared library C:\Users\HP\.jdks\openjdk-18.0.2\bin\java.dll


Dynamic libraries:
0x00007ff76d080000 - 0x00007ff76d08e000 	C:\Users\HP\.jdks\openjdk-18.0.2\bin\java.exe
0x00007ffca0f90000 - 0x00007ffca1185000 	C:\Windows\SYSTEM32\ntdll.dll
0x00007ffc9f720000 - 0x00007ffc9f7de000 	C:\Windows\System32\KERNEL32.DLL
0x00007ffc9e970000 - 0x00007ffc9ec38000 	C:\Windows\System32\KERNELBASE.dll
0x00007ffc9e6b0000 - 0x00007ffc9e7b0000 	C:\Windows\System32\ucrtbase.dll
0x00007ffc984e0000 - 0x00007ffc984f7000 	C:\Users\HP\.jdks\openjdk-18.0.2\bin\jli.dll
0x00007ffc983b0000 - 0x00007ffc983ca000 	C:\Users\HP\.jdks\openjdk-18.0.2\bin\VCRUNTIME140.dll
0x00007ffca0740000 - 0x00007ffca08e1000 	C:\Windows\System32\USER32.dll
0x00007ffc9ef20000 - 0x00007ffc9ef42000 	C:\Windows\System32\win32u.dll
0x00007ffca0280000 - 0x00007ffca02ab000 	C:\Windows\System32\GDI32.dll
0x00007ffc9edc0000 - 0x00007ffc9eecb000 	C:\Windows\System32\gdi32full.dll
0x00007ffc8af90000 - 0x00007ffc8b22a000 	C:\Windows\WinSxS\amd64_microsoft.windows.common-controls_6595b64144ccf1df_6.0.19041.1110_none_60b5254171f9507e\COMCTL32.dll
0x00007ffc9ec40000 - 0x00007ffc9ecdd000 	C:\Windows\System32\msvcp_win.dll
0x00007ffc9efe0000 - 0x00007ffc9f07e000 	C:\Windows\System32\msvcrt.dll
0x00007ffca0b10000 - 0x00007ffca0b40000 	C:\Windows\System32\IMM32.DLL
0x00007ffc9a020000 - 0x00007ffc9a02c000 	C:\Users\HP\.jdks\openjdk-18.0.2\bin\vcruntime140_1.dll
0x00007ffc7c700000 - 0x00007ffc7c78d000 	C:\Users\HP\.jdks\openjdk-18.0.2\bin\msvcp140.dll
0x00007ffc56520000 - 0x00007ffc57131000 	C:\Users\HP\.jdks\openjdk-18.0.2\bin\server\jvm.dll
0x00007ffca01b0000 - 0x00007ffca025c000 	C:\Windows\System32\ADVAPI32.dll
0x00007ffc9f7e0000 - 0x00007ffc9f87b000 	C:\Windows\System32\sechost.dll
0x00007ffca09e0000 - 0x00007ffca0b0a000 	C:\Windows\System32\RPCRT4.dll
0x00007ffca0ed0000 - 0x00007ffca0ed8000 	C:\Windows\System32\PSAPI.DLL
0x00007ffc984c0000 - 0x00007ffc984c9000 	C:\Windows\SYSTEM32\WSOCK32.dll
0x00007ffc942d0000 - 0x00007ffc942f7000 	C:\Windows\SYSTEM32\WINMM.dll
0x00007ffca0ee0000 - 0x00007ffca0f4b000 	C:\Windows\System32\WS2_32.dll
0x00007ffc971c0000 - 0x00007ffc971ca000 	C:\Windows\SYSTEM32\VERSION.dll
0x00007ffc9cf30000 - 0x00007ffc9cf42000 	C:\Windows\SYSTEM32\kernel.appcore.dll
0x00007ffc98d80000 - 0x00007ffc98d8a000 	C:\Users\HP\.jdks\openjdk-18.0.2\bin\jimage.dll
0x00007ffc8bc30000 - 0x00007ffc8be14000 	C:\Windows\SYSTEM32\DBGHELP.DLL
0x00007ffc847a0000 - 0x00007ffc847cc000 	C:\Windows\SYSTEM32\dbgcore.DLL
0x00007ffc9ef50000 - 0x00007ffc9efd3000 	C:\Windows\System32\bcryptPrimitives.dll
0x00007ffc97510000 - 0x00007ffc97535000 	C:\Users\HP\.jdks\openjdk-18.0.2\bin\java.dll

dbghelp: loaded successfully - version: 4.0.5 - missing functions: none
symbol engine: initialized successfully - sym options: 0x614 - pdb path: .;C:\Users\HP\.jdks\openjdk-18.0.2\bin;C:\Windows\SYSTEM32;C:\Windows\WinSxS\amd64_microsoft.windows.common-controls_6595b64144ccf1df_6.0.19041.1110_none_60b5254171f9507e;C:\Users\HP\.jdks\openjdk-18.0.2\bin\server

VM Arguments:
jvm_args: -Djava.awt.headless=true -Dorg.gradle.internal.worker.tmpdir=C:\Users\HP\AndroidStudioProjects\MusicApp\app\build\tmp\testDebugUnitTest\work -Dorg.gradle.native=false -Xmx512m -Dfile.encoding=UTF-8 -Duser.country=RU -Duser.language=ru -Duser.variant -ea 
java_command: worker.org.gradle.process.internal.worker.GradleWorkerMain 'Gradle Test Executor 4'
java_class_path (initial): C:\\Users\\HP\\.gradle\\caches\\7.5\\workerMain\\gradle-worker.jar;C:\\Users\\HP\\AndroidStudioProjects\\MusicApp\\app\\build\\tmp\\kotlin-classes\\debugUnitTest;C:\\Users\\HP\\AndroidStudioProjects\\MusicApp\\app\\build\\tmp\\kapt3\\classes\\debugUnitTest;C:\\Users\\HP\\AndroidStudioProjects\\MusicApp\\app\\build\\intermediates\\runtime_app_classes_jar\\debug\\classes.jar;C:\\Users\\HP\\.gradle\\caches\\modules-2\\files-2.1\\org.jetbrains.kotlin\\kotlin-parcelize-runtime\\1.8.0\\cdcda63c7daff9f7b542b64f4655b67791e81cbd\\kotlin-parcelize-runtime-1.8.0.jar;C:\\Users\\HP\\.gradle\\caches\\modules-2\\files-2.1\\junit\\junit\\4.13.2\\8ac9e16d933b6fb43bc7f576336b8f4d7eb5ba12\\junit-4.13.2.jar;C:\\Users\\HP\\.gradle\\caches\\modules-2\\files-2.1\\app.cash.turbine\\turbine-jvm\\0.12.1\\c3dd0d347a06ef973277b42c09d841bed0a6da6d\\turbine-jvm-0.12.1.jar;C:\\Users\\HP\\.gradle\\caches\\modules-2\\files-2.1\\org.jetbrains.kotlinx\\kotlinx-coroutines-test-jvm\\1.6.4\\27cee4a22d4149a86095bb1b4f4c5f10fbd3be97\\kotlinx-coroutines-test-jvm-1.6.4.jar;C:\\Users\\HP\\.gradle\\caches\\transforms-3\\ab3fc0f3eb223b12174a14b78743fed8\\transformed\\room-ktx-2.5.0-runtime.jar;C:\\Users\\HP\\.gradle\\caches\\transforms-3\\fcaa9d13abb84e8049ddc444627f8340\\transformed\\paging-runtime-3.1.1-runtime.jar;C:\\Users\\HP\\.gradle\\caches\\transforms-3\\eea680ed07228146876c457a1da481ae\\transformed\\navigation-fragment-ktx-2.5.3-runtime.jar;C:\\Users\\HP\\.gradle\\caches\\transforms-3\\6f15f018f76940aa8b0cede1901182f7\\transformed\\navigation-fragment-2.5.3-runtime.jar;C:\\Users\\HP\\.gradle\\caches\\transforms-3\\37547d478ab450e07860885e43258086\\transformed\\fragment-ktx-1.5.4-runtime.jar;C:\\Users\\HP\\.gradle\\caches\\transforms-3\\0209820c44f54703f737c18cc00ef338\\transformed\\navigation-ui-ktx-2.5.3-runtime.jar;C:\\Users\\HP\\.gradle\\caches\\transforms-3\\bda918c94ec5ff3ab278be4b8a888411\\transformed\\navigation-runtime-ktx-2.5.3-runtime.jar;C:\\Users\\HP\\.gradle\\caches\\transforms-3\\8c78c4351bf840a13fe388a62e2da785\\transformed\\navigation-ui-2.5.3-runtime.jar;C:\\Users\\HP\\.gradle\\caches\\transforms-3\\7807f8a49c8bbf9b0dd9817ab6ee9ae3\\transformed\\navigation-runtime-2.5.3-runtime.jar;C:\\Users\\HP\\.gradle\\caches\\transforms-3\\39b8c45eb95da7ec5dccdff2f3d1eb91\\transformed\\SSPullToRefresh-1.5.1-runtime.jar;C:\\Users\\HP\\.gradle\\caches\\transforms-3\\97e063c4c7f51b08eb45c9c56e7d1123\\transformed\\material-1.8.0-runtime.jar;C:\\Users\\HP\\.gradle\\caches\\transforms-3\\c605b79a0a9d3b66e8396560478e2d02\\transformed\\constraintlayout-2.1.4-runtime.jar;C:\\Users\\HP\\.gradle\\caches\\transforms-3\\f9e88ab9d5054580bfa355b1ec30806f\\transformed\\RecyclerViewSwipeDecorator-1.4-runtime.jar;C:\\Users\\HP\\.gradle\\caches\\transforms-3\\bb191206f157c968a02724dd8e0cd1c4\\transformed\\lottie-4.2.0-runtime.jar;C:\\Users\\HP\\.gradle\\caches\\transforms-3\\b9fa8ee2ed3aa0206db8c8917496ba10\\transformed\\appcompat-resources-1.6.1-runtime.jar;C:\\Users\\HP\\.gradle\\caches\\transforms-3\\53046bdfe4cd82b028ae88229e1a2cc0\\transformed\\appcompat-1.6.1-runtime.jar;C:\\Users\\HP\\.gradle\\caches\\transforms-3\\c9ec83f1faf688a049996d9f4e94ccc2\\transformed\\glide-4.15.0-runtime.jar;C:\\Users\\HP\\.gradle\\caches\\transforms-3\\2783263d9c3b252bc8db106bff85b9c3\\transformed\\viewpager2-1.0.0-runtime.jar;C:\\Users\\HP\\.gradle\\caches\\transforms-3\\e8cf872d27410c70a925c32d5f91a137\\transformed\\firebase-messaging-ktx-23.1.2-runtime.jar;C:\\Users\\HP\\.gradle\\caches\\transforms-3\\e3801260efb098a76eef6302d58e3440\\transformed\\firebase-firestore-ktx-24.5.0-runtime.jar;C:\\Users\\HP\\.gradle\\caches\\transforms-3\\362b545931befdbbe0bb38ef0366c14e\\transformed\\firebase-storage-ktx-20.1.0-runtime.jar;C:\\Users\\HP\\.gradle\\caches\\transforms-3\\fa406766df1ee0b5a93352a1773a099f\\transformed\\firebase-common-ktx-20.3.2-runtime.jar;C:\\Users\\HP\\.gradle\\caches\\transforms-3\\69dffb25558c3a177077bb71c78b1109\\transformed\\firebase-storage-20.1.0-runtime.jar;C:\\Users\\HP\\.gradle\\caches\\transforms-3\\bc4af711a73dd71fbab55937e82b8d5d\\transformed\\firebase-messaging-23.1.2-runtime.jar;C:\\Users\\HP\\.gradle\\caches\\transforms-3\\5adb0a3b3126926363e060854f209197\\transformed\\firebase-firestore-24.5.0-runtime.jar;C:\\Users\\HP\\.gradle\\caches\\transforms-3\\7badde08db795d819fb8cdb0e076b1a1\\transformed\\firebase-datatransport-18.1.7-runtime.jar;C:\\Users\\HP\\.gradle\\caches\\transforms-3\\3d436ec19bcf203b5bff03b6b967fd2b\\transformed\\firebase-installations-17.1.3-runtime.jar;C:\\Users\\HP\\.gradle\\caches\\transforms-3\\6701e1300d94114a56387d42ef356b68\\transformed\\firebase-appcheck-interop-16.1.1-runtime.jar;C:\\Users\\HP\\.gradle\\caches\\transforms-3\\00b478b1769308b0d76895643d9ad76f\\transformed\\firebase-auth-interop-19.0.2-runtime.jar;C:\\Users\\HP\\.gradle\\caches\\transforms-3\\d7ffef1751f45e811634d28dea121577\\transformed\\firebase-common-20.3.2-runtime.jar;C:\\Users\\HP\\.gradle\\caches\\modules-2\\files-2.1\\org.jetbrains.kotlinx\\kotlinx-coroutines-play-services\\1.6.4\\e8e5e0dbe20eadc35a0eb112bcc1b2089768c906\\kotlinx-coroutines-play-services-1.6.4.jar;C:\\Users\\HP\\.gradle\\caches\\transforms-3\\1905953919cfc4635a8ae5a131979398\\transformed\\firebase-database-collection-18.0.1-runtime.jar;C:\\Users\\HP\\.gradle\\caches\\transforms-3\\cd4ef22f4d80d67b0f97de404d7c1791\\transformed\\play-services-base-18.0.1-runtime.jar;C:\\Users\\HP\\.gradle\\caches\\transforms-3\\91714706a1b629a09c8fb11dd6304d04\\transformed\\firebase-installations-interop-17.1.0-runtime.jar;C:\\Users\\HP\\.gradle\\caches\\transforms-3\\77cdd91740a347a081932c8793e789c6\\transformed\\firebase-iid-interop-17.1.0-runtime.jar;C:\\Users\\HP\\.gradle\\caches\\transforms-3\\d1a434bcc15c15aab66f055d9bac544d\\transformed\\play-services-cloud-messaging-17.0.1-runtime.jar;C:\\Users\\HP\\.gradle\\caches\\transforms-3\\dff29c9402a1f48f4582615d3a5f0d7a\\transformed\\play-services-tasks-18.0.2-runtime.jar;C:\\Users\\HP\\.gradle\\caches\\transforms-3\\66ec630bea5cb688759f2bb6eca4c644\\transformed\\play-services-stats-17.0.2-runtime.jar;C:\\Users\\HP\\.gradle\\caches\\transforms-3\\2063caee960274a88c094ff5000b83bf\\transformed\\firebase-measurement-connector-19.0.0-runtime.jar;C:\\Users\\HP\\.gradle\\caches\\transforms-3\\a22fbbb1f0d737b18a411d1dfd13cae5\\transformed\\play-services-basement-18.1.0-runtime.jar;C:\\Users\\HP\\.gradle\\caches\\transforms-3\\573cf6a037d597281efe9580cc3fb90b\\transformed\\fragment-1.5.4-runtime.jar;C:\\Users\\HP\\.gradle\\caches\\transforms-3\\d998764b209c72fee3f517dc83b04698\\transformed\\activity-1.6.0-runtime.jar;C:\\Users\\HP\\.gradle\\caches\\transforms-3\\04cf364525d413aaa81f0b749f4b6027\\transformed\\activity-ktx-1.6.0-runtime.jar;C:\\Users\\HP\\.gradle\\caches\\transforms-3\\782444117825d19d871340587c0877f8\\transformed\\navigation-common-ktx-2.5.3-runtime.jar;C:\\Users\\HP\\.gradle\\caches\\transforms-3\\f0508de3b53cc69c161df90646820ae4\\transformed\\navigation-common-2.5.3-runtime.jar;C:\\Users\\HP\\.gradle\\caches\\transforms-3\\d2554256c2f5e1c3cc8c4ad771f55f91\\transformed\\lifecycle-viewmodel-ktx-2.5.1-runtime.jar;C:\\Users\\HP\\.gradle\\caches\\transforms-3\\776d4761c9e862a85e4a1e60178ce9d2\\transformed\\lifecycle-runtime-ktx-2.5.1-runtime.jar;C:\\Users\\HP\\.gradle\\caches\\transforms-3\\cf7a4ba60939ca280c68f71ae76ccf8f\\transformed\\palette-1.0.0-runtime.jar;C:\\Users\\HP\\.gradle\\caches\\transforms-3\\55d23ac611a6d5319dcce7f893327406\\transformed\\dynamicanimation-1.0.0-runtime.jar;C:\\Users\\HP\\.gradle\\caches\\transforms-3\\7fb6cbb8d963f4212b60f81af3a743ef\\transformed\\legacy-support-core-utils-1.0.0-runtime.jar;C:\\Users\\HP\\.gradle\\caches\\transforms-3\\5f6ed7b688c8c2563a8aefa79c59b32b\\transformed\\loader-1.0.0-runtime.jar;C:\\Users\\HP\\.gradle\\caches\\transforms-3\\8502e30e3e2734613327ffe85b3a7314\\transformed\\lifecycle-viewmodel-2.5.1-runtime.jar;C:\\Users\\HP\\.gradle\\caches\\transforms-3\\734290bbb792433f059dc16e2989fb42\\transformed\\lifecycle-viewmodel-savedstate-2.5.1-runtime.jar;C:\\Users\\HP\\.gradle\\caches\\transforms-3\\99e153f09d922f441a952fc0bb6d30db\\transformed\\slidingpanelayout-1.2.0-runtime.jar;C:\\Users\\HP\\.gradle\\caches\\transforms-3\\44bb33c1aa48780aafe1d6f8278b9376\\transformed\\window-1.0.0-runtime.jar;C:\\Users\\HP\\.gradle\\caches\\modules-2\\files-2.1\\org.jetbrains.kotlinx\\kotlinx-coroutines-android\\1.6.4\\f955fc8b2ad196e2f4429598440e15f7492eeb2b\\kotlinx-coroutines-android-1.6.4.jar;C:\\Users\\HP\\.gradle\\caches\\modules-2\\files-2.1\\androidx.paging\\paging-common-ktx\\3.1.1\\5b8f86fea035328fc9e8c660773037a3401ce25f\\paging-common-ktx-3.1.1.jar;C:\\Users\\HP\\.gradle\\caches\\modules-2\\files-2.1\\androidx.paging\\paging-common\\3.1.1\\586d234381652d6107a0cb5754bd29c0a6807fbe\\paging-common-3.1.1.jar;C:\\Users\\HP\\.gradle\\caches\\transforms-3\\d285e8963501098f3300b630539959f1\\transformed\\lifecycle-livedata-ktx-2.2.0-runtime.jar;C:\\Users\\HP\\.gradle\\caches\\transforms-3\\ece8e5457c0aeb0b96ce74d167223352\\transformed\\datastore-preferences-1.0.0-runtime.jar;C:\\Users\\HP\\.gradle\\caches\\transforms-3\\97df53d3ffcaf5b7dff5ac6209a25fcc\\transformed\\datastore-1.0.0-runtime.jar;C:\\Users\\HP\\.gradle\\caches\\modules-2\\files-2.1\\androidx.datastore\\datastore-preferences-core\\1.0.0\\403f64499b9a8994f5f7010329ddd1ee5c919ed5\\datastore-preferences-core-1.0.0.jar;C:\\Users\\HP\\.gradle\\caches\\modules-2\\files-2.1\\androidx.datastore\\datastore-core\\1.0.0\\91b04fb657294e2906d95dce6a9e5a851f6125c1\\datastore-core-1.0.0.jar;C:\\Users\\HP\\.gradle\\caches\\modules-2\\files-2.1\\org.jetbrains.kotlinx\\kotlinx-coroutines-core-jvm\\1.6.4\\2c997cd1c0ef33f3e751d3831929aeff1390cb30\\kotlinx-coroutines-core-jvm-1.6.4.jar;C:\\Users\\HP\\.gradle\\caches\\modules-2\\files-2.1\\com.nhaarman.mockitokotlin2\\mockito-kotlin\\2.2.0\\53138f767943304a290855cf1d8b60fc6d1c4bbe\\mockito-kotlin-2.2.0.jar;C:\\Users\\HP\\.gradle\\caches\\modules-2\\files-2.1\\org.mockito\\mockito-core\\5.3.1\\7cac313592a29ae5e29c52c22b15c3ae5ab561b2\\mockito-core-5.3.1.jar;C:\\Users\\HP\\.gradle\\caches\\transforms-3\\b925c89d8d74b620de93504db42719f1\\transformed\\viewbinding-7.4.0-runtime.jar;C:\\Users\\HP\\.gradle\\caches\\modules-2\\files-2.1\\com.squareup.okhttp3\\logging-interceptor\\5.0.0-alpha.2\\14cd7ecfbf017f84d1f93fe51168188c4ebbd297\\logging-interceptor-5.0.0-alpha.2.jar;C:\\Users\\HP\\.gradle\\caches\\modules-2\\files-2.1\\com.github.kirich1409\\viewbindingpropertydelegate-noreflection\\1.5.8\\13a46229f2bff9064267be5efb6d9ab55f166731\\viewbindingpropertydelegate-noreflection-1.5.8.jar;C:\\Users\\HP\\.gradle\\caches\\transforms-3\\98dd5e7012f8aa7b7c28ef2325c4fe5a\\transformed\\room-runtime-2.5.0-runtime.jar;C:\\Users\\HP\\.gradle\\caches\\modules-2\\files-2.1\\androidx.room\\room-common\\2.5.0\\829a83fb92f1696a8a32f3beea884dfc87b2693\\room-common-2.5.0.jar;C:\\Users\\HP\\.gradle\\caches\\modules-2\\files-2.1\\com.github.kirich1409\\viewbindingpropertydelegate-core\\1.5.8\\1bef8086c21f36c994d310bbae6873e2449d186c\\viewbindingpropertydelegate-core-1.5.8.jar;C:\\Users\\HP\\.gradle\\caches\\modules-2\\files-2.1\\com.squareup.retrofit2\\converter-gson\\2.9.0\\fc93484fc67ab52b1e0ccbdaa3922d8a6678e097\\converter-gson-2.9.0.jar;C:\\Users\\HP\\.gradle\\caches\\modules-2\\files-2.1\\com.squareup.retrofit2\\retrofit\\2.9.0\\d8fdfbd5da952141a665a403348b74538efc05ff\\retrofit-2.9.0.jar;C:\\Users\\HP\\.gradle\\caches\\modules-2\\files-2.1\\com.squareup.okhttp3\\okhttp\\5.0.0-alpha.3\\b1636a6c8b77837a3a34f197ebdf8e9f48bdc1d7\\okhttp-5.0.0-alpha.3.jar;C:\\Users\\HP\\.gradle\\caches\\modules-2\\files-2.1\\io.grpc\\grpc-okhttp\\1.52.1\\aeef45c692943d6e5b5d6267dc826f3cec770437\\grpc-okhttp-1.52.1.jar;C:\\Users\\HP\\.gradle\\caches\\modules-2\\files-2.1\\com.squareup.okio\\okio-jvm\\3.0.0\\ab5a73fa2ccb4a36b0b5c69fe10b16d0255bcf8\\okio-jvm-3.0.0.jar;C:\\Users\\HP\\.gradle\\caches\\modules-2\\files-2.1\\org.jetbrains.kotlin\\kotlin-stdlib-jdk8\\1.8.10\\7c002ac41f547a82e81dfebd2a20577a738dbf3f\\kotlin-stdlib-jdk8-1.8.10.jar;C:\\Users\\HP\\.gradle\\caches\\transforms-3\\e8fc0e68506ffcbdf512e5176ac553ab\\transformed\\media3-ui-1.1.0-beta01-runtime.jar;C:\\Users\\HP\\.gradle\\caches\\transforms-3\\c86cc7d8d2c2e5cc4c8794a7d87d803b\\transformed\\media3-session-1.1.0-beta01-runtime.jar;C:\\Users\\HP\\.gradle\\caches\\transforms-3\\2b885d36d2f8cf5fff8f66450e402e22\\transformed\\media3-extractor-1.1.0-beta01-runtime.jar;C:\\Users\\HP\\.gradle\\caches\\transforms-3\\ada62ac491b925763a09cdf642dc41a9\\transformed\\media3-container-1.1.0-beta01-runtime.jar;C:\\Users\\HP\\.gradle\\caches\\transforms-3\\eb2936b3479cc5678d3fbb4b90456f57\\transformed\\media3-datasource-1.1.0-beta01-runtime.jar;C:\\Users\\HP\\.gradle\\caches\\transforms-3\\cdf9c95467498336f810e9116ad876ae\\transformed\\media3-decoder-1.1.0-beta01-runtime.jar;C:\\Users\\HP\\.gradle\\caches\\transforms-3\\4592d8200d502fada13ffc821cb5a0a1\\transformed\\media3-database-1.1.0-beta01-runtime.jar;C:\\Users\\HP\\.gradle\\caches\\transforms-3\\4d748d34f7a12c043b59387317106a28\\transformed\\media3-common-1.1.0-beta01-runtime.jar;C:\\Users\\HP\\.gradle\\caches\\transforms-3\\49b6c5d4eed32bda02dcbcc1ef7b4c58\\transformed\\media3-exoplayer-hls-1.1.0-beta01-runtime.jar;C:\\Users\\HP\\.gradle\\caches\\transforms-3\\9a782674d2ab95810631eb3a04970eb7\\transformed\\media3-exoplayer-1.1.0-beta01-runtime.jar;C:\\Users\\HP\\.gradle\\caches\\transforms-3\\2c782e672a3dbcbba57b89fd23bcb2ba\\transformed\\emoji2-views-helper-1.2.0-runtime.jar;C:\\Users\\HP\\.gradle\\caches\\transforms-3\\1887c365345d7f3d22caf1694e2315ba\\transformed\\emoji2-1.2.0-runtime.jar;C:\\Users\\HP\\.gradle\\caches\\transforms-3\\a524bd3b9d65af33fe04ae8d565f0399\\transformed\\drawerlayout-1.1.1-runtime.jar;C:\\Users\\HP\\.gradle\\caches\\transforms-3\\a40889db2ede2a47179c295ce9c8a420\\transformed\\coordinatorlayout-1.1.0-runtime.jar;C:\\Users\\HP\\.gradle\\caches\\transforms-3\\35ab4bd9b3c519205be38c6aa7a47370\\transformed\\vectordrawable-animated-1.1.0-runtime.jar;C:\\Users\\HP\\.gradle\\caches\\transforms-3\\977258d47d6a02101451c408d07f4201\\transformed\\vectordrawable-1.1.0-runtime.jar;C:\\Users\\HP\\.gradle\\caches\\transforms-3\\9b70fea8f0e01a4253d30f2fd2ca8716\\transformed\\recyclerview-1.3.0-runtime.jar;C:\\Users\\HP\\.gradle\\caches\\transforms-3\\3c9d9bee3dcf3240fbfc2beaa2f08c91\\transformed\\media-1.6.0-runtime.jar;C:\\Users\\HP\\.gradle\\caches\\transforms-3\\74c2a1d49bff3aa0b6d74c3099c7b54f\\transformed\\viewpager-1.0.0-runtime.jar;C:\\Users\\HP\\.gradle\\caches\\transforms-3\\d52314c8295a84e798093ea52549bea2\\transformed\\customview-1.1.0-runtime.jar;C:\\Users\\HP\\.gradle\\caches\\transforms-3\\4cc56ef71c99ef82d88783ecbb29ab86\\transformed\\transition-1.4.1-runtime.jar;C:\\Users\\HP\\.gradle\\caches\\transforms-3\\9fca0fbbbf7885bf4a35cc9497fb9df8\\transformed\\core-1.10.0-runtime.jar;C:\\Users\\HP\\.gradle\\caches\\transforms-3\\a4329f7bb8c101d63869e793fad92ded\\transformed\\customview-poolingcontainer-1.0.0-runtime.jar;C:\\Users\\HP\\.gradle\\caches\\transforms-3\\094f78358a8cd9c530938eee315aff9c\\transformed\\core-ktx-1.10.0-runtime.jar;C:\\Users\\HP\\.gradle\\caches\\modules-2\\files-2.1\\com.google.dagger\\dagger\\2.42\\e0c9267991f4c4e167fc612947a948ffd27f3017\\dagger-2.42.jar;C:\\Users\\HP\\.gradle\\caches\\modules-2\\files-2.1\\org.jetbrains.kotlin\\kotlin-android-extensions-runtime\\1.8.0\\b8e5c4b20c0279528b5313b918241498d79faa7a\\kotlin-android-extensions-runtime-1.8.0.jar;C:\\Users\\HP\\.gradle\\caches\\transforms-3\\17c1935bbb346a3d1e01ceed569d82d8\\transformed\\savedstate-ktx-1.2.0-runtime.jar;C:\\Users\\HP\\.gradle\\caches\\transforms-3\\cac82d6126c015666708fbd55e87418f\\transformed\\savedstate-1.2.0-runtime.jar;C:\\Users\\HP\\.gradle\\caches\\transforms-3\\9e1a3efada4f44cda8d989316598278d\\transformed\\annotation-experimental-1.3.0-runtime.jar;C:\\Users\\HP\\.gradle\\caches\\transforms-3\\ee407f36441b164d07c4ae3532652006\\transformed\\sqlite-framework-2.3.0-runtime.jar;C:\\Users\\HP\\.gradle\\caches\\transforms-3\\1eaa8f149f4c9116c8ba516e2b6ee1bf\\transformed\\sqlite-2.3.0-runtime.jar;C:\\Users\\HP\\.gradle\\caches\\modules-2\\files-2.1\\org.jetbrains.kotlin\\kotlin-stdlib-jdk7\\1.8.10\\cb726a23c808a850a43e7d6b9d1ba91b02fe9f05\\kotlin-stdlib-jdk7-1.8.10.jar;C:\\Users\\HP\\.gradle\\caches\\transforms-3\\f21504a8cc0c66dbbd14b77ef4a1bbfd\\transformed\\cursoradapter-1.0.0-runtime.jar;C:\\Users\\HP\\.gradle\\caches\\transforms-3\\b9b0a0a8724822d4682fe9801178586c\\transformed\\lifecycle-process-2.4.1-runtime.jar;C:\\Users\\HP\\.gradle\\caches\\transforms-3\\313ce1e694a01362e9e588b103679c32\\transformed\\lifecycle-runtime-2.5.1-runtime.jar;C:\\Users\\HP\\.gradle\\caches\\modules-2\\files-2.1\\androidx.resourceinspection\\resourceinspection-annotation\\1.0.1\\8c21f8ff5d96d5d52c948707f7e4d6ca6773feef\\resourceinspection-annotation-1.0.1.jar;C:\\Users\\HP\\.gradle\\caches\\transforms-3\\278b350ee78550991f3f0e5f25751e96\\transformed\\cardview-1.0.0-runtime.jar;C:\\Users\\HP\\.gradle\\caches\\transforms-3\\2974a0c4703789ed84e34f935eae8f7b\\transformed\\gifdecoder-4.15.0-runtime.jar;C:\\Users\\HP\\.gradle\\caches\\transforms-3\\6d74fb0b313ecb54cf7925ea5b143f0c\\transformed\\exifinterface-1.3.3-runtime.jar;C:\\Users\\HP\\.gradle\\caches\\transforms-3\\0a0a98d9f5f5f13dbefc9683ed241571\\transformed\\startup-runtime-1.1.1-runtime.jar;C:\\Users\\HP\\.gradle\\caches\\transforms-3\\9d683db2f5189d099423f8de4a101992\\transformed\\tracing-1.0.0-runtime.jar;C:\\Users\\HP\\.gradle\\caches\\transforms-3\\e5defdb0aa09517c52a70b81c19b4547\\transformed\\versionedparcelable-1.1.1-runtime.jar;C:\\Users\\HP\\.gradle\\caches\\modules-2\\files-2.1\\androidx.collection\\collection-ktx\\1.1.0\\f807b2f366f7b75142a67d2f3c10031065b5168\\collection-ktx-1.1.0.jar;C:\\Users\\HP\\.gradle\\caches\\modules-2\\files-2.1\\androidx.collection\\collection\\1.2.0\\34dbc21d203cc4d4d623ac572a21acd4ccd716af\\collection-1.2.0.jar;C:\\Users\\HP\\.gradle\\caches\\transforms-3\\ec5906bebdd6822b88e92feba178cf34\\transformed\\firebase-components-17.1.0-runtime.jar;C:\\Users\\HP\\.gradle\\caches\\transforms-3\\854a9117144b6ec4985bcf27cdbd4ddc\\transformed\\interpolator-1.0.0-runtime.jar;C:\\Users\\HP\\.gradle\\caches\\transforms-3\\9f314f3f206a7ed4178385fa9e9c7921\\transformed\\lifecycle-livedata-2.2.0-runtime.jar;C:\\Users\\HP\\.gradle\\caches\\transforms-3\\ce9c88c5fe0454f9c69f7b14642c9640\\transformed\\lifecycle-livedata-core-ktx-2.5.1-runtime.jar;C:\\Users\\HP\\.gradle\\caches\\transforms-3\\674cfa1b4ab9606df51a0cc2d5126f92\\transformed\\lifecycle-livedata-core-2.5.1-runtime.jar;C:\\Users\\HP\\.gradle\\caches\\transforms-3\\dc19acfafa63433e7689bd10ebe7aed9\\transformed\\core-runtime-2.1.0-runtime.jar;C:\\Users\\HP\\.gradle\\caches\\modules-2\\files-2.1\\androidx.arch.core\\core-common\\2.1.0\\b3152fc64428c9354344bd89848ecddc09b6f07e\\core-common-2.1.0.jar;C:\\Users\\HP\\.gradle\\caches\\modules-2\\files-2.1\\androidx.lifecycle\\lifecycle-common\\2.5.1\\1fdb7349701e9cf2f0a69fc10642b6fef6bb3e12\\lifecycle-common-2.5.1.jar;C:\\Users\\HP\\.gradle\\caches\\modules-2\\files-2.1\\androidx.concurrent\\concurrent-futures\\1.1.0\\50b7fb98350d5f42a4e49704b03278542293ba48\\concurrent-futures-1.1.0.jar;C:\\Users\\HP\\.gradle\\caches\\transforms-3\\52b24d8dffa79efda9561341165aeb3e\\transformed\\documentfile-1.0.0-runtime.jar;C:\\Users\\HP\\.gradle\\caches\\transforms-3\\d9afe07cdec8ffafa6455bd41b783625\\transformed\\localbroadcastmanager-1.0.0-runtime.jar;C:\\Users\\HP\\.gradle\\caches\\transforms-3\\f5bfffd6d0f9c7cb0bc843ac25262761\\transformed\\print-1.0.0-runtime.jar;C:\\Users\\HP\\.gradle\\caches\\transforms-3\\7b2e044bac9067ef703e47af8f5e40c2\\transformed\\transport-backend-cct-3.1.8-runtime.jar;C:\\Users\\HP\\.gradle\\caches\\transforms-3\\d5a22e4b5a2d5aff0f97eb2b5ec3f3e1\\transformed\\transport-runtime-3.1.8-runtime.jar;C:\\Users\\HP\\.gradle\\caches\\transforms-3\\accc34f5f56d45dba2c7080e806915c6\\transformed\\transport-api-3.0.0-runtime.jar;C:\\Users\\HP\\.gradle\\caches\\transforms-3\\737d4c810ea734a47dad662b349c64c4\\transformed\\firebase-encoders-json-18.0.0-runtime.jar;C:\\Users\\HP\\.gradle\\caches\\modules-2\\files-2.1\\com.google.firebase\\firebase-encoders-proto\\16.0.0\\a42d5fd83b96ae7b73a8617d29c94703e18c9992\\firebase-encoders-proto-16.0.0.jar;C:\\Users\\HP\\.gradle\\caches\\modules-2\\files-2.1\\com.google.firebase\\firebase-encoders\\17.0.0\\26f52dc549c42575b155f8c720e84059ee600a85\\firebase-encoders-17.0.0.jar;C:\\Users\\HP\\.gradle\\caches\\modules-2\\files-2.1\\androidx.annotation\\annotation-jvm\\1.6.0\\a7257339a052df0f91433cf9651231bbb802b502\\annotation-jvm-1.6.0.jar;C:\\Users\\HP\\.gradle\\caches\\modules-2\\files-2.1\\org.jetbrains.kotlin\\kotlin-stdlib\\1.8.10\\6d5560a229477df9406943d5feda5618e98eb64c\\kotlin-stdlib-1.8.10.jar;C:\\Users\\HP\\.gradle\\caches\\modules-2\\files-2.1\\org.hamcrest\\hamcrest-core\\1.3\\42a25dc3219429f0e5d060061f71acb49bf010a0\\hamcrest-core-1.3.jar;C:\\Users\\HP\\.gradle\\caches\\modules-2\\files-2.1\\net.bytebuddy\\byte-buddy\\1.14.4\\20498aaec9b00a5cfdb831e7bf68feafa833ce4b\\byte-buddy-1.14.4.jar;C:\\Users\\HP\\.gradle\\caches\\modules-2\\files-2.1\\net.bytebuddy\\byte-buddy-agent\\1.14.4\\3bf5ac1104554908cc623e40e58a00be37c35f36\\byte-buddy-agent-1.14.4.jar;C:\\Users\\HP\\.gradle\\caches\\modules-2\\files-2.1\\org.objenesis\\objenesis\\3.3\\1049c09f1de4331e8193e579448d0916d75b7631\\objenesis-3.3.jar;C:\\Users\\HP\\.gradle\\caches\\modules-2\\files-2.1\\io.grpc\\grpc-stub\\1.52.1\\16726293bd4430fab8deb37b1ea2ddf8e69b85de\\grpc-stub-1.52.1.jar;C:\\Users\\HP\\.gradle\\caches\\modules-2\\files-2.1\\io.grpc\\grpc-protobuf-lite\\1.52.1\\e50372c825b3b60a9c1c83895a8ac2209578260b\\grpc-protobuf-lite-1.52.1.jar;C:\\Users\\HP\\.gradle\\caches\\transforms-3\\34205b4a1852a4b054ee11267b3927e8\\transformed\\grpc-android-1.52.1-runtime.jar;C:\\Users\\HP\\.gradle\\caches\\modules-2\\files-2.1\\io.grpc\\grpc-core\\1.52.1\\c80b4701b0bef206b7208f4d3d941b21b527a311\\grpc-core-1.52.1.jar;C:\\Users\\HP\\.gradle\\caches\\modules-2\\files-2.1\\io.grpc\\grpc-api\\1.52.1\\250130924e11e3a0dfb5f508130940a1729d497c\\grpc-api-1.52.1.jar;C:\\Users\\HP\\.gradle\\caches\\modules-2\\files-2.1\\com.google.guava\\guava\\31.1-android\\9222c47cc3ae890f07f7c961bbb3cb69050fe4aa\\guava-31.1-android.jar;C:\\Users\\HP\\.gradle\\caches\\modules-2\\files-2.1\\com.google.errorprone\\error_prone_annotations\\2.15.0\\38c8485a652f808c8c149150da4e5c2b0bd17f9a\\error_prone_annotations-2.15.0.jar;C:\\Users\\HP\\.gradle\\caches\\modules-2\\files-2.1\\androidx.constraintlayout\\constraintlayout-core\\1.0.4\\29cdbe03ded6b0980f63fa5da2579a430e911c40\\constraintlayout-core-1.0.4.jar;C:\\Users\\HP\\.gradle\\caches\\modules-2\\files-2.1\\com.google.code.gson\\gson\\2.9.0\\8a1167e089096758b49f9b34066ef98b2f4b37aa\\gson-2.9.0.jar;C:\\Users\\HP\\.gradle\\caches\\modules-2\\files-2.1\\com.google.firebase\\firebase-annotations\\16.2.0\\ba0806703ca285d03fa9c888b5868f101134a501\\firebase-annotations-16.2.0.jar;C:\\Users\\HP\\.gradle\\caches\\modules-2\\files-2.1\\javax.inject\\javax.inject\\1\\6975da39a7040257bd51d21a231b76c915872d38\\javax.inject-1.jar;C:\\Users\\HP\\.gradle\\caches\\modules-2\\files-2.1\\com.github.bumptech.glide\\disklrucache\\4.15.0\\dc9dde980bc49b0fb0ed02d67b4f321b7ae04422\\disklrucache-4.15.0.jar;C:\\Users\\HP\\.gradle\\caches\\modules-2\\files-2.1\\com.github.bumptech.glide\\annotations\\4.15.0\\e8bf9138f3938fa76748bd1684d20df414321432\\annotations-4.15.0.jar;C:\\Users\\HP\\.gradle\\caches\\transforms-3\\0a21719d4ff9136a4167aa64f07948d3\\transformed\\multidex-2.0.1-runtime.jar;C:\\Users\\HP\\.gradle\\caches\\transforms-3\\a97131475f9f47e467890683265f7b78\\transformed\\android-gif-drawable-1.2.22-runtime.jar;C:\\Users\\HP\\.gradle\\caches\\modules-2\\files-2.1\\org.jetbrains.kotlin\\kotlin-stdlib-common\\1.8.10\\a61b182458550492c12aee66157d7b524a63a5ec\\kotlin-stdlib-common-1.8.10.jar;C:\\Users\\HP\\.gradle\\caches\\modules-2\\files-2.1\\org.jetbrains\\annotations\\13.0\\919f0dfe192fb4e063e7dacadee7f8bb9a2672a9\\annotations-13.0.jar;C:\\Users\\HP\\.gradle\\caches\\modules-2\\files-2.1\\com.google.guava\\failureaccess\\1.0.1\\1dcf1de382a0bf95a3d8b0849546c88bac1292c9\\failureaccess-1.0.1.jar;C:\\Users\\HP\\.gradle\\caches\\modules-2\\files-2.1\\com.google.guava\\listenablefuture\\9999.0-empty-to-avoid-conflict-with-guava\\b421526c5f297295adef1c886e5246c39d4ac629\\listenablefuture-9999.0-empty-to-avoid-conflict-with-guava.jar;C:\\Users\\HP\\.gradle\\caches\\transforms-3\\81098c0a8eb49c2dbddb030148abc733\\transformed\\protolite-well-known-types-18.0.0-runtime.jar;C:\\Users\\HP\\.gradle\\caches\\transforms-3\\f2af10617d868953959c8f1f6c6ce96e\\transformed\\relinker-1.4.1-runtime.jar;C:\\Users\\HP\\.gradle\\caches\\modules-2\\files-2.1\\com.google.protobuf\\protobuf-javalite\\3.21.7\\82b692be08383107fd1c6d44474b56df411edd27\\protobuf-javalite-3.21.7.jar;C:\\Users\\HP\\.gradle\\caches\\modules-2\\files-2.1\\com.google.code.findbugs\\jsr305\\3.0.2\\25ea2e8b0c338a877313bd4672d3fe056ea78f0d\\jsr305-3.0.2.jar;C:\\Users\\HP\\.gradle\\caches\\modules-2\\files-2.1\\io.perfmark\\perfmark-api\\0.25.0\\340a0c3d81cdcd9ecd7dc2ae00fb2633b469b157\\perfmark-api-0.25.0.jar;C:\\Users\\HP\\.gradle\\caches\\modules-2\\files-2.1\\io.grpc\\grpc-context\\1.52.1\\4da95b74359b2dfdd5d85eee3b4682a3e720261c\\grpc-context-1.52.1.jar;C:\\Users\\HP\\.gradle\\caches\\modules-2\\files-2.1\\org.checkerframework\\checker-qual\\3.12.0\\d5692f0526415fcc6de94bb5bfbd3afd9dd3b3e5\\checker-qual-3.12.0.jar;C:\\Users\\HP\\.gradle\\caches\\modules-2\\files-2.1\\com.google.j2objc\\j2objc-annotations\\1.3\\ba035118bc8bac37d7eff77700720999acd9986d\\j2objc-annotations-1.3.jar;C:\\Users\\HP\\.gradle\\caches\\modules-2\\files-2.1\\com.google.android\\annotations\\4.1.1.4\\a1678ba907bf92691d879fef34e1a187038f9259\\annotations-4.1.1.4.jar;C:\\Users\\HP\\.gradle\\caches\\modules-2\\files-2.1\\org.codehaus.mojo\\animal-sniffer-annotations\\1.21\\419a9acd297cb6fe6f91b982d909f2c20e9fa5c0\\animal-sniffer-annotations-1.21.jar;C:\\Users\\HP\\.gradle\\caches\\transforms-3\\cc174742abfce016e48106462be4d871\\transformed\\room-ktx-2.5.0\\jars\\classes.jar;C:\\Users\\HP\\.gradle\\caches\\transforms-3\\2c4b231126dbd22e8d74cd32582a6d6f\\transformed\\paging-runtime-3.1.1\\jars\\classes.jar;C:\\Users\\HP\\.gradle\\caches\\transforms-3\\961b2eae19f79ce99990d17babcee5f3\\transformed\\navigation-fragment-ktx-2.5.3\\jars\\classes.jar;C:\\Users\\HP\\.gradle\\caches\\transforms-3\\962d55abc4688e72f5e36e5cbbfd598f\\transformed\\navigation-fragment-2.5.3\\jars\\classes.jar;C:\\Users\\HP\\.gradle\\caches\\transforms-3\\ed978f557d8d33c7cd3e17c0ab389887\\transformed\\fragment-ktx-1.5.4\\jars\\classes.jar;C:\\Users\\HP\\.gradle\\caches\\transforms-3\\598f05f685fc778c912285f35815cade\\transformed\\navigation-ui-ktx-2.5.3\\jars\\classes.jar;C:\\Users\\HP\\.gradle\\caches\\transforms-3\\aeaefc6fbfd42616cc2e4ce4dd4e87a9\\transformed\\navigation-runtime-ktx-2.5.3\\jars\\classes.jar;C:\\Users\\HP\\.gradle\\caches\\transforms-3\\f80b2f9294e96bb866e014ccd53cd4b5\\transformed\\navigation-ui-2.5.3\\jars\\classes.jar;C:\\Users\\HP\\.gradle\\caches\\transforms-3\\997ae27b02045bfa821a19891c566ea1\\transformed\\navigation-runtime-2.5.3\\jars\\classes.jar;C:\\Users\\HP\\.gradle\\caches\\transforms-3\\8647776cc13904dce97f18e4d6572d27\\transformed\\SSPullToRefresh-1.5.1\\jars\\classes.jar;C:\\Users\\HP\\.gradle\\caches\\transforms-3\\7d17554fa91c355b2d28fa0ecfa03ff2\\transformed\\material-1.8.0\\jars\\classes.jar;C:\\Users\\HP\\.gradle\\caches\\transforms-3\\84401e3f39c3b8548eab2a3c376ac590\\transformed\\constraintlayout-2.1.4\\jars\\classes.jar;C:\\Users\\HP\\.gradle\\caches\\transforms-3\\5222b3d07311694bcdd5ca99b395ca9c\\transformed\\RecyclerViewSwipeDecorator-1.4\\jars\\classes.jar;C:\\Users\\HP\\.gradle\\caches\\transforms-3\\63b41ecea94ef973cd20735b96aa3453\\transformed\\lottie-4.2.0\\jars\\classes.jar;C:\\Users\\HP\\.gradle\\caches\\transforms-3\\25e49b73bdf7fd45f1a48ec9370d3351\\transformed\\appcompat-resources-1.6.1\\jars\\classes.jar;C:\\Users\\HP\\.gradle\\caches\\transforms-3\\470a6a514e570b42003570bcdb91536b\\transformed\\appcompat-1.6.1\\jars\\classes.jar;C:\\Users\\HP\\.gradle\\caches\\transforms-3\\c18d7b101a62cee6860d583bd9cbd506\\transformed\\glide-4.15.0\\jars\\classes.jar;C:\\Users\\HP\\.gradle\\caches\\transforms-3\\77283e213d96d5ebb5966a8c46577c58\\transformed\\viewpager2-1.0.0\\jars\\classes.jar;C:\\Users\\HP\\.gradle\\caches\\transforms-3\\3582a533f5d800f5f63459370c97d236\\transformed\\firebase-messaging-ktx-23.1.2\\jars\\classes.jar;C:\\Users\\HP\\.gradle\\caches\\transforms-3\\7a8b82770fa989e383100d8f250400cd\\transformed\\firebase-firestore-ktx-24.5.0\\jars\\classes.jar;C:\\Users\\HP\\.gradle\\caches\\transforms-3\\1cbd578f5ae139e60e922ad4c5b5e805\\transformed\\firebase-storage-ktx-20.1.0\\jars\\classes.jar;C:\\Users\\HP\\.gradle\\caches\\transforms-3\\bb676584ff8dc384922ea395f0935ea0\\transformed\\firebase-common-ktx-20.3.2\\jars\\classes.jar;C:\\Users\\HP\\.gradle\\caches\\transforms-3\\263be19342707c34a9599d53fa7c53b2\\transformed\\firebase-storage-20.1.0\\jars\\classes.jar;C:\\Users\\HP\\.gradle\\caches\\transforms-3\\333ce9f21abe2d446f65d2acaee3fe1c\\transformed\\firebase-messaging-23.1.2\\jars\\classes.jar;C:\\Users\\HP\\.gradle\\caches\\transforms-3\\75835f885bdb6e8715fef50165afc8f9\\transformed\\firebase-firestore-24.5.0\\jars\\classes.jar;C:\\Users\\HP\\.gradle\\caches\\transforms-3\\f42755824a9d99375b368f72cf38f063\\transformed\\firebase-datatransport-18.1.7\\jars\\classes.jar;C:\\Users\\HP\\.gradle\\caches\\transforms-3\\8134822167a665cbf544abbede38fc20\\transformed\\firebase-installations-17.1.3\\jars\\classes.jar;C:\\Users\\HP\\.gradle\\caches\\transforms-3\\b0decf0a7248538e0e32b59a78d56e77\\transformed\\firebase-appcheck-interop-16.1.1\\jars\\classes.jar;C:\\Users\\HP\\.gradle\\caches\\transforms-3\\b232302ec3f3ab1378eea65e86b13600\\transformed\\firebase-auth-interop-19.0.2\\jars\\classes.jar;C:\\Users\\HP\\.gradle\\caches\\transforms-3\\9da08f7b5eb26392f3bc4b687895e9d1\\transformed\\firebase-common-20.3.2\\jars\\classes.jar;C:\\Users\\HP\\.gradle\\caches\\transforms-3\\d4db49a17c7cfd76ed45de85a7a54c4f\\transformed\\firebase-database-collection-18.0.1\\jars\\classes.jar;C:\\Users\\HP\\.gradle\\caches\\transforms-3\\98b4e2fbc279b491a7a9098c5341da0d\\transformed\\play-services-base-18.0.1\\jars\\classes.jar;C:\\Users\\HP\\.gradle\\caches\\transforms-3\\0967d4eedb8984ab90a98e6a875706eb\\transformed\\firebase-installations-interop-17.1.0\\jars\\classes.jar;C:\\Users\\HP\\.gradle\\caches\\transforms-3\\5989ba06a0d831b232685410575a19e5\\transformed\\firebase-iid-interop-17.1.0\\jars\\classes.jar;C:\\Users\\HP\\.gradle\\caches\\transforms-3\\591018637365a232f2ffca4a9d0a637b\\transformed\\play-services-cloud-messaging-17.0.1\\jars\\classes.jar;C:\\Users\\HP\\.gradle\\caches\\transforms-3\\3f1fd4017ee9c898290f7aec7dcc7119\\transformed\\play-services-tasks-18.0.2\\jars\\classes.jar;C:\\Users\\HP\\.gradle\\caches\\transforms-3\\e5f5a8ff3c5f98713a82f1c2ee1945ba\\transformed\\play-services-stats-17.0.2\\jars\\classes.jar;C:\\Users\\HP\\.gradle\\caches\\transforms-3\\28ab25f93709d0cb691c5c2955b10fbf\\transformed\\firebase-measurement-connector-19.0.0\\jars\\classes.jar;C:\\Users\\HP\\.gradle\\caches\\transforms-3\\435efec64db82c9c3a6cf109fa011062\\transformed\\play-services-basement-18.1.0\\jars\\classes.jar;C:\\Users\\HP\\.gradle\\caches\\transforms-3\\a01f2f227c521d1fc9e892682910a0b3\\transformed\\fragment-1.5.4\\jars\\classes.jar;C:\\Users\\HP\\.gradle\\caches\\transforms-3\\b5cc6300903484d8eed37c2ff4f3ee05\\transformed\\activity-1.6.0\\jars\\classes.jar;C:\\Users\\HP\\.gradle\\caches\\transforms-3\\4fcadaadf6ea2516b2eb492073c65427\\transformed\\activity-ktx-1.6.0\\jars\\classes.jar;C:\\Users\\HP\\.gradle\\caches\\transforms-3\\b08cfac7b3fa671ae658d0d2312c9039\\transformed\\navigation-common-ktx-2.5.3\\jars\\classes.jar;C:\\Users\\HP\\.gradle\\caches\\transforms-3\\b05cffab355bff41a36e16593fa2594c\\transformed\\navigation-common-2.5.3\\jars\\classes.jar;C:\\Users\\HP\\.gradle\\caches\\transforms-3\\2caf5eda0755bad40f9f135baf1465e1\\transformed\\lifecycle-viewmodel-ktx-2.5.1\\jars\\classes.jar;C:\\Users\\HP\\.gradle\\caches\\transforms-3\\ad005b336cf3075f09d260cf158d8757\\transformed\\lifecycle-runtime-ktx-2.5.1\\jars\\classes.jar;C:\\Users\\HP\\.gradle\\caches\\transforms-3\\7fa1e3fa8fa17c09461f0b4d309e96ee\\transformed\\palette-1.0.0\\jars\\classes.jar;C:\\Users\\HP\\.gradle\\caches\\transforms-3\\be2569d06ec5aed21a61bee4830f0348\\transformed\\dynamicanimation-1.0.0\\jars\\classes.jar;C:\\Users\\HP\\.gradle\\caches\\transforms-3\\8e39d9f9cafefc21a16a4406c41c80e9\\transformed\\legacy-support-core-utils-1.0.0\\jars\\classes.jar;C:\\Users\\HP\\.gradle\\caches\\transforms-3\\4511bb90f52b85d8b2301931c953caec\\transformed\\loader-1.0.0\\jars\\classes.jar;C:\\Users\\HP\\.gradle\\caches\\transforms-3\\1586dec2e859cefb6ca0092ea40a9892\\transformed\\lifecycle-viewmodel-2.5.1\\jars\\classes.jar;C:\\Users\\HP\\.gradle\\caches\\transforms-3\\aec9fbefc328bc2620b38a5f9be01e02\\transformed\\lifecycle-viewmodel-savedstate-2.5.1\\jars\\classes.jar;C:\\Users\\HP\\.gradle\\caches\\transforms-3\\2496c5d6610047506102b8de9da1b861\\transformed\\slidingpanelayout-1.2.0\\jars\\classes.jar;C:\\Users\\HP\\.gradle\\caches\\transforms-3\\52e6f8d4fe82ce8806c17e53ab19bec2\\transformed\\window-1.0.0\\jars\\classes.jar;C:\\Users\\HP\\.gradle\\caches\\transforms-3\\2d17367b4d7f8c837085b038d031c043\\transformed\\lifecycle-livedata-ktx-2.2.0\\jars\\classes.jar;C:\\Users\\HP\\.gradle\\caches\\transforms-3\\058671c000145b965dc7508a2cbc3a33\\transformed\\datastore-preferences-1.0.0\\jars\\classes.jar;C:\\Users\\HP\\.gradle\\caches\\transforms-3\\1c80ee5538fad67830a88c8858b93f19\\transformed\\datastore-1.0.0\\jars\\classes.jar;C:\\Users\\HP\\.gradle\\caches\\transforms-3\\192c66cd413f83a2abf8720d387c36a7\\transformed\\viewbinding-7.4.0\\jars\\classes.jar;C:\\Users\\HP\\.gradle\\caches\\transforms-3\\95badb6dee7005cfa7fef9493295f09d\\transformed\\room-runtime-2.5.0\\jars\\classes.jar;C:\\Users\\HP\\.gradle\\caches\\transforms-3\\68b9e46eaf166485b5bdc28ba8093e8f\\transformed\\media3-ui-1.1.0-beta01\\jars\\classes.jar;C:\\Users\\HP\\.gradle\\caches\\transforms-3\\6d693cda099d58dff74442aa276b9fc8\\transformed\\media3-session-1.1.0-beta01\\jars\\classes.jar;C:\\Users\\HP\\.gradle\\caches\\transforms-3\\bbe0044c308ba33c91565e8cb62370e8\\transformed\\media3-extractor-1.1.0-beta01\\jars\\classes.jar;C:\\Users\\HP\\.gradle\\caches\\transforms-3\\7d11ff333741953272aa6760a9de3231\\transformed\\media3-container-1.1.0-beta01\\jars\\classes.jar;C:\\Users\\HP\\.gradle\\caches\\transforms-3\\63694a6cbb5151e6c2cdb1e938ede6f2\\transformed\\media3-datasource-1.1.0-beta01\\jars\\classes.jar;C:\\Users\\HP\\.gradle\\caches\\transforms-3\\8061e874543aea11b3dfbba01a581496\\transformed\\media3-decoder-1.1.0-beta01\\jars\\classes.jar;C:\\Users\\HP\\.gradle\\caches\\transforms-3\\33bb599f82efb93f9dd8e69ff5cacc03\\transformed\\media3-database-1.1.0-beta01\\jars\\classes.jar;C:\\Users\\HP\\.gradle\\caches\\transforms-3\\c2aff4a42ac90a69e8a1f4f63b1b06c1\\transformed\\media3-common-1.1.0-beta01\\jars\\classes.jar;C:\\Users\\HP\\.gradle\\caches\\transforms-3\\4469b1a3aee6735e50386afc223f9a05\\transformed\\media3-exoplayer-hls-1.1.0-beta01\\jars\\classes.jar;C:\\Users\\HP\\.gradle\\caches\\transforms-3\\f488e1cf1553db9fbef0b9c06a1a6610\\transformed\\media3-exoplayer-1.1.0-beta01\\jars\\classes.jar;C:\\Users\\HP\\.gradle\\caches\\transforms-3\\a753e01dcf0f2cf30041a83a5de70a2b\\transformed\\emoji2-views-helper-1.2.0\\jars\\classes.jar;C:\\Users\\HP\\.gradle\\caches\\transforms-3\\d170c0b0252458820daa6be458bc18fd\\transformed\\emoji2-1.2.0\\jars\\classes.jar;C:\\Users\\HP\\.gradle\\caches\\transforms-3\\d170c0b0252458820daa6be458bc18fd\\transformed\\emoji2-1.2.0\\jars\\libs\\repackaged.jar;C:\\Users\\HP\\.gradle\\caches\\transforms-3\\98381a7d93a626eff3639d916dbc40a6\\transformed\\drawerlayout-1.1.1\\jars\\classes.jar;C:\\Users\\HP\\.gradle\\caches\\transforms-3\\305fb9d04a69b8bb57cde23ee987e18d\\transformed\\coordinatorlayout-1.1.0\\jars\\classes.jar;C:\\Users\\HP\\.gradle\\caches\\transforms-3\\13c15cfdcd27d460f11427eea810881c\\transformed\\vectordrawable-animated-1.1.0\\jars\\classes.jar;C:\\Users\\HP\\.gradle\\caches\\transforms-3\\98b25857d689fa3fdebf8f4f993f4aff\\transformed\\vectordrawable-1.1.0\\jars\\classes.jar;C:\\Users\\HP\\.gradle\\caches\\transforms-3\\e1b4b07ee640e54234f97a22b9d6fbdc\\transformed\\recyclerview-1.3.0\\jars\\classes.jar;C:\\Users\\HP\\.gradle\\caches\\transforms-3\\f88524a0dac3aca70e19a45661b0dea1\\transformed\\media-1.6.0\\jars\\classes.jar;C:\\Users\\HP\\.gradle\\caches\\transforms-3\\d4f9c84e9ff19b1fec7b6396c5c6b903\\transformed\\viewpager-1.0.0\\jars\\classes.jar;C:\\Users\\HP\\.gradle\\caches\\transforms-3\\2caccf5ad135f4ac1aa52a849a4f642f\\transformed\\customview-1.1.0\\jars\\classes.jar;C:\\Users\\HP\\.gradle\\caches\\transforms-3\\98c64cc79ddaa72e0312354c8f1362a6\\transformed\\transition-1.4.1\\jars\\classes.jar;C:\\Users\\HP\\.gradle\\caches\\transforms-3\\ce6cbe62151290a1e8f12e1657936e90\\transformed\\core-1.10.0\\jars\\classes.jar;C:\\Users\\HP\\.gradle\\caches\\transforms-3\\8899b99d0ee8cb435fc9c00056b4099f\\transformed\\customview-poolingcontainer-1.0.0\\jars\\classes.jar;C:\\Users\\HP\\.gradle\\caches\\transforms-3\\00fa79ba0d442315b3fe32b6449739cc\\transformed\\core-ktx-1.10.0\\jars\\classes.jar;C:\\Users\\HP\\.gradle\\caches\\transforms-3\\90245fddde2f214a97646ddb23e54ff5\\transformed\\savedstate-ktx-1.2.0\\jars\\classes.jar;C:\\Users\\HP\\.gradle\\caches\\transforms-3\\eb046650e919d58d1aded3fc211a0e5e\\transformed\\savedstate-1.2.0\\jars\\classes.jar;C:\\Users\\HP\\.gradle\\caches\\transforms-3\\f98f800737f999fa5bcf2b99c39d3497\\transformed\\annotation-experimental-1.3.0\\jars\\classes.jar;C:\\Users\\HP\\.gradle\\caches\\transforms-3\\e298857114786470ef4f0a2e254d18a6\\transformed\\sqlite-framework-2.3.0\\jars\\classes.jar;C:\\Users\\HP\\.gradle\\caches\\transforms-3\\cfa251f6ef6163b248d9f31efcbeb106\\transformed\\sqlite-2.3.0\\jars\\classes.jar;C:\\Users\\HP\\.gradle\\caches\\transforms-3\\486c208780430d0866444341c000c097\\transformed\\cursoradapter-1.0.0\\jars\\classes.jar;C:\\Users\\HP\\.gradle\\caches\\transforms-3\\b39f1415db05fee32f8764ce3a77fd39\\transformed\\lifecycle-process-2.4.1\\jars\\classes.jar;C:\\Users\\HP\\.gradle\\caches\\transforms-3\\b63acb47e013976421675eb6afd2ecb6\\transformed\\lifecycle-runtime-2.5.1\\jars\\classes.jar;C:\\Users\\HP\\.gradle\\caches\\transforms-3\\e18040c6dc2cceeb3e2d7dd6b2854c9f\\transformed\\cardview-1.0.0\\jars\\classes.jar;C:\\Users\\HP\\.gradle\\caches\\transforms-3\\1063ac6caa98e8396f18cfcad5653833\\transformed\\gifdecoder-4.15.0\\jars\\classes.jar;C:\\Users\\HP\\.gradle\\caches\\transforms-3\\0e28e6bce4d4b211f6015cce4fa640ba\\transformed\\exifinterface-1.3.3\\jars\\classes.jar;C:\\Users\\HP\\.gradle\\caches\\transforms-3\\a47fc7e93af91b9603bad1c0aba7e8cb\\transformed\\startup-runtime-1.1.1\\jars\\classes.jar;C:\\Users\\HP\\.gradle\\caches\\transforms-3\\fedda003f3b9ca7b60fde17e58eb2737\\transformed\\tracing-1.0.0\\jars\\classes.jar;C:\\Users\\HP\\.gradle\\caches\\transforms-3\\66f097409266e7070887d60c8edd2c61\\transformed\\versionedparcelable-1.1.1\\jars\\classes.jar;C:\\Users\\HP\\.gradle\\caches\\transforms-3\\988cba0b5dba194ac745ca0657480b85\\transformed\\firebase-components-17.1.0\\jars\\classes.jar;C:\\Users\\HP\\.gradle\\caches\\transforms-3\\15a3b38a8721a5b8837f693db4714419\\transformed\\interpolator-1.0.0\\jars\\classes.jar;C:\\Users\\HP\\.gradle\\caches\\transforms-3\\80f478e004f026374f8d383f07d20472\\transformed\\lifecycle-livedata-2.2.0\\jars\\classes.jar;C:\\Users\\HP\\.gradle\\caches\\transforms-3\\062dbe955199df395e4ee2e6512abd78\\transformed\\lifecycle-livedata-core-ktx-2.5.1\\jars\\classes.jar;C:\\Users\\HP\\.gradle\\caches\\transforms-3\\0d2252bbda1fb89f6e788b281629ac16\\transformed\\lifecycle-livedata-core-2.5.1\\jars\\classes.jar;C:\\Users\\HP\\.gradle\\caches\\transforms-3\\0507325d8377b8b7557d4eac00114398\\transformed\\core-runtime-2.1.0\\jars\\classes.jar;C:\\Users\\HP\\.gradle\\caches\\transforms-3\\ea41820b7808c91906ff9538ad46b015\\transformed\\documentfile-1.0.0\\jars\\classes.jar;C:\\Users\\HP\\.gradle\\caches\\transforms-3\\97bd4c44c93594df8260b870bd69ec51\\transformed\\localbroadcastmanager-1.0.0\\jars\\classes.jar;C:\\Users\\HP\\.gradle\\caches\\transforms-3\\885a7448e6d057c7876a55ec3aa19195\\transformed\\print-1.0.0\\jars\\classes.jar;C:\\Users\\HP\\.gradle\\caches\\transforms-3\\66d553532689a7506b3b38512beb4b79\\transformed\\transport-backend-cct-3.1.8\\jars\\classes.jar;C:\\Users\\HP\\.gradle\\caches\\transforms-3\\8d80867b90a76b26381a8b920a69a2e3\\transformed\\transport-runtime-3.1.8\\jars\\classes.jar;C:\\Users\\HP\\.gradle\\caches\\transforms-3\\9811195b1d18dedcbee12bf7b9563af1\\transformed\\transport-api-3.0.0\\jars\\classes.jar;C:\\Users\\HP\\.gradle\\caches\\transforms-3\\803777295fd9b6a0fe5119c447d7106e\\transformed\\firebase-encoders-json-18.0.0\\jars\\classes.jar;C:\\Users\\HP\\.gradle\\caches\\transforms-3\\808a97f26aecf61e5a293da492926d2a\\transformed\\grpc-android-1.52.1\\jars\\classes.jar;C:\\Users\\HP\\.gradle\\caches\\transforms-3\\09b2fa0a79136c31715c83058a97db9b\\transformed\\multidex-2.0.1\\jars\\classes.jar;C:\\Users\\HP\\.gradle\\caches\\transforms-3\\4a143a50da020a02e8fc9992628157e4\\transformed\\android-gif-drawable-1.2.22\\jars\\classes.jar;C:\\Users\\HP\\.gradle\\caches\\transforms-3\\da4bc33f0afee91718a2e0eb1bd3b0e5\\transformed\\protolite-well-known-types-18.0.0\\jars\\classes.jar;C:\\Users\\HP\\.gradle\\caches\\transforms-3\\d8c3bc384a345043e48cd2030d083827\\transformed\\relinker-1.4.1\\jars\\classes.jar;C:\\Users\\HP\\AndroidStudioProjects\\MusicApp\\app\\build\\intermediates\\compile_and_runtime_not_namespaced_r_class_jar\\debug\\R.jar;C:\\Users\\HP\\.gradle\\caches\\transforms-3\\a7fbaa394443d3265d877651fb2da5a5\\transformed\\android.jar
Launcher Type: SUN_STANDARD

[Global flags]
     intx CICompilerCount                          = 4                                         {product} {ergonomic}
     uint ConcGCThreads                            = 3                                         {product} {ergonomic}
     uint G1ConcRefinementThreads                  = 10                                        {product} {ergonomic}
   size_t G1HeapRegionSize                         = 1048576                                   {product} {ergonomic}
    uintx GCDrainStackTargetSize                   = 64                                        {product} {ergonomic}
   size_t InitialHeapSize                          = 257949696                                 {product} {ergonomic}
   size_t MarkStackSize                            = 4194304                                   {product} {ergonomic}
   size_t MaxHeapSize                              = 536870912                                 {product} {command line}
   size_t MinHeapDeltaBytes                        = 1048576                                   {product} {ergonomic}
   size_t MinHeapSize                              = 8388608                                   {product} {ergonomic}
    uintx NonNMethodCodeHeapSize                   = 5839372                                {pd product} {ergonomic}
    uintx NonProfiledCodeHeapSize                  = 122909434                              {pd product} {ergonomic}
    uintx ProfiledCodeHeapSize                     = 122909434                              {pd product} {ergonomic}
    uintx ReservedCodeCacheSize                    = 251658240                              {pd product} {ergonomic}
     bool SegmentedCodeCache                       = true                                      {product} {ergonomic}
   size_t SoftMaxHeapSize                          = 536870912                              {manageable} {ergonomic}
     bool UseCompressedClassPointers               = true                           {product lp64_product} {ergonomic}
     bool UseCompressedOops                        = true                           {product lp64_product} {ergonomic}
     bool UseG1GC                                  = true                                      {product} {ergonomic}
     bool UseLargePagesIndividualAllocation        = false                                  {pd product} {ergonomic}

Logging:
Log output configuration:
 #0: stdout all=warning uptime,level,tags foldmultilines=false
 #1: stderr all=off uptime,level,tags foldmultilines=false

Environment Variables:
PATH=C:\cygwin64\bin;C:\Program Files (x86)\Common Files\Intel\Shared Libraries\redist\intel64_win\compiler;C:\Program Files (x86)\Common Files\Intel\Shared Libraries\redist\intel64\compiler;C:\Program Files\Microsoft MPI\Bin\;C:\ProgramData\Oracle\Java\javapath;C:\Windows\system32;C:\Windows;C:\Windows\System32\Wbem;C:\Windows\System32\WindowsPowerShell\v1.0\;C:\Windows\System32\OpenSSH\;C:\Program Files\7-Zip;C:\Program Files (x86)\NVIDIA Corporation\PhysX\Common;C:\Program Files\Microsoft SQL Server\150\Tools\Binn\;C:\Program Files\Microsoft SQL Server\Client SDK\ODBC\170\Tools\Binn\;C:\Program Files\Git\cmd;C:\Program Files\dotnet\;C:\Program Files (x86)\Microsoft SQL Server\150\Tools\Binn\;C:\Program Files\Microsoft SQL Server\150\DTS\Binn\;C:\Program Files (x86)\Microsoft SQL Server\150\DTS\Binn\;C:\Program Files\nodejs\;C:\Users\HP\AppData\Local\Microsoft\WindowsApps;C:\Users\HP\AppData\Local\Programs\Microsoft VS Code\bin;C:\Users\HP\AppData\Local\GitHubDesktop\bin;C:\flutter\bin;C:\Users\HP\.dotnet\tools;C:\Program Files\Azure Data Studio\bin;C:\Users\HP\AppData\Roaming\npm
USERNAME=HP
OS=Windows_NT
PROCESSOR_IDENTIFIER=AMD64 Family 23 Model 96 Stepping 1, AuthenticAMD



---------------  S Y S T E M  ---------------

OS:
 Windows 10 , 64 bit Build 19041 (10.0.19041.1348)
OS uptime: 8 days 19:38 hours

CPU: total 12 (initial active 12) (12 cores per cpu, 2 threads per core) family 23 model 96 stepping 1 microcode 0x0, cx8, cmov, fxsr, ht, mmx, 3dnowpref, sse, sse2, sse3, ssse3, sse4a, sse4.1, sse4.2, popcnt, lzcnt, tsc, tscinvbit, avx, avx2, aes, clmul, bmi1, bmi2, adx, sha, fma, vzeroupper, clflush, clflushopt

Memory: 4k page, system-wide physical 15733M (2192M free)
TotalPageFile size 18733M (AvailPageFile size 249M)
current process WorkingSet (physical memory assigned to process): 10M, peak: 10M
current process commit charge ("private bytes"): 64M, peak: 309M

vm_info: OpenJDK 64-Bit Server VM (18.0.2+9-61) for windows-amd64 JRE (18.0.2+9-61), built on Jun  7 2022 13:05:59 by "mach5one" with MS VC++ 16.8 / 16.9 (VS2019)

END.
